[2025-06-18T07:55:05.236+0000] {processor.py:186} INFO - Started process (PID=91) to work on /home/airflow/.local/lib/python3.12/site-packages/airflow/example_dags/example_branch_labels.py
[2025-06-18T07:55:05.237+0000] {processor.py:914} INFO - Processing file /home/airflow/.local/lib/python3.12/site-packages/airflow/example_dags/example_branch_labels.py for tasks to queue
[2025-06-18T07:55:05.240+0000] {logging_mixin.py:190} INFO - [2025-06-18T07:55:05.240+0000] {dagbag.py:588} INFO - Filling up the DagBag from /home/airflow/.local/lib/python3.12/site-packages/airflow/example_dags/example_branch_labels.py
[2025-06-18T07:55:05.251+0000] {processor.py:925} INFO - DAG(s) 'example_branch_labels' retrieved from /home/airflow/.local/lib/python3.12/site-packages/airflow/example_dags/example_branch_labels.py
[2025-06-18T07:55:05.273+0000] {logging_mixin.py:190} INFO - [2025-06-18T07:55:05.272+0000] {dag.py:3239} INFO - Sync 1 DAGs
[2025-06-18T07:55:05.297+0000] {logging_mixin.py:190} INFO - [2025-06-18T07:55:05.297+0000] {dag.py:4180} INFO - Setting next_dagrun for example_branch_labels to 2025-06-17 00:00:00+00:00, run_after=2025-06-18 00:00:00+00:00
[2025-06-18T07:55:05.313+0000] {processor.py:208} INFO - Processing /home/airflow/.local/lib/python3.12/site-packages/airflow/example_dags/example_branch_labels.py took 0.083 seconds
[2025-06-18T07:55:36.023+0000] {processor.py:186} INFO - Started process (PID=154) to work on /home/airflow/.local/lib/python3.12/site-packages/airflow/example_dags/example_branch_labels.py
[2025-06-18T07:55:36.024+0000] {processor.py:914} INFO - Processing file /home/airflow/.local/lib/python3.12/site-packages/airflow/example_dags/example_branch_labels.py for tasks to queue
[2025-06-18T07:55:36.026+0000] {logging_mixin.py:190} INFO - [2025-06-18T07:55:36.026+0000] {dagbag.py:588} INFO - Filling up the DagBag from /home/airflow/.local/lib/python3.12/site-packages/airflow/example_dags/example_branch_labels.py
[2025-06-18T07:55:36.038+0000] {processor.py:925} INFO - DAG(s) 'example_branch_labels' retrieved from /home/airflow/.local/lib/python3.12/site-packages/airflow/example_dags/example_branch_labels.py
[2025-06-18T07:55:36.060+0000] {logging_mixin.py:190} INFO - [2025-06-18T07:55:36.060+0000] {dag.py:3239} INFO - Sync 1 DAGs
[2025-06-18T07:55:36.085+0000] {logging_mixin.py:190} INFO - [2025-06-18T07:55:36.085+0000] {dag.py:4180} INFO - Setting next_dagrun for example_branch_labels to 2025-06-17 00:00:00+00:00, run_after=2025-06-18 00:00:00+00:00
[2025-06-18T07:55:36.104+0000] {processor.py:208} INFO - Processing /home/airflow/.local/lib/python3.12/site-packages/airflow/example_dags/example_branch_labels.py took 0.088 seconds
[2025-06-18T07:56:07.225+0000] {processor.py:186} INFO - Started process (PID=217) to work on /home/airflow/.local/lib/python3.12/site-packages/airflow/example_dags/example_branch_labels.py
[2025-06-18T07:56:07.227+0000] {processor.py:914} INFO - Processing file /home/airflow/.local/lib/python3.12/site-packages/airflow/example_dags/example_branch_labels.py for tasks to queue
[2025-06-18T07:56:07.229+0000] {logging_mixin.py:190} INFO - [2025-06-18T07:56:07.229+0000] {dagbag.py:588} INFO - Filling up the DagBag from /home/airflow/.local/lib/python3.12/site-packages/airflow/example_dags/example_branch_labels.py
[2025-06-18T07:56:07.238+0000] {processor.py:925} INFO - DAG(s) 'example_branch_labels' retrieved from /home/airflow/.local/lib/python3.12/site-packages/airflow/example_dags/example_branch_labels.py
[2025-06-18T07:56:07.258+0000] {logging_mixin.py:190} INFO - [2025-06-18T07:56:07.258+0000] {dag.py:3239} INFO - Sync 1 DAGs
[2025-06-18T07:56:07.282+0000] {logging_mixin.py:190} INFO - [2025-06-18T07:56:07.282+0000] {dag.py:4180} INFO - Setting next_dagrun for example_branch_labels to 2025-06-17 00:00:00+00:00, run_after=2025-06-18 00:00:00+00:00
[2025-06-18T07:56:07.298+0000] {processor.py:208} INFO - Processing /home/airflow/.local/lib/python3.12/site-packages/airflow/example_dags/example_branch_labels.py took 0.078 seconds
[2025-06-18T07:56:38.037+0000] {processor.py:186} INFO - Started process (PID=280) to work on /home/airflow/.local/lib/python3.12/site-packages/airflow/example_dags/example_branch_labels.py
[2025-06-18T07:56:38.038+0000] {processor.py:914} INFO - Processing file /home/airflow/.local/lib/python3.12/site-packages/airflow/example_dags/example_branch_labels.py for tasks to queue
[2025-06-18T07:56:38.041+0000] {logging_mixin.py:190} INFO - [2025-06-18T07:56:38.041+0000] {dagbag.py:588} INFO - Filling up the DagBag from /home/airflow/.local/lib/python3.12/site-packages/airflow/example_dags/example_branch_labels.py
[2025-06-18T07:56:38.051+0000] {processor.py:925} INFO - DAG(s) 'example_branch_labels' retrieved from /home/airflow/.local/lib/python3.12/site-packages/airflow/example_dags/example_branch_labels.py
[2025-06-18T07:56:38.072+0000] {logging_mixin.py:190} INFO - [2025-06-18T07:56:38.072+0000] {dag.py:3239} INFO - Sync 1 DAGs
[2025-06-18T07:56:38.097+0000] {logging_mixin.py:190} INFO - [2025-06-18T07:56:38.097+0000] {dag.py:4180} INFO - Setting next_dagrun for example_branch_labels to 2025-06-17 00:00:00+00:00, run_after=2025-06-18 00:00:00+00:00
[2025-06-18T07:56:38.116+0000] {processor.py:208} INFO - Processing /home/airflow/.local/lib/python3.12/site-packages/airflow/example_dags/example_branch_labels.py took 0.085 seconds
[2025-06-18T07:57:08.825+0000] {processor.py:186} INFO - Started process (PID=343) to work on /home/airflow/.local/lib/python3.12/site-packages/airflow/example_dags/example_branch_labels.py
[2025-06-18T07:57:08.826+0000] {processor.py:914} INFO - Processing file /home/airflow/.local/lib/python3.12/site-packages/airflow/example_dags/example_branch_labels.py for tasks to queue
[2025-06-18T07:57:08.829+0000] {logging_mixin.py:190} INFO - [2025-06-18T07:57:08.828+0000] {dagbag.py:588} INFO - Filling up the DagBag from /home/airflow/.local/lib/python3.12/site-packages/airflow/example_dags/example_branch_labels.py
[2025-06-18T07:57:08.837+0000] {processor.py:925} INFO - DAG(s) 'example_branch_labels' retrieved from /home/airflow/.local/lib/python3.12/site-packages/airflow/example_dags/example_branch_labels.py
[2025-06-18T07:57:08.855+0000] {logging_mixin.py:190} INFO - [2025-06-18T07:57:08.855+0000] {dag.py:3239} INFO - Sync 1 DAGs
[2025-06-18T07:57:08.879+0000] {logging_mixin.py:190} INFO - [2025-06-18T07:57:08.878+0000] {dag.py:4180} INFO - Setting next_dagrun for example_branch_labels to 2025-06-17 00:00:00+00:00, run_after=2025-06-18 00:00:00+00:00
[2025-06-18T07:57:08.895+0000] {processor.py:208} INFO - Processing /home/airflow/.local/lib/python3.12/site-packages/airflow/example_dags/example_branch_labels.py took 0.076 seconds
[2025-06-18T07:57:39.551+0000] {processor.py:186} INFO - Started process (PID=406) to work on /home/airflow/.local/lib/python3.12/site-packages/airflow/example_dags/example_branch_labels.py
[2025-06-18T07:57:39.552+0000] {processor.py:914} INFO - Processing file /home/airflow/.local/lib/python3.12/site-packages/airflow/example_dags/example_branch_labels.py for tasks to queue
[2025-06-18T07:57:39.555+0000] {logging_mixin.py:190} INFO - [2025-06-18T07:57:39.554+0000] {dagbag.py:588} INFO - Filling up the DagBag from /home/airflow/.local/lib/python3.12/site-packages/airflow/example_dags/example_branch_labels.py
[2025-06-18T07:57:39.565+0000] {processor.py:925} INFO - DAG(s) 'example_branch_labels' retrieved from /home/airflow/.local/lib/python3.12/site-packages/airflow/example_dags/example_branch_labels.py
[2025-06-18T07:57:39.585+0000] {logging_mixin.py:190} INFO - [2025-06-18T07:57:39.584+0000] {dag.py:3239} INFO - Sync 1 DAGs
[2025-06-18T07:57:39.619+0000] {logging_mixin.py:190} INFO - [2025-06-18T07:57:39.619+0000] {dag.py:4180} INFO - Setting next_dagrun for example_branch_labels to 2025-06-17 00:00:00+00:00, run_after=2025-06-18 00:00:00+00:00
[2025-06-18T07:57:39.642+0000] {processor.py:208} INFO - Processing /home/airflow/.local/lib/python3.12/site-packages/airflow/example_dags/example_branch_labels.py took 0.096 seconds
[2025-06-18T07:58:10.195+0000] {processor.py:186} INFO - Started process (PID=469) to work on /home/airflow/.local/lib/python3.12/site-packages/airflow/example_dags/example_branch_labels.py
[2025-06-18T07:58:10.196+0000] {processor.py:914} INFO - Processing file /home/airflow/.local/lib/python3.12/site-packages/airflow/example_dags/example_branch_labels.py for tasks to queue
[2025-06-18T07:58:10.199+0000] {logging_mixin.py:190} INFO - [2025-06-18T07:58:10.199+0000] {dagbag.py:588} INFO - Filling up the DagBag from /home/airflow/.local/lib/python3.12/site-packages/airflow/example_dags/example_branch_labels.py
[2025-06-18T07:58:10.214+0000] {processor.py:925} INFO - DAG(s) 'example_branch_labels' retrieved from /home/airflow/.local/lib/python3.12/site-packages/airflow/example_dags/example_branch_labels.py
[2025-06-18T07:58:10.238+0000] {logging_mixin.py:190} INFO - [2025-06-18T07:58:10.238+0000] {dag.py:3239} INFO - Sync 1 DAGs
[2025-06-18T07:58:10.269+0000] {logging_mixin.py:190} INFO - [2025-06-18T07:58:10.269+0000] {dag.py:4180} INFO - Setting next_dagrun for example_branch_labels to 2025-06-17 00:00:00+00:00, run_after=2025-06-18 00:00:00+00:00
[2025-06-18T07:58:10.302+0000] {processor.py:208} INFO - Processing /home/airflow/.local/lib/python3.12/site-packages/airflow/example_dags/example_branch_labels.py took 0.114 seconds
[2025-06-18T07:58:40.773+0000] {processor.py:186} INFO - Started process (PID=531) to work on /home/airflow/.local/lib/python3.12/site-packages/airflow/example_dags/example_branch_labels.py
[2025-06-18T07:58:40.774+0000] {processor.py:914} INFO - Processing file /home/airflow/.local/lib/python3.12/site-packages/airflow/example_dags/example_branch_labels.py for tasks to queue
[2025-06-18T07:58:40.776+0000] {logging_mixin.py:190} INFO - [2025-06-18T07:58:40.776+0000] {dagbag.py:588} INFO - Filling up the DagBag from /home/airflow/.local/lib/python3.12/site-packages/airflow/example_dags/example_branch_labels.py
[2025-06-18T07:58:40.784+0000] {processor.py:925} INFO - DAG(s) 'example_branch_labels' retrieved from /home/airflow/.local/lib/python3.12/site-packages/airflow/example_dags/example_branch_labels.py
[2025-06-18T07:58:40.803+0000] {logging_mixin.py:190} INFO - [2025-06-18T07:58:40.802+0000] {dag.py:3239} INFO - Sync 1 DAGs
[2025-06-18T07:58:40.832+0000] {logging_mixin.py:190} INFO - [2025-06-18T07:58:40.832+0000] {dag.py:4180} INFO - Setting next_dagrun for example_branch_labels to 2025-06-17 00:00:00+00:00, run_after=2025-06-18 00:00:00+00:00
[2025-06-18T07:58:40.850+0000] {processor.py:208} INFO - Processing /home/airflow/.local/lib/python3.12/site-packages/airflow/example_dags/example_branch_labels.py took 0.082 seconds
[2025-06-18T07:59:11.246+0000] {processor.py:186} INFO - Started process (PID=593) to work on /home/airflow/.local/lib/python3.12/site-packages/airflow/example_dags/example_branch_labels.py
[2025-06-18T07:59:11.247+0000] {processor.py:914} INFO - Processing file /home/airflow/.local/lib/python3.12/site-packages/airflow/example_dags/example_branch_labels.py for tasks to queue
[2025-06-18T07:59:11.249+0000] {logging_mixin.py:190} INFO - [2025-06-18T07:59:11.249+0000] {dagbag.py:588} INFO - Filling up the DagBag from /home/airflow/.local/lib/python3.12/site-packages/airflow/example_dags/example_branch_labels.py
[2025-06-18T07:59:11.257+0000] {processor.py:925} INFO - DAG(s) 'example_branch_labels' retrieved from /home/airflow/.local/lib/python3.12/site-packages/airflow/example_dags/example_branch_labels.py
[2025-06-18T07:59:11.274+0000] {logging_mixin.py:190} INFO - [2025-06-18T07:59:11.274+0000] {dag.py:3239} INFO - Sync 1 DAGs
[2025-06-18T07:59:11.294+0000] {logging_mixin.py:190} INFO - [2025-06-18T07:59:11.294+0000] {dag.py:4180} INFO - Setting next_dagrun for example_branch_labels to 2025-06-17 00:00:00+00:00, run_after=2025-06-18 00:00:00+00:00
[2025-06-18T07:59:11.309+0000] {processor.py:208} INFO - Processing /home/airflow/.local/lib/python3.12/site-packages/airflow/example_dags/example_branch_labels.py took 0.068 seconds
[2025-06-18T07:59:41.834+0000] {processor.py:186} INFO - Started process (PID=656) to work on /home/airflow/.local/lib/python3.12/site-packages/airflow/example_dags/example_branch_labels.py
[2025-06-18T07:59:41.835+0000] {processor.py:914} INFO - Processing file /home/airflow/.local/lib/python3.12/site-packages/airflow/example_dags/example_branch_labels.py for tasks to queue
[2025-06-18T07:59:41.838+0000] {logging_mixin.py:190} INFO - [2025-06-18T07:59:41.837+0000] {dagbag.py:588} INFO - Filling up the DagBag from /home/airflow/.local/lib/python3.12/site-packages/airflow/example_dags/example_branch_labels.py
[2025-06-18T07:59:41.846+0000] {processor.py:925} INFO - DAG(s) 'example_branch_labels' retrieved from /home/airflow/.local/lib/python3.12/site-packages/airflow/example_dags/example_branch_labels.py
[2025-06-18T07:59:41.863+0000] {logging_mixin.py:190} INFO - [2025-06-18T07:59:41.863+0000] {dag.py:3239} INFO - Sync 1 DAGs
[2025-06-18T07:59:41.886+0000] {logging_mixin.py:190} INFO - [2025-06-18T07:59:41.886+0000] {dag.py:4180} INFO - Setting next_dagrun for example_branch_labels to 2025-06-17 00:00:00+00:00, run_after=2025-06-18 00:00:00+00:00
[2025-06-18T07:59:41.905+0000] {processor.py:208} INFO - Processing /home/airflow/.local/lib/python3.12/site-packages/airflow/example_dags/example_branch_labels.py took 0.076 seconds
