[2025-06-18T07:55:06.600+0000] {processor.py:186} INFO - Started process (PID=109) to work on /home/airflow/.local/lib/python3.12/site-packages/airflow/example_dags/example_branch_operator_decorator.py
[2025-06-18T07:55:06.601+0000] {processor.py:914} INFO - Processing file /home/airflow/.local/lib/python3.12/site-packages/airflow/example_dags/example_branch_operator_decorator.py for tasks to queue
[2025-06-18T07:55:06.603+0000] {logging_mixin.py:190} INFO - [2025-06-18T07:55:06.603+0000] {dagbag.py:588} INFO - Filling up the DagBag from /home/airflow/.local/lib/python3.12/site-packages/airflow/example_dags/example_branch_operator_decorator.py
[2025-06-18T07:55:06.623+0000] {processor.py:925} INFO - DAG(s) 'example_branch_python_operator_decorator' retrieved from /home/airflow/.local/lib/python3.12/site-packages/airflow/example_dags/example_branch_operator_decorator.py
[2025-06-18T07:55:06.721+0000] {logging_mixin.py:190} INFO - [2025-06-18T07:55:06.721+0000] {dag.py:3239} INFO - Sync 1 DAGs
[2025-06-18T07:55:06.741+0000] {logging_mixin.py:190} INFO - [2025-06-18T07:55:06.741+0000] {dag.py:4180} INFO - Setting next_dagrun for example_branch_python_operator_decorator to 2025-06-17 00:00:00+00:00, run_after=2025-06-18 00:00:00+00:00
[2025-06-18T07:55:06.758+0000] {processor.py:208} INFO - Processing /home/airflow/.local/lib/python3.12/site-packages/airflow/example_dags/example_branch_operator_decorator.py took 0.162 seconds
[2025-06-18T07:55:37.390+0000] {processor.py:186} INFO - Started process (PID=172) to work on /home/airflow/.local/lib/python3.12/site-packages/airflow/example_dags/example_branch_operator_decorator.py
[2025-06-18T07:55:37.391+0000] {processor.py:914} INFO - Processing file /home/airflow/.local/lib/python3.12/site-packages/airflow/example_dags/example_branch_operator_decorator.py for tasks to queue
[2025-06-18T07:55:37.393+0000] {logging_mixin.py:190} INFO - [2025-06-18T07:55:37.393+0000] {dagbag.py:588} INFO - Filling up the DagBag from /home/airflow/.local/lib/python3.12/site-packages/airflow/example_dags/example_branch_operator_decorator.py
[2025-06-18T07:55:37.414+0000] {processor.py:925} INFO - DAG(s) 'example_branch_python_operator_decorator' retrieved from /home/airflow/.local/lib/python3.12/site-packages/airflow/example_dags/example_branch_operator_decorator.py
[2025-06-18T07:55:37.439+0000] {logging_mixin.py:190} INFO - [2025-06-18T07:55:37.439+0000] {dag.py:3239} INFO - Sync 1 DAGs
[2025-06-18T07:55:37.463+0000] {logging_mixin.py:190} INFO - [2025-06-18T07:55:37.463+0000] {dag.py:4180} INFO - Setting next_dagrun for example_branch_python_operator_decorator to 2025-06-17 00:00:00+00:00, run_after=2025-06-18 00:00:00+00:00
[2025-06-18T07:55:37.481+0000] {processor.py:208} INFO - Processing /home/airflow/.local/lib/python3.12/site-packages/airflow/example_dags/example_branch_operator_decorator.py took 0.097 seconds
[2025-06-18T07:56:08.464+0000] {processor.py:186} INFO - Started process (PID=235) to work on /home/airflow/.local/lib/python3.12/site-packages/airflow/example_dags/example_branch_operator_decorator.py
[2025-06-18T07:56:08.465+0000] {processor.py:914} INFO - Processing file /home/airflow/.local/lib/python3.12/site-packages/airflow/example_dags/example_branch_operator_decorator.py for tasks to queue
[2025-06-18T07:56:08.468+0000] {logging_mixin.py:190} INFO - [2025-06-18T07:56:08.468+0000] {dagbag.py:588} INFO - Filling up the DagBag from /home/airflow/.local/lib/python3.12/site-packages/airflow/example_dags/example_branch_operator_decorator.py
[2025-06-18T07:56:08.489+0000] {processor.py:925} INFO - DAG(s) 'example_branch_python_operator_decorator' retrieved from /home/airflow/.local/lib/python3.12/site-packages/airflow/example_dags/example_branch_operator_decorator.py
[2025-06-18T07:56:08.517+0000] {logging_mixin.py:190} INFO - [2025-06-18T07:56:08.516+0000] {dag.py:3239} INFO - Sync 1 DAGs
[2025-06-18T07:56:08.539+0000] {logging_mixin.py:190} INFO - [2025-06-18T07:56:08.539+0000] {dag.py:4180} INFO - Setting next_dagrun for example_branch_python_operator_decorator to 2025-06-17 00:00:00+00:00, run_after=2025-06-18 00:00:00+00:00
[2025-06-18T07:56:08.558+0000] {processor.py:208} INFO - Processing /home/airflow/.local/lib/python3.12/site-packages/airflow/example_dags/example_branch_operator_decorator.py took 0.103 seconds
[2025-06-18T07:56:39.637+0000] {processor.py:186} INFO - Started process (PID=298) to work on /home/airflow/.local/lib/python3.12/site-packages/airflow/example_dags/example_branch_operator_decorator.py
[2025-06-18T07:56:39.638+0000] {processor.py:914} INFO - Processing file /home/airflow/.local/lib/python3.12/site-packages/airflow/example_dags/example_branch_operator_decorator.py for tasks to queue
[2025-06-18T07:56:39.641+0000] {logging_mixin.py:190} INFO - [2025-06-18T07:56:39.641+0000] {dagbag.py:588} INFO - Filling up the DagBag from /home/airflow/.local/lib/python3.12/site-packages/airflow/example_dags/example_branch_operator_decorator.py
[2025-06-18T07:56:39.661+0000] {processor.py:925} INFO - DAG(s) 'example_branch_python_operator_decorator' retrieved from /home/airflow/.local/lib/python3.12/site-packages/airflow/example_dags/example_branch_operator_decorator.py
[2025-06-18T07:56:39.691+0000] {logging_mixin.py:190} INFO - [2025-06-18T07:56:39.690+0000] {dag.py:3239} INFO - Sync 1 DAGs
[2025-06-18T07:56:39.715+0000] {logging_mixin.py:190} INFO - [2025-06-18T07:56:39.715+0000] {dag.py:4180} INFO - Setting next_dagrun for example_branch_python_operator_decorator to 2025-06-17 00:00:00+00:00, run_after=2025-06-18 00:00:00+00:00
[2025-06-18T07:56:39.732+0000] {processor.py:208} INFO - Processing /home/airflow/.local/lib/python3.12/site-packages/airflow/example_dags/example_branch_operator_decorator.py took 0.101 seconds
[2025-06-18T07:57:10.183+0000] {processor.py:186} INFO - Started process (PID=361) to work on /home/airflow/.local/lib/python3.12/site-packages/airflow/example_dags/example_branch_operator_decorator.py
[2025-06-18T07:57:10.184+0000] {processor.py:914} INFO - Processing file /home/airflow/.local/lib/python3.12/site-packages/airflow/example_dags/example_branch_operator_decorator.py for tasks to queue
[2025-06-18T07:57:10.186+0000] {logging_mixin.py:190} INFO - [2025-06-18T07:57:10.186+0000] {dagbag.py:588} INFO - Filling up the DagBag from /home/airflow/.local/lib/python3.12/site-packages/airflow/example_dags/example_branch_operator_decorator.py
[2025-06-18T07:57:10.204+0000] {processor.py:925} INFO - DAG(s) 'example_branch_python_operator_decorator' retrieved from /home/airflow/.local/lib/python3.12/site-packages/airflow/example_dags/example_branch_operator_decorator.py
[2025-06-18T07:57:10.231+0000] {logging_mixin.py:190} INFO - [2025-06-18T07:57:10.231+0000] {dag.py:3239} INFO - Sync 1 DAGs
[2025-06-18T07:57:10.255+0000] {logging_mixin.py:190} INFO - [2025-06-18T07:57:10.255+0000] {dag.py:4180} INFO - Setting next_dagrun for example_branch_python_operator_decorator to 2025-06-17 00:00:00+00:00, run_after=2025-06-18 00:00:00+00:00
[2025-06-18T07:57:10.272+0000] {processor.py:208} INFO - Processing /home/airflow/.local/lib/python3.12/site-packages/airflow/example_dags/example_branch_operator_decorator.py took 0.094 seconds
[2025-06-18T07:57:40.787+0000] {processor.py:186} INFO - Started process (PID=424) to work on /home/airflow/.local/lib/python3.12/site-packages/airflow/example_dags/example_branch_operator_decorator.py
[2025-06-18T07:57:40.788+0000] {processor.py:914} INFO - Processing file /home/airflow/.local/lib/python3.12/site-packages/airflow/example_dags/example_branch_operator_decorator.py for tasks to queue
[2025-06-18T07:57:40.790+0000] {logging_mixin.py:190} INFO - [2025-06-18T07:57:40.790+0000] {dagbag.py:588} INFO - Filling up the DagBag from /home/airflow/.local/lib/python3.12/site-packages/airflow/example_dags/example_branch_operator_decorator.py
[2025-06-18T07:57:40.807+0000] {processor.py:925} INFO - DAG(s) 'example_branch_python_operator_decorator' retrieved from /home/airflow/.local/lib/python3.12/site-packages/airflow/example_dags/example_branch_operator_decorator.py
[2025-06-18T07:57:40.833+0000] {logging_mixin.py:190} INFO - [2025-06-18T07:57:40.832+0000] {dag.py:3239} INFO - Sync 1 DAGs
[2025-06-18T07:57:40.859+0000] {logging_mixin.py:190} INFO - [2025-06-18T07:57:40.859+0000] {dag.py:4180} INFO - Setting next_dagrun for example_branch_python_operator_decorator to 2025-06-17 00:00:00+00:00, run_after=2025-06-18 00:00:00+00:00
[2025-06-18T07:57:40.878+0000] {processor.py:208} INFO - Processing /home/airflow/.local/lib/python3.12/site-packages/airflow/example_dags/example_branch_operator_decorator.py took 0.096 seconds
[2025-06-18T07:58:11.437+0000] {processor.py:186} INFO - Started process (PID=486) to work on /home/airflow/.local/lib/python3.12/site-packages/airflow/example_dags/example_branch_operator_decorator.py
[2025-06-18T07:58:11.438+0000] {processor.py:914} INFO - Processing file /home/airflow/.local/lib/python3.12/site-packages/airflow/example_dags/example_branch_operator_decorator.py for tasks to queue
[2025-06-18T07:58:11.440+0000] {logging_mixin.py:190} INFO - [2025-06-18T07:58:11.440+0000] {dagbag.py:588} INFO - Filling up the DagBag from /home/airflow/.local/lib/python3.12/site-packages/airflow/example_dags/example_branch_operator_decorator.py
[2025-06-18T07:58:11.457+0000] {processor.py:925} INFO - DAG(s) 'example_branch_python_operator_decorator' retrieved from /home/airflow/.local/lib/python3.12/site-packages/airflow/example_dags/example_branch_operator_decorator.py
[2025-06-18T07:58:11.481+0000] {logging_mixin.py:190} INFO - [2025-06-18T07:58:11.481+0000] {dag.py:3239} INFO - Sync 1 DAGs
[2025-06-18T07:58:11.514+0000] {logging_mixin.py:190} INFO - [2025-06-18T07:58:11.513+0000] {dag.py:4180} INFO - Setting next_dagrun for example_branch_python_operator_decorator to 2025-06-17 00:00:00+00:00, run_after=2025-06-18 00:00:00+00:00
[2025-06-18T07:58:11.537+0000] {processor.py:208} INFO - Processing /home/airflow/.local/lib/python3.12/site-packages/airflow/example_dags/example_branch_operator_decorator.py took 0.105 seconds
[2025-06-18T07:58:42.157+0000] {processor.py:186} INFO - Started process (PID=549) to work on /home/airflow/.local/lib/python3.12/site-packages/airflow/example_dags/example_branch_operator_decorator.py
[2025-06-18T07:58:42.158+0000] {processor.py:914} INFO - Processing file /home/airflow/.local/lib/python3.12/site-packages/airflow/example_dags/example_branch_operator_decorator.py for tasks to queue
[2025-06-18T07:58:42.161+0000] {logging_mixin.py:190} INFO - [2025-06-18T07:58:42.160+0000] {dagbag.py:588} INFO - Filling up the DagBag from /home/airflow/.local/lib/python3.12/site-packages/airflow/example_dags/example_branch_operator_decorator.py
[2025-06-18T07:58:42.177+0000] {processor.py:925} INFO - DAG(s) 'example_branch_python_operator_decorator' retrieved from /home/airflow/.local/lib/python3.12/site-packages/airflow/example_dags/example_branch_operator_decorator.py
[2025-06-18T07:58:42.199+0000] {logging_mixin.py:190} INFO - [2025-06-18T07:58:42.199+0000] {dag.py:3239} INFO - Sync 1 DAGs
[2025-06-18T07:58:42.218+0000] {logging_mixin.py:190} INFO - [2025-06-18T07:58:42.218+0000] {dag.py:4180} INFO - Setting next_dagrun for example_branch_python_operator_decorator to 2025-06-17 00:00:00+00:00, run_after=2025-06-18 00:00:00+00:00
[2025-06-18T07:58:42.237+0000] {processor.py:208} INFO - Processing /home/airflow/.local/lib/python3.12/site-packages/airflow/example_dags/example_branch_operator_decorator.py took 0.085 seconds
[2025-06-18T07:59:12.623+0000] {processor.py:186} INFO - Started process (PID=612) to work on /home/airflow/.local/lib/python3.12/site-packages/airflow/example_dags/example_branch_operator_decorator.py
[2025-06-18T07:59:12.624+0000] {processor.py:914} INFO - Processing file /home/airflow/.local/lib/python3.12/site-packages/airflow/example_dags/example_branch_operator_decorator.py for tasks to queue
[2025-06-18T07:59:12.626+0000] {logging_mixin.py:190} INFO - [2025-06-18T07:59:12.626+0000] {dagbag.py:588} INFO - Filling up the DagBag from /home/airflow/.local/lib/python3.12/site-packages/airflow/example_dags/example_branch_operator_decorator.py
[2025-06-18T07:59:12.641+0000] {processor.py:925} INFO - DAG(s) 'example_branch_python_operator_decorator' retrieved from /home/airflow/.local/lib/python3.12/site-packages/airflow/example_dags/example_branch_operator_decorator.py
[2025-06-18T07:59:12.664+0000] {logging_mixin.py:190} INFO - [2025-06-18T07:59:12.664+0000] {dag.py:3239} INFO - Sync 1 DAGs
[2025-06-18T07:59:12.685+0000] {logging_mixin.py:190} INFO - [2025-06-18T07:59:12.684+0000] {dag.py:4180} INFO - Setting next_dagrun for example_branch_python_operator_decorator to 2025-06-17 00:00:00+00:00, run_after=2025-06-18 00:00:00+00:00
[2025-06-18T07:59:12.700+0000] {processor.py:208} INFO - Processing /home/airflow/.local/lib/python3.12/site-packages/airflow/example_dags/example_branch_operator_decorator.py took 0.082 seconds
[2025-06-18T07:59:43.378+0000] {processor.py:186} INFO - Started process (PID=675) to work on /home/airflow/.local/lib/python3.12/site-packages/airflow/example_dags/example_branch_operator_decorator.py
[2025-06-18T07:59:43.379+0000] {processor.py:914} INFO - Processing file /home/airflow/.local/lib/python3.12/site-packages/airflow/example_dags/example_branch_operator_decorator.py for tasks to queue
[2025-06-18T07:59:43.381+0000] {logging_mixin.py:190} INFO - [2025-06-18T07:59:43.381+0000] {dagbag.py:588} INFO - Filling up the DagBag from /home/airflow/.local/lib/python3.12/site-packages/airflow/example_dags/example_branch_operator_decorator.py
[2025-06-18T07:59:43.400+0000] {processor.py:925} INFO - DAG(s) 'example_branch_python_operator_decorator' retrieved from /home/airflow/.local/lib/python3.12/site-packages/airflow/example_dags/example_branch_operator_decorator.py
[2025-06-18T07:59:43.427+0000] {logging_mixin.py:190} INFO - [2025-06-18T07:59:43.427+0000] {dag.py:3239} INFO - Sync 1 DAGs
[2025-06-18T07:59:43.449+0000] {logging_mixin.py:190} INFO - [2025-06-18T07:59:43.449+0000] {dag.py:4180} INFO - Setting next_dagrun for example_branch_python_operator_decorator to 2025-06-17 00:00:00+00:00, run_after=2025-06-18 00:00:00+00:00
[2025-06-18T07:59:43.467+0000] {processor.py:208} INFO - Processing /home/airflow/.local/lib/python3.12/site-packages/airflow/example_dags/example_branch_operator_decorator.py took 0.094 seconds
