[2025-06-18T07:55:05.973+0000] {processor.py:186} INFO - Started process (PID=99) to work on /home/airflow/.local/lib/python3.12/site-packages/airflow/example_dags/example_setup_teardown.py
[2025-06-18T07:55:05.974+0000] {processor.py:914} INFO - Processing file /home/airflow/.local/lib/python3.12/site-packages/airflow/example_dags/example_setup_teardown.py for tasks to queue
[2025-06-18T07:55:05.977+0000] {logging_mixin.py:190} INFO - [2025-06-18T07:55:05.977+0000] {dagbag.py:588} INFO - Filling up the DagBag from /home/airflow/.local/lib/python3.12/site-packages/airflow/example_dags/example_setup_teardown.py
[2025-06-18T07:55:05.985+0000] {processor.py:925} INFO - DAG(s) 'example_setup_teardown' retrieved from /home/airflow/.local/lib/python3.12/site-packages/airflow/example_dags/example_setup_teardown.py
[2025-06-18T07:55:06.005+0000] {logging_mixin.py:190} INFO - [2025-06-18T07:55:06.004+0000] {dag.py:3239} INFO - Sync 1 DAGs
[2025-06-18T07:55:06.019+0000] {logging_mixin.py:190} INFO - [2025-06-18T07:55:06.018+0000] {dag.py:4180} INFO - Setting next_dagrun for example_setup_teardown to None, run_after=None
[2025-06-18T07:55:06.039+0000] {processor.py:208} INFO - Processing /home/airflow/.local/lib/python3.12/site-packages/airflow/example_dags/example_setup_teardown.py took 0.070 seconds
[2025-06-18T07:55:36.646+0000] {processor.py:186} INFO - Started process (PID=162) to work on /home/airflow/.local/lib/python3.12/site-packages/airflow/example_dags/example_setup_teardown.py
[2025-06-18T07:55:36.648+0000] {processor.py:914} INFO - Processing file /home/airflow/.local/lib/python3.12/site-packages/airflow/example_dags/example_setup_teardown.py for tasks to queue
[2025-06-18T07:55:36.650+0000] {logging_mixin.py:190} INFO - [2025-06-18T07:55:36.650+0000] {dagbag.py:588} INFO - Filling up the DagBag from /home/airflow/.local/lib/python3.12/site-packages/airflow/example_dags/example_setup_teardown.py
[2025-06-18T07:55:36.658+0000] {processor.py:925} INFO - DAG(s) 'example_setup_teardown' retrieved from /home/airflow/.local/lib/python3.12/site-packages/airflow/example_dags/example_setup_teardown.py
[2025-06-18T07:55:36.678+0000] {logging_mixin.py:190} INFO - [2025-06-18T07:55:36.677+0000] {dag.py:3239} INFO - Sync 1 DAGs
[2025-06-18T07:55:36.691+0000] {logging_mixin.py:190} INFO - [2025-06-18T07:55:36.691+0000] {dag.py:4180} INFO - Setting next_dagrun for example_setup_teardown to None, run_after=None
[2025-06-18T07:55:36.711+0000] {processor.py:208} INFO - Processing /home/airflow/.local/lib/python3.12/site-packages/airflow/example_dags/example_setup_teardown.py took 0.070 seconds
[2025-06-18T07:56:07.806+0000] {processor.py:186} INFO - Started process (PID=225) to work on /home/airflow/.local/lib/python3.12/site-packages/airflow/example_dags/example_setup_teardown.py
[2025-06-18T07:56:07.808+0000] {processor.py:914} INFO - Processing file /home/airflow/.local/lib/python3.12/site-packages/airflow/example_dags/example_setup_teardown.py for tasks to queue
[2025-06-18T07:56:07.810+0000] {logging_mixin.py:190} INFO - [2025-06-18T07:56:07.809+0000] {dagbag.py:588} INFO - Filling up the DagBag from /home/airflow/.local/lib/python3.12/site-packages/airflow/example_dags/example_setup_teardown.py
[2025-06-18T07:56:07.818+0000] {processor.py:925} INFO - DAG(s) 'example_setup_teardown' retrieved from /home/airflow/.local/lib/python3.12/site-packages/airflow/example_dags/example_setup_teardown.py
[2025-06-18T07:56:07.836+0000] {logging_mixin.py:190} INFO - [2025-06-18T07:56:07.836+0000] {dag.py:3239} INFO - Sync 1 DAGs
[2025-06-18T07:56:07.849+0000] {logging_mixin.py:190} INFO - [2025-06-18T07:56:07.849+0000] {dag.py:4180} INFO - Setting next_dagrun for example_setup_teardown to None, run_after=None
[2025-06-18T07:56:07.867+0000] {processor.py:208} INFO - Processing /home/airflow/.local/lib/python3.12/site-packages/airflow/example_dags/example_setup_teardown.py took 0.065 seconds
[2025-06-18T07:56:38.594+0000] {processor.py:186} INFO - Started process (PID=288) to work on /home/airflow/.local/lib/python3.12/site-packages/airflow/example_dags/example_setup_teardown.py
[2025-06-18T07:56:38.595+0000] {processor.py:914} INFO - Processing file /home/airflow/.local/lib/python3.12/site-packages/airflow/example_dags/example_setup_teardown.py for tasks to queue
[2025-06-18T07:56:38.599+0000] {logging_mixin.py:190} INFO - [2025-06-18T07:56:38.598+0000] {dagbag.py:588} INFO - Filling up the DagBag from /home/airflow/.local/lib/python3.12/site-packages/airflow/example_dags/example_setup_teardown.py
[2025-06-18T07:56:38.611+0000] {processor.py:925} INFO - DAG(s) 'example_setup_teardown' retrieved from /home/airflow/.local/lib/python3.12/site-packages/airflow/example_dags/example_setup_teardown.py
[2025-06-18T07:56:38.642+0000] {logging_mixin.py:190} INFO - [2025-06-18T07:56:38.642+0000] {dag.py:3239} INFO - Sync 1 DAGs
[2025-06-18T07:56:38.661+0000] {logging_mixin.py:190} INFO - [2025-06-18T07:56:38.660+0000] {dag.py:4180} INFO - Setting next_dagrun for example_setup_teardown to None, run_after=None
[2025-06-18T07:56:38.686+0000] {processor.py:208} INFO - Processing /home/airflow/.local/lib/python3.12/site-packages/airflow/example_dags/example_setup_teardown.py took 0.099 seconds
[2025-06-18T07:57:09.313+0000] {processor.py:186} INFO - Started process (PID=350) to work on /home/airflow/.local/lib/python3.12/site-packages/airflow/example_dags/example_setup_teardown.py
[2025-06-18T07:57:09.314+0000] {processor.py:914} INFO - Processing file /home/airflow/.local/lib/python3.12/site-packages/airflow/example_dags/example_setup_teardown.py for tasks to queue
[2025-06-18T07:57:09.317+0000] {logging_mixin.py:190} INFO - [2025-06-18T07:57:09.317+0000] {dagbag.py:588} INFO - Filling up the DagBag from /home/airflow/.local/lib/python3.12/site-packages/airflow/example_dags/example_setup_teardown.py
[2025-06-18T07:57:09.326+0000] {processor.py:925} INFO - DAG(s) 'example_setup_teardown' retrieved from /home/airflow/.local/lib/python3.12/site-packages/airflow/example_dags/example_setup_teardown.py
[2025-06-18T07:57:09.348+0000] {logging_mixin.py:190} INFO - [2025-06-18T07:57:09.348+0000] {dag.py:3239} INFO - Sync 1 DAGs
[2025-06-18T07:57:09.363+0000] {logging_mixin.py:190} INFO - [2025-06-18T07:57:09.363+0000] {dag.py:4180} INFO - Setting next_dagrun for example_setup_teardown to None, run_after=None
[2025-06-18T07:57:09.385+0000] {processor.py:208} INFO - Processing /home/airflow/.local/lib/python3.12/site-packages/airflow/example_dags/example_setup_teardown.py took 0.078 seconds
[2025-06-18T07:57:39.921+0000] {processor.py:186} INFO - Started process (PID=413) to work on /home/airflow/.local/lib/python3.12/site-packages/airflow/example_dags/example_setup_teardown.py
[2025-06-18T07:57:39.922+0000] {processor.py:914} INFO - Processing file /home/airflow/.local/lib/python3.12/site-packages/airflow/example_dags/example_setup_teardown.py for tasks to queue
[2025-06-18T07:57:39.924+0000] {logging_mixin.py:190} INFO - [2025-06-18T07:57:39.924+0000] {dagbag.py:588} INFO - Filling up the DagBag from /home/airflow/.local/lib/python3.12/site-packages/airflow/example_dags/example_setup_teardown.py
[2025-06-18T07:57:39.931+0000] {processor.py:925} INFO - DAG(s) 'example_setup_teardown' retrieved from /home/airflow/.local/lib/python3.12/site-packages/airflow/example_dags/example_setup_teardown.py
[2025-06-18T07:57:39.949+0000] {logging_mixin.py:190} INFO - [2025-06-18T07:57:39.949+0000] {dag.py:3239} INFO - Sync 1 DAGs
[2025-06-18T07:57:39.964+0000] {logging_mixin.py:190} INFO - [2025-06-18T07:57:39.964+0000] {dag.py:4180} INFO - Setting next_dagrun for example_setup_teardown to None, run_after=None
[2025-06-18T07:57:39.987+0000] {processor.py:208} INFO - Processing /home/airflow/.local/lib/python3.12/site-packages/airflow/example_dags/example_setup_teardown.py took 0.072 seconds
[2025-06-18T07:58:10.952+0000] {processor.py:186} INFO - Started process (PID=476) to work on /home/airflow/.local/lib/python3.12/site-packages/airflow/example_dags/example_setup_teardown.py
[2025-06-18T07:58:10.953+0000] {processor.py:914} INFO - Processing file /home/airflow/.local/lib/python3.12/site-packages/airflow/example_dags/example_setup_teardown.py for tasks to queue
[2025-06-18T07:58:10.955+0000] {logging_mixin.py:190} INFO - [2025-06-18T07:58:10.955+0000] {dagbag.py:588} INFO - Filling up the DagBag from /home/airflow/.local/lib/python3.12/site-packages/airflow/example_dags/example_setup_teardown.py
[2025-06-18T07:58:10.963+0000] {processor.py:925} INFO - DAG(s) 'example_setup_teardown' retrieved from /home/airflow/.local/lib/python3.12/site-packages/airflow/example_dags/example_setup_teardown.py
[2025-06-18T07:58:10.981+0000] {logging_mixin.py:190} INFO - [2025-06-18T07:58:10.981+0000] {dag.py:3239} INFO - Sync 1 DAGs
[2025-06-18T07:58:10.994+0000] {logging_mixin.py:190} INFO - [2025-06-18T07:58:10.994+0000] {dag.py:4180} INFO - Setting next_dagrun for example_setup_teardown to None, run_after=None
[2025-06-18T07:58:11.010+0000] {processor.py:208} INFO - Processing /home/airflow/.local/lib/python3.12/site-packages/airflow/example_dags/example_setup_teardown.py took 0.063 seconds
[2025-06-18T07:58:41.642+0000] {processor.py:186} INFO - Started process (PID=539) to work on /home/airflow/.local/lib/python3.12/site-packages/airflow/example_dags/example_setup_teardown.py
[2025-06-18T07:58:41.644+0000] {processor.py:914} INFO - Processing file /home/airflow/.local/lib/python3.12/site-packages/airflow/example_dags/example_setup_teardown.py for tasks to queue
[2025-06-18T07:58:41.646+0000] {logging_mixin.py:190} INFO - [2025-06-18T07:58:41.646+0000] {dagbag.py:588} INFO - Filling up the DagBag from /home/airflow/.local/lib/python3.12/site-packages/airflow/example_dags/example_setup_teardown.py
[2025-06-18T07:58:41.654+0000] {processor.py:925} INFO - DAG(s) 'example_setup_teardown' retrieved from /home/airflow/.local/lib/python3.12/site-packages/airflow/example_dags/example_setup_teardown.py
[2025-06-18T07:58:41.674+0000] {logging_mixin.py:190} INFO - [2025-06-18T07:58:41.673+0000] {dag.py:3239} INFO - Sync 1 DAGs
[2025-06-18T07:58:41.688+0000] {logging_mixin.py:190} INFO - [2025-06-18T07:58:41.687+0000] {dag.py:4180} INFO - Setting next_dagrun for example_setup_teardown to None, run_after=None
[2025-06-18T07:58:41.705+0000] {processor.py:208} INFO - Processing /home/airflow/.local/lib/python3.12/site-packages/airflow/example_dags/example_setup_teardown.py took 0.068 seconds
[2025-06-18T07:59:12.162+0000] {processor.py:186} INFO - Started process (PID=602) to work on /home/airflow/.local/lib/python3.12/site-packages/airflow/example_dags/example_setup_teardown.py
[2025-06-18T07:59:12.163+0000] {processor.py:914} INFO - Processing file /home/airflow/.local/lib/python3.12/site-packages/airflow/example_dags/example_setup_teardown.py for tasks to queue
[2025-06-18T07:59:12.165+0000] {logging_mixin.py:190} INFO - [2025-06-18T07:59:12.165+0000] {dagbag.py:588} INFO - Filling up the DagBag from /home/airflow/.local/lib/python3.12/site-packages/airflow/example_dags/example_setup_teardown.py
[2025-06-18T07:59:12.172+0000] {processor.py:925} INFO - DAG(s) 'example_setup_teardown' retrieved from /home/airflow/.local/lib/python3.12/site-packages/airflow/example_dags/example_setup_teardown.py
[2025-06-18T07:59:12.188+0000] {logging_mixin.py:190} INFO - [2025-06-18T07:59:12.188+0000] {dag.py:3239} INFO - Sync 1 DAGs
[2025-06-18T07:59:12.200+0000] {logging_mixin.py:190} INFO - [2025-06-18T07:59:12.199+0000] {dag.py:4180} INFO - Setting next_dagrun for example_setup_teardown to None, run_after=None
[2025-06-18T07:59:12.215+0000] {processor.py:208} INFO - Processing /home/airflow/.local/lib/python3.12/site-packages/airflow/example_dags/example_setup_teardown.py took 0.057 seconds
[2025-06-18T07:59:42.801+0000] {processor.py:186} INFO - Started process (PID=665) to work on /home/airflow/.local/lib/python3.12/site-packages/airflow/example_dags/example_setup_teardown.py
[2025-06-18T07:59:42.803+0000] {processor.py:914} INFO - Processing file /home/airflow/.local/lib/python3.12/site-packages/airflow/example_dags/example_setup_teardown.py for tasks to queue
[2025-06-18T07:59:42.805+0000] {logging_mixin.py:190} INFO - [2025-06-18T07:59:42.805+0000] {dagbag.py:588} INFO - Filling up the DagBag from /home/airflow/.local/lib/python3.12/site-packages/airflow/example_dags/example_setup_teardown.py
[2025-06-18T07:59:42.814+0000] {processor.py:925} INFO - DAG(s) 'example_setup_teardown' retrieved from /home/airflow/.local/lib/python3.12/site-packages/airflow/example_dags/example_setup_teardown.py
[2025-06-18T07:59:42.836+0000] {logging_mixin.py:190} INFO - [2025-06-18T07:59:42.836+0000] {dag.py:3239} INFO - Sync 1 DAGs
[2025-06-18T07:59:42.852+0000] {logging_mixin.py:190} INFO - [2025-06-18T07:59:42.852+0000] {dag.py:4180} INFO - Setting next_dagrun for example_setup_teardown to None, run_after=None
[2025-06-18T07:59:42.872+0000] {processor.py:208} INFO - Processing /home/airflow/.local/lib/python3.12/site-packages/airflow/example_dags/example_setup_teardown.py took 0.076 seconds
