[2025-06-18T07:55:06.157+0000] {processor.py:186} INFO - Started process (PID=101) to work on /home/airflow/.local/lib/python3.12/site-packages/airflow/example_dags/example_sla_dag.py
[2025-06-18T07:55:06.158+0000] {processor.py:914} INFO - Processing file /home/airflow/.local/lib/python3.12/site-packages/airflow/example_dags/example_sla_dag.py for tasks to queue
[2025-06-18T07:55:06.160+0000] {logging_mixin.py:190} INFO - [2025-06-18T07:55:06.160+0000] {dagbag.py:588} INFO - Filling up the DagBag from /home/airflow/.local/lib/python3.12/site-packages/airflow/example_dags/example_sla_dag.py
[2025-06-18T07:55:06.169+0000] {processor.py:925} INFO - DAG(s) 'example_sla_dag' retrieved from /home/airflow/.local/lib/python3.12/site-packages/airflow/example_dags/example_sla_dag.py
[2025-06-18T07:55:06.185+0000] {logging_mixin.py:190} INFO - [2025-06-18T07:55:06.185+0000] {dag.py:3239} INFO - Sync 1 DAGs
[2025-06-18T07:55:06.207+0000] {logging_mixin.py:190} INFO - [2025-06-18T07:55:06.207+0000] {dag.py:4180} INFO - Setting next_dagrun for example_sla_dag to 2025-06-18 07:52:00+00:00, run_after=2025-06-18 07:54:00+00:00
[2025-06-18T07:55:06.223+0000] {processor.py:208} INFO - Processing /home/airflow/.local/lib/python3.12/site-packages/airflow/example_dags/example_sla_dag.py took 0.071 seconds
[2025-06-18T07:55:36.839+0000] {processor.py:186} INFO - Started process (PID=164) to work on /home/airflow/.local/lib/python3.12/site-packages/airflow/example_dags/example_sla_dag.py
[2025-06-18T07:55:36.840+0000] {processor.py:914} INFO - Processing file /home/airflow/.local/lib/python3.12/site-packages/airflow/example_dags/example_sla_dag.py for tasks to queue
[2025-06-18T07:55:36.843+0000] {logging_mixin.py:190} INFO - [2025-06-18T07:55:36.843+0000] {dagbag.py:588} INFO - Filling up the DagBag from /home/airflow/.local/lib/python3.12/site-packages/airflow/example_dags/example_sla_dag.py
[2025-06-18T07:55:36.854+0000] {processor.py:925} INFO - DAG(s) 'example_sla_dag' retrieved from /home/airflow/.local/lib/python3.12/site-packages/airflow/example_dags/example_sla_dag.py
[2025-06-18T07:55:36.876+0000] {logging_mixin.py:190} INFO - [2025-06-18T07:55:36.876+0000] {dag.py:3239} INFO - Sync 1 DAGs
[2025-06-18T07:55:36.903+0000] {logging_mixin.py:190} INFO - [2025-06-18T07:55:36.902+0000] {dag.py:4180} INFO - Setting next_dagrun for example_sla_dag to 2025-06-18 07:52:00+00:00, run_after=2025-06-18 07:54:00+00:00
[2025-06-18T07:55:36.925+0000] {processor.py:208} INFO - Processing /home/airflow/.local/lib/python3.12/site-packages/airflow/example_dags/example_sla_dag.py took 0.092 seconds
[2025-06-18T07:56:07.996+0000] {processor.py:186} INFO - Started process (PID=227) to work on /home/airflow/.local/lib/python3.12/site-packages/airflow/example_dags/example_sla_dag.py
[2025-06-18T07:56:07.997+0000] {processor.py:914} INFO - Processing file /home/airflow/.local/lib/python3.12/site-packages/airflow/example_dags/example_sla_dag.py for tasks to queue
[2025-06-18T07:56:08.000+0000] {logging_mixin.py:190} INFO - [2025-06-18T07:56:07.999+0000] {dagbag.py:588} INFO - Filling up the DagBag from /home/airflow/.local/lib/python3.12/site-packages/airflow/example_dags/example_sla_dag.py
[2025-06-18T07:56:08.008+0000] {processor.py:925} INFO - DAG(s) 'example_sla_dag' retrieved from /home/airflow/.local/lib/python3.12/site-packages/airflow/example_dags/example_sla_dag.py
[2025-06-18T07:56:08.026+0000] {logging_mixin.py:190} INFO - [2025-06-18T07:56:08.025+0000] {dag.py:3239} INFO - Sync 1 DAGs
[2025-06-18T07:56:08.050+0000] {logging_mixin.py:190} INFO - [2025-06-18T07:56:08.050+0000] {dag.py:4180} INFO - Setting next_dagrun for example_sla_dag to 2025-06-18 07:54:00+00:00, run_after=2025-06-18 07:56:00+00:00
[2025-06-18T07:56:08.068+0000] {processor.py:208} INFO - Processing /home/airflow/.local/lib/python3.12/site-packages/airflow/example_dags/example_sla_dag.py took 0.077 seconds
[2025-06-18T07:56:38.834+0000] {processor.py:186} INFO - Started process (PID=290) to work on /home/airflow/.local/lib/python3.12/site-packages/airflow/example_dags/example_sla_dag.py
[2025-06-18T07:56:38.835+0000] {processor.py:914} INFO - Processing file /home/airflow/.local/lib/python3.12/site-packages/airflow/example_dags/example_sla_dag.py for tasks to queue
[2025-06-18T07:56:38.838+0000] {logging_mixin.py:190} INFO - [2025-06-18T07:56:38.838+0000] {dagbag.py:588} INFO - Filling up the DagBag from /home/airflow/.local/lib/python3.12/site-packages/airflow/example_dags/example_sla_dag.py
[2025-06-18T07:56:38.850+0000] {processor.py:925} INFO - DAG(s) 'example_sla_dag' retrieved from /home/airflow/.local/lib/python3.12/site-packages/airflow/example_dags/example_sla_dag.py
[2025-06-18T07:56:38.874+0000] {logging_mixin.py:190} INFO - [2025-06-18T07:56:38.873+0000] {dag.py:3239} INFO - Sync 1 DAGs
[2025-06-18T07:56:38.908+0000] {logging_mixin.py:190} INFO - [2025-06-18T07:56:38.908+0000] {dag.py:4180} INFO - Setting next_dagrun for example_sla_dag to 2025-06-18 07:54:00+00:00, run_after=2025-06-18 07:56:00+00:00
[2025-06-18T07:56:38.933+0000] {processor.py:208} INFO - Processing /home/airflow/.local/lib/python3.12/site-packages/airflow/example_dags/example_sla_dag.py took 0.106 seconds
[2025-06-18T07:57:09.430+0000] {processor.py:186} INFO - Started process (PID=352) to work on /home/airflow/.local/lib/python3.12/site-packages/airflow/example_dags/example_sla_dag.py
[2025-06-18T07:57:09.431+0000] {processor.py:914} INFO - Processing file /home/airflow/.local/lib/python3.12/site-packages/airflow/example_dags/example_sla_dag.py for tasks to queue
[2025-06-18T07:57:09.433+0000] {logging_mixin.py:190} INFO - [2025-06-18T07:57:09.433+0000] {dagbag.py:588} INFO - Filling up the DagBag from /home/airflow/.local/lib/python3.12/site-packages/airflow/example_dags/example_sla_dag.py
[2025-06-18T07:57:09.446+0000] {processor.py:925} INFO - DAG(s) 'example_sla_dag' retrieved from /home/airflow/.local/lib/python3.12/site-packages/airflow/example_dags/example_sla_dag.py
[2025-06-18T07:57:09.468+0000] {logging_mixin.py:190} INFO - [2025-06-18T07:57:09.468+0000] {dag.py:3239} INFO - Sync 1 DAGs
[2025-06-18T07:57:09.498+0000] {logging_mixin.py:190} INFO - [2025-06-18T07:57:09.498+0000] {dag.py:4180} INFO - Setting next_dagrun for example_sla_dag to 2025-06-18 07:54:00+00:00, run_after=2025-06-18 07:56:00+00:00
[2025-06-18T07:57:09.519+0000] {processor.py:208} INFO - Processing /home/airflow/.local/lib/python3.12/site-packages/airflow/example_dags/example_sla_dag.py took 0.095 seconds
[2025-06-18T07:57:40.126+0000] {processor.py:186} INFO - Started process (PID=415) to work on /home/airflow/.local/lib/python3.12/site-packages/airflow/example_dags/example_sla_dag.py
[2025-06-18T07:57:40.127+0000] {processor.py:914} INFO - Processing file /home/airflow/.local/lib/python3.12/site-packages/airflow/example_dags/example_sla_dag.py for tasks to queue
[2025-06-18T07:57:40.131+0000] {logging_mixin.py:190} INFO - [2025-06-18T07:57:40.131+0000] {dagbag.py:588} INFO - Filling up the DagBag from /home/airflow/.local/lib/python3.12/site-packages/airflow/example_dags/example_sla_dag.py
[2025-06-18T07:57:40.144+0000] {processor.py:925} INFO - DAG(s) 'example_sla_dag' retrieved from /home/airflow/.local/lib/python3.12/site-packages/airflow/example_dags/example_sla_dag.py
[2025-06-18T07:57:40.171+0000] {logging_mixin.py:190} INFO - [2025-06-18T07:57:40.171+0000] {dag.py:3239} INFO - Sync 1 DAGs
[2025-06-18T07:57:40.197+0000] {logging_mixin.py:190} INFO - [2025-06-18T07:57:40.197+0000] {dag.py:4180} INFO - Setting next_dagrun for example_sla_dag to 2025-06-18 07:54:00+00:00, run_after=2025-06-18 07:56:00+00:00
[2025-06-18T07:57:40.216+0000] {processor.py:208} INFO - Processing /home/airflow/.local/lib/python3.12/site-packages/airflow/example_dags/example_sla_dag.py took 0.095 seconds
[2025-06-18T07:58:11.037+0000] {processor.py:186} INFO - Started process (PID=478) to work on /home/airflow/.local/lib/python3.12/site-packages/airflow/example_dags/example_sla_dag.py
[2025-06-18T07:58:11.038+0000] {processor.py:914} INFO - Processing file /home/airflow/.local/lib/python3.12/site-packages/airflow/example_dags/example_sla_dag.py for tasks to queue
[2025-06-18T07:58:11.040+0000] {logging_mixin.py:190} INFO - [2025-06-18T07:58:11.040+0000] {dagbag.py:588} INFO - Filling up the DagBag from /home/airflow/.local/lib/python3.12/site-packages/airflow/example_dags/example_sla_dag.py
[2025-06-18T07:58:11.050+0000] {processor.py:925} INFO - DAG(s) 'example_sla_dag' retrieved from /home/airflow/.local/lib/python3.12/site-packages/airflow/example_dags/example_sla_dag.py
[2025-06-18T07:58:11.067+0000] {logging_mixin.py:190} INFO - [2025-06-18T07:58:11.067+0000] {dag.py:3239} INFO - Sync 1 DAGs
[2025-06-18T07:58:11.090+0000] {logging_mixin.py:190} INFO - [2025-06-18T07:58:11.090+0000] {dag.py:4180} INFO - Setting next_dagrun for example_sla_dag to 2025-06-18 07:56:00+00:00, run_after=2025-06-18 07:58:00+00:00
[2025-06-18T07:58:11.107+0000] {processor.py:208} INFO - Processing /home/airflow/.local/lib/python3.12/site-packages/airflow/example_dags/example_sla_dag.py took 0.075 seconds
[2025-06-18T07:58:41.744+0000] {processor.py:186} INFO - Started process (PID=541) to work on /home/airflow/.local/lib/python3.12/site-packages/airflow/example_dags/example_sla_dag.py
[2025-06-18T07:58:41.745+0000] {processor.py:914} INFO - Processing file /home/airflow/.local/lib/python3.12/site-packages/airflow/example_dags/example_sla_dag.py for tasks to queue
[2025-06-18T07:58:41.747+0000] {logging_mixin.py:190} INFO - [2025-06-18T07:58:41.747+0000] {dagbag.py:588} INFO - Filling up the DagBag from /home/airflow/.local/lib/python3.12/site-packages/airflow/example_dags/example_sla_dag.py
[2025-06-18T07:58:41.756+0000] {processor.py:925} INFO - DAG(s) 'example_sla_dag' retrieved from /home/airflow/.local/lib/python3.12/site-packages/airflow/example_dags/example_sla_dag.py
[2025-06-18T07:58:41.771+0000] {logging_mixin.py:190} INFO - [2025-06-18T07:58:41.771+0000] {dag.py:3239} INFO - Sync 1 DAGs
[2025-06-18T07:58:41.793+0000] {logging_mixin.py:190} INFO - [2025-06-18T07:58:41.792+0000] {dag.py:4180} INFO - Setting next_dagrun for example_sla_dag to 2025-06-18 07:56:00+00:00, run_after=2025-06-18 07:58:00+00:00
[2025-06-18T07:58:41.810+0000] {processor.py:208} INFO - Processing /home/airflow/.local/lib/python3.12/site-packages/airflow/example_dags/example_sla_dag.py took 0.071 seconds
[2025-06-18T07:59:12.242+0000] {processor.py:186} INFO - Started process (PID=604) to work on /home/airflow/.local/lib/python3.12/site-packages/airflow/example_dags/example_sla_dag.py
[2025-06-18T07:59:12.243+0000] {processor.py:914} INFO - Processing file /home/airflow/.local/lib/python3.12/site-packages/airflow/example_dags/example_sla_dag.py for tasks to queue
[2025-06-18T07:59:12.245+0000] {logging_mixin.py:190} INFO - [2025-06-18T07:59:12.245+0000] {dagbag.py:588} INFO - Filling up the DagBag from /home/airflow/.local/lib/python3.12/site-packages/airflow/example_dags/example_sla_dag.py
[2025-06-18T07:59:12.253+0000] {processor.py:925} INFO - DAG(s) 'example_sla_dag' retrieved from /home/airflow/.local/lib/python3.12/site-packages/airflow/example_dags/example_sla_dag.py
[2025-06-18T07:59:12.268+0000] {logging_mixin.py:190} INFO - [2025-06-18T07:59:12.267+0000] {dag.py:3239} INFO - Sync 1 DAGs
[2025-06-18T07:59:12.288+0000] {logging_mixin.py:190} INFO - [2025-06-18T07:59:12.288+0000] {dag.py:4180} INFO - Setting next_dagrun for example_sla_dag to 2025-06-18 07:56:00+00:00, run_after=2025-06-18 07:58:00+00:00
[2025-06-18T07:59:12.303+0000] {processor.py:208} INFO - Processing /home/airflow/.local/lib/python3.12/site-packages/airflow/example_dags/example_sla_dag.py took 0.067 seconds
[2025-06-18T07:59:42.903+0000] {processor.py:186} INFO - Started process (PID=667) to work on /home/airflow/.local/lib/python3.12/site-packages/airflow/example_dags/example_sla_dag.py
[2025-06-18T07:59:42.904+0000] {processor.py:914} INFO - Processing file /home/airflow/.local/lib/python3.12/site-packages/airflow/example_dags/example_sla_dag.py for tasks to queue
[2025-06-18T07:59:42.907+0000] {logging_mixin.py:190} INFO - [2025-06-18T07:59:42.907+0000] {dagbag.py:588} INFO - Filling up the DagBag from /home/airflow/.local/lib/python3.12/site-packages/airflow/example_dags/example_sla_dag.py
[2025-06-18T07:59:42.917+0000] {processor.py:925} INFO - DAG(s) 'example_sla_dag' retrieved from /home/airflow/.local/lib/python3.12/site-packages/airflow/example_dags/example_sla_dag.py
[2025-06-18T07:59:42.944+0000] {logging_mixin.py:190} INFO - [2025-06-18T07:59:42.943+0000] {dag.py:3239} INFO - Sync 1 DAGs
[2025-06-18T07:59:42.992+0000] {logging_mixin.py:190} INFO - [2025-06-18T07:59:42.991+0000] {dag.py:4180} INFO - Setting next_dagrun for example_sla_dag to 2025-06-18 07:56:00+00:00, run_after=2025-06-18 07:58:00+00:00
[2025-06-18T07:59:43.024+0000] {processor.py:208} INFO - Processing /home/airflow/.local/lib/python3.12/site-packages/airflow/example_dags/example_sla_dag.py took 0.127 seconds
