[2025-06-18T07:55:01.730+0000] {processor.py:186} INFO - Started process (PID=58) to work on /home/airflow/.local/lib/python3.12/site-packages/airflow/example_dags/example_inlet_event_extra.py
[2025-06-18T07:55:01.731+0000] {processor.py:914} INFO - Processing file /home/airflow/.local/lib/python3.12/site-packages/airflow/example_dags/example_inlet_event_extra.py for tasks to queue
[2025-06-18T07:55:01.735+0000] {logging_mixin.py:190} INFO - [2025-06-18T07:55:01.734+0000] {dagbag.py:588} INFO - Filling up the DagBag from /home/airflow/.local/lib/python3.12/site-packages/airflow/example_dags/example_inlet_event_extra.py
[2025-06-18T07:55:02.661+0000] {processor.py:925} INFO - DAG(s) 'read_dataset_event_from_classic', 'read_dataset_event' retrieved from /home/airflow/.local/lib/python3.12/site-packages/airflow/example_dags/example_inlet_event_extra.py
[2025-06-18T07:55:02.690+0000] {logging_mixin.py:190} INFO - [2025-06-18T07:55:02.690+0000] {dag.py:3239} INFO - Sync 2 DAGs
[2025-06-18T07:55:02.723+0000] {logging_mixin.py:190} INFO - [2025-06-18T07:55:02.723+0000] {dag.py:4180} INFO - Setting next_dagrun for read_dataset_event to 2025-06-17 00:00:00+00:00, run_after=2025-06-18 00:00:00+00:00
[2025-06-18T07:55:02.728+0000] {logging_mixin.py:190} INFO - [2025-06-18T07:55:02.728+0000] {dag.py:4180} INFO - Setting next_dagrun for read_dataset_event_from_classic to 2025-06-17 00:00:00+00:00, run_after=2025-06-18 00:00:00+00:00
[2025-06-18T07:55:02.745+0000] {processor.py:208} INFO - Processing /home/airflow/.local/lib/python3.12/site-packages/airflow/example_dags/example_inlet_event_extra.py took 1.022 seconds
[2025-06-18T07:55:33.359+0000] {processor.py:186} INFO - Started process (PID=121) to work on /home/airflow/.local/lib/python3.12/site-packages/airflow/example_dags/example_inlet_event_extra.py
[2025-06-18T07:55:33.361+0000] {processor.py:914} INFO - Processing file /home/airflow/.local/lib/python3.12/site-packages/airflow/example_dags/example_inlet_event_extra.py for tasks to queue
[2025-06-18T07:55:33.366+0000] {logging_mixin.py:190} INFO - [2025-06-18T07:55:33.365+0000] {dagbag.py:588} INFO - Filling up the DagBag from /home/airflow/.local/lib/python3.12/site-packages/airflow/example_dags/example_inlet_event_extra.py
[2025-06-18T07:55:34.031+0000] {processor.py:925} INFO - DAG(s) 'read_dataset_event_from_classic', 'read_dataset_event' retrieved from /home/airflow/.local/lib/python3.12/site-packages/airflow/example_dags/example_inlet_event_extra.py
[2025-06-18T07:55:34.051+0000] {logging_mixin.py:190} INFO - [2025-06-18T07:55:34.051+0000] {dag.py:3239} INFO - Sync 2 DAGs
[2025-06-18T07:55:34.078+0000] {logging_mixin.py:190} INFO - [2025-06-18T07:55:34.077+0000] {dag.py:4180} INFO - Setting next_dagrun for read_dataset_event to 2025-06-17 00:00:00+00:00, run_after=2025-06-18 00:00:00+00:00
[2025-06-18T07:55:34.084+0000] {logging_mixin.py:190} INFO - [2025-06-18T07:55:34.084+0000] {dag.py:4180} INFO - Setting next_dagrun for read_dataset_event_from_classic to 2025-06-17 00:00:00+00:00, run_after=2025-06-18 00:00:00+00:00
[2025-06-18T07:55:34.102+0000] {processor.py:208} INFO - Processing /home/airflow/.local/lib/python3.12/site-packages/airflow/example_dags/example_inlet_event_extra.py took 0.752 seconds
[2025-06-18T07:56:04.157+0000] {processor.py:186} INFO - Started process (PID=190) to work on /home/airflow/.local/lib/python3.12/site-packages/airflow/example_dags/example_inlet_event_extra.py
[2025-06-18T07:56:04.158+0000] {processor.py:914} INFO - Processing file /home/airflow/.local/lib/python3.12/site-packages/airflow/example_dags/example_inlet_event_extra.py for tasks to queue
[2025-06-18T07:56:04.160+0000] {logging_mixin.py:190} INFO - [2025-06-18T07:56:04.160+0000] {dagbag.py:588} INFO - Filling up the DagBag from /home/airflow/.local/lib/python3.12/site-packages/airflow/example_dags/example_inlet_event_extra.py
[2025-06-18T07:56:04.705+0000] {processor.py:925} INFO - DAG(s) 'read_dataset_event', 'read_dataset_event_from_classic' retrieved from /home/airflow/.local/lib/python3.12/site-packages/airflow/example_dags/example_inlet_event_extra.py
[2025-06-18T07:56:04.728+0000] {logging_mixin.py:190} INFO - [2025-06-18T07:56:04.728+0000] {dag.py:3239} INFO - Sync 2 DAGs
[2025-06-18T07:56:04.754+0000] {logging_mixin.py:190} INFO - [2025-06-18T07:56:04.754+0000] {dag.py:4180} INFO - Setting next_dagrun for read_dataset_event to 2025-06-17 00:00:00+00:00, run_after=2025-06-18 00:00:00+00:00
[2025-06-18T07:56:04.759+0000] {logging_mixin.py:190} INFO - [2025-06-18T07:56:04.759+0000] {dag.py:4180} INFO - Setting next_dagrun for read_dataset_event_from_classic to 2025-06-17 00:00:00+00:00, run_after=2025-06-18 00:00:00+00:00
[2025-06-18T07:56:04.775+0000] {processor.py:208} INFO - Processing /home/airflow/.local/lib/python3.12/site-packages/airflow/example_dags/example_inlet_event_extra.py took 0.623 seconds
[2025-06-18T07:56:35.281+0000] {processor.py:186} INFO - Started process (PID=253) to work on /home/airflow/.local/lib/python3.12/site-packages/airflow/example_dags/example_inlet_event_extra.py
[2025-06-18T07:56:35.282+0000] {processor.py:914} INFO - Processing file /home/airflow/.local/lib/python3.12/site-packages/airflow/example_dags/example_inlet_event_extra.py for tasks to queue
[2025-06-18T07:56:35.284+0000] {logging_mixin.py:190} INFO - [2025-06-18T07:56:35.284+0000] {dagbag.py:588} INFO - Filling up the DagBag from /home/airflow/.local/lib/python3.12/site-packages/airflow/example_dags/example_inlet_event_extra.py
[2025-06-18T07:56:35.891+0000] {processor.py:925} INFO - DAG(s) 'read_dataset_event', 'read_dataset_event_from_classic' retrieved from /home/airflow/.local/lib/python3.12/site-packages/airflow/example_dags/example_inlet_event_extra.py
[2025-06-18T07:56:35.910+0000] {logging_mixin.py:190} INFO - [2025-06-18T07:56:35.910+0000] {dag.py:3239} INFO - Sync 2 DAGs
[2025-06-18T07:56:35.934+0000] {logging_mixin.py:190} INFO - [2025-06-18T07:56:35.934+0000] {dag.py:4180} INFO - Setting next_dagrun for read_dataset_event to 2025-06-17 00:00:00+00:00, run_after=2025-06-18 00:00:00+00:00
[2025-06-18T07:56:35.940+0000] {logging_mixin.py:190} INFO - [2025-06-18T07:56:35.939+0000] {dag.py:4180} INFO - Setting next_dagrun for read_dataset_event_from_classic to 2025-06-17 00:00:00+00:00, run_after=2025-06-18 00:00:00+00:00
[2025-06-18T07:56:35.955+0000] {processor.py:208} INFO - Processing /home/airflow/.local/lib/python3.12/site-packages/airflow/example_dags/example_inlet_event_extra.py took 0.682 seconds
[2025-06-18T07:57:06.411+0000] {processor.py:186} INFO - Started process (PID=317) to work on /home/airflow/.local/lib/python3.12/site-packages/airflow/example_dags/example_inlet_event_extra.py
[2025-06-18T07:57:06.412+0000] {processor.py:914} INFO - Processing file /home/airflow/.local/lib/python3.12/site-packages/airflow/example_dags/example_inlet_event_extra.py for tasks to queue
[2025-06-18T07:57:06.415+0000] {logging_mixin.py:190} INFO - [2025-06-18T07:57:06.415+0000] {dagbag.py:588} INFO - Filling up the DagBag from /home/airflow/.local/lib/python3.12/site-packages/airflow/example_dags/example_inlet_event_extra.py
[2025-06-18T07:57:06.957+0000] {processor.py:925} INFO - DAG(s) 'read_dataset_event', 'read_dataset_event_from_classic' retrieved from /home/airflow/.local/lib/python3.12/site-packages/airflow/example_dags/example_inlet_event_extra.py
[2025-06-18T07:57:06.975+0000] {logging_mixin.py:190} INFO - [2025-06-18T07:57:06.975+0000] {dag.py:3239} INFO - Sync 2 DAGs
[2025-06-18T07:57:06.997+0000] {logging_mixin.py:190} INFO - [2025-06-18T07:57:06.997+0000] {dag.py:4180} INFO - Setting next_dagrun for read_dataset_event to 2025-06-17 00:00:00+00:00, run_after=2025-06-18 00:00:00+00:00
[2025-06-18T07:57:07.002+0000] {logging_mixin.py:190} INFO - [2025-06-18T07:57:07.002+0000] {dag.py:4180} INFO - Setting next_dagrun for read_dataset_event_from_classic to 2025-06-17 00:00:00+00:00, run_after=2025-06-18 00:00:00+00:00
[2025-06-18T07:57:07.019+0000] {processor.py:208} INFO - Processing /home/airflow/.local/lib/python3.12/site-packages/airflow/example_dags/example_inlet_event_extra.py took 0.614 seconds
[2025-06-18T07:57:37.232+0000] {processor.py:186} INFO - Started process (PID=384) to work on /home/airflow/.local/lib/python3.12/site-packages/airflow/example_dags/example_inlet_event_extra.py
[2025-06-18T07:57:37.233+0000] {processor.py:914} INFO - Processing file /home/airflow/.local/lib/python3.12/site-packages/airflow/example_dags/example_inlet_event_extra.py for tasks to queue
[2025-06-18T07:57:37.235+0000] {logging_mixin.py:190} INFO - [2025-06-18T07:57:37.234+0000] {dagbag.py:588} INFO - Filling up the DagBag from /home/airflow/.local/lib/python3.12/site-packages/airflow/example_dags/example_inlet_event_extra.py
[2025-06-18T07:57:37.831+0000] {processor.py:925} INFO - DAG(s) 'read_dataset_event_from_classic', 'read_dataset_event' retrieved from /home/airflow/.local/lib/python3.12/site-packages/airflow/example_dags/example_inlet_event_extra.py
[2025-06-18T07:57:37.863+0000] {logging_mixin.py:190} INFO - [2025-06-18T07:57:37.863+0000] {dag.py:3239} INFO - Sync 2 DAGs
[2025-06-18T07:57:37.889+0000] {logging_mixin.py:190} INFO - [2025-06-18T07:57:37.889+0000] {dag.py:4180} INFO - Setting next_dagrun for read_dataset_event to 2025-06-17 00:00:00+00:00, run_after=2025-06-18 00:00:00+00:00
[2025-06-18T07:57:37.895+0000] {logging_mixin.py:190} INFO - [2025-06-18T07:57:37.894+0000] {dag.py:4180} INFO - Setting next_dagrun for read_dataset_event_from_classic to 2025-06-17 00:00:00+00:00, run_after=2025-06-18 00:00:00+00:00
[2025-06-18T07:57:37.911+0000] {processor.py:208} INFO - Processing /home/airflow/.local/lib/python3.12/site-packages/airflow/example_dags/example_inlet_event_extra.py took 0.684 seconds
[2025-06-18T07:58:08.276+0000] {processor.py:186} INFO - Started process (PID=452) to work on /home/airflow/.local/lib/python3.12/site-packages/airflow/example_dags/example_inlet_event_extra.py
[2025-06-18T07:58:08.277+0000] {processor.py:914} INFO - Processing file /home/airflow/.local/lib/python3.12/site-packages/airflow/example_dags/example_inlet_event_extra.py for tasks to queue
[2025-06-18T07:58:08.280+0000] {logging_mixin.py:190} INFO - [2025-06-18T07:58:08.279+0000] {dagbag.py:588} INFO - Filling up the DagBag from /home/airflow/.local/lib/python3.12/site-packages/airflow/example_dags/example_inlet_event_extra.py
[2025-06-18T07:58:08.797+0000] {processor.py:925} INFO - DAG(s) 'read_dataset_event', 'read_dataset_event_from_classic' retrieved from /home/airflow/.local/lib/python3.12/site-packages/airflow/example_dags/example_inlet_event_extra.py
[2025-06-18T07:58:08.816+0000] {logging_mixin.py:190} INFO - [2025-06-18T07:58:08.816+0000] {dag.py:3239} INFO - Sync 2 DAGs
[2025-06-18T07:58:08.840+0000] {logging_mixin.py:190} INFO - [2025-06-18T07:58:08.839+0000] {dag.py:4180} INFO - Setting next_dagrun for read_dataset_event to 2025-06-17 00:00:00+00:00, run_after=2025-06-18 00:00:00+00:00
[2025-06-18T07:58:08.845+0000] {logging_mixin.py:190} INFO - [2025-06-18T07:58:08.845+0000] {dag.py:4180} INFO - Setting next_dagrun for read_dataset_event_from_classic to 2025-06-17 00:00:00+00:00, run_after=2025-06-18 00:00:00+00:00
[2025-06-18T07:58:08.861+0000] {processor.py:208} INFO - Processing /home/airflow/.local/lib/python3.12/site-packages/airflow/example_dags/example_inlet_event_extra.py took 0.590 seconds
[2025-06-18T07:58:39.118+0000] {processor.py:186} INFO - Started process (PID=520) to work on /home/airflow/.local/lib/python3.12/site-packages/airflow/example_dags/example_inlet_event_extra.py
[2025-06-18T07:58:39.118+0000] {processor.py:914} INFO - Processing file /home/airflow/.local/lib/python3.12/site-packages/airflow/example_dags/example_inlet_event_extra.py for tasks to queue
[2025-06-18T07:58:39.120+0000] {logging_mixin.py:190} INFO - [2025-06-18T07:58:39.120+0000] {dagbag.py:588} INFO - Filling up the DagBag from /home/airflow/.local/lib/python3.12/site-packages/airflow/example_dags/example_inlet_event_extra.py
[2025-06-18T07:58:39.583+0000] {processor.py:925} INFO - DAG(s) 'read_dataset_event_from_classic', 'read_dataset_event' retrieved from /home/airflow/.local/lib/python3.12/site-packages/airflow/example_dags/example_inlet_event_extra.py
[2025-06-18T07:58:39.601+0000] {logging_mixin.py:190} INFO - [2025-06-18T07:58:39.601+0000] {dag.py:3239} INFO - Sync 2 DAGs
[2025-06-18T07:58:39.622+0000] {logging_mixin.py:190} INFO - [2025-06-18T07:58:39.622+0000] {dag.py:4180} INFO - Setting next_dagrun for read_dataset_event to 2025-06-17 00:00:00+00:00, run_after=2025-06-18 00:00:00+00:00
[2025-06-18T07:58:39.627+0000] {logging_mixin.py:190} INFO - [2025-06-18T07:58:39.627+0000] {dag.py:4180} INFO - Setting next_dagrun for read_dataset_event_from_classic to 2025-06-17 00:00:00+00:00, run_after=2025-06-18 00:00:00+00:00
[2025-06-18T07:58:39.641+0000] {processor.py:208} INFO - Processing /home/airflow/.local/lib/python3.12/site-packages/airflow/example_dags/example_inlet_event_extra.py took 0.528 seconds
[2025-06-18T07:59:09.801+0000] {processor.py:186} INFO - Started process (PID=581) to work on /home/airflow/.local/lib/python3.12/site-packages/airflow/example_dags/example_inlet_event_extra.py
[2025-06-18T07:59:09.802+0000] {processor.py:914} INFO - Processing file /home/airflow/.local/lib/python3.12/site-packages/airflow/example_dags/example_inlet_event_extra.py for tasks to queue
[2025-06-18T07:59:09.804+0000] {logging_mixin.py:190} INFO - [2025-06-18T07:59:09.804+0000] {dagbag.py:588} INFO - Filling up the DagBag from /home/airflow/.local/lib/python3.12/site-packages/airflow/example_dags/example_inlet_event_extra.py
[2025-06-18T07:59:10.324+0000] {processor.py:925} INFO - DAG(s) 'read_dataset_event', 'read_dataset_event_from_classic' retrieved from /home/airflow/.local/lib/python3.12/site-packages/airflow/example_dags/example_inlet_event_extra.py
[2025-06-18T07:59:10.345+0000] {logging_mixin.py:190} INFO - [2025-06-18T07:59:10.345+0000] {dag.py:3239} INFO - Sync 2 DAGs
[2025-06-18T07:59:10.366+0000] {logging_mixin.py:190} INFO - [2025-06-18T07:59:10.366+0000] {dag.py:4180} INFO - Setting next_dagrun for read_dataset_event to 2025-06-17 00:00:00+00:00, run_after=2025-06-18 00:00:00+00:00
[2025-06-18T07:59:10.371+0000] {logging_mixin.py:190} INFO - [2025-06-18T07:59:10.371+0000] {dag.py:4180} INFO - Setting next_dagrun for read_dataset_event_from_classic to 2025-06-17 00:00:00+00:00, run_after=2025-06-18 00:00:00+00:00
[2025-06-18T07:59:10.387+0000] {processor.py:208} INFO - Processing /home/airflow/.local/lib/python3.12/site-packages/airflow/example_dags/example_inlet_event_extra.py took 0.593 seconds
[2025-06-18T07:59:40.535+0000] {processor.py:186} INFO - Started process (PID=644) to work on /home/airflow/.local/lib/python3.12/site-packages/airflow/example_dags/example_inlet_event_extra.py
[2025-06-18T07:59:40.536+0000] {processor.py:914} INFO - Processing file /home/airflow/.local/lib/python3.12/site-packages/airflow/example_dags/example_inlet_event_extra.py for tasks to queue
[2025-06-18T07:59:40.538+0000] {logging_mixin.py:190} INFO - [2025-06-18T07:59:40.538+0000] {dagbag.py:588} INFO - Filling up the DagBag from /home/airflow/.local/lib/python3.12/site-packages/airflow/example_dags/example_inlet_event_extra.py
[2025-06-18T07:59:41.045+0000] {processor.py:925} INFO - DAG(s) 'read_dataset_event_from_classic', 'read_dataset_event' retrieved from /home/airflow/.local/lib/python3.12/site-packages/airflow/example_dags/example_inlet_event_extra.py
[2025-06-18T07:59:41.065+0000] {logging_mixin.py:190} INFO - [2025-06-18T07:59:41.065+0000] {dag.py:3239} INFO - Sync 2 DAGs
[2025-06-18T07:59:41.089+0000] {logging_mixin.py:190} INFO - [2025-06-18T07:59:41.089+0000] {dag.py:4180} INFO - Setting next_dagrun for read_dataset_event to 2025-06-17 00:00:00+00:00, run_after=2025-06-18 00:00:00+00:00
[2025-06-18T07:59:41.095+0000] {logging_mixin.py:190} INFO - [2025-06-18T07:59:41.094+0000] {dag.py:4180} INFO - Setting next_dagrun for read_dataset_event_from_classic to 2025-06-17 00:00:00+00:00, run_after=2025-06-18 00:00:00+00:00
[2025-06-18T07:59:41.116+0000] {processor.py:208} INFO - Processing /home/airflow/.local/lib/python3.12/site-packages/airflow/example_dags/example_inlet_event_extra.py took 0.586 seconds
