[2025-06-18T07:55:06.909+0000] {processor.py:186} INFO - Started process (PID=113) to work on /home/airflow/.local/lib/python3.12/site-packages/airflow/example_dags/example_branch_python_dop_operator_3.py
[2025-06-18T07:55:06.910+0000] {processor.py:914} INFO - Processing file /home/airflow/.local/lib/python3.12/site-packages/airflow/example_dags/example_branch_python_dop_operator_3.py for tasks to queue
[2025-06-18T07:55:06.912+0000] {logging_mixin.py:190} INFO - [2025-06-18T07:55:06.912+0000] {dagbag.py:588} INFO - Filling up the DagBag from /home/airflow/.local/lib/python3.12/site-packages/airflow/example_dags/example_branch_python_dop_operator_3.py
[2025-06-18T07:55:06.922+0000] {processor.py:925} INFO - DAG(s) 'example_branch_dop_operator_v3' retrieved from /home/airflow/.local/lib/python3.12/site-packages/airflow/example_dags/example_branch_python_dop_operator_3.py
[2025-06-18T07:55:06.939+0000] {logging_mixin.py:190} INFO - [2025-06-18T07:55:06.939+0000] {dag.py:3239} INFO - Sync 1 DAGs
[2025-06-18T07:55:06.970+0000] {logging_mixin.py:190} INFO - [2025-06-18T07:55:06.969+0000] {dag.py:4180} INFO - Setting next_dagrun for example_branch_dop_operator_v3 to 2025-06-18 07:54:00+00:00, run_after=2025-06-18 07:55:00+00:00
[2025-06-18T07:55:06.989+0000] {processor.py:208} INFO - Processing /home/airflow/.local/lib/python3.12/site-packages/airflow/example_dags/example_branch_python_dop_operator_3.py took 0.086 seconds
[2025-06-18T07:55:37.614+0000] {processor.py:186} INFO - Started process (PID=176) to work on /home/airflow/.local/lib/python3.12/site-packages/airflow/example_dags/example_branch_python_dop_operator_3.py
[2025-06-18T07:55:37.615+0000] {processor.py:914} INFO - Processing file /home/airflow/.local/lib/python3.12/site-packages/airflow/example_dags/example_branch_python_dop_operator_3.py for tasks to queue
[2025-06-18T07:55:37.617+0000] {logging_mixin.py:190} INFO - [2025-06-18T07:55:37.616+0000] {dagbag.py:588} INFO - Filling up the DagBag from /home/airflow/.local/lib/python3.12/site-packages/airflow/example_dags/example_branch_python_dop_operator_3.py
[2025-06-18T07:55:37.626+0000] {processor.py:925} INFO - DAG(s) 'example_branch_dop_operator_v3' retrieved from /home/airflow/.local/lib/python3.12/site-packages/airflow/example_dags/example_branch_python_dop_operator_3.py
[2025-06-18T07:55:37.648+0000] {logging_mixin.py:190} INFO - [2025-06-18T07:55:37.647+0000] {dag.py:3239} INFO - Sync 1 DAGs
[2025-06-18T07:55:37.673+0000] {logging_mixin.py:190} INFO - [2025-06-18T07:55:37.673+0000] {dag.py:4180} INFO - Setting next_dagrun for example_branch_dop_operator_v3 to 2025-06-18 07:54:00+00:00, run_after=2025-06-18 07:55:00+00:00
[2025-06-18T07:55:37.694+0000] {processor.py:208} INFO - Processing /home/airflow/.local/lib/python3.12/site-packages/airflow/example_dags/example_branch_python_dop_operator_3.py took 0.085 seconds
[2025-06-18T07:56:08.738+0000] {processor.py:186} INFO - Started process (PID=239) to work on /home/airflow/.local/lib/python3.12/site-packages/airflow/example_dags/example_branch_python_dop_operator_3.py
[2025-06-18T07:56:08.739+0000] {processor.py:914} INFO - Processing file /home/airflow/.local/lib/python3.12/site-packages/airflow/example_dags/example_branch_python_dop_operator_3.py for tasks to queue
[2025-06-18T07:56:08.742+0000] {logging_mixin.py:190} INFO - [2025-06-18T07:56:08.742+0000] {dagbag.py:588} INFO - Filling up the DagBag from /home/airflow/.local/lib/python3.12/site-packages/airflow/example_dags/example_branch_python_dop_operator_3.py
[2025-06-18T07:56:08.754+0000] {processor.py:925} INFO - DAG(s) 'example_branch_dop_operator_v3' retrieved from /home/airflow/.local/lib/python3.12/site-packages/airflow/example_dags/example_branch_python_dop_operator_3.py
[2025-06-18T07:56:08.793+0000] {logging_mixin.py:190} INFO - [2025-06-18T07:56:08.791+0000] {dag.py:3239} INFO - Sync 1 DAGs
[2025-06-18T07:56:08.843+0000] {logging_mixin.py:190} INFO - [2025-06-18T07:56:08.842+0000] {dag.py:4180} INFO - Setting next_dagrun for example_branch_dop_operator_v3 to 2025-06-18 07:55:00+00:00, run_after=2025-06-18 07:56:00+00:00
[2025-06-18T07:56:08.869+0000] {processor.py:208} INFO - Processing /home/airflow/.local/lib/python3.12/site-packages/airflow/example_dags/example_branch_python_dop_operator_3.py took 0.140 seconds
[2025-06-18T07:56:39.865+0000] {processor.py:186} INFO - Started process (PID=302) to work on /home/airflow/.local/lib/python3.12/site-packages/airflow/example_dags/example_branch_python_dop_operator_3.py
[2025-06-18T07:56:39.866+0000] {processor.py:914} INFO - Processing file /home/airflow/.local/lib/python3.12/site-packages/airflow/example_dags/example_branch_python_dop_operator_3.py for tasks to queue
[2025-06-18T07:56:39.869+0000] {logging_mixin.py:190} INFO - [2025-06-18T07:56:39.868+0000] {dagbag.py:588} INFO - Filling up the DagBag from /home/airflow/.local/lib/python3.12/site-packages/airflow/example_dags/example_branch_python_dop_operator_3.py
[2025-06-18T07:56:39.879+0000] {processor.py:925} INFO - DAG(s) 'example_branch_dop_operator_v3' retrieved from /home/airflow/.local/lib/python3.12/site-packages/airflow/example_dags/example_branch_python_dop_operator_3.py
[2025-06-18T07:56:39.901+0000] {logging_mixin.py:190} INFO - [2025-06-18T07:56:39.901+0000] {dag.py:3239} INFO - Sync 1 DAGs
[2025-06-18T07:56:39.932+0000] {logging_mixin.py:190} INFO - [2025-06-18T07:56:39.931+0000] {dag.py:4180} INFO - Setting next_dagrun for example_branch_dop_operator_v3 to 2025-06-18 07:55:00+00:00, run_after=2025-06-18 07:56:00+00:00
[2025-06-18T07:56:39.952+0000] {processor.py:208} INFO - Processing /home/airflow/.local/lib/python3.12/site-packages/airflow/example_dags/example_branch_python_dop_operator_3.py took 0.092 seconds
[2025-06-18T07:57:10.482+0000] {processor.py:186} INFO - Started process (PID=365) to work on /home/airflow/.local/lib/python3.12/site-packages/airflow/example_dags/example_branch_python_dop_operator_3.py
[2025-06-18T07:57:10.483+0000] {processor.py:914} INFO - Processing file /home/airflow/.local/lib/python3.12/site-packages/airflow/example_dags/example_branch_python_dop_operator_3.py for tasks to queue
[2025-06-18T07:57:10.485+0000] {logging_mixin.py:190} INFO - [2025-06-18T07:57:10.485+0000] {dagbag.py:588} INFO - Filling up the DagBag from /home/airflow/.local/lib/python3.12/site-packages/airflow/example_dags/example_branch_python_dop_operator_3.py
[2025-06-18T07:57:10.493+0000] {processor.py:925} INFO - DAG(s) 'example_branch_dop_operator_v3' retrieved from /home/airflow/.local/lib/python3.12/site-packages/airflow/example_dags/example_branch_python_dop_operator_3.py
[2025-06-18T07:57:10.511+0000] {logging_mixin.py:190} INFO - [2025-06-18T07:57:10.511+0000] {dag.py:3239} INFO - Sync 1 DAGs
[2025-06-18T07:57:10.533+0000] {logging_mixin.py:190} INFO - [2025-06-18T07:57:10.532+0000] {dag.py:4180} INFO - Setting next_dagrun for example_branch_dop_operator_v3 to 2025-06-18 07:56:00+00:00, run_after=2025-06-18 07:57:00+00:00
[2025-06-18T07:57:10.549+0000] {processor.py:208} INFO - Processing /home/airflow/.local/lib/python3.12/site-packages/airflow/example_dags/example_branch_python_dop_operator_3.py took 0.073 seconds
[2025-06-18T07:57:41.232+0000] {processor.py:186} INFO - Started process (PID=428) to work on /home/airflow/.local/lib/python3.12/site-packages/airflow/example_dags/example_branch_python_dop_operator_3.py
[2025-06-18T07:57:41.233+0000] {processor.py:914} INFO - Processing file /home/airflow/.local/lib/python3.12/site-packages/airflow/example_dags/example_branch_python_dop_operator_3.py for tasks to queue
[2025-06-18T07:57:41.236+0000] {logging_mixin.py:190} INFO - [2025-06-18T07:57:41.236+0000] {dagbag.py:588} INFO - Filling up the DagBag from /home/airflow/.local/lib/python3.12/site-packages/airflow/example_dags/example_branch_python_dop_operator_3.py
[2025-06-18T07:57:41.248+0000] {processor.py:925} INFO - DAG(s) 'example_branch_dop_operator_v3' retrieved from /home/airflow/.local/lib/python3.12/site-packages/airflow/example_dags/example_branch_python_dop_operator_3.py
[2025-06-18T07:57:41.267+0000] {logging_mixin.py:190} INFO - [2025-06-18T07:57:41.267+0000] {dag.py:3239} INFO - Sync 1 DAGs
[2025-06-18T07:57:41.293+0000] {logging_mixin.py:190} INFO - [2025-06-18T07:57:41.293+0000] {dag.py:4180} INFO - Setting next_dagrun for example_branch_dop_operator_v3 to 2025-06-18 07:56:00+00:00, run_after=2025-06-18 07:57:00+00:00
[2025-06-18T07:57:41.313+0000] {processor.py:208} INFO - Processing /home/airflow/.local/lib/python3.12/site-packages/airflow/example_dags/example_branch_python_dop_operator_3.py took 0.088 seconds
[2025-06-18T07:58:11.829+0000] {processor.py:186} INFO - Started process (PID=491) to work on /home/airflow/.local/lib/python3.12/site-packages/airflow/example_dags/example_branch_python_dop_operator_3.py
[2025-06-18T07:58:11.830+0000] {processor.py:914} INFO - Processing file /home/airflow/.local/lib/python3.12/site-packages/airflow/example_dags/example_branch_python_dop_operator_3.py for tasks to queue
[2025-06-18T07:58:11.832+0000] {logging_mixin.py:190} INFO - [2025-06-18T07:58:11.832+0000] {dagbag.py:588} INFO - Filling up the DagBag from /home/airflow/.local/lib/python3.12/site-packages/airflow/example_dags/example_branch_python_dop_operator_3.py
[2025-06-18T07:58:11.841+0000] {processor.py:925} INFO - DAG(s) 'example_branch_dop_operator_v3' retrieved from /home/airflow/.local/lib/python3.12/site-packages/airflow/example_dags/example_branch_python_dop_operator_3.py
[2025-06-18T07:58:11.859+0000] {logging_mixin.py:190} INFO - [2025-06-18T07:58:11.859+0000] {dag.py:3239} INFO - Sync 1 DAGs
[2025-06-18T07:58:11.881+0000] {logging_mixin.py:190} INFO - [2025-06-18T07:58:11.880+0000] {dag.py:4180} INFO - Setting next_dagrun for example_branch_dop_operator_v3 to 2025-06-18 07:57:00+00:00, run_after=2025-06-18 07:58:00+00:00
[2025-06-18T07:58:11.898+0000] {processor.py:208} INFO - Processing /home/airflow/.local/lib/python3.12/site-packages/airflow/example_dags/example_branch_python_dop_operator_3.py took 0.074 seconds
[2025-06-18T07:58:42.518+0000] {processor.py:186} INFO - Started process (PID=554) to work on /home/airflow/.local/lib/python3.12/site-packages/airflow/example_dags/example_branch_python_dop_operator_3.py
[2025-06-18T07:58:42.519+0000] {processor.py:914} INFO - Processing file /home/airflow/.local/lib/python3.12/site-packages/airflow/example_dags/example_branch_python_dop_operator_3.py for tasks to queue
[2025-06-18T07:58:42.521+0000] {logging_mixin.py:190} INFO - [2025-06-18T07:58:42.521+0000] {dagbag.py:588} INFO - Filling up the DagBag from /home/airflow/.local/lib/python3.12/site-packages/airflow/example_dags/example_branch_python_dop_operator_3.py
[2025-06-18T07:58:42.530+0000] {processor.py:925} INFO - DAG(s) 'example_branch_dop_operator_v3' retrieved from /home/airflow/.local/lib/python3.12/site-packages/airflow/example_dags/example_branch_python_dop_operator_3.py
[2025-06-18T07:58:42.560+0000] {logging_mixin.py:190} INFO - [2025-06-18T07:58:42.560+0000] {dag.py:3239} INFO - Sync 1 DAGs
[2025-06-18T07:58:42.588+0000] {logging_mixin.py:190} INFO - [2025-06-18T07:58:42.587+0000] {dag.py:4180} INFO - Setting next_dagrun for example_branch_dop_operator_v3 to 2025-06-18 07:57:00+00:00, run_after=2025-06-18 07:58:00+00:00
[2025-06-18T07:58:42.606+0000] {processor.py:208} INFO - Processing /home/airflow/.local/lib/python3.12/site-packages/airflow/example_dags/example_branch_python_dop_operator_3.py took 0.093 seconds
[2025-06-18T07:59:12.809+0000] {processor.py:186} INFO - Started process (PID=616) to work on /home/airflow/.local/lib/python3.12/site-packages/airflow/example_dags/example_branch_python_dop_operator_3.py
[2025-06-18T07:59:12.810+0000] {processor.py:914} INFO - Processing file /home/airflow/.local/lib/python3.12/site-packages/airflow/example_dags/example_branch_python_dop_operator_3.py for tasks to queue
[2025-06-18T07:59:12.812+0000] {logging_mixin.py:190} INFO - [2025-06-18T07:59:12.812+0000] {dagbag.py:588} INFO - Filling up the DagBag from /home/airflow/.local/lib/python3.12/site-packages/airflow/example_dags/example_branch_python_dop_operator_3.py
[2025-06-18T07:59:12.821+0000] {processor.py:925} INFO - DAG(s) 'example_branch_dop_operator_v3' retrieved from /home/airflow/.local/lib/python3.12/site-packages/airflow/example_dags/example_branch_python_dop_operator_3.py
[2025-06-18T07:59:12.837+0000] {logging_mixin.py:190} INFO - [2025-06-18T07:59:12.836+0000] {dag.py:3239} INFO - Sync 1 DAGs
[2025-06-18T07:59:12.859+0000] {logging_mixin.py:190} INFO - [2025-06-18T07:59:12.859+0000] {dag.py:4180} INFO - Setting next_dagrun for example_branch_dop_operator_v3 to 2025-06-18 07:58:00+00:00, run_after=2025-06-18 07:59:00+00:00
[2025-06-18T07:59:12.876+0000] {processor.py:208} INFO - Processing /home/airflow/.local/lib/python3.12/site-packages/airflow/example_dags/example_branch_python_dop_operator_3.py took 0.071 seconds
[2025-06-18T07:59:43.711+0000] {processor.py:186} INFO - Started process (PID=680) to work on /home/airflow/.local/lib/python3.12/site-packages/airflow/example_dags/example_branch_python_dop_operator_3.py
[2025-06-18T07:59:43.712+0000] {processor.py:914} INFO - Processing file /home/airflow/.local/lib/python3.12/site-packages/airflow/example_dags/example_branch_python_dop_operator_3.py for tasks to queue
[2025-06-18T07:59:43.715+0000] {logging_mixin.py:190} INFO - [2025-06-18T07:59:43.714+0000] {dagbag.py:588} INFO - Filling up the DagBag from /home/airflow/.local/lib/python3.12/site-packages/airflow/example_dags/example_branch_python_dop_operator_3.py
[2025-06-18T07:59:43.724+0000] {processor.py:925} INFO - DAG(s) 'example_branch_dop_operator_v3' retrieved from /home/airflow/.local/lib/python3.12/site-packages/airflow/example_dags/example_branch_python_dop_operator_3.py
[2025-06-18T07:59:43.741+0000] {logging_mixin.py:190} INFO - [2025-06-18T07:59:43.741+0000] {dag.py:3239} INFO - Sync 1 DAGs
[2025-06-18T07:59:43.766+0000] {logging_mixin.py:190} INFO - [2025-06-18T07:59:43.766+0000] {dag.py:4180} INFO - Setting next_dagrun for example_branch_dop_operator_v3 to 2025-06-18 07:58:00+00:00, run_after=2025-06-18 07:59:00+00:00
[2025-06-18T07:59:43.783+0000] {processor.py:208} INFO - Processing /home/airflow/.local/lib/python3.12/site-packages/airflow/example_dags/example_branch_python_dop_operator_3.py took 0.078 seconds
