[2025-06-18T07:55:06.217+0000] {processor.py:186} INFO - Started process (PID=102) to work on /home/airflow/.local/lib/python3.12/site-packages/airflow/example_dags/example_nested_branch_dag.py
[2025-06-18T07:55:06.218+0000] {processor.py:914} INFO - Processing file /home/airflow/.local/lib/python3.12/site-packages/airflow/example_dags/example_nested_branch_dag.py for tasks to queue
[2025-06-18T07:55:06.220+0000] {logging_mixin.py:190} INFO - [2025-06-18T07:55:06.220+0000] {dagbag.py:588} INFO - Filling up the DagBag from /home/airflow/.local/lib/python3.12/site-packages/airflow/example_dags/example_nested_branch_dag.py
[2025-06-18T07:55:06.230+0000] {processor.py:925} INFO - DAG(s) 'example_nested_branch_dag' retrieved from /home/airflow/.local/lib/python3.12/site-packages/airflow/example_dags/example_nested_branch_dag.py
[2025-06-18T07:55:06.247+0000] {logging_mixin.py:190} INFO - [2025-06-18T07:55:06.247+0000] {dag.py:3239} INFO - Sync 1 DAGs
[2025-06-18T07:55:06.267+0000] {logging_mixin.py:190} INFO - [2025-06-18T07:55:06.267+0000] {dag.py:4180} INFO - Setting next_dagrun for example_nested_branch_dag to 2025-06-17 00:00:00+00:00, run_after=2025-06-18 00:00:00+00:00
[2025-06-18T07:55:06.282+0000] {processor.py:208} INFO - Processing /home/airflow/.local/lib/python3.12/site-packages/airflow/example_dags/example_nested_branch_dag.py took 0.071 seconds
[2025-06-18T07:55:36.955+0000] {processor.py:186} INFO - Started process (PID=165) to work on /home/airflow/.local/lib/python3.12/site-packages/airflow/example_dags/example_nested_branch_dag.py
[2025-06-18T07:55:36.956+0000] {processor.py:914} INFO - Processing file /home/airflow/.local/lib/python3.12/site-packages/airflow/example_dags/example_nested_branch_dag.py for tasks to queue
[2025-06-18T07:55:36.959+0000] {logging_mixin.py:190} INFO - [2025-06-18T07:55:36.958+0000] {dagbag.py:588} INFO - Filling up the DagBag from /home/airflow/.local/lib/python3.12/site-packages/airflow/example_dags/example_nested_branch_dag.py
[2025-06-18T07:55:36.970+0000] {processor.py:925} INFO - DAG(s) 'example_nested_branch_dag' retrieved from /home/airflow/.local/lib/python3.12/site-packages/airflow/example_dags/example_nested_branch_dag.py
[2025-06-18T07:55:36.992+0000] {logging_mixin.py:190} INFO - [2025-06-18T07:55:36.992+0000] {dag.py:3239} INFO - Sync 1 DAGs
[2025-06-18T07:55:37.016+0000] {logging_mixin.py:190} INFO - [2025-06-18T07:55:37.016+0000] {dag.py:4180} INFO - Setting next_dagrun for example_nested_branch_dag to 2025-06-17 00:00:00+00:00, run_after=2025-06-18 00:00:00+00:00
[2025-06-18T07:55:37.038+0000] {processor.py:208} INFO - Processing /home/airflow/.local/lib/python3.12/site-packages/airflow/example_dags/example_nested_branch_dag.py took 0.089 seconds
[2025-06-18T07:56:08.083+0000] {processor.py:186} INFO - Started process (PID=228) to work on /home/airflow/.local/lib/python3.12/site-packages/airflow/example_dags/example_nested_branch_dag.py
[2025-06-18T07:56:08.084+0000] {processor.py:914} INFO - Processing file /home/airflow/.local/lib/python3.12/site-packages/airflow/example_dags/example_nested_branch_dag.py for tasks to queue
[2025-06-18T07:56:08.087+0000] {logging_mixin.py:190} INFO - [2025-06-18T07:56:08.086+0000] {dagbag.py:588} INFO - Filling up the DagBag from /home/airflow/.local/lib/python3.12/site-packages/airflow/example_dags/example_nested_branch_dag.py
[2025-06-18T07:56:08.097+0000] {processor.py:925} INFO - DAG(s) 'example_nested_branch_dag' retrieved from /home/airflow/.local/lib/python3.12/site-packages/airflow/example_dags/example_nested_branch_dag.py
[2025-06-18T07:56:08.114+0000] {logging_mixin.py:190} INFO - [2025-06-18T07:56:08.114+0000] {dag.py:3239} INFO - Sync 1 DAGs
[2025-06-18T07:56:08.135+0000] {logging_mixin.py:190} INFO - [2025-06-18T07:56:08.134+0000] {dag.py:4180} INFO - Setting next_dagrun for example_nested_branch_dag to 2025-06-17 00:00:00+00:00, run_after=2025-06-18 00:00:00+00:00
[2025-06-18T07:56:08.152+0000] {processor.py:208} INFO - Processing /home/airflow/.local/lib/python3.12/site-packages/airflow/example_dags/example_nested_branch_dag.py took 0.075 seconds
[2025-06-18T07:56:38.969+0000] {processor.py:186} INFO - Started process (PID=291) to work on /home/airflow/.local/lib/python3.12/site-packages/airflow/example_dags/example_nested_branch_dag.py
[2025-06-18T07:56:38.971+0000] {processor.py:914} INFO - Processing file /home/airflow/.local/lib/python3.12/site-packages/airflow/example_dags/example_nested_branch_dag.py for tasks to queue
[2025-06-18T07:56:38.973+0000] {logging_mixin.py:190} INFO - [2025-06-18T07:56:38.973+0000] {dagbag.py:588} INFO - Filling up the DagBag from /home/airflow/.local/lib/python3.12/site-packages/airflow/example_dags/example_nested_branch_dag.py
[2025-06-18T07:56:38.985+0000] {processor.py:925} INFO - DAG(s) 'example_nested_branch_dag' retrieved from /home/airflow/.local/lib/python3.12/site-packages/airflow/example_dags/example_nested_branch_dag.py
[2025-06-18T07:56:39.007+0000] {logging_mixin.py:190} INFO - [2025-06-18T07:56:39.007+0000] {dag.py:3239} INFO - Sync 1 DAGs
[2025-06-18T07:56:39.032+0000] {logging_mixin.py:190} INFO - [2025-06-18T07:56:39.032+0000] {dag.py:4180} INFO - Setting next_dagrun for example_nested_branch_dag to 2025-06-17 00:00:00+00:00, run_after=2025-06-18 00:00:00+00:00
[2025-06-18T07:56:39.058+0000] {processor.py:208} INFO - Processing /home/airflow/.local/lib/python3.12/site-packages/airflow/example_dags/example_nested_branch_dag.py took 0.096 seconds
[2025-06-18T07:57:09.529+0000] {processor.py:186} INFO - Started process (PID=353) to work on /home/airflow/.local/lib/python3.12/site-packages/airflow/example_dags/example_nested_branch_dag.py
[2025-06-18T07:57:09.531+0000] {processor.py:914} INFO - Processing file /home/airflow/.local/lib/python3.12/site-packages/airflow/example_dags/example_nested_branch_dag.py for tasks to queue
[2025-06-18T07:57:09.534+0000] {logging_mixin.py:190} INFO - [2025-06-18T07:57:09.533+0000] {dagbag.py:588} INFO - Filling up the DagBag from /home/airflow/.local/lib/python3.12/site-packages/airflow/example_dags/example_nested_branch_dag.py
[2025-06-18T07:57:09.548+0000] {processor.py:925} INFO - DAG(s) 'example_nested_branch_dag' retrieved from /home/airflow/.local/lib/python3.12/site-packages/airflow/example_dags/example_nested_branch_dag.py
[2025-06-18T07:57:09.570+0000] {logging_mixin.py:190} INFO - [2025-06-18T07:57:09.570+0000] {dag.py:3239} INFO - Sync 1 DAGs
[2025-06-18T07:57:09.597+0000] {logging_mixin.py:190} INFO - [2025-06-18T07:57:09.596+0000] {dag.py:4180} INFO - Setting next_dagrun for example_nested_branch_dag to 2025-06-17 00:00:00+00:00, run_after=2025-06-18 00:00:00+00:00
[2025-06-18T07:57:09.614+0000] {processor.py:208} INFO - Processing /home/airflow/.local/lib/python3.12/site-packages/airflow/example_dags/example_nested_branch_dag.py took 0.092 seconds
[2025-06-18T07:57:40.253+0000] {processor.py:186} INFO - Started process (PID=416) to work on /home/airflow/.local/lib/python3.12/site-packages/airflow/example_dags/example_nested_branch_dag.py
[2025-06-18T07:57:40.254+0000] {processor.py:914} INFO - Processing file /home/airflow/.local/lib/python3.12/site-packages/airflow/example_dags/example_nested_branch_dag.py for tasks to queue
[2025-06-18T07:57:40.257+0000] {logging_mixin.py:190} INFO - [2025-06-18T07:57:40.256+0000] {dagbag.py:588} INFO - Filling up the DagBag from /home/airflow/.local/lib/python3.12/site-packages/airflow/example_dags/example_nested_branch_dag.py
[2025-06-18T07:57:40.268+0000] {processor.py:925} INFO - DAG(s) 'example_nested_branch_dag' retrieved from /home/airflow/.local/lib/python3.12/site-packages/airflow/example_dags/example_nested_branch_dag.py
[2025-06-18T07:57:40.289+0000] {logging_mixin.py:190} INFO - [2025-06-18T07:57:40.289+0000] {dag.py:3239} INFO - Sync 1 DAGs
[2025-06-18T07:57:40.311+0000] {logging_mixin.py:190} INFO - [2025-06-18T07:57:40.311+0000] {dag.py:4180} INFO - Setting next_dagrun for example_nested_branch_dag to 2025-06-17 00:00:00+00:00, run_after=2025-06-18 00:00:00+00:00
[2025-06-18T07:57:40.328+0000] {processor.py:208} INFO - Processing /home/airflow/.local/lib/python3.12/site-packages/airflow/example_dags/example_nested_branch_dag.py took 0.081 seconds
[2025-06-18T07:58:11.086+0000] {processor.py:186} INFO - Started process (PID=479) to work on /home/airflow/.local/lib/python3.12/site-packages/airflow/example_dags/example_nested_branch_dag.py
[2025-06-18T07:58:11.087+0000] {processor.py:914} INFO - Processing file /home/airflow/.local/lib/python3.12/site-packages/airflow/example_dags/example_nested_branch_dag.py for tasks to queue
[2025-06-18T07:58:11.089+0000] {logging_mixin.py:190} INFO - [2025-06-18T07:58:11.089+0000] {dagbag.py:588} INFO - Filling up the DagBag from /home/airflow/.local/lib/python3.12/site-packages/airflow/example_dags/example_nested_branch_dag.py
[2025-06-18T07:58:11.099+0000] {processor.py:925} INFO - DAG(s) 'example_nested_branch_dag' retrieved from /home/airflow/.local/lib/python3.12/site-packages/airflow/example_dags/example_nested_branch_dag.py
[2025-06-18T07:58:11.117+0000] {logging_mixin.py:190} INFO - [2025-06-18T07:58:11.117+0000] {dag.py:3239} INFO - Sync 1 DAGs
[2025-06-18T07:58:11.138+0000] {logging_mixin.py:190} INFO - [2025-06-18T07:58:11.138+0000] {dag.py:4180} INFO - Setting next_dagrun for example_nested_branch_dag to 2025-06-17 00:00:00+00:00, run_after=2025-06-18 00:00:00+00:00
[2025-06-18T07:58:11.155+0000] {processor.py:208} INFO - Processing /home/airflow/.local/lib/python3.12/site-packages/airflow/example_dags/example_nested_branch_dag.py took 0.074 seconds
[2025-06-18T07:58:41.817+0000] {processor.py:186} INFO - Started process (PID=542) to work on /home/airflow/.local/lib/python3.12/site-packages/airflow/example_dags/example_nested_branch_dag.py
[2025-06-18T07:58:41.818+0000] {processor.py:914} INFO - Processing file /home/airflow/.local/lib/python3.12/site-packages/airflow/example_dags/example_nested_branch_dag.py for tasks to queue
[2025-06-18T07:58:41.821+0000] {logging_mixin.py:190} INFO - [2025-06-18T07:58:41.821+0000] {dagbag.py:588} INFO - Filling up the DagBag from /home/airflow/.local/lib/python3.12/site-packages/airflow/example_dags/example_nested_branch_dag.py
[2025-06-18T07:58:41.832+0000] {processor.py:925} INFO - DAG(s) 'example_nested_branch_dag' retrieved from /home/airflow/.local/lib/python3.12/site-packages/airflow/example_dags/example_nested_branch_dag.py
[2025-06-18T07:58:41.850+0000] {logging_mixin.py:190} INFO - [2025-06-18T07:58:41.849+0000] {dag.py:3239} INFO - Sync 1 DAGs
[2025-06-18T07:58:41.872+0000] {logging_mixin.py:190} INFO - [2025-06-18T07:58:41.872+0000] {dag.py:4180} INFO - Setting next_dagrun for example_nested_branch_dag to 2025-06-17 00:00:00+00:00, run_after=2025-06-18 00:00:00+00:00
[2025-06-18T07:58:41.889+0000] {processor.py:208} INFO - Processing /home/airflow/.local/lib/python3.12/site-packages/airflow/example_dags/example_nested_branch_dag.py took 0.077 seconds
[2025-06-18T07:59:12.299+0000] {processor.py:186} INFO - Started process (PID=605) to work on /home/airflow/.local/lib/python3.12/site-packages/airflow/example_dags/example_nested_branch_dag.py
[2025-06-18T07:59:12.300+0000] {processor.py:914} INFO - Processing file /home/airflow/.local/lib/python3.12/site-packages/airflow/example_dags/example_nested_branch_dag.py for tasks to queue
[2025-06-18T07:59:12.302+0000] {logging_mixin.py:190} INFO - [2025-06-18T07:59:12.302+0000] {dagbag.py:588} INFO - Filling up the DagBag from /home/airflow/.local/lib/python3.12/site-packages/airflow/example_dags/example_nested_branch_dag.py
[2025-06-18T07:59:12.312+0000] {processor.py:925} INFO - DAG(s) 'example_nested_branch_dag' retrieved from /home/airflow/.local/lib/python3.12/site-packages/airflow/example_dags/example_nested_branch_dag.py
[2025-06-18T07:59:12.331+0000] {logging_mixin.py:190} INFO - [2025-06-18T07:59:12.330+0000] {dag.py:3239} INFO - Sync 1 DAGs
[2025-06-18T07:59:12.350+0000] {logging_mixin.py:190} INFO - [2025-06-18T07:59:12.350+0000] {dag.py:4180} INFO - Setting next_dagrun for example_nested_branch_dag to 2025-06-17 00:00:00+00:00, run_after=2025-06-18 00:00:00+00:00
[2025-06-18T07:59:12.367+0000] {processor.py:208} INFO - Processing /home/airflow/.local/lib/python3.12/site-packages/airflow/example_dags/example_nested_branch_dag.py took 0.073 seconds
[2025-06-18T07:59:42.991+0000] {processor.py:186} INFO - Started process (PID=668) to work on /home/airflow/.local/lib/python3.12/site-packages/airflow/example_dags/example_nested_branch_dag.py
[2025-06-18T07:59:42.993+0000] {processor.py:914} INFO - Processing file /home/airflow/.local/lib/python3.12/site-packages/airflow/example_dags/example_nested_branch_dag.py for tasks to queue
[2025-06-18T07:59:42.998+0000] {logging_mixin.py:190} INFO - [2025-06-18T07:59:42.997+0000] {dagbag.py:588} INFO - Filling up the DagBag from /home/airflow/.local/lib/python3.12/site-packages/airflow/example_dags/example_nested_branch_dag.py
[2025-06-18T07:59:43.018+0000] {processor.py:925} INFO - DAG(s) 'example_nested_branch_dag' retrieved from /home/airflow/.local/lib/python3.12/site-packages/airflow/example_dags/example_nested_branch_dag.py
[2025-06-18T07:59:43.040+0000] {logging_mixin.py:190} INFO - [2025-06-18T07:59:43.040+0000] {dag.py:3239} INFO - Sync 1 DAGs
[2025-06-18T07:59:43.063+0000] {logging_mixin.py:190} INFO - [2025-06-18T07:59:43.063+0000] {dag.py:4180} INFO - Setting next_dagrun for example_nested_branch_dag to 2025-06-17 00:00:00+00:00, run_after=2025-06-18 00:00:00+00:00
[2025-06-18T07:59:43.079+0000] {processor.py:208} INFO - Processing /home/airflow/.local/lib/python3.12/site-packages/airflow/example_dags/example_nested_branch_dag.py took 0.098 seconds
