[2025-06-18T07:55:01.885+0000] {processor.py:186} INFO - Started process (PID=59) to work on /home/airflow/.local/lib/python3.12/site-packages/airflow/example_dags/example_datasets.py
[2025-06-18T07:55:01.886+0000] {processor.py:914} INFO - Processing file /home/airflow/.local/lib/python3.12/site-packages/airflow/example_dags/example_datasets.py for tasks to queue
[2025-06-18T07:55:01.888+0000] {logging_mixin.py:190} INFO - [2025-06-18T07:55:01.887+0000] {dagbag.py:588} INFO - Filling up the DagBag from /home/airflow/.local/lib/python3.12/site-packages/airflow/example_dags/example_datasets.py
[2025-06-18T07:55:02.665+0000] {processor.py:925} INFO - DAG(s) 'dataset_consumes_1_and_2', 'consume_1_and_2_with_dataset_expressions', 'dataset_consumes_1_never_scheduled', 'conditional_dataset_and_time_based_timetable', 'dataset_consumes_1', 'dataset_consumes_unknown_never_scheduled', 'consume_1_or_2_with_dataset_expressions', 'dataset_produces_2', 'consume_1_or_both_2_and_3_with_dataset_expressions', 'dataset_produces_1' retrieved from /home/airflow/.local/lib/python3.12/site-packages/airflow/example_dags/example_datasets.py
[2025-06-18T07:55:02.721+0000] {logging_mixin.py:190} INFO - [2025-06-18T07:55:02.721+0000] {dag.py:3239} INFO - Sync 10 DAGs
[2025-06-18T07:55:02.749+0000] {logging_mixin.py:190} INFO - [2025-06-18T07:55:02.748+0000] {dag.py:4180} INFO - Setting next_dagrun for conditional_dataset_and_time_based_timetable to 2025-06-18 01:00:00+00:00, run_after=2025-06-18 01:00:00+00:00
[2025-06-18T07:55:02.756+0000] {logging_mixin.py:190} INFO - [2025-06-18T07:55:02.756+0000] {dag.py:4180} INFO - Setting next_dagrun for consume_1_and_2_with_dataset_expressions to None, run_after=None
[2025-06-18T07:55:02.759+0000] {logging_mixin.py:190} INFO - [2025-06-18T07:55:02.759+0000] {dag.py:4180} INFO - Setting next_dagrun for consume_1_or_2_with_dataset_expressions to None, run_after=None
[2025-06-18T07:55:02.761+0000] {logging_mixin.py:190} INFO - [2025-06-18T07:55:02.761+0000] {dag.py:4180} INFO - Setting next_dagrun for consume_1_or_both_2_and_3_with_dataset_expressions to None, run_after=None
[2025-06-18T07:55:02.763+0000] {logging_mixin.py:190} INFO - [2025-06-18T07:55:02.763+0000] {dag.py:4180} INFO - Setting next_dagrun for dataset_consumes_1 to None, run_after=None
[2025-06-18T07:55:02.766+0000] {logging_mixin.py:190} INFO - [2025-06-18T07:55:02.765+0000] {dag.py:4180} INFO - Setting next_dagrun for dataset_consumes_1_and_2 to None, run_after=None
[2025-06-18T07:55:02.768+0000] {logging_mixin.py:190} INFO - [2025-06-18T07:55:02.768+0000] {dag.py:4180} INFO - Setting next_dagrun for dataset_consumes_1_never_scheduled to None, run_after=None
[2025-06-18T07:55:02.771+0000] {logging_mixin.py:190} INFO - [2025-06-18T07:55:02.771+0000] {dag.py:4180} INFO - Setting next_dagrun for dataset_consumes_unknown_never_scheduled to None, run_after=None
[2025-06-18T07:55:02.779+0000] {logging_mixin.py:190} INFO - [2025-06-18T07:55:02.779+0000] {dag.py:4180} INFO - Setting next_dagrun for dataset_produces_1 to 2025-06-17 00:00:00+00:00, run_after=2025-06-18 00:00:00+00:00
[2025-06-18T07:55:02.783+0000] {logging_mixin.py:190} INFO - [2025-06-18T07:55:02.782+0000] {dag.py:4180} INFO - Setting next_dagrun for dataset_produces_2 to None, run_after=None
[2025-06-18T07:55:02.848+0000] {processor.py:208} INFO - Processing /home/airflow/.local/lib/python3.12/site-packages/airflow/example_dags/example_datasets.py took 0.968 seconds
[2025-06-18T07:55:33.362+0000] {processor.py:186} INFO - Started process (PID=122) to work on /home/airflow/.local/lib/python3.12/site-packages/airflow/example_dags/example_datasets.py
[2025-06-18T07:55:33.364+0000] {processor.py:914} INFO - Processing file /home/airflow/.local/lib/python3.12/site-packages/airflow/example_dags/example_datasets.py for tasks to queue
[2025-06-18T07:55:33.368+0000] {logging_mixin.py:190} INFO - [2025-06-18T07:55:33.367+0000] {dagbag.py:588} INFO - Filling up the DagBag from /home/airflow/.local/lib/python3.12/site-packages/airflow/example_dags/example_datasets.py
[2025-06-18T07:55:34.054+0000] {processor.py:925} INFO - DAG(s) 'dataset_consumes_1_and_2', 'dataset_consumes_unknown_never_scheduled', 'conditional_dataset_and_time_based_timetable', 'consume_1_and_2_with_dataset_expressions', 'dataset_consumes_1', 'consume_1_or_2_with_dataset_expressions', 'dataset_consumes_1_never_scheduled', 'dataset_produces_2', 'dataset_produces_1', 'consume_1_or_both_2_and_3_with_dataset_expressions' retrieved from /home/airflow/.local/lib/python3.12/site-packages/airflow/example_dags/example_datasets.py
[2025-06-18T07:55:34.102+0000] {logging_mixin.py:190} INFO - [2025-06-18T07:55:34.102+0000] {dag.py:3239} INFO - Sync 10 DAGs
[2025-06-18T07:55:34.133+0000] {logging_mixin.py:190} INFO - [2025-06-18T07:55:34.133+0000] {dag.py:4180} INFO - Setting next_dagrun for conditional_dataset_and_time_based_timetable to 2025-06-18 01:00:00+00:00, run_after=2025-06-18 01:00:00+00:00
[2025-06-18T07:55:34.138+0000] {logging_mixin.py:190} INFO - [2025-06-18T07:55:34.137+0000] {dag.py:4180} INFO - Setting next_dagrun for consume_1_and_2_with_dataset_expressions to None, run_after=None
[2025-06-18T07:55:34.140+0000] {logging_mixin.py:190} INFO - [2025-06-18T07:55:34.140+0000] {dag.py:4180} INFO - Setting next_dagrun for consume_1_or_2_with_dataset_expressions to None, run_after=None
[2025-06-18T07:55:34.142+0000] {logging_mixin.py:190} INFO - [2025-06-18T07:55:34.142+0000] {dag.py:4180} INFO - Setting next_dagrun for consume_1_or_both_2_and_3_with_dataset_expressions to None, run_after=None
[2025-06-18T07:55:34.144+0000] {logging_mixin.py:190} INFO - [2025-06-18T07:55:34.144+0000] {dag.py:4180} INFO - Setting next_dagrun for dataset_consumes_1 to None, run_after=None
[2025-06-18T07:55:34.145+0000] {logging_mixin.py:190} INFO - [2025-06-18T07:55:34.145+0000] {dag.py:4180} INFO - Setting next_dagrun for dataset_consumes_1_and_2 to None, run_after=None
[2025-06-18T07:55:34.147+0000] {logging_mixin.py:190} INFO - [2025-06-18T07:55:34.147+0000] {dag.py:4180} INFO - Setting next_dagrun for dataset_consumes_1_never_scheduled to None, run_after=None
[2025-06-18T07:55:34.148+0000] {logging_mixin.py:190} INFO - [2025-06-18T07:55:34.148+0000] {dag.py:4180} INFO - Setting next_dagrun for dataset_consumes_unknown_never_scheduled to None, run_after=None
[2025-06-18T07:55:34.150+0000] {logging_mixin.py:190} INFO - [2025-06-18T07:55:34.150+0000] {dag.py:4180} INFO - Setting next_dagrun for dataset_produces_1 to 2025-06-17 00:00:00+00:00, run_after=2025-06-18 00:00:00+00:00
[2025-06-18T07:55:34.152+0000] {logging_mixin.py:190} INFO - [2025-06-18T07:55:34.152+0000] {dag.py:4180} INFO - Setting next_dagrun for dataset_produces_2 to None, run_after=None
[2025-06-18T07:55:34.183+0000] {processor.py:208} INFO - Processing /home/airflow/.local/lib/python3.12/site-packages/airflow/example_dags/example_datasets.py took 0.831 seconds
[2025-06-18T07:56:04.819+0000] {processor.py:186} INFO - Started process (PID=191) to work on /home/airflow/.local/lib/python3.12/site-packages/airflow/example_dags/example_datasets.py
[2025-06-18T07:56:04.820+0000] {processor.py:914} INFO - Processing file /home/airflow/.local/lib/python3.12/site-packages/airflow/example_dags/example_datasets.py for tasks to queue
[2025-06-18T07:56:04.823+0000] {logging_mixin.py:190} INFO - [2025-06-18T07:56:04.822+0000] {dagbag.py:588} INFO - Filling up the DagBag from /home/airflow/.local/lib/python3.12/site-packages/airflow/example_dags/example_datasets.py
[2025-06-18T07:56:05.425+0000] {processor.py:925} INFO - DAG(s) 'dataset_produces_1', 'dataset_consumes_1', 'conditional_dataset_and_time_based_timetable', 'dataset_consumes_1_never_scheduled', 'dataset_consumes_unknown_never_scheduled', 'consume_1_or_both_2_and_3_with_dataset_expressions', 'consume_1_and_2_with_dataset_expressions', 'dataset_produces_2', 'consume_1_or_2_with_dataset_expressions', 'dataset_consumes_1_and_2' retrieved from /home/airflow/.local/lib/python3.12/site-packages/airflow/example_dags/example_datasets.py
[2025-06-18T07:56:05.474+0000] {logging_mixin.py:190} INFO - [2025-06-18T07:56:05.474+0000] {dag.py:3239} INFO - Sync 10 DAGs
[2025-06-18T07:56:05.500+0000] {logging_mixin.py:190} INFO - [2025-06-18T07:56:05.500+0000] {dag.py:4180} INFO - Setting next_dagrun for conditional_dataset_and_time_based_timetable to 2025-06-18 01:00:00+00:00, run_after=2025-06-18 01:00:00+00:00
[2025-06-18T07:56:05.505+0000] {logging_mixin.py:190} INFO - [2025-06-18T07:56:05.504+0000] {dag.py:4180} INFO - Setting next_dagrun for consume_1_and_2_with_dataset_expressions to None, run_after=None
[2025-06-18T07:56:05.507+0000] {logging_mixin.py:190} INFO - [2025-06-18T07:56:05.507+0000] {dag.py:4180} INFO - Setting next_dagrun for consume_1_or_2_with_dataset_expressions to None, run_after=None
[2025-06-18T07:56:05.508+0000] {logging_mixin.py:190} INFO - [2025-06-18T07:56:05.508+0000] {dag.py:4180} INFO - Setting next_dagrun for consume_1_or_both_2_and_3_with_dataset_expressions to None, run_after=None
[2025-06-18T07:56:05.510+0000] {logging_mixin.py:190} INFO - [2025-06-18T07:56:05.510+0000] {dag.py:4180} INFO - Setting next_dagrun for dataset_consumes_1 to None, run_after=None
[2025-06-18T07:56:05.511+0000] {logging_mixin.py:190} INFO - [2025-06-18T07:56:05.511+0000] {dag.py:4180} INFO - Setting next_dagrun for dataset_consumes_1_and_2 to None, run_after=None
[2025-06-18T07:56:05.513+0000] {logging_mixin.py:190} INFO - [2025-06-18T07:56:05.513+0000] {dag.py:4180} INFO - Setting next_dagrun for dataset_consumes_1_never_scheduled to None, run_after=None
[2025-06-18T07:56:05.514+0000] {logging_mixin.py:190} INFO - [2025-06-18T07:56:05.514+0000] {dag.py:4180} INFO - Setting next_dagrun for dataset_consumes_unknown_never_scheduled to None, run_after=None
[2025-06-18T07:56:05.517+0000] {logging_mixin.py:190} INFO - [2025-06-18T07:56:05.516+0000] {dag.py:4180} INFO - Setting next_dagrun for dataset_produces_1 to 2025-06-17 00:00:00+00:00, run_after=2025-06-18 00:00:00+00:00
[2025-06-18T07:56:05.518+0000] {logging_mixin.py:190} INFO - [2025-06-18T07:56:05.518+0000] {dag.py:4180} INFO - Setting next_dagrun for dataset_produces_2 to None, run_after=None
[2025-06-18T07:56:05.555+0000] {processor.py:208} INFO - Processing /home/airflow/.local/lib/python3.12/site-packages/airflow/example_dags/example_datasets.py took 0.742 seconds
[2025-06-18T07:56:35.693+0000] {processor.py:186} INFO - Started process (PID=258) to work on /home/airflow/.local/lib/python3.12/site-packages/airflow/example_dags/example_datasets.py
[2025-06-18T07:56:35.694+0000] {processor.py:914} INFO - Processing file /home/airflow/.local/lib/python3.12/site-packages/airflow/example_dags/example_datasets.py for tasks to queue
[2025-06-18T07:56:35.697+0000] {logging_mixin.py:190} INFO - [2025-06-18T07:56:35.697+0000] {dagbag.py:588} INFO - Filling up the DagBag from /home/airflow/.local/lib/python3.12/site-packages/airflow/example_dags/example_datasets.py
[2025-06-18T07:56:36.229+0000] {processor.py:925} INFO - DAG(s) 'dataset_consumes_1_never_scheduled', 'consume_1_or_2_with_dataset_expressions', 'consume_1_and_2_with_dataset_expressions', 'dataset_consumes_unknown_never_scheduled', 'consume_1_or_both_2_and_3_with_dataset_expressions', 'conditional_dataset_and_time_based_timetable', 'dataset_produces_2', 'dataset_consumes_1_and_2', 'dataset_consumes_1', 'dataset_produces_1' retrieved from /home/airflow/.local/lib/python3.12/site-packages/airflow/example_dags/example_datasets.py
[2025-06-18T07:56:36.272+0000] {logging_mixin.py:190} INFO - [2025-06-18T07:56:36.272+0000] {dag.py:3239} INFO - Sync 10 DAGs
[2025-06-18T07:56:36.296+0000] {logging_mixin.py:190} INFO - [2025-06-18T07:56:36.295+0000] {dag.py:4180} INFO - Setting next_dagrun for conditional_dataset_and_time_based_timetable to 2025-06-18 01:00:00+00:00, run_after=2025-06-18 01:00:00+00:00
[2025-06-18T07:56:36.300+0000] {logging_mixin.py:190} INFO - [2025-06-18T07:56:36.299+0000] {dag.py:4180} INFO - Setting next_dagrun for consume_1_and_2_with_dataset_expressions to None, run_after=None
[2025-06-18T07:56:36.303+0000] {logging_mixin.py:190} INFO - [2025-06-18T07:56:36.302+0000] {dag.py:4180} INFO - Setting next_dagrun for consume_1_or_2_with_dataset_expressions to None, run_after=None
[2025-06-18T07:56:36.305+0000] {logging_mixin.py:190} INFO - [2025-06-18T07:56:36.304+0000] {dag.py:4180} INFO - Setting next_dagrun for consume_1_or_both_2_and_3_with_dataset_expressions to None, run_after=None
[2025-06-18T07:56:36.306+0000] {logging_mixin.py:190} INFO - [2025-06-18T07:56:36.306+0000] {dag.py:4180} INFO - Setting next_dagrun for dataset_consumes_1 to None, run_after=None
[2025-06-18T07:56:36.307+0000] {logging_mixin.py:190} INFO - [2025-06-18T07:56:36.307+0000] {dag.py:4180} INFO - Setting next_dagrun for dataset_consumes_1_and_2 to None, run_after=None
[2025-06-18T07:56:36.309+0000] {logging_mixin.py:190} INFO - [2025-06-18T07:56:36.309+0000] {dag.py:4180} INFO - Setting next_dagrun for dataset_consumes_1_never_scheduled to None, run_after=None
[2025-06-18T07:56:36.310+0000] {logging_mixin.py:190} INFO - [2025-06-18T07:56:36.310+0000] {dag.py:4180} INFO - Setting next_dagrun for dataset_consumes_unknown_never_scheduled to None, run_after=None
[2025-06-18T07:56:36.313+0000] {logging_mixin.py:190} INFO - [2025-06-18T07:56:36.313+0000] {dag.py:4180} INFO - Setting next_dagrun for dataset_produces_1 to 2025-06-17 00:00:00+00:00, run_after=2025-06-18 00:00:00+00:00
[2025-06-18T07:56:36.315+0000] {logging_mixin.py:190} INFO - [2025-06-18T07:56:36.315+0000] {dag.py:4180} INFO - Setting next_dagrun for dataset_produces_2 to None, run_after=None
[2025-06-18T07:56:36.418+0000] {processor.py:208} INFO - Processing /home/airflow/.local/lib/python3.12/site-packages/airflow/example_dags/example_datasets.py took 0.733 seconds
[2025-06-18T07:57:07.061+0000] {processor.py:186} INFO - Started process (PID=325) to work on /home/airflow/.local/lib/python3.12/site-packages/airflow/example_dags/example_datasets.py
[2025-06-18T07:57:07.062+0000] {processor.py:914} INFO - Processing file /home/airflow/.local/lib/python3.12/site-packages/airflow/example_dags/example_datasets.py for tasks to queue
[2025-06-18T07:57:07.065+0000] {logging_mixin.py:190} INFO - [2025-06-18T07:57:07.064+0000] {dagbag.py:588} INFO - Filling up the DagBag from /home/airflow/.local/lib/python3.12/site-packages/airflow/example_dags/example_datasets.py
[2025-06-18T07:57:07.612+0000] {processor.py:925} INFO - DAG(s) 'dataset_consumes_1', 'consume_1_and_2_with_dataset_expressions', 'consume_1_or_2_with_dataset_expressions', 'dataset_consumes_unknown_never_scheduled', 'dataset_consumes_1_and_2', 'conditional_dataset_and_time_based_timetable', 'dataset_consumes_1_never_scheduled', 'consume_1_or_both_2_and_3_with_dataset_expressions', 'dataset_produces_2', 'dataset_produces_1' retrieved from /home/airflow/.local/lib/python3.12/site-packages/airflow/example_dags/example_datasets.py
[2025-06-18T07:57:07.650+0000] {logging_mixin.py:190} INFO - [2025-06-18T07:57:07.650+0000] {dag.py:3239} INFO - Sync 10 DAGs
[2025-06-18T07:57:07.673+0000] {logging_mixin.py:190} INFO - [2025-06-18T07:57:07.672+0000] {dag.py:4180} INFO - Setting next_dagrun for conditional_dataset_and_time_based_timetable to 2025-06-18 01:00:00+00:00, run_after=2025-06-18 01:00:00+00:00
[2025-06-18T07:57:07.677+0000] {logging_mixin.py:190} INFO - [2025-06-18T07:57:07.676+0000] {dag.py:4180} INFO - Setting next_dagrun for consume_1_and_2_with_dataset_expressions to None, run_after=None
[2025-06-18T07:57:07.679+0000] {logging_mixin.py:190} INFO - [2025-06-18T07:57:07.678+0000] {dag.py:4180} INFO - Setting next_dagrun for consume_1_or_2_with_dataset_expressions to None, run_after=None
[2025-06-18T07:57:07.680+0000] {logging_mixin.py:190} INFO - [2025-06-18T07:57:07.680+0000] {dag.py:4180} INFO - Setting next_dagrun for consume_1_or_both_2_and_3_with_dataset_expressions to None, run_after=None
[2025-06-18T07:57:07.682+0000] {logging_mixin.py:190} INFO - [2025-06-18T07:57:07.682+0000] {dag.py:4180} INFO - Setting next_dagrun for dataset_consumes_1 to None, run_after=None
[2025-06-18T07:57:07.683+0000] {logging_mixin.py:190} INFO - [2025-06-18T07:57:07.683+0000] {dag.py:4180} INFO - Setting next_dagrun for dataset_consumes_1_and_2 to None, run_after=None
[2025-06-18T07:57:07.685+0000] {logging_mixin.py:190} INFO - [2025-06-18T07:57:07.684+0000] {dag.py:4180} INFO - Setting next_dagrun for dataset_consumes_1_never_scheduled to None, run_after=None
[2025-06-18T07:57:07.686+0000] {logging_mixin.py:190} INFO - [2025-06-18T07:57:07.686+0000] {dag.py:4180} INFO - Setting next_dagrun for dataset_consumes_unknown_never_scheduled to None, run_after=None
[2025-06-18T07:57:07.689+0000] {logging_mixin.py:190} INFO - [2025-06-18T07:57:07.689+0000] {dag.py:4180} INFO - Setting next_dagrun for dataset_produces_1 to 2025-06-17 00:00:00+00:00, run_after=2025-06-18 00:00:00+00:00
[2025-06-18T07:57:07.691+0000] {logging_mixin.py:190} INFO - [2025-06-18T07:57:07.690+0000] {dag.py:4180} INFO - Setting next_dagrun for dataset_produces_2 to None, run_after=None
[2025-06-18T07:57:07.732+0000] {processor.py:208} INFO - Processing /home/airflow/.local/lib/python3.12/site-packages/airflow/example_dags/example_datasets.py took 0.676 seconds
[2025-06-18T07:57:37.978+0000] {processor.py:186} INFO - Started process (PID=393) to work on /home/airflow/.local/lib/python3.12/site-packages/airflow/example_dags/example_datasets.py
[2025-06-18T07:57:37.979+0000] {processor.py:914} INFO - Processing file /home/airflow/.local/lib/python3.12/site-packages/airflow/example_dags/example_datasets.py for tasks to queue
[2025-06-18T07:57:37.981+0000] {logging_mixin.py:190} INFO - [2025-06-18T07:57:37.981+0000] {dagbag.py:588} INFO - Filling up the DagBag from /home/airflow/.local/lib/python3.12/site-packages/airflow/example_dags/example_datasets.py
[2025-06-18T07:57:38.528+0000] {processor.py:925} INFO - DAG(s) 'consume_1_and_2_with_dataset_expressions', 'consume_1_or_both_2_and_3_with_dataset_expressions', 'dataset_consumes_1', 'dataset_consumes_1_never_scheduled', 'dataset_consumes_unknown_never_scheduled', 'dataset_produces_1', 'dataset_produces_2', 'dataset_consumes_1_and_2', 'conditional_dataset_and_time_based_timetable', 'consume_1_or_2_with_dataset_expressions' retrieved from /home/airflow/.local/lib/python3.12/site-packages/airflow/example_dags/example_datasets.py
[2025-06-18T07:57:38.569+0000] {logging_mixin.py:190} INFO - [2025-06-18T07:57:38.568+0000] {dag.py:3239} INFO - Sync 10 DAGs
[2025-06-18T07:57:38.591+0000] {logging_mixin.py:190} INFO - [2025-06-18T07:57:38.590+0000] {dag.py:4180} INFO - Setting next_dagrun for conditional_dataset_and_time_based_timetable to 2025-06-18 01:00:00+00:00, run_after=2025-06-18 01:00:00+00:00
[2025-06-18T07:57:38.594+0000] {logging_mixin.py:190} INFO - [2025-06-18T07:57:38.594+0000] {dag.py:4180} INFO - Setting next_dagrun for consume_1_and_2_with_dataset_expressions to None, run_after=None
[2025-06-18T07:57:38.596+0000] {logging_mixin.py:190} INFO - [2025-06-18T07:57:38.596+0000] {dag.py:4180} INFO - Setting next_dagrun for consume_1_or_2_with_dataset_expressions to None, run_after=None
[2025-06-18T07:57:38.597+0000] {logging_mixin.py:190} INFO - [2025-06-18T07:57:38.597+0000] {dag.py:4180} INFO - Setting next_dagrun for consume_1_or_both_2_and_3_with_dataset_expressions to None, run_after=None
[2025-06-18T07:57:38.598+0000] {logging_mixin.py:190} INFO - [2025-06-18T07:57:38.598+0000] {dag.py:4180} INFO - Setting next_dagrun for dataset_consumes_1 to None, run_after=None
[2025-06-18T07:57:38.600+0000] {logging_mixin.py:190} INFO - [2025-06-18T07:57:38.599+0000] {dag.py:4180} INFO - Setting next_dagrun for dataset_consumes_1_and_2 to None, run_after=None
[2025-06-18T07:57:38.601+0000] {logging_mixin.py:190} INFO - [2025-06-18T07:57:38.600+0000] {dag.py:4180} INFO - Setting next_dagrun for dataset_consumes_1_never_scheduled to None, run_after=None
[2025-06-18T07:57:38.602+0000] {logging_mixin.py:190} INFO - [2025-06-18T07:57:38.602+0000] {dag.py:4180} INFO - Setting next_dagrun for dataset_consumes_unknown_never_scheduled to None, run_after=None
[2025-06-18T07:57:38.604+0000] {logging_mixin.py:190} INFO - [2025-06-18T07:57:38.604+0000] {dag.py:4180} INFO - Setting next_dagrun for dataset_produces_1 to 2025-06-17 00:00:00+00:00, run_after=2025-06-18 00:00:00+00:00
[2025-06-18T07:57:38.605+0000] {logging_mixin.py:190} INFO - [2025-06-18T07:57:38.605+0000] {dag.py:4180} INFO - Setting next_dagrun for dataset_produces_2 to None, run_after=None
[2025-06-18T07:57:38.634+0000] {processor.py:208} INFO - Processing /home/airflow/.local/lib/python3.12/site-packages/airflow/example_dags/example_datasets.py took 0.662 seconds
[2025-06-18T07:58:08.731+0000] {processor.py:186} INFO - Started process (PID=458) to work on /home/airflow/.local/lib/python3.12/site-packages/airflow/example_dags/example_datasets.py
[2025-06-18T07:58:08.732+0000] {processor.py:914} INFO - Processing file /home/airflow/.local/lib/python3.12/site-packages/airflow/example_dags/example_datasets.py for tasks to queue
[2025-06-18T07:58:08.735+0000] {logging_mixin.py:190} INFO - [2025-06-18T07:58:08.734+0000] {dagbag.py:588} INFO - Filling up the DagBag from /home/airflow/.local/lib/python3.12/site-packages/airflow/example_dags/example_datasets.py
[2025-06-18T07:58:09.213+0000] {processor.py:925} INFO - DAG(s) 'conditional_dataset_and_time_based_timetable', 'dataset_consumes_1_and_2', 'dataset_consumes_1_never_scheduled', 'consume_1_or_both_2_and_3_with_dataset_expressions', 'dataset_produces_2', 'consume_1_and_2_with_dataset_expressions', 'dataset_produces_1', 'dataset_consumes_unknown_never_scheduled', 'consume_1_or_2_with_dataset_expressions', 'dataset_consumes_1' retrieved from /home/airflow/.local/lib/python3.12/site-packages/airflow/example_dags/example_datasets.py
[2025-06-18T07:58:09.265+0000] {logging_mixin.py:190} INFO - [2025-06-18T07:58:09.265+0000] {dag.py:3239} INFO - Sync 10 DAGs
[2025-06-18T07:58:09.292+0000] {logging_mixin.py:190} INFO - [2025-06-18T07:58:09.291+0000] {dag.py:4180} INFO - Setting next_dagrun for conditional_dataset_and_time_based_timetable to 2025-06-18 01:00:00+00:00, run_after=2025-06-18 01:00:00+00:00
[2025-06-18T07:58:09.297+0000] {logging_mixin.py:190} INFO - [2025-06-18T07:58:09.296+0000] {dag.py:4180} INFO - Setting next_dagrun for consume_1_and_2_with_dataset_expressions to None, run_after=None
[2025-06-18T07:58:09.299+0000] {logging_mixin.py:190} INFO - [2025-06-18T07:58:09.299+0000] {dag.py:4180} INFO - Setting next_dagrun for consume_1_or_2_with_dataset_expressions to None, run_after=None
[2025-06-18T07:58:09.301+0000] {logging_mixin.py:190} INFO - [2025-06-18T07:58:09.300+0000] {dag.py:4180} INFO - Setting next_dagrun for consume_1_or_both_2_and_3_with_dataset_expressions to None, run_after=None
[2025-06-18T07:58:09.302+0000] {logging_mixin.py:190} INFO - [2025-06-18T07:58:09.302+0000] {dag.py:4180} INFO - Setting next_dagrun for dataset_consumes_1 to None, run_after=None
[2025-06-18T07:58:09.304+0000] {logging_mixin.py:190} INFO - [2025-06-18T07:58:09.304+0000] {dag.py:4180} INFO - Setting next_dagrun for dataset_consumes_1_and_2 to None, run_after=None
[2025-06-18T07:58:09.306+0000] {logging_mixin.py:190} INFO - [2025-06-18T07:58:09.305+0000] {dag.py:4180} INFO - Setting next_dagrun for dataset_consumes_1_never_scheduled to None, run_after=None
[2025-06-18T07:58:09.307+0000] {logging_mixin.py:190} INFO - [2025-06-18T07:58:09.307+0000] {dag.py:4180} INFO - Setting next_dagrun for dataset_consumes_unknown_never_scheduled to None, run_after=None
[2025-06-18T07:58:09.309+0000] {logging_mixin.py:190} INFO - [2025-06-18T07:58:09.309+0000] {dag.py:4180} INFO - Setting next_dagrun for dataset_produces_1 to 2025-06-17 00:00:00+00:00, run_after=2025-06-18 00:00:00+00:00
[2025-06-18T07:58:09.311+0000] {logging_mixin.py:190} INFO - [2025-06-18T07:58:09.311+0000] {dag.py:4180} INFO - Setting next_dagrun for dataset_produces_2 to None, run_after=None
[2025-06-18T07:58:09.351+0000] {processor.py:208} INFO - Processing /home/airflow/.local/lib/python3.12/site-packages/airflow/example_dags/example_datasets.py took 0.626 seconds
[2025-06-18T07:58:39.758+0000] {processor.py:186} INFO - Started process (PID=523) to work on /home/airflow/.local/lib/python3.12/site-packages/airflow/example_dags/example_datasets.py
[2025-06-18T07:58:39.759+0000] {processor.py:914} INFO - Processing file /home/airflow/.local/lib/python3.12/site-packages/airflow/example_dags/example_datasets.py for tasks to queue
[2025-06-18T07:58:39.761+0000] {logging_mixin.py:190} INFO - [2025-06-18T07:58:39.761+0000] {dagbag.py:588} INFO - Filling up the DagBag from /home/airflow/.local/lib/python3.12/site-packages/airflow/example_dags/example_datasets.py
[2025-06-18T07:58:40.205+0000] {processor.py:925} INFO - DAG(s) 'consume_1_or_both_2_and_3_with_dataset_expressions', 'dataset_produces_2', 'dataset_produces_1', 'dataset_consumes_1', 'dataset_consumes_1_and_2', 'consume_1_and_2_with_dataset_expressions', 'conditional_dataset_and_time_based_timetable', 'dataset_consumes_1_never_scheduled', 'dataset_consumes_unknown_never_scheduled', 'consume_1_or_2_with_dataset_expressions' retrieved from /home/airflow/.local/lib/python3.12/site-packages/airflow/example_dags/example_datasets.py
[2025-06-18T07:58:40.238+0000] {logging_mixin.py:190} INFO - [2025-06-18T07:58:40.238+0000] {dag.py:3239} INFO - Sync 10 DAGs
[2025-06-18T07:58:40.259+0000] {logging_mixin.py:190} INFO - [2025-06-18T07:58:40.259+0000] {dag.py:4180} INFO - Setting next_dagrun for conditional_dataset_and_time_based_timetable to 2025-06-18 01:00:00+00:00, run_after=2025-06-18 01:00:00+00:00
[2025-06-18T07:58:40.263+0000] {logging_mixin.py:190} INFO - [2025-06-18T07:58:40.263+0000] {dag.py:4180} INFO - Setting next_dagrun for consume_1_and_2_with_dataset_expressions to None, run_after=None
[2025-06-18T07:58:40.264+0000] {logging_mixin.py:190} INFO - [2025-06-18T07:58:40.264+0000] {dag.py:4180} INFO - Setting next_dagrun for consume_1_or_2_with_dataset_expressions to None, run_after=None
[2025-06-18T07:58:40.266+0000] {logging_mixin.py:190} INFO - [2025-06-18T07:58:40.266+0000] {dag.py:4180} INFO - Setting next_dagrun for consume_1_or_both_2_and_3_with_dataset_expressions to None, run_after=None
[2025-06-18T07:58:40.267+0000] {logging_mixin.py:190} INFO - [2025-06-18T07:58:40.267+0000] {dag.py:4180} INFO - Setting next_dagrun for dataset_consumes_1 to None, run_after=None
[2025-06-18T07:58:40.269+0000] {logging_mixin.py:190} INFO - [2025-06-18T07:58:40.269+0000] {dag.py:4180} INFO - Setting next_dagrun for dataset_consumes_1_and_2 to None, run_after=None
[2025-06-18T07:58:40.271+0000] {logging_mixin.py:190} INFO - [2025-06-18T07:58:40.271+0000] {dag.py:4180} INFO - Setting next_dagrun for dataset_consumes_1_never_scheduled to None, run_after=None
[2025-06-18T07:58:40.272+0000] {logging_mixin.py:190} INFO - [2025-06-18T07:58:40.272+0000] {dag.py:4180} INFO - Setting next_dagrun for dataset_consumes_unknown_never_scheduled to None, run_after=None
[2025-06-18T07:58:40.275+0000] {logging_mixin.py:190} INFO - [2025-06-18T07:58:40.275+0000] {dag.py:4180} INFO - Setting next_dagrun for dataset_produces_1 to 2025-06-17 00:00:00+00:00, run_after=2025-06-18 00:00:00+00:00
[2025-06-18T07:58:40.276+0000] {logging_mixin.py:190} INFO - [2025-06-18T07:58:40.276+0000] {dag.py:4180} INFO - Setting next_dagrun for dataset_produces_2 to None, run_after=None
[2025-06-18T07:58:40.303+0000] {processor.py:208} INFO - Processing /home/airflow/.local/lib/python3.12/site-packages/airflow/example_dags/example_datasets.py took 0.551 seconds
[2025-06-18T07:59:10.425+0000] {processor.py:186} INFO - Started process (PID=586) to work on /home/airflow/.local/lib/python3.12/site-packages/airflow/example_dags/example_datasets.py
[2025-06-18T07:59:10.426+0000] {processor.py:914} INFO - Processing file /home/airflow/.local/lib/python3.12/site-packages/airflow/example_dags/example_datasets.py for tasks to queue
[2025-06-18T07:59:10.429+0000] {logging_mixin.py:190} INFO - [2025-06-18T07:59:10.428+0000] {dagbag.py:588} INFO - Filling up the DagBag from /home/airflow/.local/lib/python3.12/site-packages/airflow/example_dags/example_datasets.py
[2025-06-18T07:59:10.878+0000] {processor.py:925} INFO - DAG(s) 'dataset_produces_2', 'dataset_consumes_1', 'consume_1_and_2_with_dataset_expressions', 'dataset_produces_1', 'consume_1_or_2_with_dataset_expressions', 'dataset_consumes_1_never_scheduled', 'conditional_dataset_and_time_based_timetable', 'dataset_consumes_1_and_2', 'dataset_consumes_unknown_never_scheduled', 'consume_1_or_both_2_and_3_with_dataset_expressions' retrieved from /home/airflow/.local/lib/python3.12/site-packages/airflow/example_dags/example_datasets.py
[2025-06-18T07:59:10.911+0000] {logging_mixin.py:190} INFO - [2025-06-18T07:59:10.911+0000] {dag.py:3239} INFO - Sync 10 DAGs
[2025-06-18T07:59:10.931+0000] {logging_mixin.py:190} INFO - [2025-06-18T07:59:10.931+0000] {dag.py:4180} INFO - Setting next_dagrun for conditional_dataset_and_time_based_timetable to 2025-06-18 01:00:00+00:00, run_after=2025-06-18 01:00:00+00:00
[2025-06-18T07:59:10.935+0000] {logging_mixin.py:190} INFO - [2025-06-18T07:59:10.935+0000] {dag.py:4180} INFO - Setting next_dagrun for consume_1_and_2_with_dataset_expressions to None, run_after=None
[2025-06-18T07:59:10.936+0000] {logging_mixin.py:190} INFO - [2025-06-18T07:59:10.936+0000] {dag.py:4180} INFO - Setting next_dagrun for consume_1_or_2_with_dataset_expressions to None, run_after=None
[2025-06-18T07:59:10.938+0000] {logging_mixin.py:190} INFO - [2025-06-18T07:59:10.938+0000] {dag.py:4180} INFO - Setting next_dagrun for consume_1_or_both_2_and_3_with_dataset_expressions to None, run_after=None
[2025-06-18T07:59:10.939+0000] {logging_mixin.py:190} INFO - [2025-06-18T07:59:10.939+0000] {dag.py:4180} INFO - Setting next_dagrun for dataset_consumes_1 to None, run_after=None
[2025-06-18T07:59:10.941+0000] {logging_mixin.py:190} INFO - [2025-06-18T07:59:10.941+0000] {dag.py:4180} INFO - Setting next_dagrun for dataset_consumes_1_and_2 to None, run_after=None
[2025-06-18T07:59:10.942+0000] {logging_mixin.py:190} INFO - [2025-06-18T07:59:10.942+0000] {dag.py:4180} INFO - Setting next_dagrun for dataset_consumes_1_never_scheduled to None, run_after=None
[2025-06-18T07:59:10.943+0000] {logging_mixin.py:190} INFO - [2025-06-18T07:59:10.943+0000] {dag.py:4180} INFO - Setting next_dagrun for dataset_consumes_unknown_never_scheduled to None, run_after=None
[2025-06-18T07:59:10.946+0000] {logging_mixin.py:190} INFO - [2025-06-18T07:59:10.946+0000] {dag.py:4180} INFO - Setting next_dagrun for dataset_produces_1 to 2025-06-17 00:00:00+00:00, run_after=2025-06-18 00:00:00+00:00
[2025-06-18T07:59:10.947+0000] {logging_mixin.py:190} INFO - [2025-06-18T07:59:10.947+0000] {dag.py:4180} INFO - Setting next_dagrun for dataset_produces_2 to None, run_after=None
[2025-06-18T07:59:10.970+0000] {processor.py:208} INFO - Processing /home/airflow/.local/lib/python3.12/site-packages/airflow/example_dags/example_datasets.py took 0.550 seconds
[2025-06-18T07:59:41.155+0000] {processor.py:186} INFO - Started process (PID=649) to work on /home/airflow/.local/lib/python3.12/site-packages/airflow/example_dags/example_datasets.py
[2025-06-18T07:59:41.156+0000] {processor.py:914} INFO - Processing file /home/airflow/.local/lib/python3.12/site-packages/airflow/example_dags/example_datasets.py for tasks to queue
[2025-06-18T07:59:41.158+0000] {logging_mixin.py:190} INFO - [2025-06-18T07:59:41.158+0000] {dagbag.py:588} INFO - Filling up the DagBag from /home/airflow/.local/lib/python3.12/site-packages/airflow/example_dags/example_datasets.py
[2025-06-18T07:59:41.746+0000] {processor.py:925} INFO - DAG(s) 'dataset_produces_1', 'conditional_dataset_and_time_based_timetable', 'dataset_produces_2', 'consume_1_or_both_2_and_3_with_dataset_expressions', 'dataset_consumes_1_never_scheduled', 'consume_1_and_2_with_dataset_expressions', 'dataset_consumes_1_and_2', 'dataset_consumes_unknown_never_scheduled', 'consume_1_or_2_with_dataset_expressions', 'dataset_consumes_1' retrieved from /home/airflow/.local/lib/python3.12/site-packages/airflow/example_dags/example_datasets.py
[2025-06-18T07:59:41.786+0000] {logging_mixin.py:190} INFO - [2025-06-18T07:59:41.786+0000] {dag.py:3239} INFO - Sync 10 DAGs
[2025-06-18T07:59:41.808+0000] {logging_mixin.py:190} INFO - [2025-06-18T07:59:41.808+0000] {dag.py:4180} INFO - Setting next_dagrun for conditional_dataset_and_time_based_timetable to 2025-06-18 01:00:00+00:00, run_after=2025-06-18 01:00:00+00:00
[2025-06-18T07:59:41.813+0000] {logging_mixin.py:190} INFO - [2025-06-18T07:59:41.813+0000] {dag.py:4180} INFO - Setting next_dagrun for consume_1_and_2_with_dataset_expressions to None, run_after=None
[2025-06-18T07:59:41.815+0000] {logging_mixin.py:190} INFO - [2025-06-18T07:59:41.815+0000] {dag.py:4180} INFO - Setting next_dagrun for consume_1_or_2_with_dataset_expressions to None, run_after=None
[2025-06-18T07:59:41.817+0000] {logging_mixin.py:190} INFO - [2025-06-18T07:59:41.817+0000] {dag.py:4180} INFO - Setting next_dagrun for consume_1_or_both_2_and_3_with_dataset_expressions to None, run_after=None
[2025-06-18T07:59:41.819+0000] {logging_mixin.py:190} INFO - [2025-06-18T07:59:41.819+0000] {dag.py:4180} INFO - Setting next_dagrun for dataset_consumes_1 to None, run_after=None
[2025-06-18T07:59:41.821+0000] {logging_mixin.py:190} INFO - [2025-06-18T07:59:41.820+0000] {dag.py:4180} INFO - Setting next_dagrun for dataset_consumes_1_and_2 to None, run_after=None
[2025-06-18T07:59:41.822+0000] {logging_mixin.py:190} INFO - [2025-06-18T07:59:41.822+0000] {dag.py:4180} INFO - Setting next_dagrun for dataset_consumes_1_never_scheduled to None, run_after=None
[2025-06-18T07:59:41.823+0000] {logging_mixin.py:190} INFO - [2025-06-18T07:59:41.823+0000] {dag.py:4180} INFO - Setting next_dagrun for dataset_consumes_unknown_never_scheduled to None, run_after=None
[2025-06-18T07:59:41.826+0000] {logging_mixin.py:190} INFO - [2025-06-18T07:59:41.825+0000] {dag.py:4180} INFO - Setting next_dagrun for dataset_produces_1 to 2025-06-17 00:00:00+00:00, run_after=2025-06-18 00:00:00+00:00
[2025-06-18T07:59:41.827+0000] {logging_mixin.py:190} INFO - [2025-06-18T07:59:41.827+0000] {dag.py:4180} INFO - Setting next_dagrun for dataset_produces_2 to None, run_after=None
[2025-06-18T07:59:41.857+0000] {processor.py:208} INFO - Processing /home/airflow/.local/lib/python3.12/site-packages/airflow/example_dags/example_datasets.py took 0.708 seconds
