[2025-06-18T07:55:06.865+0000] {processor.py:186} INFO - Started process (PID=112) to work on /home/airflow/.local/lib/python3.12/site-packages/airflow/example_dags/example_xcomargs.py
[2025-06-18T07:55:06.867+0000] {processor.py:914} INFO - Processing file /home/airflow/.local/lib/python3.12/site-packages/airflow/example_dags/example_xcomargs.py for tasks to queue
[2025-06-18T07:55:06.869+0000] {logging_mixin.py:190} INFO - [2025-06-18T07:55:06.869+0000] {dagbag.py:588} INFO - Filling up the DagBag from /home/airflow/.local/lib/python3.12/site-packages/airflow/example_dags/example_xcomargs.py
[2025-06-18T07:55:06.882+0000] {processor.py:925} INFO - DAG(s) 'example_xcom_args_with_operators', 'example_xcom_args' retrieved from /home/airflow/.local/lib/python3.12/site-packages/airflow/example_dags/example_xcomargs.py
[2025-06-18T07:55:06.910+0000] {logging_mixin.py:190} INFO - [2025-06-18T07:55:06.909+0000] {dag.py:3239} INFO - Sync 2 DAGs
[2025-06-18T07:55:06.924+0000] {logging_mixin.py:190} INFO - [2025-06-18T07:55:06.923+0000] {dag.py:4180} INFO - Setting next_dagrun for example_xcom_args to None, run_after=None
[2025-06-18T07:55:06.928+0000] {logging_mixin.py:190} INFO - [2025-06-18T07:55:06.928+0000] {dag.py:4180} INFO - Setting next_dagrun for example_xcom_args_with_operators to None, run_after=None
[2025-06-18T07:55:06.943+0000] {processor.py:208} INFO - Processing /home/airflow/.local/lib/python3.12/site-packages/airflow/example_dags/example_xcomargs.py took 0.085 seconds
[2025-06-18T07:55:37.535+0000] {processor.py:186} INFO - Started process (PID=175) to work on /home/airflow/.local/lib/python3.12/site-packages/airflow/example_dags/example_xcomargs.py
[2025-06-18T07:55:37.536+0000] {processor.py:914} INFO - Processing file /home/airflow/.local/lib/python3.12/site-packages/airflow/example_dags/example_xcomargs.py for tasks to queue
[2025-06-18T07:55:37.539+0000] {logging_mixin.py:190} INFO - [2025-06-18T07:55:37.538+0000] {dagbag.py:588} INFO - Filling up the DagBag from /home/airflow/.local/lib/python3.12/site-packages/airflow/example_dags/example_xcomargs.py
[2025-06-18T07:55:37.548+0000] {processor.py:925} INFO - DAG(s) 'example_xcom_args', 'example_xcom_args_with_operators' retrieved from /home/airflow/.local/lib/python3.12/site-packages/airflow/example_dags/example_xcomargs.py
[2025-06-18T07:55:37.570+0000] {logging_mixin.py:190} INFO - [2025-06-18T07:55:37.570+0000] {dag.py:3239} INFO - Sync 2 DAGs
[2025-06-18T07:55:37.586+0000] {logging_mixin.py:190} INFO - [2025-06-18T07:55:37.585+0000] {dag.py:4180} INFO - Setting next_dagrun for example_xcom_args to None, run_after=None
[2025-06-18T07:55:37.590+0000] {logging_mixin.py:190} INFO - [2025-06-18T07:55:37.590+0000] {dag.py:4180} INFO - Setting next_dagrun for example_xcom_args_with_operators to None, run_after=None
[2025-06-18T07:55:37.678+0000] {processor.py:208} INFO - Processing /home/airflow/.local/lib/python3.12/site-packages/airflow/example_dags/example_xcomargs.py took 0.148 seconds
[2025-06-18T07:56:08.680+0000] {processor.py:186} INFO - Started process (PID=238) to work on /home/airflow/.local/lib/python3.12/site-packages/airflow/example_dags/example_xcomargs.py
[2025-06-18T07:56:08.681+0000] {processor.py:914} INFO - Processing file /home/airflow/.local/lib/python3.12/site-packages/airflow/example_dags/example_xcomargs.py for tasks to queue
[2025-06-18T07:56:08.685+0000] {logging_mixin.py:190} INFO - [2025-06-18T07:56:08.685+0000] {dagbag.py:588} INFO - Filling up the DagBag from /home/airflow/.local/lib/python3.12/site-packages/airflow/example_dags/example_xcomargs.py
[2025-06-18T07:56:08.702+0000] {processor.py:925} INFO - DAG(s) 'example_xcom_args', 'example_xcom_args_with_operators' retrieved from /home/airflow/.local/lib/python3.12/site-packages/airflow/example_dags/example_xcomargs.py
[2025-06-18T07:56:08.737+0000] {logging_mixin.py:190} INFO - [2025-06-18T07:56:08.736+0000] {dag.py:3239} INFO - Sync 2 DAGs
[2025-06-18T07:56:08.757+0000] {logging_mixin.py:190} INFO - [2025-06-18T07:56:08.757+0000] {dag.py:4180} INFO - Setting next_dagrun for example_xcom_args to None, run_after=None
[2025-06-18T07:56:08.764+0000] {logging_mixin.py:190} INFO - [2025-06-18T07:56:08.763+0000] {dag.py:4180} INFO - Setting next_dagrun for example_xcom_args_with_operators to None, run_after=None
[2025-06-18T07:56:08.797+0000] {processor.py:208} INFO - Processing /home/airflow/.local/lib/python3.12/site-packages/airflow/example_dags/example_xcomargs.py took 0.129 seconds
[2025-06-18T07:56:39.809+0000] {processor.py:186} INFO - Started process (PID=301) to work on /home/airflow/.local/lib/python3.12/site-packages/airflow/example_dags/example_xcomargs.py
[2025-06-18T07:56:39.810+0000] {processor.py:914} INFO - Processing file /home/airflow/.local/lib/python3.12/site-packages/airflow/example_dags/example_xcomargs.py for tasks to queue
[2025-06-18T07:56:39.813+0000] {logging_mixin.py:190} INFO - [2025-06-18T07:56:39.813+0000] {dagbag.py:588} INFO - Filling up the DagBag from /home/airflow/.local/lib/python3.12/site-packages/airflow/example_dags/example_xcomargs.py
[2025-06-18T07:56:39.826+0000] {processor.py:925} INFO - DAG(s) 'example_xcom_args', 'example_xcom_args_with_operators' retrieved from /home/airflow/.local/lib/python3.12/site-packages/airflow/example_dags/example_xcomargs.py
[2025-06-18T07:56:39.850+0000] {logging_mixin.py:190} INFO - [2025-06-18T07:56:39.850+0000] {dag.py:3239} INFO - Sync 2 DAGs
[2025-06-18T07:56:39.864+0000] {logging_mixin.py:190} INFO - [2025-06-18T07:56:39.864+0000] {dag.py:4180} INFO - Setting next_dagrun for example_xcom_args to None, run_after=None
[2025-06-18T07:56:39.868+0000] {logging_mixin.py:190} INFO - [2025-06-18T07:56:39.868+0000] {dag.py:4180} INFO - Setting next_dagrun for example_xcom_args_with_operators to None, run_after=None
[2025-06-18T07:56:39.886+0000] {processor.py:208} INFO - Processing /home/airflow/.local/lib/python3.12/site-packages/airflow/example_dags/example_xcomargs.py took 0.084 seconds
[2025-06-18T07:57:10.392+0000] {processor.py:186} INFO - Started process (PID=364) to work on /home/airflow/.local/lib/python3.12/site-packages/airflow/example_dags/example_xcomargs.py
[2025-06-18T07:57:10.393+0000] {processor.py:914} INFO - Processing file /home/airflow/.local/lib/python3.12/site-packages/airflow/example_dags/example_xcomargs.py for tasks to queue
[2025-06-18T07:57:10.395+0000] {logging_mixin.py:190} INFO - [2025-06-18T07:57:10.394+0000] {dagbag.py:588} INFO - Filling up the DagBag from /home/airflow/.local/lib/python3.12/site-packages/airflow/example_dags/example_xcomargs.py
[2025-06-18T07:57:10.403+0000] {processor.py:925} INFO - DAG(s) 'example_xcom_args_with_operators', 'example_xcom_args' retrieved from /home/airflow/.local/lib/python3.12/site-packages/airflow/example_dags/example_xcomargs.py
[2025-06-18T07:57:10.424+0000] {logging_mixin.py:190} INFO - [2025-06-18T07:57:10.424+0000] {dag.py:3239} INFO - Sync 2 DAGs
[2025-06-18T07:57:10.438+0000] {logging_mixin.py:190} INFO - [2025-06-18T07:57:10.438+0000] {dag.py:4180} INFO - Setting next_dagrun for example_xcom_args to None, run_after=None
[2025-06-18T07:57:10.441+0000] {logging_mixin.py:190} INFO - [2025-06-18T07:57:10.441+0000] {dag.py:4180} INFO - Setting next_dagrun for example_xcom_args_with_operators to None, run_after=None
[2025-06-18T07:57:10.455+0000] {processor.py:208} INFO - Processing /home/airflow/.local/lib/python3.12/site-packages/airflow/example_dags/example_xcomargs.py took 0.069 seconds
[2025-06-18T07:57:41.127+0000] {processor.py:186} INFO - Started process (PID=427) to work on /home/airflow/.local/lib/python3.12/site-packages/airflow/example_dags/example_xcomargs.py
[2025-06-18T07:57:41.128+0000] {processor.py:914} INFO - Processing file /home/airflow/.local/lib/python3.12/site-packages/airflow/example_dags/example_xcomargs.py for tasks to queue
[2025-06-18T07:57:41.130+0000] {logging_mixin.py:190} INFO - [2025-06-18T07:57:41.130+0000] {dagbag.py:588} INFO - Filling up the DagBag from /home/airflow/.local/lib/python3.12/site-packages/airflow/example_dags/example_xcomargs.py
[2025-06-18T07:57:41.140+0000] {processor.py:925} INFO - DAG(s) 'example_xcom_args', 'example_xcom_args_with_operators' retrieved from /home/airflow/.local/lib/python3.12/site-packages/airflow/example_dags/example_xcomargs.py
[2025-06-18T07:57:41.164+0000] {logging_mixin.py:190} INFO - [2025-06-18T07:57:41.164+0000] {dag.py:3239} INFO - Sync 2 DAGs
[2025-06-18T07:57:41.179+0000] {logging_mixin.py:190} INFO - [2025-06-18T07:57:41.179+0000] {dag.py:4180} INFO - Setting next_dagrun for example_xcom_args to None, run_after=None
[2025-06-18T07:57:41.183+0000] {logging_mixin.py:190} INFO - [2025-06-18T07:57:41.183+0000] {dag.py:4180} INFO - Setting next_dagrun for example_xcom_args_with_operators to None, run_after=None
[2025-06-18T07:57:41.200+0000] {processor.py:208} INFO - Processing /home/airflow/.local/lib/python3.12/site-packages/airflow/example_dags/example_xcomargs.py took 0.078 seconds
[2025-06-18T07:58:11.741+0000] {processor.py:186} INFO - Started process (PID=490) to work on /home/airflow/.local/lib/python3.12/site-packages/airflow/example_dags/example_xcomargs.py
[2025-06-18T07:58:11.742+0000] {processor.py:914} INFO - Processing file /home/airflow/.local/lib/python3.12/site-packages/airflow/example_dags/example_xcomargs.py for tasks to queue
[2025-06-18T07:58:11.744+0000] {logging_mixin.py:190} INFO - [2025-06-18T07:58:11.744+0000] {dagbag.py:588} INFO - Filling up the DagBag from /home/airflow/.local/lib/python3.12/site-packages/airflow/example_dags/example_xcomargs.py
[2025-06-18T07:58:11.753+0000] {processor.py:925} INFO - DAG(s) 'example_xcom_args_with_operators', 'example_xcom_args' retrieved from /home/airflow/.local/lib/python3.12/site-packages/airflow/example_dags/example_xcomargs.py
[2025-06-18T07:58:11.772+0000] {logging_mixin.py:190} INFO - [2025-06-18T07:58:11.772+0000] {dag.py:3239} INFO - Sync 2 DAGs
[2025-06-18T07:58:11.785+0000] {logging_mixin.py:190} INFO - [2025-06-18T07:58:11.785+0000] {dag.py:4180} INFO - Setting next_dagrun for example_xcom_args to None, run_after=None
[2025-06-18T07:58:11.789+0000] {logging_mixin.py:190} INFO - [2025-06-18T07:58:11.788+0000] {dag.py:4180} INFO - Setting next_dagrun for example_xcom_args_with_operators to None, run_after=None
[2025-06-18T07:58:11.803+0000] {processor.py:208} INFO - Processing /home/airflow/.local/lib/python3.12/site-packages/airflow/example_dags/example_xcomargs.py took 0.067 seconds
[2025-06-18T07:58:42.422+0000] {processor.py:186} INFO - Started process (PID=553) to work on /home/airflow/.local/lib/python3.12/site-packages/airflow/example_dags/example_xcomargs.py
[2025-06-18T07:58:42.422+0000] {processor.py:914} INFO - Processing file /home/airflow/.local/lib/python3.12/site-packages/airflow/example_dags/example_xcomargs.py for tasks to queue
[2025-06-18T07:58:42.424+0000] {logging_mixin.py:190} INFO - [2025-06-18T07:58:42.424+0000] {dagbag.py:588} INFO - Filling up the DagBag from /home/airflow/.local/lib/python3.12/site-packages/airflow/example_dags/example_xcomargs.py
[2025-06-18T07:58:42.433+0000] {processor.py:925} INFO - DAG(s) 'example_xcom_args_with_operators', 'example_xcom_args' retrieved from /home/airflow/.local/lib/python3.12/site-packages/airflow/example_dags/example_xcomargs.py
[2025-06-18T07:58:42.454+0000] {logging_mixin.py:190} INFO - [2025-06-18T07:58:42.454+0000] {dag.py:3239} INFO - Sync 2 DAGs
[2025-06-18T07:58:42.468+0000] {logging_mixin.py:190} INFO - [2025-06-18T07:58:42.468+0000] {dag.py:4180} INFO - Setting next_dagrun for example_xcom_args to None, run_after=None
[2025-06-18T07:58:42.472+0000] {logging_mixin.py:190} INFO - [2025-06-18T07:58:42.472+0000] {dag.py:4180} INFO - Setting next_dagrun for example_xcom_args_with_operators to None, run_after=None
[2025-06-18T07:58:42.489+0000] {processor.py:208} INFO - Processing /home/airflow/.local/lib/python3.12/site-packages/airflow/example_dags/example_xcomargs.py took 0.072 seconds
[2025-06-18T07:59:12.774+0000] {processor.py:186} INFO - Started process (PID=615) to work on /home/airflow/.local/lib/python3.12/site-packages/airflow/example_dags/example_xcomargs.py
[2025-06-18T07:59:12.775+0000] {processor.py:914} INFO - Processing file /home/airflow/.local/lib/python3.12/site-packages/airflow/example_dags/example_xcomargs.py for tasks to queue
[2025-06-18T07:59:12.777+0000] {logging_mixin.py:190} INFO - [2025-06-18T07:59:12.776+0000] {dagbag.py:588} INFO - Filling up the DagBag from /home/airflow/.local/lib/python3.12/site-packages/airflow/example_dags/example_xcomargs.py
[2025-06-18T07:59:12.785+0000] {processor.py:925} INFO - DAG(s) 'example_xcom_args', 'example_xcom_args_with_operators' retrieved from /home/airflow/.local/lib/python3.12/site-packages/airflow/example_dags/example_xcomargs.py
[2025-06-18T07:59:12.805+0000] {logging_mixin.py:190} INFO - [2025-06-18T07:59:12.805+0000] {dag.py:3239} INFO - Sync 2 DAGs
[2025-06-18T07:59:12.817+0000] {logging_mixin.py:190} INFO - [2025-06-18T07:59:12.817+0000] {dag.py:4180} INFO - Setting next_dagrun for example_xcom_args to None, run_after=None
[2025-06-18T07:59:12.820+0000] {logging_mixin.py:190} INFO - [2025-06-18T07:59:12.820+0000] {dag.py:4180} INFO - Setting next_dagrun for example_xcom_args_with_operators to None, run_after=None
[2025-06-18T07:59:12.835+0000] {processor.py:208} INFO - Processing /home/airflow/.local/lib/python3.12/site-packages/airflow/example_dags/example_xcomargs.py took 0.066 seconds
[2025-06-18T07:59:43.612+0000] {processor.py:186} INFO - Started process (PID=679) to work on /home/airflow/.local/lib/python3.12/site-packages/airflow/example_dags/example_xcomargs.py
[2025-06-18T07:59:43.613+0000] {processor.py:914} INFO - Processing file /home/airflow/.local/lib/python3.12/site-packages/airflow/example_dags/example_xcomargs.py for tasks to queue
[2025-06-18T07:59:43.615+0000] {logging_mixin.py:190} INFO - [2025-06-18T07:59:43.615+0000] {dagbag.py:588} INFO - Filling up the DagBag from /home/airflow/.local/lib/python3.12/site-packages/airflow/example_dags/example_xcomargs.py
[2025-06-18T07:59:43.624+0000] {processor.py:925} INFO - DAG(s) 'example_xcom_args', 'example_xcom_args_with_operators' retrieved from /home/airflow/.local/lib/python3.12/site-packages/airflow/example_dags/example_xcomargs.py
[2025-06-18T07:59:43.647+0000] {logging_mixin.py:190} INFO - [2025-06-18T07:59:43.647+0000] {dag.py:3239} INFO - Sync 2 DAGs
[2025-06-18T07:59:43.662+0000] {logging_mixin.py:190} INFO - [2025-06-18T07:59:43.662+0000] {dag.py:4180} INFO - Setting next_dagrun for example_xcom_args to None, run_after=None
[2025-06-18T07:59:43.666+0000] {logging_mixin.py:190} INFO - [2025-06-18T07:59:43.666+0000] {dag.py:4180} INFO - Setting next_dagrun for example_xcom_args_with_operators to None, run_after=None
[2025-06-18T07:59:43.682+0000] {processor.py:208} INFO - Processing /home/airflow/.local/lib/python3.12/site-packages/airflow/example_dags/example_xcomargs.py took 0.076 seconds
