[2025-06-18T07:55:03.089+0000] {processor.py:186} INFO - Started process (PID=64) to work on /home/airflow/.local/lib/python3.12/site-packages/airflow/example_dags/example_latest_only_with_trigger.py
[2025-06-18T07:55:03.091+0000] {processor.py:914} INFO - Processing file /home/airflow/.local/lib/python3.12/site-packages/airflow/example_dags/example_latest_only_with_trigger.py for tasks to queue
[2025-06-18T07:55:03.095+0000] {logging_mixin.py:190} INFO - [2025-06-18T07:55:03.094+0000] {dagbag.py:588} INFO - Filling up the DagBag from /home/airflow/.local/lib/python3.12/site-packages/airflow/example_dags/example_latest_only_with_trigger.py
[2025-06-18T07:55:03.105+0000] {processor.py:925} INFO - DAG(s) 'latest_only_with_trigger' retrieved from /home/airflow/.local/lib/python3.12/site-packages/airflow/example_dags/example_latest_only_with_trigger.py
[2025-06-18T07:55:03.142+0000] {logging_mixin.py:190} INFO - [2025-06-18T07:55:03.142+0000] {dag.py:3239} INFO - Sync 1 DAGs
[2025-06-18T07:55:03.182+0000] {logging_mixin.py:190} INFO - [2025-06-18T07:55:03.182+0000] {dag.py:4180} INFO - Setting next_dagrun for latest_only_with_trigger to 2025-06-18 00:00:00+00:00, run_after=2025-06-18 04:00:00+00:00
[2025-06-18T07:55:03.212+0000] {processor.py:208} INFO - Processing /home/airflow/.local/lib/python3.12/site-packages/airflow/example_dags/example_latest_only_with_trigger.py took 0.132 seconds
[2025-06-18T07:55:34.325+0000] {processor.py:186} INFO - Started process (PID=133) to work on /home/airflow/.local/lib/python3.12/site-packages/airflow/example_dags/example_latest_only_with_trigger.py
[2025-06-18T07:55:34.326+0000] {processor.py:914} INFO - Processing file /home/airflow/.local/lib/python3.12/site-packages/airflow/example_dags/example_latest_only_with_trigger.py for tasks to queue
[2025-06-18T07:55:34.328+0000] {logging_mixin.py:190} INFO - [2025-06-18T07:55:34.328+0000] {dagbag.py:588} INFO - Filling up the DagBag from /home/airflow/.local/lib/python3.12/site-packages/airflow/example_dags/example_latest_only_with_trigger.py
[2025-06-18T07:55:34.335+0000] {processor.py:925} INFO - DAG(s) 'latest_only_with_trigger' retrieved from /home/airflow/.local/lib/python3.12/site-packages/airflow/example_dags/example_latest_only_with_trigger.py
[2025-06-18T07:55:34.351+0000] {logging_mixin.py:190} INFO - [2025-06-18T07:55:34.351+0000] {dag.py:3239} INFO - Sync 1 DAGs
[2025-06-18T07:55:34.370+0000] {logging_mixin.py:190} INFO - [2025-06-18T07:55:34.369+0000] {dag.py:4180} INFO - Setting next_dagrun for latest_only_with_trigger to 2025-06-18 00:00:00+00:00, run_after=2025-06-18 04:00:00+00:00
[2025-06-18T07:55:34.387+0000] {processor.py:208} INFO - Processing /home/airflow/.local/lib/python3.12/site-packages/airflow/example_dags/example_latest_only_with_trigger.py took 0.066 seconds
[2025-06-18T07:56:05.253+0000] {processor.py:186} INFO - Started process (PID=196) to work on /home/airflow/.local/lib/python3.12/site-packages/airflow/example_dags/example_latest_only_with_trigger.py
[2025-06-18T07:56:05.255+0000] {processor.py:914} INFO - Processing file /home/airflow/.local/lib/python3.12/site-packages/airflow/example_dags/example_latest_only_with_trigger.py for tasks to queue
[2025-06-18T07:56:05.257+0000] {logging_mixin.py:190} INFO - [2025-06-18T07:56:05.257+0000] {dagbag.py:588} INFO - Filling up the DagBag from /home/airflow/.local/lib/python3.12/site-packages/airflow/example_dags/example_latest_only_with_trigger.py
[2025-06-18T07:56:05.268+0000] {processor.py:925} INFO - DAG(s) 'latest_only_with_trigger' retrieved from /home/airflow/.local/lib/python3.12/site-packages/airflow/example_dags/example_latest_only_with_trigger.py
[2025-06-18T07:56:05.298+0000] {logging_mixin.py:190} INFO - [2025-06-18T07:56:05.298+0000] {dag.py:3239} INFO - Sync 1 DAGs
[2025-06-18T07:56:05.328+0000] {logging_mixin.py:190} INFO - [2025-06-18T07:56:05.327+0000] {dag.py:4180} INFO - Setting next_dagrun for latest_only_with_trigger to 2025-06-18 00:00:00+00:00, run_after=2025-06-18 04:00:00+00:00
[2025-06-18T07:56:05.350+0000] {processor.py:208} INFO - Processing /home/airflow/.local/lib/python3.12/site-packages/airflow/example_dags/example_latest_only_with_trigger.py took 0.103 seconds
[2025-06-18T07:56:35.987+0000] {processor.py:186} INFO - Started process (PID=259) to work on /home/airflow/.local/lib/python3.12/site-packages/airflow/example_dags/example_latest_only_with_trigger.py
[2025-06-18T07:56:35.988+0000] {processor.py:914} INFO - Processing file /home/airflow/.local/lib/python3.12/site-packages/airflow/example_dags/example_latest_only_with_trigger.py for tasks to queue
[2025-06-18T07:56:35.990+0000] {logging_mixin.py:190} INFO - [2025-06-18T07:56:35.989+0000] {dagbag.py:588} INFO - Filling up the DagBag from /home/airflow/.local/lib/python3.12/site-packages/airflow/example_dags/example_latest_only_with_trigger.py
[2025-06-18T07:56:35.996+0000] {processor.py:925} INFO - DAG(s) 'latest_only_with_trigger' retrieved from /home/airflow/.local/lib/python3.12/site-packages/airflow/example_dags/example_latest_only_with_trigger.py
[2025-06-18T07:56:36.015+0000] {logging_mixin.py:190} INFO - [2025-06-18T07:56:36.015+0000] {dag.py:3239} INFO - Sync 1 DAGs
[2025-06-18T07:56:36.037+0000] {logging_mixin.py:190} INFO - [2025-06-18T07:56:36.037+0000] {dag.py:4180} INFO - Setting next_dagrun for latest_only_with_trigger to 2025-06-18 00:00:00+00:00, run_after=2025-06-18 04:00:00+00:00
[2025-06-18T07:56:36.056+0000] {processor.py:208} INFO - Processing /home/airflow/.local/lib/python3.12/site-packages/airflow/example_dags/example_latest_only_with_trigger.py took 0.074 seconds
[2025-06-18T07:57:06.721+0000] {processor.py:186} INFO - Started process (PID=321) to work on /home/airflow/.local/lib/python3.12/site-packages/airflow/example_dags/example_latest_only_with_trigger.py
[2025-06-18T07:57:06.722+0000] {processor.py:914} INFO - Processing file /home/airflow/.local/lib/python3.12/site-packages/airflow/example_dags/example_latest_only_with_trigger.py for tasks to queue
[2025-06-18T07:57:06.724+0000] {logging_mixin.py:190} INFO - [2025-06-18T07:57:06.724+0000] {dagbag.py:588} INFO - Filling up the DagBag from /home/airflow/.local/lib/python3.12/site-packages/airflow/example_dags/example_latest_only_with_trigger.py
[2025-06-18T07:57:06.733+0000] {processor.py:925} INFO - DAG(s) 'latest_only_with_trigger' retrieved from /home/airflow/.local/lib/python3.12/site-packages/airflow/example_dags/example_latest_only_with_trigger.py
[2025-06-18T07:57:06.753+0000] {logging_mixin.py:190} INFO - [2025-06-18T07:57:06.753+0000] {dag.py:3239} INFO - Sync 1 DAGs
[2025-06-18T07:57:06.775+0000] {logging_mixin.py:190} INFO - [2025-06-18T07:57:06.774+0000] {dag.py:4180} INFO - Setting next_dagrun for latest_only_with_trigger to 2025-06-18 00:00:00+00:00, run_after=2025-06-18 04:00:00+00:00
[2025-06-18T07:57:06.791+0000] {processor.py:208} INFO - Processing /home/airflow/.local/lib/python3.12/site-packages/airflow/example_dags/example_latest_only_with_trigger.py took 0.075 seconds
[2025-06-18T07:57:37.132+0000] {processor.py:186} INFO - Started process (PID=383) to work on /home/airflow/.local/lib/python3.12/site-packages/airflow/example_dags/example_latest_only_with_trigger.py
[2025-06-18T07:57:37.133+0000] {processor.py:914} INFO - Processing file /home/airflow/.local/lib/python3.12/site-packages/airflow/example_dags/example_latest_only_with_trigger.py for tasks to queue
[2025-06-18T07:57:37.135+0000] {logging_mixin.py:190} INFO - [2025-06-18T07:57:37.134+0000] {dagbag.py:588} INFO - Filling up the DagBag from /home/airflow/.local/lib/python3.12/site-packages/airflow/example_dags/example_latest_only_with_trigger.py
[2025-06-18T07:57:37.143+0000] {processor.py:925} INFO - DAG(s) 'latest_only_with_trigger' retrieved from /home/airflow/.local/lib/python3.12/site-packages/airflow/example_dags/example_latest_only_with_trigger.py
[2025-06-18T07:57:37.162+0000] {logging_mixin.py:190} INFO - [2025-06-18T07:57:37.161+0000] {dag.py:3239} INFO - Sync 1 DAGs
[2025-06-18T07:57:37.182+0000] {logging_mixin.py:190} INFO - [2025-06-18T07:57:37.182+0000] {dag.py:4180} INFO - Setting next_dagrun for latest_only_with_trigger to 2025-06-18 00:00:00+00:00, run_after=2025-06-18 04:00:00+00:00
[2025-06-18T07:57:37.200+0000] {processor.py:208} INFO - Processing /home/airflow/.local/lib/python3.12/site-packages/airflow/example_dags/example_latest_only_with_trigger.py took 0.073 seconds
[2025-06-18T07:58:07.929+0000] {processor.py:186} INFO - Started process (PID=446) to work on /home/airflow/.local/lib/python3.12/site-packages/airflow/example_dags/example_latest_only_with_trigger.py
[2025-06-18T07:58:07.930+0000] {processor.py:914} INFO - Processing file /home/airflow/.local/lib/python3.12/site-packages/airflow/example_dags/example_latest_only_with_trigger.py for tasks to queue
[2025-06-18T07:58:07.932+0000] {logging_mixin.py:190} INFO - [2025-06-18T07:58:07.932+0000] {dagbag.py:588} INFO - Filling up the DagBag from /home/airflow/.local/lib/python3.12/site-packages/airflow/example_dags/example_latest_only_with_trigger.py
[2025-06-18T07:58:07.938+0000] {processor.py:925} INFO - DAG(s) 'latest_only_with_trigger' retrieved from /home/airflow/.local/lib/python3.12/site-packages/airflow/example_dags/example_latest_only_with_trigger.py
[2025-06-18T07:58:07.955+0000] {logging_mixin.py:190} INFO - [2025-06-18T07:58:07.955+0000] {dag.py:3239} INFO - Sync 1 DAGs
[2025-06-18T07:58:07.974+0000] {logging_mixin.py:190} INFO - [2025-06-18T07:58:07.974+0000] {dag.py:4180} INFO - Setting next_dagrun for latest_only_with_trigger to 2025-06-18 00:00:00+00:00, run_after=2025-06-18 04:00:00+00:00
[2025-06-18T07:58:07.990+0000] {processor.py:208} INFO - Processing /home/airflow/.local/lib/python3.12/site-packages/airflow/example_dags/example_latest_only_with_trigger.py took 0.065 seconds
[2025-06-18T07:58:38.512+0000] {processor.py:186} INFO - Started process (PID=509) to work on /home/airflow/.local/lib/python3.12/site-packages/airflow/example_dags/example_latest_only_with_trigger.py
[2025-06-18T07:58:38.513+0000] {processor.py:914} INFO - Processing file /home/airflow/.local/lib/python3.12/site-packages/airflow/example_dags/example_latest_only_with_trigger.py for tasks to queue
[2025-06-18T07:58:38.515+0000] {logging_mixin.py:190} INFO - [2025-06-18T07:58:38.515+0000] {dagbag.py:588} INFO - Filling up the DagBag from /home/airflow/.local/lib/python3.12/site-packages/airflow/example_dags/example_latest_only_with_trigger.py
[2025-06-18T07:58:38.522+0000] {processor.py:925} INFO - DAG(s) 'latest_only_with_trigger' retrieved from /home/airflow/.local/lib/python3.12/site-packages/airflow/example_dags/example_latest_only_with_trigger.py
[2025-06-18T07:58:38.538+0000] {logging_mixin.py:190} INFO - [2025-06-18T07:58:38.538+0000] {dag.py:3239} INFO - Sync 1 DAGs
[2025-06-18T07:58:38.557+0000] {logging_mixin.py:190} INFO - [2025-06-18T07:58:38.557+0000] {dag.py:4180} INFO - Setting next_dagrun for latest_only_with_trigger to 2025-06-18 00:00:00+00:00, run_after=2025-06-18 04:00:00+00:00
[2025-06-18T07:58:38.573+0000] {processor.py:208} INFO - Processing /home/airflow/.local/lib/python3.12/site-packages/airflow/example_dags/example_latest_only_with_trigger.py took 0.066 seconds
[2025-06-18T07:59:09.264+0000] {processor.py:186} INFO - Started process (PID=572) to work on /home/airflow/.local/lib/python3.12/site-packages/airflow/example_dags/example_latest_only_with_trigger.py
[2025-06-18T07:59:09.265+0000] {processor.py:914} INFO - Processing file /home/airflow/.local/lib/python3.12/site-packages/airflow/example_dags/example_latest_only_with_trigger.py for tasks to queue
[2025-06-18T07:59:09.267+0000] {logging_mixin.py:190} INFO - [2025-06-18T07:59:09.267+0000] {dagbag.py:588} INFO - Filling up the DagBag from /home/airflow/.local/lib/python3.12/site-packages/airflow/example_dags/example_latest_only_with_trigger.py
[2025-06-18T07:59:09.274+0000] {processor.py:925} INFO - DAG(s) 'latest_only_with_trigger' retrieved from /home/airflow/.local/lib/python3.12/site-packages/airflow/example_dags/example_latest_only_with_trigger.py
[2025-06-18T07:59:09.291+0000] {logging_mixin.py:190} INFO - [2025-06-18T07:59:09.291+0000] {dag.py:3239} INFO - Sync 1 DAGs
[2025-06-18T07:59:09.309+0000] {logging_mixin.py:190} INFO - [2025-06-18T07:59:09.309+0000] {dag.py:4180} INFO - Setting next_dagrun for latest_only_with_trigger to 2025-06-18 00:00:00+00:00, run_after=2025-06-18 04:00:00+00:00
[2025-06-18T07:59:09.326+0000] {processor.py:208} INFO - Processing /home/airflow/.local/lib/python3.12/site-packages/airflow/example_dags/example_latest_only_with_trigger.py took 0.067 seconds
[2025-06-18T07:59:39.903+0000] {processor.py:186} INFO - Started process (PID=635) to work on /home/airflow/.local/lib/python3.12/site-packages/airflow/example_dags/example_latest_only_with_trigger.py
[2025-06-18T07:59:39.904+0000] {processor.py:914} INFO - Processing file /home/airflow/.local/lib/python3.12/site-packages/airflow/example_dags/example_latest_only_with_trigger.py for tasks to queue
[2025-06-18T07:59:39.906+0000] {logging_mixin.py:190} INFO - [2025-06-18T07:59:39.905+0000] {dagbag.py:588} INFO - Filling up the DagBag from /home/airflow/.local/lib/python3.12/site-packages/airflow/example_dags/example_latest_only_with_trigger.py
[2025-06-18T07:59:39.912+0000] {processor.py:925} INFO - DAG(s) 'latest_only_with_trigger' retrieved from /home/airflow/.local/lib/python3.12/site-packages/airflow/example_dags/example_latest_only_with_trigger.py
[2025-06-18T07:59:39.929+0000] {logging_mixin.py:190} INFO - [2025-06-18T07:59:39.929+0000] {dag.py:3239} INFO - Sync 1 DAGs
[2025-06-18T07:59:39.948+0000] {logging_mixin.py:190} INFO - [2025-06-18T07:59:39.948+0000] {dag.py:4180} INFO - Setting next_dagrun for latest_only_with_trigger to 2025-06-18 00:00:00+00:00, run_after=2025-06-18 04:00:00+00:00
[2025-06-18T07:59:39.967+0000] {processor.py:208} INFO - Processing /home/airflow/.local/lib/python3.12/site-packages/airflow/example_dags/example_latest_only_with_trigger.py took 0.069 seconds
