[2025-06-18T07:55:03.053+0000] {processor.py:186} INFO - Started process (PID=63) to work on /home/airflow/.local/lib/python3.12/site-packages/airflow/example_dags/example_branch_day_of_week_operator.py
[2025-06-18T07:55:03.054+0000] {processor.py:914} INFO - Processing file /home/airflow/.local/lib/python3.12/site-packages/airflow/example_dags/example_branch_day_of_week_operator.py for tasks to queue
[2025-06-18T07:55:03.058+0000] {logging_mixin.py:190} INFO - [2025-06-18T07:55:03.058+0000] {dagbag.py:588} INFO - Filling up the DagBag from /home/airflow/.local/lib/python3.12/site-packages/airflow/example_dags/example_branch_day_of_week_operator.py
[2025-06-18T07:55:03.074+0000] {processor.py:925} INFO - DAG(s) 'example_weekday_branch_operator' retrieved from /home/airflow/.local/lib/python3.12/site-packages/airflow/example_dags/example_branch_day_of_week_operator.py
[2025-06-18T07:55:03.106+0000] {logging_mixin.py:190} INFO - [2025-06-18T07:55:03.106+0000] {dag.py:3239} INFO - Sync 1 DAGs
[2025-06-18T07:55:03.145+0000] {logging_mixin.py:190} INFO - [2025-06-18T07:55:03.144+0000] {dag.py:4180} INFO - Setting next_dagrun for example_weekday_branch_operator to 2025-06-17 00:00:00+00:00, run_after=2025-06-18 00:00:00+00:00
[2025-06-18T07:55:03.176+0000] {processor.py:208} INFO - Processing /home/airflow/.local/lib/python3.12/site-packages/airflow/example_dags/example_branch_day_of_week_operator.py took 0.132 seconds
[2025-06-18T07:55:34.310+0000] {processor.py:186} INFO - Started process (PID=132) to work on /home/airflow/.local/lib/python3.12/site-packages/airflow/example_dags/example_branch_day_of_week_operator.py
[2025-06-18T07:55:34.311+0000] {processor.py:914} INFO - Processing file /home/airflow/.local/lib/python3.12/site-packages/airflow/example_dags/example_branch_day_of_week_operator.py for tasks to queue
[2025-06-18T07:55:34.313+0000] {logging_mixin.py:190} INFO - [2025-06-18T07:55:34.313+0000] {dagbag.py:588} INFO - Filling up the DagBag from /home/airflow/.local/lib/python3.12/site-packages/airflow/example_dags/example_branch_day_of_week_operator.py
[2025-06-18T07:55:34.323+0000] {processor.py:925} INFO - DAG(s) 'example_weekday_branch_operator' retrieved from /home/airflow/.local/lib/python3.12/site-packages/airflow/example_dags/example_branch_day_of_week_operator.py
[2025-06-18T07:55:34.340+0000] {logging_mixin.py:190} INFO - [2025-06-18T07:55:34.339+0000] {dag.py:3239} INFO - Sync 1 DAGs
[2025-06-18T07:55:34.358+0000] {logging_mixin.py:190} INFO - [2025-06-18T07:55:34.358+0000] {dag.py:4180} INFO - Setting next_dagrun for example_weekday_branch_operator to 2025-06-17 00:00:00+00:00, run_after=2025-06-18 00:00:00+00:00
[2025-06-18T07:55:34.374+0000] {processor.py:208} INFO - Processing /home/airflow/.local/lib/python3.12/site-packages/airflow/example_dags/example_branch_day_of_week_operator.py took 0.069 seconds
[2025-06-18T07:56:05.131+0000] {processor.py:186} INFO - Started process (PID=195) to work on /home/airflow/.local/lib/python3.12/site-packages/airflow/example_dags/example_branch_day_of_week_operator.py
[2025-06-18T07:56:05.132+0000] {processor.py:914} INFO - Processing file /home/airflow/.local/lib/python3.12/site-packages/airflow/example_dags/example_branch_day_of_week_operator.py for tasks to queue
[2025-06-18T07:56:05.135+0000] {logging_mixin.py:190} INFO - [2025-06-18T07:56:05.134+0000] {dagbag.py:588} INFO - Filling up the DagBag from /home/airflow/.local/lib/python3.12/site-packages/airflow/example_dags/example_branch_day_of_week_operator.py
[2025-06-18T07:56:05.144+0000] {processor.py:925} INFO - DAG(s) 'example_weekday_branch_operator' retrieved from /home/airflow/.local/lib/python3.12/site-packages/airflow/example_dags/example_branch_day_of_week_operator.py
[2025-06-18T07:56:05.164+0000] {logging_mixin.py:190} INFO - [2025-06-18T07:56:05.163+0000] {dag.py:3239} INFO - Sync 1 DAGs
[2025-06-18T07:56:05.196+0000] {logging_mixin.py:190} INFO - [2025-06-18T07:56:05.196+0000] {dag.py:4180} INFO - Setting next_dagrun for example_weekday_branch_operator to 2025-06-17 00:00:00+00:00, run_after=2025-06-18 00:00:00+00:00
[2025-06-18T07:56:05.219+0000] {processor.py:208} INFO - Processing /home/airflow/.local/lib/python3.12/site-packages/airflow/example_dags/example_branch_day_of_week_operator.py took 0.093 seconds
[2025-06-18T07:56:35.570+0000] {processor.py:186} INFO - Started process (PID=257) to work on /home/airflow/.local/lib/python3.12/site-packages/airflow/example_dags/example_branch_day_of_week_operator.py
[2025-06-18T07:56:35.571+0000] {processor.py:914} INFO - Processing file /home/airflow/.local/lib/python3.12/site-packages/airflow/example_dags/example_branch_day_of_week_operator.py for tasks to queue
[2025-06-18T07:56:35.573+0000] {logging_mixin.py:190} INFO - [2025-06-18T07:56:35.573+0000] {dagbag.py:588} INFO - Filling up the DagBag from /home/airflow/.local/lib/python3.12/site-packages/airflow/example_dags/example_branch_day_of_week_operator.py
[2025-06-18T07:56:35.582+0000] {processor.py:925} INFO - DAG(s) 'example_weekday_branch_operator' retrieved from /home/airflow/.local/lib/python3.12/site-packages/airflow/example_dags/example_branch_day_of_week_operator.py
[2025-06-18T07:56:35.603+0000] {logging_mixin.py:190} INFO - [2025-06-18T07:56:35.603+0000] {dag.py:3239} INFO - Sync 1 DAGs
[2025-06-18T07:56:35.633+0000] {logging_mixin.py:190} INFO - [2025-06-18T07:56:35.632+0000] {dag.py:4180} INFO - Setting next_dagrun for example_weekday_branch_operator to 2025-06-17 00:00:00+00:00, run_after=2025-06-18 00:00:00+00:00
[2025-06-18T07:56:35.654+0000] {processor.py:208} INFO - Processing /home/airflow/.local/lib/python3.12/site-packages/airflow/example_dags/example_branch_day_of_week_operator.py took 0.089 seconds
[2025-06-18T07:57:06.617+0000] {processor.py:186} INFO - Started process (PID=320) to work on /home/airflow/.local/lib/python3.12/site-packages/airflow/example_dags/example_branch_day_of_week_operator.py
[2025-06-18T07:57:06.618+0000] {processor.py:914} INFO - Processing file /home/airflow/.local/lib/python3.12/site-packages/airflow/example_dags/example_branch_day_of_week_operator.py for tasks to queue
[2025-06-18T07:57:06.621+0000] {logging_mixin.py:190} INFO - [2025-06-18T07:57:06.620+0000] {dagbag.py:588} INFO - Filling up the DagBag from /home/airflow/.local/lib/python3.12/site-packages/airflow/example_dags/example_branch_day_of_week_operator.py
[2025-06-18T07:57:06.630+0000] {processor.py:925} INFO - DAG(s) 'example_weekday_branch_operator' retrieved from /home/airflow/.local/lib/python3.12/site-packages/airflow/example_dags/example_branch_day_of_week_operator.py
[2025-06-18T07:57:06.649+0000] {logging_mixin.py:190} INFO - [2025-06-18T07:57:06.649+0000] {dag.py:3239} INFO - Sync 1 DAGs
[2025-06-18T07:57:06.674+0000] {logging_mixin.py:190} INFO - [2025-06-18T07:57:06.674+0000] {dag.py:4180} INFO - Setting next_dagrun for example_weekday_branch_operator to 2025-06-17 00:00:00+00:00, run_after=2025-06-18 00:00:00+00:00
[2025-06-18T07:57:06.693+0000] {processor.py:208} INFO - Processing /home/airflow/.local/lib/python3.12/site-packages/airflow/example_dags/example_branch_day_of_week_operator.py took 0.080 seconds
[2025-06-18T07:57:37.028+0000] {processor.py:186} INFO - Started process (PID=382) to work on /home/airflow/.local/lib/python3.12/site-packages/airflow/example_dags/example_branch_day_of_week_operator.py
[2025-06-18T07:57:37.029+0000] {processor.py:914} INFO - Processing file /home/airflow/.local/lib/python3.12/site-packages/airflow/example_dags/example_branch_day_of_week_operator.py for tasks to queue
[2025-06-18T07:57:37.032+0000] {logging_mixin.py:190} INFO - [2025-06-18T07:57:37.031+0000] {dagbag.py:588} INFO - Filling up the DagBag from /home/airflow/.local/lib/python3.12/site-packages/airflow/example_dags/example_branch_day_of_week_operator.py
[2025-06-18T07:57:37.041+0000] {processor.py:925} INFO - DAG(s) 'example_weekday_branch_operator' retrieved from /home/airflow/.local/lib/python3.12/site-packages/airflow/example_dags/example_branch_day_of_week_operator.py
[2025-06-18T07:57:37.060+0000] {logging_mixin.py:190} INFO - [2025-06-18T07:57:37.059+0000] {dag.py:3239} INFO - Sync 1 DAGs
[2025-06-18T07:57:37.082+0000] {logging_mixin.py:190} INFO - [2025-06-18T07:57:37.082+0000] {dag.py:4180} INFO - Setting next_dagrun for example_weekday_branch_operator to 2025-06-17 00:00:00+00:00, run_after=2025-06-18 00:00:00+00:00
[2025-06-18T07:57:37.099+0000] {processor.py:208} INFO - Processing /home/airflow/.local/lib/python3.12/site-packages/airflow/example_dags/example_branch_day_of_week_operator.py took 0.077 seconds
[2025-06-18T07:58:07.833+0000] {processor.py:186} INFO - Started process (PID=445) to work on /home/airflow/.local/lib/python3.12/site-packages/airflow/example_dags/example_branch_day_of_week_operator.py
[2025-06-18T07:58:07.833+0000] {processor.py:914} INFO - Processing file /home/airflow/.local/lib/python3.12/site-packages/airflow/example_dags/example_branch_day_of_week_operator.py for tasks to queue
[2025-06-18T07:58:07.836+0000] {logging_mixin.py:190} INFO - [2025-06-18T07:58:07.835+0000] {dagbag.py:588} INFO - Filling up the DagBag from /home/airflow/.local/lib/python3.12/site-packages/airflow/example_dags/example_branch_day_of_week_operator.py
[2025-06-18T07:58:07.843+0000] {processor.py:925} INFO - DAG(s) 'example_weekday_branch_operator' retrieved from /home/airflow/.local/lib/python3.12/site-packages/airflow/example_dags/example_branch_day_of_week_operator.py
[2025-06-18T07:58:07.860+0000] {logging_mixin.py:190} INFO - [2025-06-18T07:58:07.859+0000] {dag.py:3239} INFO - Sync 1 DAGs
[2025-06-18T07:58:07.879+0000] {logging_mixin.py:190} INFO - [2025-06-18T07:58:07.879+0000] {dag.py:4180} INFO - Setting next_dagrun for example_weekday_branch_operator to 2025-06-17 00:00:00+00:00, run_after=2025-06-18 00:00:00+00:00
[2025-06-18T07:58:07.901+0000] {processor.py:208} INFO - Processing /home/airflow/.local/lib/python3.12/site-packages/airflow/example_dags/example_branch_day_of_week_operator.py took 0.073 seconds
[2025-06-18T07:58:38.420+0000] {processor.py:186} INFO - Started process (PID=508) to work on /home/airflow/.local/lib/python3.12/site-packages/airflow/example_dags/example_branch_day_of_week_operator.py
[2025-06-18T07:58:38.421+0000] {processor.py:914} INFO - Processing file /home/airflow/.local/lib/python3.12/site-packages/airflow/example_dags/example_branch_day_of_week_operator.py for tasks to queue
[2025-06-18T07:58:38.423+0000] {logging_mixin.py:190} INFO - [2025-06-18T07:58:38.422+0000] {dagbag.py:588} INFO - Filling up the DagBag from /home/airflow/.local/lib/python3.12/site-packages/airflow/example_dags/example_branch_day_of_week_operator.py
[2025-06-18T07:58:38.431+0000] {processor.py:925} INFO - DAG(s) 'example_weekday_branch_operator' retrieved from /home/airflow/.local/lib/python3.12/site-packages/airflow/example_dags/example_branch_day_of_week_operator.py
[2025-06-18T07:58:38.447+0000] {logging_mixin.py:190} INFO - [2025-06-18T07:58:38.447+0000] {dag.py:3239} INFO - Sync 1 DAGs
[2025-06-18T07:58:38.465+0000] {logging_mixin.py:190} INFO - [2025-06-18T07:58:38.465+0000] {dag.py:4180} INFO - Setting next_dagrun for example_weekday_branch_operator to 2025-06-17 00:00:00+00:00, run_after=2025-06-18 00:00:00+00:00
[2025-06-18T07:58:38.482+0000] {processor.py:208} INFO - Processing /home/airflow/.local/lib/python3.12/site-packages/airflow/example_dags/example_branch_day_of_week_operator.py took 0.067 seconds
[2025-06-18T07:59:09.170+0000] {processor.py:186} INFO - Started process (PID=571) to work on /home/airflow/.local/lib/python3.12/site-packages/airflow/example_dags/example_branch_day_of_week_operator.py
[2025-06-18T07:59:09.171+0000] {processor.py:914} INFO - Processing file /home/airflow/.local/lib/python3.12/site-packages/airflow/example_dags/example_branch_day_of_week_operator.py for tasks to queue
[2025-06-18T07:59:09.173+0000] {logging_mixin.py:190} INFO - [2025-06-18T07:59:09.173+0000] {dagbag.py:588} INFO - Filling up the DagBag from /home/airflow/.local/lib/python3.12/site-packages/airflow/example_dags/example_branch_day_of_week_operator.py
[2025-06-18T07:59:09.182+0000] {processor.py:925} INFO - DAG(s) 'example_weekday_branch_operator' retrieved from /home/airflow/.local/lib/python3.12/site-packages/airflow/example_dags/example_branch_day_of_week_operator.py
[2025-06-18T07:59:09.200+0000] {logging_mixin.py:190} INFO - [2025-06-18T07:59:09.200+0000] {dag.py:3239} INFO - Sync 1 DAGs
[2025-06-18T07:59:09.220+0000] {logging_mixin.py:190} INFO - [2025-06-18T07:59:09.220+0000] {dag.py:4180} INFO - Setting next_dagrun for example_weekday_branch_operator to 2025-06-17 00:00:00+00:00, run_after=2025-06-18 00:00:00+00:00
[2025-06-18T07:59:09.235+0000] {processor.py:208} INFO - Processing /home/airflow/.local/lib/python3.12/site-packages/airflow/example_dags/example_branch_day_of_week_operator.py took 0.070 seconds
[2025-06-18T07:59:39.902+0000] {processor.py:186} INFO - Started process (PID=634) to work on /home/airflow/.local/lib/python3.12/site-packages/airflow/example_dags/example_branch_day_of_week_operator.py
[2025-06-18T07:59:39.904+0000] {processor.py:914} INFO - Processing file /home/airflow/.local/lib/python3.12/site-packages/airflow/example_dags/example_branch_day_of_week_operator.py for tasks to queue
[2025-06-18T07:59:39.906+0000] {logging_mixin.py:190} INFO - [2025-06-18T07:59:39.905+0000] {dagbag.py:588} INFO - Filling up the DagBag from /home/airflow/.local/lib/python3.12/site-packages/airflow/example_dags/example_branch_day_of_week_operator.py
[2025-06-18T07:59:39.913+0000] {processor.py:925} INFO - DAG(s) 'example_weekday_branch_operator' retrieved from /home/airflow/.local/lib/python3.12/site-packages/airflow/example_dags/example_branch_day_of_week_operator.py
[2025-06-18T07:59:39.929+0000] {logging_mixin.py:190} INFO - [2025-06-18T07:59:39.929+0000] {dag.py:3239} INFO - Sync 1 DAGs
[2025-06-18T07:59:39.948+0000] {logging_mixin.py:190} INFO - [2025-06-18T07:59:39.948+0000] {dag.py:4180} INFO - Setting next_dagrun for example_weekday_branch_operator to 2025-06-17 00:00:00+00:00, run_after=2025-06-18 00:00:00+00:00
[2025-06-18T07:59:39.966+0000] {processor.py:208} INFO - Processing /home/airflow/.local/lib/python3.12/site-packages/airflow/example_dags/example_branch_day_of_week_operator.py took 0.069 seconds
