[2025-06-18T07:55:03.697+0000] {processor.py:186} INFO - Started process (PID=72) to work on /home/airflow/.local/lib/python3.12/site-packages/airflow/example_dags/example_sensors.py
[2025-06-18T07:55:03.698+0000] {processor.py:914} INFO - Processing file /home/airflow/.local/lib/python3.12/site-packages/airflow/example_dags/example_sensors.py for tasks to queue
[2025-06-18T07:55:03.700+0000] {logging_mixin.py:190} INFO - [2025-06-18T07:55:03.700+0000] {dagbag.py:588} INFO - Filling up the DagBag from /home/airflow/.local/lib/python3.12/site-packages/airflow/example_dags/example_sensors.py
[2025-06-18T07:55:03.715+0000] {processor.py:925} INFO - DAG(s) 'example_sensors' retrieved from /home/airflow/.local/lib/python3.12/site-packages/airflow/example_dags/example_sensors.py
[2025-06-18T07:55:03.749+0000] {logging_mixin.py:190} INFO - [2025-06-18T07:55:03.749+0000] {dag.py:3239} INFO - Sync 1 DAGs
[2025-06-18T07:55:03.773+0000] {logging_mixin.py:190} INFO - [2025-06-18T07:55:03.773+0000] {dag.py:4180} INFO - Setting next_dagrun for example_sensors to None, run_after=None
[2025-06-18T07:55:03.805+0000] {processor.py:208} INFO - Processing /home/airflow/.local/lib/python3.12/site-packages/airflow/example_dags/example_sensors.py took 0.114 seconds
[2025-06-18T07:55:34.706+0000] {processor.py:186} INFO - Started process (PID=141) to work on /home/airflow/.local/lib/python3.12/site-packages/airflow/example_dags/example_sensors.py
[2025-06-18T07:55:34.707+0000] {processor.py:914} INFO - Processing file /home/airflow/.local/lib/python3.12/site-packages/airflow/example_dags/example_sensors.py for tasks to queue
[2025-06-18T07:55:34.710+0000] {logging_mixin.py:190} INFO - [2025-06-18T07:55:34.709+0000] {dagbag.py:588} INFO - Filling up the DagBag from /home/airflow/.local/lib/python3.12/site-packages/airflow/example_dags/example_sensors.py
[2025-06-18T07:55:34.719+0000] {processor.py:925} INFO - DAG(s) 'example_sensors' retrieved from /home/airflow/.local/lib/python3.12/site-packages/airflow/example_dags/example_sensors.py
[2025-06-18T07:55:34.743+0000] {logging_mixin.py:190} INFO - [2025-06-18T07:55:34.742+0000] {dag.py:3239} INFO - Sync 1 DAGs
[2025-06-18T07:55:34.758+0000] {logging_mixin.py:190} INFO - [2025-06-18T07:55:34.758+0000] {dag.py:4180} INFO - Setting next_dagrun for example_sensors to None, run_after=None
[2025-06-18T07:55:34.780+0000] {processor.py:208} INFO - Processing /home/airflow/.local/lib/python3.12/site-packages/airflow/example_dags/example_sensors.py took 0.080 seconds
[2025-06-18T07:56:05.906+0000] {processor.py:186} INFO - Started process (PID=204) to work on /home/airflow/.local/lib/python3.12/site-packages/airflow/example_dags/example_sensors.py
[2025-06-18T07:56:05.907+0000] {processor.py:914} INFO - Processing file /home/airflow/.local/lib/python3.12/site-packages/airflow/example_dags/example_sensors.py for tasks to queue
[2025-06-18T07:56:05.909+0000] {logging_mixin.py:190} INFO - [2025-06-18T07:56:05.909+0000] {dagbag.py:588} INFO - Filling up the DagBag from /home/airflow/.local/lib/python3.12/site-packages/airflow/example_dags/example_sensors.py
[2025-06-18T07:56:05.920+0000] {processor.py:925} INFO - DAG(s) 'example_sensors' retrieved from /home/airflow/.local/lib/python3.12/site-packages/airflow/example_dags/example_sensors.py
[2025-06-18T07:56:05.942+0000] {logging_mixin.py:190} INFO - [2025-06-18T07:56:05.942+0000] {dag.py:3239} INFO - Sync 1 DAGs
[2025-06-18T07:56:05.955+0000] {logging_mixin.py:190} INFO - [2025-06-18T07:56:05.955+0000] {dag.py:4180} INFO - Setting next_dagrun for example_sensors to None, run_after=None
[2025-06-18T07:56:05.974+0000] {processor.py:208} INFO - Processing /home/airflow/.local/lib/python3.12/site-packages/airflow/example_dags/example_sensors.py took 0.074 seconds
[2025-06-18T07:56:36.649+0000] {processor.py:186} INFO - Started process (PID=267) to work on /home/airflow/.local/lib/python3.12/site-packages/airflow/example_dags/example_sensors.py
[2025-06-18T07:56:36.650+0000] {processor.py:914} INFO - Processing file /home/airflow/.local/lib/python3.12/site-packages/airflow/example_dags/example_sensors.py for tasks to queue
[2025-06-18T07:56:36.652+0000] {logging_mixin.py:190} INFO - [2025-06-18T07:56:36.652+0000] {dagbag.py:588} INFO - Filling up the DagBag from /home/airflow/.local/lib/python3.12/site-packages/airflow/example_dags/example_sensors.py
[2025-06-18T07:56:36.666+0000] {processor.py:925} INFO - DAG(s) 'example_sensors' retrieved from /home/airflow/.local/lib/python3.12/site-packages/airflow/example_dags/example_sensors.py
[2025-06-18T07:56:36.695+0000] {logging_mixin.py:190} INFO - [2025-06-18T07:56:36.695+0000] {dag.py:3239} INFO - Sync 1 DAGs
[2025-06-18T07:56:36.710+0000] {logging_mixin.py:190} INFO - [2025-06-18T07:56:36.709+0000] {dag.py:4180} INFO - Setting next_dagrun for example_sensors to None, run_after=None
[2025-06-18T07:56:36.733+0000] {processor.py:208} INFO - Processing /home/airflow/.local/lib/python3.12/site-packages/airflow/example_dags/example_sensors.py took 0.089 seconds
[2025-06-18T07:57:07.481+0000] {processor.py:186} INFO - Started process (PID=330) to work on /home/airflow/.local/lib/python3.12/site-packages/airflow/example_dags/example_sensors.py
[2025-06-18T07:57:07.482+0000] {processor.py:914} INFO - Processing file /home/airflow/.local/lib/python3.12/site-packages/airflow/example_dags/example_sensors.py for tasks to queue
[2025-06-18T07:57:07.484+0000] {logging_mixin.py:190} INFO - [2025-06-18T07:57:07.484+0000] {dagbag.py:588} INFO - Filling up the DagBag from /home/airflow/.local/lib/python3.12/site-packages/airflow/example_dags/example_sensors.py
[2025-06-18T07:57:07.497+0000] {processor.py:925} INFO - DAG(s) 'example_sensors' retrieved from /home/airflow/.local/lib/python3.12/site-packages/airflow/example_dags/example_sensors.py
[2025-06-18T07:57:07.524+0000] {logging_mixin.py:190} INFO - [2025-06-18T07:57:07.524+0000] {dag.py:3239} INFO - Sync 1 DAGs
[2025-06-18T07:57:07.547+0000] {logging_mixin.py:190} INFO - [2025-06-18T07:57:07.546+0000] {dag.py:4180} INFO - Setting next_dagrun for example_sensors to None, run_after=None
[2025-06-18T07:57:07.572+0000] {processor.py:208} INFO - Processing /home/airflow/.local/lib/python3.12/site-packages/airflow/example_dags/example_sensors.py took 0.096 seconds
[2025-06-18T07:57:37.953+0000] {processor.py:186} INFO - Started process (PID=392) to work on /home/airflow/.local/lib/python3.12/site-packages/airflow/example_dags/example_sensors.py
[2025-06-18T07:57:37.954+0000] {processor.py:914} INFO - Processing file /home/airflow/.local/lib/python3.12/site-packages/airflow/example_dags/example_sensors.py for tasks to queue
[2025-06-18T07:57:37.957+0000] {logging_mixin.py:190} INFO - [2025-06-18T07:57:37.957+0000] {dagbag.py:588} INFO - Filling up the DagBag from /home/airflow/.local/lib/python3.12/site-packages/airflow/example_dags/example_sensors.py
[2025-06-18T07:57:37.972+0000] {processor.py:925} INFO - DAG(s) 'example_sensors' retrieved from /home/airflow/.local/lib/python3.12/site-packages/airflow/example_dags/example_sensors.py
[2025-06-18T07:57:37.993+0000] {logging_mixin.py:190} INFO - [2025-06-18T07:57:37.993+0000] {dag.py:3239} INFO - Sync 1 DAGs
[2025-06-18T07:57:38.007+0000] {logging_mixin.py:190} INFO - [2025-06-18T07:57:38.007+0000] {dag.py:4180} INFO - Setting next_dagrun for example_sensors to None, run_after=None
[2025-06-18T07:57:38.026+0000] {processor.py:208} INFO - Processing /home/airflow/.local/lib/python3.12/site-packages/airflow/example_dags/example_sensors.py took 0.079 seconds
[2025-06-18T07:58:08.439+0000] {processor.py:186} INFO - Started process (PID=455) to work on /home/airflow/.local/lib/python3.12/site-packages/airflow/example_dags/example_sensors.py
[2025-06-18T07:58:08.440+0000] {processor.py:914} INFO - Processing file /home/airflow/.local/lib/python3.12/site-packages/airflow/example_dags/example_sensors.py for tasks to queue
[2025-06-18T07:58:08.442+0000] {logging_mixin.py:190} INFO - [2025-06-18T07:58:08.442+0000] {dagbag.py:588} INFO - Filling up the DagBag from /home/airflow/.local/lib/python3.12/site-packages/airflow/example_dags/example_sensors.py
[2025-06-18T07:58:08.451+0000] {processor.py:925} INFO - DAG(s) 'example_sensors' retrieved from /home/airflow/.local/lib/python3.12/site-packages/airflow/example_dags/example_sensors.py
[2025-06-18T07:58:08.472+0000] {logging_mixin.py:190} INFO - [2025-06-18T07:58:08.472+0000] {dag.py:3239} INFO - Sync 1 DAGs
[2025-06-18T07:58:08.484+0000] {logging_mixin.py:190} INFO - [2025-06-18T07:58:08.483+0000] {dag.py:4180} INFO - Setting next_dagrun for example_sensors to None, run_after=None
[2025-06-18T07:58:08.500+0000] {processor.py:208} INFO - Processing /home/airflow/.local/lib/python3.12/site-packages/airflow/example_dags/example_sensors.py took 0.066 seconds
[2025-06-18T07:58:38.937+0000] {processor.py:186} INFO - Started process (PID=517) to work on /home/airflow/.local/lib/python3.12/site-packages/airflow/example_dags/example_sensors.py
[2025-06-18T07:58:38.938+0000] {processor.py:914} INFO - Processing file /home/airflow/.local/lib/python3.12/site-packages/airflow/example_dags/example_sensors.py for tasks to queue
[2025-06-18T07:58:38.940+0000] {logging_mixin.py:190} INFO - [2025-06-18T07:58:38.939+0000] {dagbag.py:588} INFO - Filling up the DagBag from /home/airflow/.local/lib/python3.12/site-packages/airflow/example_dags/example_sensors.py
[2025-06-18T07:58:38.948+0000] {processor.py:925} INFO - DAG(s) 'example_sensors' retrieved from /home/airflow/.local/lib/python3.12/site-packages/airflow/example_dags/example_sensors.py
[2025-06-18T07:58:38.969+0000] {logging_mixin.py:190} INFO - [2025-06-18T07:58:38.969+0000] {dag.py:3239} INFO - Sync 1 DAGs
[2025-06-18T07:58:38.981+0000] {logging_mixin.py:190} INFO - [2025-06-18T07:58:38.980+0000] {dag.py:4180} INFO - Setting next_dagrun for example_sensors to None, run_after=None
[2025-06-18T07:58:38.995+0000] {processor.py:208} INFO - Processing /home/airflow/.local/lib/python3.12/site-packages/airflow/example_dags/example_sensors.py took 0.063 seconds
[2025-06-18T07:59:09.705+0000] {processor.py:186} INFO - Started process (PID=580) to work on /home/airflow/.local/lib/python3.12/site-packages/airflow/example_dags/example_sensors.py
[2025-06-18T07:59:09.706+0000] {processor.py:914} INFO - Processing file /home/airflow/.local/lib/python3.12/site-packages/airflow/example_dags/example_sensors.py for tasks to queue
[2025-06-18T07:59:09.708+0000] {logging_mixin.py:190} INFO - [2025-06-18T07:59:09.707+0000] {dagbag.py:588} INFO - Filling up the DagBag from /home/airflow/.local/lib/python3.12/site-packages/airflow/example_dags/example_sensors.py
[2025-06-18T07:59:09.717+0000] {processor.py:925} INFO - DAG(s) 'example_sensors' retrieved from /home/airflow/.local/lib/python3.12/site-packages/airflow/example_dags/example_sensors.py
[2025-06-18T07:59:09.739+0000] {logging_mixin.py:190} INFO - [2025-06-18T07:59:09.739+0000] {dag.py:3239} INFO - Sync 1 DAGs
[2025-06-18T07:59:09.751+0000] {logging_mixin.py:190} INFO - [2025-06-18T07:59:09.751+0000] {dag.py:4180} INFO - Setting next_dagrun for example_sensors to None, run_after=None
[2025-06-18T07:59:09.767+0000] {processor.py:208} INFO - Processing /home/airflow/.local/lib/python3.12/site-packages/airflow/example_dags/example_sensors.py took 0.067 seconds
[2025-06-18T07:59:40.439+0000] {processor.py:186} INFO - Started process (PID=643) to work on /home/airflow/.local/lib/python3.12/site-packages/airflow/example_dags/example_sensors.py
[2025-06-18T07:59:40.440+0000] {processor.py:914} INFO - Processing file /home/airflow/.local/lib/python3.12/site-packages/airflow/example_dags/example_sensors.py for tasks to queue
[2025-06-18T07:59:40.443+0000] {logging_mixin.py:190} INFO - [2025-06-18T07:59:40.442+0000] {dagbag.py:588} INFO - Filling up the DagBag from /home/airflow/.local/lib/python3.12/site-packages/airflow/example_dags/example_sensors.py
[2025-06-18T07:59:40.452+0000] {processor.py:925} INFO - DAG(s) 'example_sensors' retrieved from /home/airflow/.local/lib/python3.12/site-packages/airflow/example_dags/example_sensors.py
[2025-06-18T07:59:40.473+0000] {logging_mixin.py:190} INFO - [2025-06-18T07:59:40.472+0000] {dag.py:3239} INFO - Sync 1 DAGs
[2025-06-18T07:59:40.485+0000] {logging_mixin.py:190} INFO - [2025-06-18T07:59:40.484+0000] {dag.py:4180} INFO - Setting next_dagrun for example_sensors to None, run_after=None
[2025-06-18T07:59:40.501+0000] {processor.py:208} INFO - Processing /home/airflow/.local/lib/python3.12/site-packages/airflow/example_dags/example_sensors.py took 0.067 seconds
