[2025-06-18T07:55:03.571+0000] {processor.py:186} INFO - Started process (PID=70) to work on /home/airflow/.local/lib/python3.12/site-packages/airflow/example_dags/example_short_circuit_decorator.py
[2025-06-18T07:55:03.572+0000] {processor.py:914} INFO - Processing file /home/airflow/.local/lib/python3.12/site-packages/airflow/example_dags/example_short_circuit_decorator.py for tasks to queue
[2025-06-18T07:55:03.576+0000] {logging_mixin.py:190} INFO - [2025-06-18T07:55:03.576+0000] {dagbag.py:588} INFO - Filling up the DagBag from /home/airflow/.local/lib/python3.12/site-packages/airflow/example_dags/example_short_circuit_decorator.py
[2025-06-18T07:55:03.594+0000] {processor.py:925} INFO - DAG(s) 'example_short_circuit_decorator' retrieved from /home/airflow/.local/lib/python3.12/site-packages/airflow/example_dags/example_short_circuit_decorator.py
[2025-06-18T07:55:03.623+0000] {logging_mixin.py:190} INFO - [2025-06-18T07:55:03.622+0000] {dag.py:3239} INFO - Sync 1 DAGs
[2025-06-18T07:55:03.638+0000] {logging_mixin.py:190} INFO - [2025-06-18T07:55:03.638+0000] {dag.py:4180} INFO - Setting next_dagrun for example_short_circuit_decorator to None, run_after=None
[2025-06-18T07:55:03.659+0000] {processor.py:208} INFO - Processing /home/airflow/.local/lib/python3.12/site-packages/airflow/example_dags/example_short_circuit_decorator.py took 0.095 seconds
[2025-06-18T07:55:34.611+0000] {processor.py:186} INFO - Started process (PID=139) to work on /home/airflow/.local/lib/python3.12/site-packages/airflow/example_dags/example_short_circuit_decorator.py
[2025-06-18T07:55:34.612+0000] {processor.py:914} INFO - Processing file /home/airflow/.local/lib/python3.12/site-packages/airflow/example_dags/example_short_circuit_decorator.py for tasks to queue
[2025-06-18T07:55:34.614+0000] {logging_mixin.py:190} INFO - [2025-06-18T07:55:34.613+0000] {dagbag.py:588} INFO - Filling up the DagBag from /home/airflow/.local/lib/python3.12/site-packages/airflow/example_dags/example_short_circuit_decorator.py
[2025-06-18T07:55:34.622+0000] {processor.py:925} INFO - DAG(s) 'example_short_circuit_decorator' retrieved from /home/airflow/.local/lib/python3.12/site-packages/airflow/example_dags/example_short_circuit_decorator.py
[2025-06-18T07:55:34.643+0000] {logging_mixin.py:190} INFO - [2025-06-18T07:55:34.643+0000] {dag.py:3239} INFO - Sync 1 DAGs
[2025-06-18T07:55:34.657+0000] {logging_mixin.py:190} INFO - [2025-06-18T07:55:34.657+0000] {dag.py:4180} INFO - Setting next_dagrun for example_short_circuit_decorator to None, run_after=None
[2025-06-18T07:55:34.678+0000] {processor.py:208} INFO - Processing /home/airflow/.local/lib/python3.12/site-packages/airflow/example_dags/example_short_circuit_decorator.py took 0.072 seconds
[2025-06-18T07:56:05.800+0000] {processor.py:186} INFO - Started process (PID=202) to work on /home/airflow/.local/lib/python3.12/site-packages/airflow/example_dags/example_short_circuit_decorator.py
[2025-06-18T07:56:05.802+0000] {processor.py:914} INFO - Processing file /home/airflow/.local/lib/python3.12/site-packages/airflow/example_dags/example_short_circuit_decorator.py for tasks to queue
[2025-06-18T07:56:05.804+0000] {logging_mixin.py:190} INFO - [2025-06-18T07:56:05.803+0000] {dagbag.py:588} INFO - Filling up the DagBag from /home/airflow/.local/lib/python3.12/site-packages/airflow/example_dags/example_short_circuit_decorator.py
[2025-06-18T07:56:05.812+0000] {processor.py:925} INFO - DAG(s) 'example_short_circuit_decorator' retrieved from /home/airflow/.local/lib/python3.12/site-packages/airflow/example_dags/example_short_circuit_decorator.py
[2025-06-18T07:56:05.833+0000] {logging_mixin.py:190} INFO - [2025-06-18T07:56:05.833+0000] {dag.py:3239} INFO - Sync 1 DAGs
[2025-06-18T07:56:05.846+0000] {logging_mixin.py:190} INFO - [2025-06-18T07:56:05.845+0000] {dag.py:4180} INFO - Setting next_dagrun for example_short_circuit_decorator to None, run_after=None
[2025-06-18T07:56:05.867+0000] {processor.py:208} INFO - Processing /home/airflow/.local/lib/python3.12/site-packages/airflow/example_dags/example_short_circuit_decorator.py took 0.072 seconds
[2025-06-18T07:56:36.539+0000] {processor.py:186} INFO - Started process (PID=265) to work on /home/airflow/.local/lib/python3.12/site-packages/airflow/example_dags/example_short_circuit_decorator.py
[2025-06-18T07:56:36.540+0000] {processor.py:914} INFO - Processing file /home/airflow/.local/lib/python3.12/site-packages/airflow/example_dags/example_short_circuit_decorator.py for tasks to queue
[2025-06-18T07:56:36.543+0000] {logging_mixin.py:190} INFO - [2025-06-18T07:56:36.543+0000] {dagbag.py:588} INFO - Filling up the DagBag from /home/airflow/.local/lib/python3.12/site-packages/airflow/example_dags/example_short_circuit_decorator.py
[2025-06-18T07:56:36.552+0000] {processor.py:925} INFO - DAG(s) 'example_short_circuit_decorator' retrieved from /home/airflow/.local/lib/python3.12/site-packages/airflow/example_dags/example_short_circuit_decorator.py
[2025-06-18T07:56:36.573+0000] {logging_mixin.py:190} INFO - [2025-06-18T07:56:36.573+0000] {dag.py:3239} INFO - Sync 1 DAGs
[2025-06-18T07:56:36.590+0000] {logging_mixin.py:190} INFO - [2025-06-18T07:56:36.590+0000] {dag.py:4180} INFO - Setting next_dagrun for example_short_circuit_decorator to None, run_after=None
[2025-06-18T07:56:36.611+0000] {processor.py:208} INFO - Processing /home/airflow/.local/lib/python3.12/site-packages/airflow/example_dags/example_short_circuit_decorator.py took 0.079 seconds
[2025-06-18T07:57:07.280+0000] {processor.py:186} INFO - Started process (PID=328) to work on /home/airflow/.local/lib/python3.12/site-packages/airflow/example_dags/example_short_circuit_decorator.py
[2025-06-18T07:57:07.281+0000] {processor.py:914} INFO - Processing file /home/airflow/.local/lib/python3.12/site-packages/airflow/example_dags/example_short_circuit_decorator.py for tasks to queue
[2025-06-18T07:57:07.283+0000] {logging_mixin.py:190} INFO - [2025-06-18T07:57:07.283+0000] {dagbag.py:588} INFO - Filling up the DagBag from /home/airflow/.local/lib/python3.12/site-packages/airflow/example_dags/example_short_circuit_decorator.py
[2025-06-18T07:57:07.293+0000] {processor.py:925} INFO - DAG(s) 'example_short_circuit_decorator' retrieved from /home/airflow/.local/lib/python3.12/site-packages/airflow/example_dags/example_short_circuit_decorator.py
[2025-06-18T07:57:07.314+0000] {logging_mixin.py:190} INFO - [2025-06-18T07:57:07.314+0000] {dag.py:3239} INFO - Sync 1 DAGs
[2025-06-18T07:57:07.326+0000] {logging_mixin.py:190} INFO - [2025-06-18T07:57:07.326+0000] {dag.py:4180} INFO - Setting next_dagrun for example_short_circuit_decorator to None, run_after=None
[2025-06-18T07:57:07.346+0000] {processor.py:208} INFO - Processing /home/airflow/.local/lib/python3.12/site-packages/airflow/example_dags/example_short_circuit_decorator.py took 0.070 seconds
[2025-06-18T07:57:37.741+0000] {processor.py:186} INFO - Started process (PID=390) to work on /home/airflow/.local/lib/python3.12/site-packages/airflow/example_dags/example_short_circuit_decorator.py
[2025-06-18T07:57:37.742+0000] {processor.py:914} INFO - Processing file /home/airflow/.local/lib/python3.12/site-packages/airflow/example_dags/example_short_circuit_decorator.py for tasks to queue
[2025-06-18T07:57:37.745+0000] {logging_mixin.py:190} INFO - [2025-06-18T07:57:37.745+0000] {dagbag.py:588} INFO - Filling up the DagBag from /home/airflow/.local/lib/python3.12/site-packages/airflow/example_dags/example_short_circuit_decorator.py
[2025-06-18T07:57:37.756+0000] {processor.py:925} INFO - DAG(s) 'example_short_circuit_decorator' retrieved from /home/airflow/.local/lib/python3.12/site-packages/airflow/example_dags/example_short_circuit_decorator.py
[2025-06-18T07:57:37.787+0000] {logging_mixin.py:190} INFO - [2025-06-18T07:57:37.787+0000] {dag.py:3239} INFO - Sync 1 DAGs
[2025-06-18T07:57:37.807+0000] {logging_mixin.py:190} INFO - [2025-06-18T07:57:37.806+0000] {dag.py:4180} INFO - Setting next_dagrun for example_short_circuit_decorator to None, run_after=None
[2025-06-18T07:57:37.836+0000] {processor.py:208} INFO - Processing /home/airflow/.local/lib/python3.12/site-packages/airflow/example_dags/example_short_circuit_decorator.py took 0.103 seconds
[2025-06-18T07:58:08.277+0000] {processor.py:186} INFO - Started process (PID=453) to work on /home/airflow/.local/lib/python3.12/site-packages/airflow/example_dags/example_short_circuit_decorator.py
[2025-06-18T07:58:08.278+0000] {processor.py:914} INFO - Processing file /home/airflow/.local/lib/python3.12/site-packages/airflow/example_dags/example_short_circuit_decorator.py for tasks to queue
[2025-06-18T07:58:08.280+0000] {logging_mixin.py:190} INFO - [2025-06-18T07:58:08.280+0000] {dagbag.py:588} INFO - Filling up the DagBag from /home/airflow/.local/lib/python3.12/site-packages/airflow/example_dags/example_short_circuit_decorator.py
[2025-06-18T07:58:08.288+0000] {processor.py:925} INFO - DAG(s) 'example_short_circuit_decorator' retrieved from /home/airflow/.local/lib/python3.12/site-packages/airflow/example_dags/example_short_circuit_decorator.py
[2025-06-18T07:58:08.306+0000] {logging_mixin.py:190} INFO - [2025-06-18T07:58:08.306+0000] {dag.py:3239} INFO - Sync 1 DAGs
[2025-06-18T07:58:08.318+0000] {logging_mixin.py:190} INFO - [2025-06-18T07:58:08.317+0000] {dag.py:4180} INFO - Setting next_dagrun for example_short_circuit_decorator to None, run_after=None
[2025-06-18T07:58:08.334+0000] {processor.py:208} INFO - Processing /home/airflow/.local/lib/python3.12/site-packages/airflow/example_dags/example_short_circuit_decorator.py took 0.061 seconds
[2025-06-18T07:58:38.854+0000] {processor.py:186} INFO - Started process (PID=515) to work on /home/airflow/.local/lib/python3.12/site-packages/airflow/example_dags/example_short_circuit_decorator.py
[2025-06-18T07:58:38.854+0000] {processor.py:914} INFO - Processing file /home/airflow/.local/lib/python3.12/site-packages/airflow/example_dags/example_short_circuit_decorator.py for tasks to queue
[2025-06-18T07:58:38.856+0000] {logging_mixin.py:190} INFO - [2025-06-18T07:58:38.856+0000] {dagbag.py:588} INFO - Filling up the DagBag from /home/airflow/.local/lib/python3.12/site-packages/airflow/example_dags/example_short_circuit_decorator.py
[2025-06-18T07:58:38.864+0000] {processor.py:925} INFO - DAG(s) 'example_short_circuit_decorator' retrieved from /home/airflow/.local/lib/python3.12/site-packages/airflow/example_dags/example_short_circuit_decorator.py
[2025-06-18T07:58:38.883+0000] {logging_mixin.py:190} INFO - [2025-06-18T07:58:38.882+0000] {dag.py:3239} INFO - Sync 1 DAGs
[2025-06-18T07:58:38.894+0000] {logging_mixin.py:190} INFO - [2025-06-18T07:58:38.894+0000] {dag.py:4180} INFO - Setting next_dagrun for example_short_circuit_decorator to None, run_after=None
[2025-06-18T07:58:38.909+0000] {processor.py:208} INFO - Processing /home/airflow/.local/lib/python3.12/site-packages/airflow/example_dags/example_short_circuit_decorator.py took 0.060 seconds
[2025-06-18T07:59:09.623+0000] {processor.py:186} INFO - Started process (PID=578) to work on /home/airflow/.local/lib/python3.12/site-packages/airflow/example_dags/example_short_circuit_decorator.py
[2025-06-18T07:59:09.624+0000] {processor.py:914} INFO - Processing file /home/airflow/.local/lib/python3.12/site-packages/airflow/example_dags/example_short_circuit_decorator.py for tasks to queue
[2025-06-18T07:59:09.627+0000] {logging_mixin.py:190} INFO - [2025-06-18T07:59:09.626+0000] {dagbag.py:588} INFO - Filling up the DagBag from /home/airflow/.local/lib/python3.12/site-packages/airflow/example_dags/example_short_circuit_decorator.py
[2025-06-18T07:59:09.635+0000] {processor.py:925} INFO - DAG(s) 'example_short_circuit_decorator' retrieved from /home/airflow/.local/lib/python3.12/site-packages/airflow/example_dags/example_short_circuit_decorator.py
[2025-06-18T07:59:09.651+0000] {logging_mixin.py:190} INFO - [2025-06-18T07:59:09.651+0000] {dag.py:3239} INFO - Sync 1 DAGs
[2025-06-18T07:59:09.663+0000] {logging_mixin.py:190} INFO - [2025-06-18T07:59:09.663+0000] {dag.py:4180} INFO - Setting next_dagrun for example_short_circuit_decorator to None, run_after=None
[2025-06-18T07:59:09.678+0000] {processor.py:208} INFO - Processing /home/airflow/.local/lib/python3.12/site-packages/airflow/example_dags/example_short_circuit_decorator.py took 0.060 seconds
[2025-06-18T07:59:40.265+0000] {processor.py:186} INFO - Started process (PID=641) to work on /home/airflow/.local/lib/python3.12/site-packages/airflow/example_dags/example_short_circuit_decorator.py
[2025-06-18T07:59:40.266+0000] {processor.py:914} INFO - Processing file /home/airflow/.local/lib/python3.12/site-packages/airflow/example_dags/example_short_circuit_decorator.py for tasks to queue
[2025-06-18T07:59:40.268+0000] {logging_mixin.py:190} INFO - [2025-06-18T07:59:40.268+0000] {dagbag.py:588} INFO - Filling up the DagBag from /home/airflow/.local/lib/python3.12/site-packages/airflow/example_dags/example_short_circuit_decorator.py
[2025-06-18T07:59:40.276+0000] {processor.py:925} INFO - DAG(s) 'example_short_circuit_decorator' retrieved from /home/airflow/.local/lib/python3.12/site-packages/airflow/example_dags/example_short_circuit_decorator.py
[2025-06-18T07:59:40.294+0000] {logging_mixin.py:190} INFO - [2025-06-18T07:59:40.294+0000] {dag.py:3239} INFO - Sync 1 DAGs
[2025-06-18T07:59:40.307+0000] {logging_mixin.py:190} INFO - [2025-06-18T07:59:40.306+0000] {dag.py:4180} INFO - Setting next_dagrun for example_short_circuit_decorator to None, run_after=None
[2025-06-18T07:59:40.322+0000] {processor.py:208} INFO - Processing /home/airflow/.local/lib/python3.12/site-packages/airflow/example_dags/example_short_circuit_decorator.py took 0.062 seconds
