[2025-06-18T07:55:04.248+0000] {processor.py:186} INFO - Started process (PID=83) to work on /home/airflow/.local/lib/python3.12/site-packages/airflow/example_dags/example_outlet_event_extra.py
[2025-06-18T07:55:04.250+0000] {processor.py:914} INFO - Processing file /home/airflow/.local/lib/python3.12/site-packages/airflow/example_dags/example_outlet_event_extra.py for tasks to queue
[2025-06-18T07:55:04.253+0000] {logging_mixin.py:190} INFO - [2025-06-18T07:55:04.252+0000] {dagbag.py:588} INFO - Filling up the DagBag from /home/airflow/.local/lib/python3.12/site-packages/airflow/example_dags/example_outlet_event_extra.py
[2025-06-18T07:55:04.856+0000] {processor.py:925} INFO - DAG(s) 'dataset_with_extra_from_classic_operator', 'dataset_with_extra_by_yield', 'dataset_with_extra_by_context' retrieved from /home/airflow/.local/lib/python3.12/site-packages/airflow/example_dags/example_outlet_event_extra.py
[2025-06-18T07:55:04.882+0000] {logging_mixin.py:190} INFO - [2025-06-18T07:55:04.881+0000] {dag.py:3239} INFO - Sync 3 DAGs
[2025-06-18T07:55:04.904+0000] {logging_mixin.py:190} INFO - [2025-06-18T07:55:04.904+0000] {dag.py:4180} INFO - Setting next_dagrun for dataset_with_extra_by_context to 2025-06-17 00:00:00+00:00, run_after=2025-06-18 00:00:00+00:00
[2025-06-18T07:55:04.909+0000] {logging_mixin.py:190} INFO - [2025-06-18T07:55:04.909+0000] {dag.py:4180} INFO - Setting next_dagrun for dataset_with_extra_by_yield to 2025-06-17 00:00:00+00:00, run_after=2025-06-18 00:00:00+00:00
[2025-06-18T07:55:04.912+0000] {logging_mixin.py:190} INFO - [2025-06-18T07:55:04.912+0000] {dag.py:4180} INFO - Setting next_dagrun for dataset_with_extra_from_classic_operator to 2025-06-17 00:00:00+00:00, run_after=2025-06-18 00:00:00+00:00
[2025-06-18T07:55:04.933+0000] {processor.py:208} INFO - Processing /home/airflow/.local/lib/python3.12/site-packages/airflow/example_dags/example_outlet_event_extra.py took 0.692 seconds
[2025-06-18T07:55:35.022+0000] {processor.py:186} INFO - Started process (PID=146) to work on /home/airflow/.local/lib/python3.12/site-packages/airflow/example_dags/example_outlet_event_extra.py
[2025-06-18T07:55:35.023+0000] {processor.py:914} INFO - Processing file /home/airflow/.local/lib/python3.12/site-packages/airflow/example_dags/example_outlet_event_extra.py for tasks to queue
[2025-06-18T07:55:35.025+0000] {logging_mixin.py:190} INFO - [2025-06-18T07:55:35.025+0000] {dagbag.py:588} INFO - Filling up the DagBag from /home/airflow/.local/lib/python3.12/site-packages/airflow/example_dags/example_outlet_event_extra.py
[2025-06-18T07:55:35.563+0000] {processor.py:925} INFO - DAG(s) 'dataset_with_extra_by_yield', 'dataset_with_extra_by_context', 'dataset_with_extra_from_classic_operator' retrieved from /home/airflow/.local/lib/python3.12/site-packages/airflow/example_dags/example_outlet_event_extra.py
[2025-06-18T07:55:35.585+0000] {logging_mixin.py:190} INFO - [2025-06-18T07:55:35.585+0000] {dag.py:3239} INFO - Sync 3 DAGs
[2025-06-18T07:55:35.611+0000] {logging_mixin.py:190} INFO - [2025-06-18T07:55:35.611+0000] {dag.py:4180} INFO - Setting next_dagrun for dataset_with_extra_by_context to 2025-06-17 00:00:00+00:00, run_after=2025-06-18 00:00:00+00:00
[2025-06-18T07:55:35.616+0000] {logging_mixin.py:190} INFO - [2025-06-18T07:55:35.616+0000] {dag.py:4180} INFO - Setting next_dagrun for dataset_with_extra_by_yield to 2025-06-17 00:00:00+00:00, run_after=2025-06-18 00:00:00+00:00
[2025-06-18T07:55:35.619+0000] {logging_mixin.py:190} INFO - [2025-06-18T07:55:35.618+0000] {dag.py:4180} INFO - Setting next_dagrun for dataset_with_extra_from_classic_operator to 2025-06-17 00:00:00+00:00, run_after=2025-06-18 00:00:00+00:00
[2025-06-18T07:55:35.640+0000] {processor.py:208} INFO - Processing /home/airflow/.local/lib/python3.12/site-packages/airflow/example_dags/example_outlet_event_extra.py took 0.624 seconds
[2025-06-18T07:56:06.314+0000] {processor.py:186} INFO - Started process (PID=209) to work on /home/airflow/.local/lib/python3.12/site-packages/airflow/example_dags/example_outlet_event_extra.py
[2025-06-18T07:56:06.316+0000] {processor.py:914} INFO - Processing file /home/airflow/.local/lib/python3.12/site-packages/airflow/example_dags/example_outlet_event_extra.py for tasks to queue
[2025-06-18T07:56:06.319+0000] {logging_mixin.py:190} INFO - [2025-06-18T07:56:06.319+0000] {dagbag.py:588} INFO - Filling up the DagBag from /home/airflow/.local/lib/python3.12/site-packages/airflow/example_dags/example_outlet_event_extra.py
[2025-06-18T07:56:06.918+0000] {processor.py:925} INFO - DAG(s) 'dataset_with_extra_by_yield', 'dataset_with_extra_from_classic_operator', 'dataset_with_extra_by_context' retrieved from /home/airflow/.local/lib/python3.12/site-packages/airflow/example_dags/example_outlet_event_extra.py
[2025-06-18T07:56:06.946+0000] {logging_mixin.py:190} INFO - [2025-06-18T07:56:06.945+0000] {dag.py:3239} INFO - Sync 3 DAGs
[2025-06-18T07:56:06.971+0000] {logging_mixin.py:190} INFO - [2025-06-18T07:56:06.971+0000] {dag.py:4180} INFO - Setting next_dagrun for dataset_with_extra_by_context to 2025-06-17 00:00:00+00:00, run_after=2025-06-18 00:00:00+00:00
[2025-06-18T07:56:06.977+0000] {logging_mixin.py:190} INFO - [2025-06-18T07:56:06.977+0000] {dag.py:4180} INFO - Setting next_dagrun for dataset_with_extra_by_yield to 2025-06-17 00:00:00+00:00, run_after=2025-06-18 00:00:00+00:00
[2025-06-18T07:56:06.981+0000] {logging_mixin.py:190} INFO - [2025-06-18T07:56:06.980+0000] {dag.py:4180} INFO - Setting next_dagrun for dataset_with_extra_from_classic_operator to 2025-06-17 00:00:00+00:00, run_after=2025-06-18 00:00:00+00:00
[2025-06-18T07:56:07.002+0000] {processor.py:208} INFO - Processing /home/airflow/.local/lib/python3.12/site-packages/airflow/example_dags/example_outlet_event_extra.py took 0.693 seconds
[2025-06-18T07:56:37.117+0000] {processor.py:186} INFO - Started process (PID=273) to work on /home/airflow/.local/lib/python3.12/site-packages/airflow/example_dags/example_outlet_event_extra.py
[2025-06-18T07:56:37.118+0000] {processor.py:914} INFO - Processing file /home/airflow/.local/lib/python3.12/site-packages/airflow/example_dags/example_outlet_event_extra.py for tasks to queue
[2025-06-18T07:56:37.121+0000] {logging_mixin.py:190} INFO - [2025-06-18T07:56:37.120+0000] {dagbag.py:588} INFO - Filling up the DagBag from /home/airflow/.local/lib/python3.12/site-packages/airflow/example_dags/example_outlet_event_extra.py
[2025-06-18T07:56:37.794+0000] {processor.py:925} INFO - DAG(s) 'dataset_with_extra_by_context', 'dataset_with_extra_by_yield', 'dataset_with_extra_from_classic_operator' retrieved from /home/airflow/.local/lib/python3.12/site-packages/airflow/example_dags/example_outlet_event_extra.py
[2025-06-18T07:56:37.820+0000] {logging_mixin.py:190} INFO - [2025-06-18T07:56:37.819+0000] {dag.py:3239} INFO - Sync 3 DAGs
[2025-06-18T07:56:37.844+0000] {logging_mixin.py:190} INFO - [2025-06-18T07:56:37.844+0000] {dag.py:4180} INFO - Setting next_dagrun for dataset_with_extra_by_context to 2025-06-17 00:00:00+00:00, run_after=2025-06-18 00:00:00+00:00
[2025-06-18T07:56:37.850+0000] {logging_mixin.py:190} INFO - [2025-06-18T07:56:37.850+0000] {dag.py:4180} INFO - Setting next_dagrun for dataset_with_extra_by_yield to 2025-06-17 00:00:00+00:00, run_after=2025-06-18 00:00:00+00:00
[2025-06-18T07:56:37.853+0000] {logging_mixin.py:190} INFO - [2025-06-18T07:56:37.853+0000] {dag.py:4180} INFO - Setting next_dagrun for dataset_with_extra_from_classic_operator to 2025-06-17 00:00:00+00:00, run_after=2025-06-18 00:00:00+00:00
[2025-06-18T07:56:37.877+0000] {processor.py:208} INFO - Processing /home/airflow/.local/lib/python3.12/site-packages/airflow/example_dags/example_outlet_event_extra.py took 0.765 seconds
[2025-06-18T07:57:08.226+0000] {processor.py:186} INFO - Started process (PID=338) to work on /home/airflow/.local/lib/python3.12/site-packages/airflow/example_dags/example_outlet_event_extra.py
[2025-06-18T07:57:08.227+0000] {processor.py:914} INFO - Processing file /home/airflow/.local/lib/python3.12/site-packages/airflow/example_dags/example_outlet_event_extra.py for tasks to queue
[2025-06-18T07:57:08.229+0000] {logging_mixin.py:190} INFO - [2025-06-18T07:57:08.229+0000] {dagbag.py:588} INFO - Filling up the DagBag from /home/airflow/.local/lib/python3.12/site-packages/airflow/example_dags/example_outlet_event_extra.py
[2025-06-18T07:57:08.717+0000] {processor.py:925} INFO - DAG(s) 'dataset_with_extra_from_classic_operator', 'dataset_with_extra_by_context', 'dataset_with_extra_by_yield' retrieved from /home/airflow/.local/lib/python3.12/site-packages/airflow/example_dags/example_outlet_event_extra.py
[2025-06-18T07:57:08.740+0000] {logging_mixin.py:190} INFO - [2025-06-18T07:57:08.740+0000] {dag.py:3239} INFO - Sync 3 DAGs
[2025-06-18T07:57:08.761+0000] {logging_mixin.py:190} INFO - [2025-06-18T07:57:08.761+0000] {dag.py:4180} INFO - Setting next_dagrun for dataset_with_extra_by_context to 2025-06-17 00:00:00+00:00, run_after=2025-06-18 00:00:00+00:00
[2025-06-18T07:57:08.766+0000] {logging_mixin.py:190} INFO - [2025-06-18T07:57:08.766+0000] {dag.py:4180} INFO - Setting next_dagrun for dataset_with_extra_by_yield to 2025-06-17 00:00:00+00:00, run_after=2025-06-18 00:00:00+00:00
[2025-06-18T07:57:08.769+0000] {logging_mixin.py:190} INFO - [2025-06-18T07:57:08.768+0000] {dag.py:4180} INFO - Setting next_dagrun for dataset_with_extra_from_classic_operator to 2025-06-17 00:00:00+00:00, run_after=2025-06-18 00:00:00+00:00
[2025-06-18T07:57:08.790+0000] {processor.py:208} INFO - Processing /home/airflow/.local/lib/python3.12/site-packages/airflow/example_dags/example_outlet_event_extra.py took 0.570 seconds
[2025-06-18T07:57:38.848+0000] {processor.py:186} INFO - Started process (PID=403) to work on /home/airflow/.local/lib/python3.12/site-packages/airflow/example_dags/example_outlet_event_extra.py
[2025-06-18T07:57:38.849+0000] {processor.py:914} INFO - Processing file /home/airflow/.local/lib/python3.12/site-packages/airflow/example_dags/example_outlet_event_extra.py for tasks to queue
[2025-06-18T07:57:38.851+0000] {logging_mixin.py:190} INFO - [2025-06-18T07:57:38.851+0000] {dagbag.py:588} INFO - Filling up the DagBag from /home/airflow/.local/lib/python3.12/site-packages/airflow/example_dags/example_outlet_event_extra.py
[2025-06-18T07:57:39.431+0000] {processor.py:925} INFO - DAG(s) 'dataset_with_extra_from_classic_operator', 'dataset_with_extra_by_yield', 'dataset_with_extra_by_context' retrieved from /home/airflow/.local/lib/python3.12/site-packages/airflow/example_dags/example_outlet_event_extra.py
[2025-06-18T07:57:39.458+0000] {logging_mixin.py:190} INFO - [2025-06-18T07:57:39.458+0000] {dag.py:3239} INFO - Sync 3 DAGs
[2025-06-18T07:57:39.483+0000] {logging_mixin.py:190} INFO - [2025-06-18T07:57:39.483+0000] {dag.py:4180} INFO - Setting next_dagrun for dataset_with_extra_by_context to 2025-06-17 00:00:00+00:00, run_after=2025-06-18 00:00:00+00:00
[2025-06-18T07:57:39.490+0000] {logging_mixin.py:190} INFO - [2025-06-18T07:57:39.490+0000] {dag.py:4180} INFO - Setting next_dagrun for dataset_with_extra_by_yield to 2025-06-17 00:00:00+00:00, run_after=2025-06-18 00:00:00+00:00
[2025-06-18T07:57:39.493+0000] {logging_mixin.py:190} INFO - [2025-06-18T07:57:39.493+0000] {dag.py:4180} INFO - Setting next_dagrun for dataset_with_extra_from_classic_operator to 2025-06-17 00:00:00+00:00, run_after=2025-06-18 00:00:00+00:00
[2025-06-18T07:57:39.517+0000] {processor.py:208} INFO - Processing /home/airflow/.local/lib/python3.12/site-packages/airflow/example_dags/example_outlet_event_extra.py took 0.673 seconds
[2025-06-18T07:58:10.059+0000] {processor.py:186} INFO - Started process (PID=467) to work on /home/airflow/.local/lib/python3.12/site-packages/airflow/example_dags/example_outlet_event_extra.py
[2025-06-18T07:58:10.061+0000] {processor.py:914} INFO - Processing file /home/airflow/.local/lib/python3.12/site-packages/airflow/example_dags/example_outlet_event_extra.py for tasks to queue
[2025-06-18T07:58:10.063+0000] {logging_mixin.py:190} INFO - [2025-06-18T07:58:10.063+0000] {dagbag.py:588} INFO - Filling up the DagBag from /home/airflow/.local/lib/python3.12/site-packages/airflow/example_dags/example_outlet_event_extra.py
[2025-06-18T07:58:10.767+0000] {processor.py:925} INFO - DAG(s) 'dataset_with_extra_from_classic_operator', 'dataset_with_extra_by_yield', 'dataset_with_extra_by_context' retrieved from /home/airflow/.local/lib/python3.12/site-packages/airflow/example_dags/example_outlet_event_extra.py
[2025-06-18T07:58:10.788+0000] {logging_mixin.py:190} INFO - [2025-06-18T07:58:10.788+0000] {dag.py:3239} INFO - Sync 3 DAGs
[2025-06-18T07:58:10.810+0000] {logging_mixin.py:190} INFO - [2025-06-18T07:58:10.809+0000] {dag.py:4180} INFO - Setting next_dagrun for dataset_with_extra_by_context to 2025-06-17 00:00:00+00:00, run_after=2025-06-18 00:00:00+00:00
[2025-06-18T07:58:10.814+0000] {logging_mixin.py:190} INFO - [2025-06-18T07:58:10.814+0000] {dag.py:4180} INFO - Setting next_dagrun for dataset_with_extra_by_yield to 2025-06-17 00:00:00+00:00, run_after=2025-06-18 00:00:00+00:00
[2025-06-18T07:58:10.817+0000] {logging_mixin.py:190} INFO - [2025-06-18T07:58:10.817+0000] {dag.py:4180} INFO - Setting next_dagrun for dataset_with_extra_from_classic_operator to 2025-06-17 00:00:00+00:00, run_after=2025-06-18 00:00:00+00:00
[2025-06-18T07:58:10.837+0000] {processor.py:208} INFO - Processing /home/airflow/.local/lib/python3.12/site-packages/airflow/example_dags/example_outlet_event_extra.py took 0.786 seconds
[2025-06-18T07:58:41.071+0000] {processor.py:186} INFO - Started process (PID=533) to work on /home/airflow/.local/lib/python3.12/site-packages/airflow/example_dags/example_outlet_event_extra.py
[2025-06-18T07:58:41.072+0000] {processor.py:914} INFO - Processing file /home/airflow/.local/lib/python3.12/site-packages/airflow/example_dags/example_outlet_event_extra.py for tasks to queue
[2025-06-18T07:58:41.074+0000] {logging_mixin.py:190} INFO - [2025-06-18T07:58:41.074+0000] {dagbag.py:588} INFO - Filling up the DagBag from /home/airflow/.local/lib/python3.12/site-packages/airflow/example_dags/example_outlet_event_extra.py
[2025-06-18T07:58:41.531+0000] {processor.py:925} INFO - DAG(s) 'dataset_with_extra_by_context', 'dataset_with_extra_by_yield', 'dataset_with_extra_from_classic_operator' retrieved from /home/airflow/.local/lib/python3.12/site-packages/airflow/example_dags/example_outlet_event_extra.py
[2025-06-18T07:58:41.553+0000] {logging_mixin.py:190} INFO - [2025-06-18T07:58:41.553+0000] {dag.py:3239} INFO - Sync 3 DAGs
[2025-06-18T07:58:41.576+0000] {logging_mixin.py:190} INFO - [2025-06-18T07:58:41.575+0000] {dag.py:4180} INFO - Setting next_dagrun for dataset_with_extra_by_context to 2025-06-17 00:00:00+00:00, run_after=2025-06-18 00:00:00+00:00
[2025-06-18T07:58:41.581+0000] {logging_mixin.py:190} INFO - [2025-06-18T07:58:41.581+0000] {dag.py:4180} INFO - Setting next_dagrun for dataset_with_extra_by_yield to 2025-06-17 00:00:00+00:00, run_after=2025-06-18 00:00:00+00:00
[2025-06-18T07:58:41.585+0000] {logging_mixin.py:190} INFO - [2025-06-18T07:58:41.584+0000] {dag.py:4180} INFO - Setting next_dagrun for dataset_with_extra_from_classic_operator to 2025-06-17 00:00:00+00:00, run_after=2025-06-18 00:00:00+00:00
[2025-06-18T07:58:41.606+0000] {processor.py:208} INFO - Processing /home/airflow/.local/lib/python3.12/site-packages/airflow/example_dags/example_outlet_event_extra.py took 0.540 seconds
[2025-06-18T07:59:11.674+0000] {processor.py:186} INFO - Started process (PID=598) to work on /home/airflow/.local/lib/python3.12/site-packages/airflow/example_dags/example_outlet_event_extra.py
[2025-06-18T07:59:11.675+0000] {processor.py:914} INFO - Processing file /home/airflow/.local/lib/python3.12/site-packages/airflow/example_dags/example_outlet_event_extra.py for tasks to queue
[2025-06-18T07:59:11.677+0000] {logging_mixin.py:190} INFO - [2025-06-18T07:59:11.677+0000] {dagbag.py:588} INFO - Filling up the DagBag from /home/airflow/.local/lib/python3.12/site-packages/airflow/example_dags/example_outlet_event_extra.py
[2025-06-18T07:59:12.126+0000] {processor.py:925} INFO - DAG(s) 'dataset_with_extra_by_yield', 'dataset_with_extra_from_classic_operator', 'dataset_with_extra_by_context' retrieved from /home/airflow/.local/lib/python3.12/site-packages/airflow/example_dags/example_outlet_event_extra.py
[2025-06-18T07:59:12.146+0000] {logging_mixin.py:190} INFO - [2025-06-18T07:59:12.146+0000] {dag.py:3239} INFO - Sync 3 DAGs
[2025-06-18T07:59:12.167+0000] {logging_mixin.py:190} INFO - [2025-06-18T07:59:12.167+0000] {dag.py:4180} INFO - Setting next_dagrun for dataset_with_extra_by_context to 2025-06-17 00:00:00+00:00, run_after=2025-06-18 00:00:00+00:00
[2025-06-18T07:59:12.171+0000] {logging_mixin.py:190} INFO - [2025-06-18T07:59:12.171+0000] {dag.py:4180} INFO - Setting next_dagrun for dataset_with_extra_by_yield to 2025-06-17 00:00:00+00:00, run_after=2025-06-18 00:00:00+00:00
[2025-06-18T07:59:12.173+0000] {logging_mixin.py:190} INFO - [2025-06-18T07:59:12.173+0000] {dag.py:4180} INFO - Setting next_dagrun for dataset_with_extra_from_classic_operator to 2025-06-17 00:00:00+00:00, run_after=2025-06-18 00:00:00+00:00
[2025-06-18T07:59:12.190+0000] {processor.py:208} INFO - Processing /home/airflow/.local/lib/python3.12/site-packages/airflow/example_dags/example_outlet_event_extra.py took 0.522 seconds
[2025-06-18T07:59:42.281+0000] {processor.py:186} INFO - Started process (PID=661) to work on /home/airflow/.local/lib/python3.12/site-packages/airflow/example_dags/example_outlet_event_extra.py
[2025-06-18T07:59:42.282+0000] {processor.py:914} INFO - Processing file /home/airflow/.local/lib/python3.12/site-packages/airflow/example_dags/example_outlet_event_extra.py for tasks to queue
[2025-06-18T07:59:42.285+0000] {logging_mixin.py:190} INFO - [2025-06-18T07:59:42.285+0000] {dagbag.py:588} INFO - Filling up the DagBag from /home/airflow/.local/lib/python3.12/site-packages/airflow/example_dags/example_outlet_event_extra.py
[2025-06-18T07:59:42.746+0000] {processor.py:925} INFO - DAG(s) 'dataset_with_extra_by_context', 'dataset_with_extra_by_yield', 'dataset_with_extra_from_classic_operator' retrieved from /home/airflow/.local/lib/python3.12/site-packages/airflow/example_dags/example_outlet_event_extra.py
[2025-06-18T07:59:42.768+0000] {logging_mixin.py:190} INFO - [2025-06-18T07:59:42.768+0000] {dag.py:3239} INFO - Sync 3 DAGs
[2025-06-18T07:59:42.788+0000] {logging_mixin.py:190} INFO - [2025-06-18T07:59:42.787+0000] {dag.py:4180} INFO - Setting next_dagrun for dataset_with_extra_by_context to 2025-06-17 00:00:00+00:00, run_after=2025-06-18 00:00:00+00:00
[2025-06-18T07:59:42.793+0000] {logging_mixin.py:190} INFO - [2025-06-18T07:59:42.793+0000] {dag.py:4180} INFO - Setting next_dagrun for dataset_with_extra_by_yield to 2025-06-17 00:00:00+00:00, run_after=2025-06-18 00:00:00+00:00
[2025-06-18T07:59:42.796+0000] {logging_mixin.py:190} INFO - [2025-06-18T07:59:42.796+0000] {dag.py:4180} INFO - Setting next_dagrun for dataset_with_extra_from_classic_operator to 2025-06-17 00:00:00+00:00, run_after=2025-06-18 00:00:00+00:00
[2025-06-18T07:59:42.818+0000] {processor.py:208} INFO - Processing /home/airflow/.local/lib/python3.12/site-packages/airflow/example_dags/example_outlet_event_extra.py took 0.542 seconds
