[2025-06-18T07:55:05.061+0000] {processor.py:186} INFO - Started process (PID=88) to work on /home/airflow/.local/lib/python3.12/site-packages/airflow/example_dags/example_trigger_target_dag.py
[2025-06-18T07:55:05.063+0000] {processor.py:914} INFO - Processing file /home/airflow/.local/lib/python3.12/site-packages/airflow/example_dags/example_trigger_target_dag.py for tasks to queue
[2025-06-18T07:55:05.065+0000] {logging_mixin.py:190} INFO - [2025-06-18T07:55:05.065+0000] {dagbag.py:588} INFO - Filling up the DagBag from /home/airflow/.local/lib/python3.12/site-packages/airflow/example_dags/example_trigger_target_dag.py
[2025-06-18T07:55:05.074+0000] {processor.py:925} INFO - DAG(s) 'example_trigger_target_dag' retrieved from /home/airflow/.local/lib/python3.12/site-packages/airflow/example_dags/example_trigger_target_dag.py
[2025-06-18T07:55:05.097+0000] {logging_mixin.py:190} INFO - [2025-06-18T07:55:05.096+0000] {dag.py:3239} INFO - Sync 1 DAGs
[2025-06-18T07:55:05.113+0000] {logging_mixin.py:190} INFO - [2025-06-18T07:55:05.112+0000] {dag.py:4180} INFO - Setting next_dagrun for example_trigger_target_dag to None, run_after=None
[2025-06-18T07:55:05.134+0000] {processor.py:208} INFO - Processing /home/airflow/.local/lib/python3.12/site-packages/airflow/example_dags/example_trigger_target_dag.py took 0.080 seconds
[2025-06-18T07:55:35.883+0000] {processor.py:186} INFO - Started process (PID=151) to work on /home/airflow/.local/lib/python3.12/site-packages/airflow/example_dags/example_trigger_target_dag.py
[2025-06-18T07:55:35.884+0000] {processor.py:914} INFO - Processing file /home/airflow/.local/lib/python3.12/site-packages/airflow/example_dags/example_trigger_target_dag.py for tasks to queue
[2025-06-18T07:55:35.887+0000] {logging_mixin.py:190} INFO - [2025-06-18T07:55:35.887+0000] {dagbag.py:588} INFO - Filling up the DagBag from /home/airflow/.local/lib/python3.12/site-packages/airflow/example_dags/example_trigger_target_dag.py
[2025-06-18T07:55:35.896+0000] {processor.py:925} INFO - DAG(s) 'example_trigger_target_dag' retrieved from /home/airflow/.local/lib/python3.12/site-packages/airflow/example_dags/example_trigger_target_dag.py
[2025-06-18T07:55:35.917+0000] {logging_mixin.py:190} INFO - [2025-06-18T07:55:35.916+0000] {dag.py:3239} INFO - Sync 1 DAGs
[2025-06-18T07:55:35.933+0000] {logging_mixin.py:190} INFO - [2025-06-18T07:55:35.932+0000] {dag.py:4180} INFO - Setting next_dagrun for example_trigger_target_dag to None, run_after=None
[2025-06-18T07:55:35.953+0000] {processor.py:208} INFO - Processing /home/airflow/.local/lib/python3.12/site-packages/airflow/example_dags/example_trigger_target_dag.py took 0.077 seconds
[2025-06-18T07:56:07.057+0000] {processor.py:186} INFO - Started process (PID=214) to work on /home/airflow/.local/lib/python3.12/site-packages/airflow/example_dags/example_trigger_target_dag.py
[2025-06-18T07:56:07.059+0000] {processor.py:914} INFO - Processing file /home/airflow/.local/lib/python3.12/site-packages/airflow/example_dags/example_trigger_target_dag.py for tasks to queue
[2025-06-18T07:56:07.061+0000] {logging_mixin.py:190} INFO - [2025-06-18T07:56:07.061+0000] {dagbag.py:588} INFO - Filling up the DagBag from /home/airflow/.local/lib/python3.12/site-packages/airflow/example_dags/example_trigger_target_dag.py
[2025-06-18T07:56:07.069+0000] {processor.py:925} INFO - DAG(s) 'example_trigger_target_dag' retrieved from /home/airflow/.local/lib/python3.12/site-packages/airflow/example_dags/example_trigger_target_dag.py
[2025-06-18T07:56:07.088+0000] {logging_mixin.py:190} INFO - [2025-06-18T07:56:07.088+0000] {dag.py:3239} INFO - Sync 1 DAGs
[2025-06-18T07:56:07.102+0000] {logging_mixin.py:190} INFO - [2025-06-18T07:56:07.101+0000] {dag.py:4180} INFO - Setting next_dagrun for example_trigger_target_dag to None, run_after=None
[2025-06-18T07:56:07.119+0000] {processor.py:208} INFO - Processing /home/airflow/.local/lib/python3.12/site-packages/airflow/example_dags/example_trigger_target_dag.py took 0.067 seconds
[2025-06-18T07:56:37.918+0000] {processor.py:186} INFO - Started process (PID=277) to work on /home/airflow/.local/lib/python3.12/site-packages/airflow/example_dags/example_trigger_target_dag.py
[2025-06-18T07:56:37.919+0000] {processor.py:914} INFO - Processing file /home/airflow/.local/lib/python3.12/site-packages/airflow/example_dags/example_trigger_target_dag.py for tasks to queue
[2025-06-18T07:56:37.922+0000] {logging_mixin.py:190} INFO - [2025-06-18T07:56:37.921+0000] {dagbag.py:588} INFO - Filling up the DagBag from /home/airflow/.local/lib/python3.12/site-packages/airflow/example_dags/example_trigger_target_dag.py
[2025-06-18T07:56:37.931+0000] {processor.py:925} INFO - DAG(s) 'example_trigger_target_dag' retrieved from /home/airflow/.local/lib/python3.12/site-packages/airflow/example_dags/example_trigger_target_dag.py
[2025-06-18T07:56:37.951+0000] {logging_mixin.py:190} INFO - [2025-06-18T07:56:37.951+0000] {dag.py:3239} INFO - Sync 1 DAGs
[2025-06-18T07:56:37.967+0000] {logging_mixin.py:190} INFO - [2025-06-18T07:56:37.967+0000] {dag.py:4180} INFO - Setting next_dagrun for example_trigger_target_dag to None, run_after=None
[2025-06-18T07:56:37.986+0000] {processor.py:208} INFO - Processing /home/airflow/.local/lib/python3.12/site-packages/airflow/example_dags/example_trigger_target_dag.py took 0.074 seconds
[2025-06-18T07:57:08.576+0000] {processor.py:186} INFO - Started process (PID=340) to work on /home/airflow/.local/lib/python3.12/site-packages/airflow/example_dags/example_trigger_target_dag.py
[2025-06-18T07:57:08.577+0000] {processor.py:914} INFO - Processing file /home/airflow/.local/lib/python3.12/site-packages/airflow/example_dags/example_trigger_target_dag.py for tasks to queue
[2025-06-18T07:57:08.579+0000] {logging_mixin.py:190} INFO - [2025-06-18T07:57:08.579+0000] {dagbag.py:588} INFO - Filling up the DagBag from /home/airflow/.local/lib/python3.12/site-packages/airflow/example_dags/example_trigger_target_dag.py
[2025-06-18T07:57:08.586+0000] {processor.py:925} INFO - DAG(s) 'example_trigger_target_dag' retrieved from /home/airflow/.local/lib/python3.12/site-packages/airflow/example_dags/example_trigger_target_dag.py
[2025-06-18T07:57:08.604+0000] {logging_mixin.py:190} INFO - [2025-06-18T07:57:08.604+0000] {dag.py:3239} INFO - Sync 1 DAGs
[2025-06-18T07:57:08.616+0000] {logging_mixin.py:190} INFO - [2025-06-18T07:57:08.616+0000] {dag.py:4180} INFO - Setting next_dagrun for example_trigger_target_dag to None, run_after=None
[2025-06-18T07:57:08.633+0000] {processor.py:208} INFO - Processing /home/airflow/.local/lib/python3.12/site-packages/airflow/example_dags/example_trigger_target_dag.py took 0.062 seconds
[2025-06-18T07:57:38.761+0000] {processor.py:186} INFO - Started process (PID=402) to work on /home/airflow/.local/lib/python3.12/site-packages/airflow/example_dags/example_trigger_target_dag.py
[2025-06-18T07:57:38.762+0000] {processor.py:914} INFO - Processing file /home/airflow/.local/lib/python3.12/site-packages/airflow/example_dags/example_trigger_target_dag.py for tasks to queue
[2025-06-18T07:57:38.765+0000] {logging_mixin.py:190} INFO - [2025-06-18T07:57:38.765+0000] {dagbag.py:588} INFO - Filling up the DagBag from /home/airflow/.local/lib/python3.12/site-packages/airflow/example_dags/example_trigger_target_dag.py
[2025-06-18T07:57:38.772+0000] {processor.py:925} INFO - DAG(s) 'example_trigger_target_dag' retrieved from /home/airflow/.local/lib/python3.12/site-packages/airflow/example_dags/example_trigger_target_dag.py
[2025-06-18T07:57:38.791+0000] {logging_mixin.py:190} INFO - [2025-06-18T07:57:38.791+0000] {dag.py:3239} INFO - Sync 1 DAGs
[2025-06-18T07:57:38.805+0000] {logging_mixin.py:190} INFO - [2025-06-18T07:57:38.805+0000] {dag.py:4180} INFO - Setting next_dagrun for example_trigger_target_dag to None, run_after=None
[2025-06-18T07:57:38.822+0000] {processor.py:208} INFO - Processing /home/airflow/.local/lib/python3.12/site-packages/airflow/example_dags/example_trigger_target_dag.py took 0.067 seconds
[2025-06-18T07:58:09.366+0000] {processor.py:186} INFO - Started process (PID=464) to work on /home/airflow/.local/lib/python3.12/site-packages/airflow/example_dags/example_trigger_target_dag.py
[2025-06-18T07:58:09.367+0000] {processor.py:914} INFO - Processing file /home/airflow/.local/lib/python3.12/site-packages/airflow/example_dags/example_trigger_target_dag.py for tasks to queue
[2025-06-18T07:58:09.370+0000] {logging_mixin.py:190} INFO - [2025-06-18T07:58:09.370+0000] {dagbag.py:588} INFO - Filling up the DagBag from /home/airflow/.local/lib/python3.12/site-packages/airflow/example_dags/example_trigger_target_dag.py
[2025-06-18T07:58:09.378+0000] {processor.py:925} INFO - DAG(s) 'example_trigger_target_dag' retrieved from /home/airflow/.local/lib/python3.12/site-packages/airflow/example_dags/example_trigger_target_dag.py
[2025-06-18T07:58:09.394+0000] {logging_mixin.py:190} INFO - [2025-06-18T07:58:09.394+0000] {dag.py:3239} INFO - Sync 1 DAGs
[2025-06-18T07:58:09.407+0000] {logging_mixin.py:190} INFO - [2025-06-18T07:58:09.407+0000] {dag.py:4180} INFO - Setting next_dagrun for example_trigger_target_dag to None, run_after=None
[2025-06-18T07:58:09.424+0000] {processor.py:208} INFO - Processing /home/airflow/.local/lib/python3.12/site-packages/airflow/example_dags/example_trigger_target_dag.py took 0.063 seconds
[2025-06-18T07:58:40.480+0000] {processor.py:186} INFO - Started process (PID=527) to work on /home/airflow/.local/lib/python3.12/site-packages/airflow/example_dags/example_trigger_target_dag.py
[2025-06-18T07:58:40.481+0000] {processor.py:914} INFO - Processing file /home/airflow/.local/lib/python3.12/site-packages/airflow/example_dags/example_trigger_target_dag.py for tasks to queue
[2025-06-18T07:58:40.483+0000] {logging_mixin.py:190} INFO - [2025-06-18T07:58:40.483+0000] {dagbag.py:588} INFO - Filling up the DagBag from /home/airflow/.local/lib/python3.12/site-packages/airflow/example_dags/example_trigger_target_dag.py
[2025-06-18T07:58:40.490+0000] {processor.py:925} INFO - DAG(s) 'example_trigger_target_dag' retrieved from /home/airflow/.local/lib/python3.12/site-packages/airflow/example_dags/example_trigger_target_dag.py
[2025-06-18T07:58:40.506+0000] {logging_mixin.py:190} INFO - [2025-06-18T07:58:40.506+0000] {dag.py:3239} INFO - Sync 1 DAGs
[2025-06-18T07:58:40.519+0000] {logging_mixin.py:190} INFO - [2025-06-18T07:58:40.519+0000] {dag.py:4180} INFO - Setting next_dagrun for example_trigger_target_dag to None, run_after=None
[2025-06-18T07:58:40.539+0000] {processor.py:208} INFO - Processing /home/airflow/.local/lib/python3.12/site-packages/airflow/example_dags/example_trigger_target_dag.py took 0.065 seconds
[2025-06-18T07:59:11.107+0000] {processor.py:186} INFO - Started process (PID=590) to work on /home/airflow/.local/lib/python3.12/site-packages/airflow/example_dags/example_trigger_target_dag.py
[2025-06-18T07:59:11.108+0000] {processor.py:914} INFO - Processing file /home/airflow/.local/lib/python3.12/site-packages/airflow/example_dags/example_trigger_target_dag.py for tasks to queue
[2025-06-18T07:59:11.110+0000] {logging_mixin.py:190} INFO - [2025-06-18T07:59:11.110+0000] {dagbag.py:588} INFO - Filling up the DagBag from /home/airflow/.local/lib/python3.12/site-packages/airflow/example_dags/example_trigger_target_dag.py
[2025-06-18T07:59:11.117+0000] {processor.py:925} INFO - DAG(s) 'example_trigger_target_dag' retrieved from /home/airflow/.local/lib/python3.12/site-packages/airflow/example_dags/example_trigger_target_dag.py
[2025-06-18T07:59:11.133+0000] {logging_mixin.py:190} INFO - [2025-06-18T07:59:11.133+0000] {dag.py:3239} INFO - Sync 1 DAGs
[2025-06-18T07:59:11.145+0000] {logging_mixin.py:190} INFO - [2025-06-18T07:59:11.144+0000] {dag.py:4180} INFO - Setting next_dagrun for example_trigger_target_dag to None, run_after=None
[2025-06-18T07:59:11.161+0000] {processor.py:208} INFO - Processing /home/airflow/.local/lib/python3.12/site-packages/airflow/example_dags/example_trigger_target_dag.py took 0.059 seconds
[2025-06-18T07:59:41.492+0000] {processor.py:186} INFO - Started process (PID=653) to work on /home/airflow/.local/lib/python3.12/site-packages/airflow/example_dags/example_trigger_target_dag.py
[2025-06-18T07:59:41.493+0000] {processor.py:914} INFO - Processing file /home/airflow/.local/lib/python3.12/site-packages/airflow/example_dags/example_trigger_target_dag.py for tasks to queue
[2025-06-18T07:59:41.496+0000] {logging_mixin.py:190} INFO - [2025-06-18T07:59:41.496+0000] {dagbag.py:588} INFO - Filling up the DagBag from /home/airflow/.local/lib/python3.12/site-packages/airflow/example_dags/example_trigger_target_dag.py
[2025-06-18T07:59:41.506+0000] {processor.py:925} INFO - DAG(s) 'example_trigger_target_dag' retrieved from /home/airflow/.local/lib/python3.12/site-packages/airflow/example_dags/example_trigger_target_dag.py
[2025-06-18T07:59:41.529+0000] {logging_mixin.py:190} INFO - [2025-06-18T07:59:41.529+0000] {dag.py:3239} INFO - Sync 1 DAGs
[2025-06-18T07:59:41.548+0000] {logging_mixin.py:190} INFO - [2025-06-18T07:59:41.548+0000] {dag.py:4180} INFO - Setting next_dagrun for example_trigger_target_dag to None, run_after=None
[2025-06-18T07:59:41.576+0000] {processor.py:208} INFO - Processing /home/airflow/.local/lib/python3.12/site-packages/airflow/example_dags/example_trigger_target_dag.py took 0.090 seconds
