[2025-06-18T07:55:06.473+0000] {processor.py:186} INFO - Started process (PID=107) to work on /home/airflow/.local/lib/python3.12/site-packages/airflow/example_dags/example_params_trigger_ui.py
[2025-06-18T07:55:06.474+0000] {processor.py:914} INFO - Processing file /home/airflow/.local/lib/python3.12/site-packages/airflow/example_dags/example_params_trigger_ui.py for tasks to queue
[2025-06-18T07:55:06.477+0000] {logging_mixin.py:190} INFO - [2025-06-18T07:55:06.476+0000] {dagbag.py:588} INFO - Filling up the DagBag from /home/airflow/.local/lib/python3.12/site-packages/airflow/example_dags/example_params_trigger_ui.py
[2025-06-18T07:55:06.488+0000] {processor.py:925} INFO - DAG(s) 'example_params_trigger_ui' retrieved from /home/airflow/.local/lib/python3.12/site-packages/airflow/example_dags/example_params_trigger_ui.py
[2025-06-18T07:55:06.524+0000] {logging_mixin.py:190} INFO - [2025-06-18T07:55:06.524+0000] {dag.py:3239} INFO - Sync 1 DAGs
[2025-06-18T07:55:06.537+0000] {logging_mixin.py:190} INFO - [2025-06-18T07:55:06.537+0000] {dag.py:4180} INFO - Setting next_dagrun for example_params_trigger_ui to None, run_after=None
[2025-06-18T07:55:06.574+0000] {processor.py:208} INFO - Processing /home/airflow/.local/lib/python3.12/site-packages/airflow/example_dags/example_params_trigger_ui.py took 0.107 seconds
[2025-06-18T07:55:37.273+0000] {processor.py:186} INFO - Started process (PID=170) to work on /home/airflow/.local/lib/python3.12/site-packages/airflow/example_dags/example_params_trigger_ui.py
[2025-06-18T07:55:37.274+0000] {processor.py:914} INFO - Processing file /home/airflow/.local/lib/python3.12/site-packages/airflow/example_dags/example_params_trigger_ui.py for tasks to queue
[2025-06-18T07:55:37.276+0000] {logging_mixin.py:190} INFO - [2025-06-18T07:55:37.276+0000] {dagbag.py:588} INFO - Filling up the DagBag from /home/airflow/.local/lib/python3.12/site-packages/airflow/example_dags/example_params_trigger_ui.py
[2025-06-18T07:55:37.286+0000] {processor.py:925} INFO - DAG(s) 'example_params_trigger_ui' retrieved from /home/airflow/.local/lib/python3.12/site-packages/airflow/example_dags/example_params_trigger_ui.py
[2025-06-18T07:55:37.325+0000] {logging_mixin.py:190} INFO - [2025-06-18T07:55:37.325+0000] {dag.py:3239} INFO - Sync 1 DAGs
[2025-06-18T07:55:37.339+0000] {logging_mixin.py:190} INFO - [2025-06-18T07:55:37.339+0000] {dag.py:4180} INFO - Setting next_dagrun for example_params_trigger_ui to None, run_after=None
[2025-06-18T07:55:37.358+0000] {processor.py:208} INFO - Processing /home/airflow/.local/lib/python3.12/site-packages/airflow/example_dags/example_params_trigger_ui.py took 0.090 seconds
[2025-06-18T07:56:08.307+0000] {processor.py:186} INFO - Started process (PID=233) to work on /home/airflow/.local/lib/python3.12/site-packages/airflow/example_dags/example_params_trigger_ui.py
[2025-06-18T07:56:08.308+0000] {processor.py:914} INFO - Processing file /home/airflow/.local/lib/python3.12/site-packages/airflow/example_dags/example_params_trigger_ui.py for tasks to queue
[2025-06-18T07:56:08.311+0000] {logging_mixin.py:190} INFO - [2025-06-18T07:56:08.310+0000] {dagbag.py:588} INFO - Filling up the DagBag from /home/airflow/.local/lib/python3.12/site-packages/airflow/example_dags/example_params_trigger_ui.py
[2025-06-18T07:56:08.323+0000] {processor.py:925} INFO - DAG(s) 'example_params_trigger_ui' retrieved from /home/airflow/.local/lib/python3.12/site-packages/airflow/example_dags/example_params_trigger_ui.py
[2025-06-18T07:56:08.370+0000] {logging_mixin.py:190} INFO - [2025-06-18T07:56:08.370+0000] {dag.py:3239} INFO - Sync 1 DAGs
[2025-06-18T07:56:08.387+0000] {logging_mixin.py:190} INFO - [2025-06-18T07:56:08.387+0000] {dag.py:4180} INFO - Setting next_dagrun for example_params_trigger_ui to None, run_after=None
[2025-06-18T07:56:08.409+0000] {processor.py:208} INFO - Processing /home/airflow/.local/lib/python3.12/site-packages/airflow/example_dags/example_params_trigger_ui.py took 0.108 seconds
[2025-06-18T07:56:39.513+0000] {processor.py:186} INFO - Started process (PID=296) to work on /home/airflow/.local/lib/python3.12/site-packages/airflow/example_dags/example_params_trigger_ui.py
[2025-06-18T07:56:39.514+0000] {processor.py:914} INFO - Processing file /home/airflow/.local/lib/python3.12/site-packages/airflow/example_dags/example_params_trigger_ui.py for tasks to queue
[2025-06-18T07:56:39.516+0000] {logging_mixin.py:190} INFO - [2025-06-18T07:56:39.516+0000] {dagbag.py:588} INFO - Filling up the DagBag from /home/airflow/.local/lib/python3.12/site-packages/airflow/example_dags/example_params_trigger_ui.py
[2025-06-18T07:56:39.528+0000] {processor.py:925} INFO - DAG(s) 'example_params_trigger_ui' retrieved from /home/airflow/.local/lib/python3.12/site-packages/airflow/example_dags/example_params_trigger_ui.py
[2025-06-18T07:56:39.570+0000] {logging_mixin.py:190} INFO - [2025-06-18T07:56:39.570+0000] {dag.py:3239} INFO - Sync 1 DAGs
[2025-06-18T07:56:39.587+0000] {logging_mixin.py:190} INFO - [2025-06-18T07:56:39.587+0000] {dag.py:4180} INFO - Setting next_dagrun for example_params_trigger_ui to None, run_after=None
[2025-06-18T07:56:39.606+0000] {processor.py:208} INFO - Processing /home/airflow/.local/lib/python3.12/site-packages/airflow/example_dags/example_params_trigger_ui.py took 0.099 seconds
[2025-06-18T07:57:09.950+0000] {processor.py:186} INFO - Started process (PID=359) to work on /home/airflow/.local/lib/python3.12/site-packages/airflow/example_dags/example_params_trigger_ui.py
[2025-06-18T07:57:09.951+0000] {processor.py:914} INFO - Processing file /home/airflow/.local/lib/python3.12/site-packages/airflow/example_dags/example_params_trigger_ui.py for tasks to queue
[2025-06-18T07:57:09.953+0000] {logging_mixin.py:190} INFO - [2025-06-18T07:57:09.953+0000] {dagbag.py:588} INFO - Filling up the DagBag from /home/airflow/.local/lib/python3.12/site-packages/airflow/example_dags/example_params_trigger_ui.py
[2025-06-18T07:57:09.964+0000] {processor.py:925} INFO - DAG(s) 'example_params_trigger_ui' retrieved from /home/airflow/.local/lib/python3.12/site-packages/airflow/example_dags/example_params_trigger_ui.py
[2025-06-18T07:57:10.001+0000] {logging_mixin.py:190} INFO - [2025-06-18T07:57:10.001+0000] {dag.py:3239} INFO - Sync 1 DAGs
[2025-06-18T07:57:10.014+0000] {logging_mixin.py:190} INFO - [2025-06-18T07:57:10.013+0000] {dag.py:4180} INFO - Setting next_dagrun for example_params_trigger_ui to None, run_after=None
[2025-06-18T07:57:10.032+0000] {processor.py:208} INFO - Processing /home/airflow/.local/lib/python3.12/site-packages/airflow/example_dags/example_params_trigger_ui.py took 0.087 seconds
[2025-06-18T07:57:40.555+0000] {processor.py:186} INFO - Started process (PID=421) to work on /home/airflow/.local/lib/python3.12/site-packages/airflow/example_dags/example_params_trigger_ui.py
[2025-06-18T07:57:40.556+0000] {processor.py:914} INFO - Processing file /home/airflow/.local/lib/python3.12/site-packages/airflow/example_dags/example_params_trigger_ui.py for tasks to queue
[2025-06-18T07:57:40.558+0000] {logging_mixin.py:190} INFO - [2025-06-18T07:57:40.558+0000] {dagbag.py:588} INFO - Filling up the DagBag from /home/airflow/.local/lib/python3.12/site-packages/airflow/example_dags/example_params_trigger_ui.py
[2025-06-18T07:57:40.568+0000] {processor.py:925} INFO - DAG(s) 'example_params_trigger_ui' retrieved from /home/airflow/.local/lib/python3.12/site-packages/airflow/example_dags/example_params_trigger_ui.py
[2025-06-18T07:57:40.606+0000] {logging_mixin.py:190} INFO - [2025-06-18T07:57:40.606+0000] {dag.py:3239} INFO - Sync 1 DAGs
[2025-06-18T07:57:40.619+0000] {logging_mixin.py:190} INFO - [2025-06-18T07:57:40.619+0000] {dag.py:4180} INFO - Setting next_dagrun for example_params_trigger_ui to None, run_after=None
[2025-06-18T07:57:40.636+0000] {processor.py:208} INFO - Processing /home/airflow/.local/lib/python3.12/site-packages/airflow/example_dags/example_params_trigger_ui.py took 0.086 seconds
[2025-06-18T07:58:11.329+0000] {processor.py:186} INFO - Started process (PID=484) to work on /home/airflow/.local/lib/python3.12/site-packages/airflow/example_dags/example_params_trigger_ui.py
[2025-06-18T07:58:11.330+0000] {processor.py:914} INFO - Processing file /home/airflow/.local/lib/python3.12/site-packages/airflow/example_dags/example_params_trigger_ui.py for tasks to queue
[2025-06-18T07:58:11.333+0000] {logging_mixin.py:190} INFO - [2025-06-18T07:58:11.332+0000] {dagbag.py:588} INFO - Filling up the DagBag from /home/airflow/.local/lib/python3.12/site-packages/airflow/example_dags/example_params_trigger_ui.py
[2025-06-18T07:58:11.343+0000] {processor.py:925} INFO - DAG(s) 'example_params_trigger_ui' retrieved from /home/airflow/.local/lib/python3.12/site-packages/airflow/example_dags/example_params_trigger_ui.py
[2025-06-18T07:58:11.379+0000] {logging_mixin.py:190} INFO - [2025-06-18T07:58:11.378+0000] {dag.py:3239} INFO - Sync 1 DAGs
[2025-06-18T07:58:11.390+0000] {logging_mixin.py:190} INFO - [2025-06-18T07:58:11.390+0000] {dag.py:4180} INFO - Setting next_dagrun for example_params_trigger_ui to None, run_after=None
[2025-06-18T07:58:11.409+0000] {processor.py:208} INFO - Processing /home/airflow/.local/lib/python3.12/site-packages/airflow/example_dags/example_params_trigger_ui.py took 0.085 seconds
[2025-06-18T07:58:42.048+0000] {processor.py:186} INFO - Started process (PID=547) to work on /home/airflow/.local/lib/python3.12/site-packages/airflow/example_dags/example_params_trigger_ui.py
[2025-06-18T07:58:42.049+0000] {processor.py:914} INFO - Processing file /home/airflow/.local/lib/python3.12/site-packages/airflow/example_dags/example_params_trigger_ui.py for tasks to queue
[2025-06-18T07:58:42.051+0000] {logging_mixin.py:190} INFO - [2025-06-18T07:58:42.051+0000] {dagbag.py:588} INFO - Filling up the DagBag from /home/airflow/.local/lib/python3.12/site-packages/airflow/example_dags/example_params_trigger_ui.py
[2025-06-18T07:58:42.062+0000] {processor.py:925} INFO - DAG(s) 'example_params_trigger_ui' retrieved from /home/airflow/.local/lib/python3.12/site-packages/airflow/example_dags/example_params_trigger_ui.py
[2025-06-18T07:58:42.099+0000] {logging_mixin.py:190} INFO - [2025-06-18T07:58:42.099+0000] {dag.py:3239} INFO - Sync 1 DAGs
[2025-06-18T07:58:42.113+0000] {logging_mixin.py:190} INFO - [2025-06-18T07:58:42.113+0000] {dag.py:4180} INFO - Setting next_dagrun for example_params_trigger_ui to None, run_after=None
[2025-06-18T07:58:42.130+0000] {processor.py:208} INFO - Processing /home/airflow/.local/lib/python3.12/site-packages/airflow/example_dags/example_params_trigger_ui.py took 0.088 seconds
[2025-06-18T07:59:12.519+0000] {processor.py:186} INFO - Started process (PID=610) to work on /home/airflow/.local/lib/python3.12/site-packages/airflow/example_dags/example_params_trigger_ui.py
[2025-06-18T07:59:12.520+0000] {processor.py:914} INFO - Processing file /home/airflow/.local/lib/python3.12/site-packages/airflow/example_dags/example_params_trigger_ui.py for tasks to queue
[2025-06-18T07:59:12.522+0000] {logging_mixin.py:190} INFO - [2025-06-18T07:59:12.522+0000] {dagbag.py:588} INFO - Filling up the DagBag from /home/airflow/.local/lib/python3.12/site-packages/airflow/example_dags/example_params_trigger_ui.py
[2025-06-18T07:59:12.532+0000] {processor.py:925} INFO - DAG(s) 'example_params_trigger_ui' retrieved from /home/airflow/.local/lib/python3.12/site-packages/airflow/example_dags/example_params_trigger_ui.py
[2025-06-18T07:59:12.568+0000] {logging_mixin.py:190} INFO - [2025-06-18T07:59:12.568+0000] {dag.py:3239} INFO - Sync 1 DAGs
[2025-06-18T07:59:12.580+0000] {logging_mixin.py:190} INFO - [2025-06-18T07:59:12.579+0000] {dag.py:4180} INFO - Setting next_dagrun for example_params_trigger_ui to None, run_after=None
[2025-06-18T07:59:12.596+0000] {processor.py:208} INFO - Processing /home/airflow/.local/lib/python3.12/site-packages/airflow/example_dags/example_params_trigger_ui.py took 0.082 seconds
[2025-06-18T07:59:43.259+0000] {processor.py:186} INFO - Started process (PID=673) to work on /home/airflow/.local/lib/python3.12/site-packages/airflow/example_dags/example_params_trigger_ui.py
[2025-06-18T07:59:43.260+0000] {processor.py:914} INFO - Processing file /home/airflow/.local/lib/python3.12/site-packages/airflow/example_dags/example_params_trigger_ui.py for tasks to queue
[2025-06-18T07:59:43.262+0000] {logging_mixin.py:190} INFO - [2025-06-18T07:59:43.262+0000] {dagbag.py:588} INFO - Filling up the DagBag from /home/airflow/.local/lib/python3.12/site-packages/airflow/example_dags/example_params_trigger_ui.py
[2025-06-18T07:59:43.273+0000] {processor.py:925} INFO - DAG(s) 'example_params_trigger_ui' retrieved from /home/airflow/.local/lib/python3.12/site-packages/airflow/example_dags/example_params_trigger_ui.py
[2025-06-18T07:59:43.313+0000] {logging_mixin.py:190} INFO - [2025-06-18T07:59:43.312+0000] {dag.py:3239} INFO - Sync 1 DAGs
[2025-06-18T07:59:43.326+0000] {logging_mixin.py:190} INFO - [2025-06-18T07:59:43.326+0000] {dag.py:4180} INFO - Setting next_dagrun for example_params_trigger_ui to None, run_after=None
[2025-06-18T07:59:43.348+0000] {processor.py:208} INFO - Processing /home/airflow/.local/lib/python3.12/site-packages/airflow/example_dags/example_params_trigger_ui.py took 0.094 seconds
