[2025-06-18T07:55:06.787+0000] {processor.py:186} INFO - Started process (PID=111) to work on /home/airflow/.local/lib/python3.12/site-packages/airflow/example_dags/example_latest_only.py
[2025-06-18T07:55:06.788+0000] {processor.py:914} INFO - Processing file /home/airflow/.local/lib/python3.12/site-packages/airflow/example_dags/example_latest_only.py for tasks to queue
[2025-06-18T07:55:06.790+0000] {logging_mixin.py:190} INFO - [2025-06-18T07:55:06.790+0000] {dagbag.py:588} INFO - Filling up the DagBag from /home/airflow/.local/lib/python3.12/site-packages/airflow/example_dags/example_latest_only.py
[2025-06-18T07:55:06.799+0000] {processor.py:925} INFO - DAG(s) 'latest_only' retrieved from /home/airflow/.local/lib/python3.12/site-packages/airflow/example_dags/example_latest_only.py
[2025-06-18T07:55:06.820+0000] {logging_mixin.py:190} INFO - [2025-06-18T07:55:06.820+0000] {dag.py:3239} INFO - Sync 1 DAGs
[2025-06-18T07:55:06.851+0000] {logging_mixin.py:190} INFO - [2025-06-18T07:55:06.850+0000] {dag.py:4180} INFO - Setting next_dagrun for latest_only to 2025-06-18 00:00:00+00:00, run_after=2025-06-18 04:00:00+00:00
[2025-06-18T07:55:06.873+0000] {processor.py:208} INFO - Processing /home/airflow/.local/lib/python3.12/site-packages/airflow/example_dags/example_latest_only.py took 0.092 seconds
[2025-06-18T07:55:37.508+0000] {processor.py:186} INFO - Started process (PID=174) to work on /home/airflow/.local/lib/python3.12/site-packages/airflow/example_dags/example_latest_only.py
[2025-06-18T07:55:37.509+0000] {processor.py:914} INFO - Processing file /home/airflow/.local/lib/python3.12/site-packages/airflow/example_dags/example_latest_only.py for tasks to queue
[2025-06-18T07:55:37.518+0000] {logging_mixin.py:190} INFO - [2025-06-18T07:55:37.518+0000] {dagbag.py:588} INFO - Filling up the DagBag from /home/airflow/.local/lib/python3.12/site-packages/airflow/example_dags/example_latest_only.py
[2025-06-18T07:55:37.525+0000] {processor.py:925} INFO - DAG(s) 'latest_only' retrieved from /home/airflow/.local/lib/python3.12/site-packages/airflow/example_dags/example_latest_only.py
[2025-06-18T07:55:37.542+0000] {logging_mixin.py:190} INFO - [2025-06-18T07:55:37.542+0000] {dag.py:3239} INFO - Sync 1 DAGs
[2025-06-18T07:55:37.564+0000] {logging_mixin.py:190} INFO - [2025-06-18T07:55:37.563+0000] {dag.py:4180} INFO - Setting next_dagrun for latest_only to 2025-06-18 00:00:00+00:00, run_after=2025-06-18 04:00:00+00:00
[2025-06-18T07:55:37.585+0000] {processor.py:208} INFO - Processing /home/airflow/.local/lib/python3.12/site-packages/airflow/example_dags/example_latest_only.py took 0.082 seconds
[2025-06-18T07:56:08.594+0000] {processor.py:186} INFO - Started process (PID=237) to work on /home/airflow/.local/lib/python3.12/site-packages/airflow/example_dags/example_latest_only.py
[2025-06-18T07:56:08.595+0000] {processor.py:914} INFO - Processing file /home/airflow/.local/lib/python3.12/site-packages/airflow/example_dags/example_latest_only.py for tasks to queue
[2025-06-18T07:56:08.597+0000] {logging_mixin.py:190} INFO - [2025-06-18T07:56:08.597+0000] {dagbag.py:588} INFO - Filling up the DagBag from /home/airflow/.local/lib/python3.12/site-packages/airflow/example_dags/example_latest_only.py
[2025-06-18T07:56:08.605+0000] {processor.py:925} INFO - DAG(s) 'latest_only' retrieved from /home/airflow/.local/lib/python3.12/site-packages/airflow/example_dags/example_latest_only.py
[2025-06-18T07:56:08.629+0000] {logging_mixin.py:190} INFO - [2025-06-18T07:56:08.628+0000] {dag.py:3239} INFO - Sync 1 DAGs
[2025-06-18T07:56:08.656+0000] {logging_mixin.py:190} INFO - [2025-06-18T07:56:08.656+0000] {dag.py:4180} INFO - Setting next_dagrun for latest_only to 2025-06-18 00:00:00+00:00, run_after=2025-06-18 04:00:00+00:00
[2025-06-18T07:56:08.694+0000] {processor.py:208} INFO - Processing /home/airflow/.local/lib/python3.12/site-packages/airflow/example_dags/example_latest_only.py took 0.106 seconds
[2025-06-18T07:56:39.760+0000] {processor.py:186} INFO - Started process (PID=300) to work on /home/airflow/.local/lib/python3.12/site-packages/airflow/example_dags/example_latest_only.py
[2025-06-18T07:56:39.761+0000] {processor.py:914} INFO - Processing file /home/airflow/.local/lib/python3.12/site-packages/airflow/example_dags/example_latest_only.py for tasks to queue
[2025-06-18T07:56:39.764+0000] {logging_mixin.py:190} INFO - [2025-06-18T07:56:39.763+0000] {dagbag.py:588} INFO - Filling up the DagBag from /home/airflow/.local/lib/python3.12/site-packages/airflow/example_dags/example_latest_only.py
[2025-06-18T07:56:39.771+0000] {processor.py:925} INFO - DAG(s) 'latest_only' retrieved from /home/airflow/.local/lib/python3.12/site-packages/airflow/example_dags/example_latest_only.py
[2025-06-18T07:56:39.792+0000] {logging_mixin.py:190} INFO - [2025-06-18T07:56:39.791+0000] {dag.py:3239} INFO - Sync 1 DAGs
[2025-06-18T07:56:39.817+0000] {logging_mixin.py:190} INFO - [2025-06-18T07:56:39.817+0000] {dag.py:4180} INFO - Setting next_dagrun for latest_only to 2025-06-18 00:00:00+00:00, run_after=2025-06-18 04:00:00+00:00
[2025-06-18T07:56:39.837+0000] {processor.py:208} INFO - Processing /home/airflow/.local/lib/python3.12/site-packages/airflow/example_dags/example_latest_only.py took 0.083 seconds
[2025-06-18T07:57:10.390+0000] {processor.py:186} INFO - Started process (PID=363) to work on /home/airflow/.local/lib/python3.12/site-packages/airflow/example_dags/example_latest_only.py
[2025-06-18T07:57:10.391+0000] {processor.py:914} INFO - Processing file /home/airflow/.local/lib/python3.12/site-packages/airflow/example_dags/example_latest_only.py for tasks to queue
[2025-06-18T07:57:10.393+0000] {logging_mixin.py:190} INFO - [2025-06-18T07:57:10.393+0000] {dagbag.py:588} INFO - Filling up the DagBag from /home/airflow/.local/lib/python3.12/site-packages/airflow/example_dags/example_latest_only.py
[2025-06-18T07:57:10.399+0000] {processor.py:925} INFO - DAG(s) 'latest_only' retrieved from /home/airflow/.local/lib/python3.12/site-packages/airflow/example_dags/example_latest_only.py
[2025-06-18T07:57:10.416+0000] {logging_mixin.py:190} INFO - [2025-06-18T07:57:10.416+0000] {dag.py:3239} INFO - Sync 1 DAGs
[2025-06-18T07:57:10.437+0000] {logging_mixin.py:190} INFO - [2025-06-18T07:57:10.437+0000] {dag.py:4180} INFO - Setting next_dagrun for latest_only to 2025-06-18 00:00:00+00:00, run_after=2025-06-18 04:00:00+00:00
[2025-06-18T07:57:10.452+0000] {processor.py:208} INFO - Processing /home/airflow/.local/lib/python3.12/site-packages/airflow/example_dags/example_latest_only.py took 0.067 seconds
[2025-06-18T07:57:41.014+0000] {processor.py:186} INFO - Started process (PID=426) to work on /home/airflow/.local/lib/python3.12/site-packages/airflow/example_dags/example_latest_only.py
[2025-06-18T07:57:41.015+0000] {processor.py:914} INFO - Processing file /home/airflow/.local/lib/python3.12/site-packages/airflow/example_dags/example_latest_only.py for tasks to queue
[2025-06-18T07:57:41.018+0000] {logging_mixin.py:190} INFO - [2025-06-18T07:57:41.018+0000] {dagbag.py:588} INFO - Filling up the DagBag from /home/airflow/.local/lib/python3.12/site-packages/airflow/example_dags/example_latest_only.py
[2025-06-18T07:57:41.026+0000] {processor.py:925} INFO - DAG(s) 'latest_only' retrieved from /home/airflow/.local/lib/python3.12/site-packages/airflow/example_dags/example_latest_only.py
[2025-06-18T07:57:41.045+0000] {logging_mixin.py:190} INFO - [2025-06-18T07:57:41.044+0000] {dag.py:3239} INFO - Sync 1 DAGs
[2025-06-18T07:57:41.065+0000] {logging_mixin.py:190} INFO - [2025-06-18T07:57:41.065+0000] {dag.py:4180} INFO - Setting next_dagrun for latest_only to 2025-06-18 00:00:00+00:00, run_after=2025-06-18 04:00:00+00:00
[2025-06-18T07:57:41.083+0000] {processor.py:208} INFO - Processing /home/airflow/.local/lib/python3.12/site-packages/airflow/example_dags/example_latest_only.py took 0.077 seconds
[2025-06-18T07:58:11.652+0000] {processor.py:186} INFO - Started process (PID=489) to work on /home/airflow/.local/lib/python3.12/site-packages/airflow/example_dags/example_latest_only.py
[2025-06-18T07:58:11.653+0000] {processor.py:914} INFO - Processing file /home/airflow/.local/lib/python3.12/site-packages/airflow/example_dags/example_latest_only.py for tasks to queue
[2025-06-18T07:58:11.655+0000] {logging_mixin.py:190} INFO - [2025-06-18T07:58:11.655+0000] {dagbag.py:588} INFO - Filling up the DagBag from /home/airflow/.local/lib/python3.12/site-packages/airflow/example_dags/example_latest_only.py
[2025-06-18T07:58:11.661+0000] {processor.py:925} INFO - DAG(s) 'latest_only' retrieved from /home/airflow/.local/lib/python3.12/site-packages/airflow/example_dags/example_latest_only.py
[2025-06-18T07:58:11.678+0000] {logging_mixin.py:190} INFO - [2025-06-18T07:58:11.677+0000] {dag.py:3239} INFO - Sync 1 DAGs
[2025-06-18T07:58:11.697+0000] {logging_mixin.py:190} INFO - [2025-06-18T07:58:11.697+0000] {dag.py:4180} INFO - Setting next_dagrun for latest_only to 2025-06-18 00:00:00+00:00, run_after=2025-06-18 04:00:00+00:00
[2025-06-18T07:58:11.714+0000] {processor.py:208} INFO - Processing /home/airflow/.local/lib/python3.12/site-packages/airflow/example_dags/example_latest_only.py took 0.067 seconds
[2025-06-18T07:58:42.332+0000] {processor.py:186} INFO - Started process (PID=552) to work on /home/airflow/.local/lib/python3.12/site-packages/airflow/example_dags/example_latest_only.py
[2025-06-18T07:58:42.333+0000] {processor.py:914} INFO - Processing file /home/airflow/.local/lib/python3.12/site-packages/airflow/example_dags/example_latest_only.py for tasks to queue
[2025-06-18T07:58:42.335+0000] {logging_mixin.py:190} INFO - [2025-06-18T07:58:42.335+0000] {dagbag.py:588} INFO - Filling up the DagBag from /home/airflow/.local/lib/python3.12/site-packages/airflow/example_dags/example_latest_only.py
[2025-06-18T07:58:42.341+0000] {processor.py:925} INFO - DAG(s) 'latest_only' retrieved from /home/airflow/.local/lib/python3.12/site-packages/airflow/example_dags/example_latest_only.py
[2025-06-18T07:58:42.358+0000] {logging_mixin.py:190} INFO - [2025-06-18T07:58:42.357+0000] {dag.py:3239} INFO - Sync 1 DAGs
[2025-06-18T07:58:42.377+0000] {logging_mixin.py:190} INFO - [2025-06-18T07:58:42.377+0000] {dag.py:4180} INFO - Setting next_dagrun for latest_only to 2025-06-18 00:00:00+00:00, run_after=2025-06-18 04:00:00+00:00
[2025-06-18T07:58:42.394+0000] {processor.py:208} INFO - Processing /home/airflow/.local/lib/python3.12/site-packages/airflow/example_dags/example_latest_only.py took 0.066 seconds
[2025-06-18T07:59:12.726+0000] {processor.py:186} INFO - Started process (PID=614) to work on /home/airflow/.local/lib/python3.12/site-packages/airflow/example_dags/example_latest_only.py
[2025-06-18T07:59:12.727+0000] {processor.py:914} INFO - Processing file /home/airflow/.local/lib/python3.12/site-packages/airflow/example_dags/example_latest_only.py for tasks to queue
[2025-06-18T07:59:12.728+0000] {logging_mixin.py:190} INFO - [2025-06-18T07:59:12.728+0000] {dagbag.py:588} INFO - Filling up the DagBag from /home/airflow/.local/lib/python3.12/site-packages/airflow/example_dags/example_latest_only.py
[2025-06-18T07:59:12.734+0000] {processor.py:925} INFO - DAG(s) 'latest_only' retrieved from /home/airflow/.local/lib/python3.12/site-packages/airflow/example_dags/example_latest_only.py
[2025-06-18T07:59:12.750+0000] {logging_mixin.py:190} INFO - [2025-06-18T07:59:12.750+0000] {dag.py:3239} INFO - Sync 1 DAGs
[2025-06-18T07:59:12.770+0000] {logging_mixin.py:190} INFO - [2025-06-18T07:59:12.769+0000] {dag.py:4180} INFO - Setting next_dagrun for latest_only to 2025-06-18 00:00:00+00:00, run_after=2025-06-18 04:00:00+00:00
[2025-06-18T07:59:12.783+0000] {processor.py:208} INFO - Processing /home/airflow/.local/lib/python3.12/site-packages/airflow/example_dags/example_latest_only.py took 0.062 seconds
[2025-06-18T07:59:43.497+0000] {processor.py:186} INFO - Started process (PID=677) to work on /home/airflow/.local/lib/python3.12/site-packages/airflow/example_dags/example_latest_only.py
[2025-06-18T07:59:43.498+0000] {processor.py:914} INFO - Processing file /home/airflow/.local/lib/python3.12/site-packages/airflow/example_dags/example_latest_only.py for tasks to queue
[2025-06-18T07:59:43.501+0000] {logging_mixin.py:190} INFO - [2025-06-18T07:59:43.500+0000] {dagbag.py:588} INFO - Filling up the DagBag from /home/airflow/.local/lib/python3.12/site-packages/airflow/example_dags/example_latest_only.py
[2025-06-18T07:59:43.509+0000] {processor.py:925} INFO - DAG(s) 'latest_only' retrieved from /home/airflow/.local/lib/python3.12/site-packages/airflow/example_dags/example_latest_only.py
[2025-06-18T07:59:43.529+0000] {logging_mixin.py:190} INFO - [2025-06-18T07:59:43.529+0000] {dag.py:3239} INFO - Sync 1 DAGs
[2025-06-18T07:59:43.556+0000] {logging_mixin.py:190} INFO - [2025-06-18T07:59:43.555+0000] {dag.py:4180} INFO - Setting next_dagrun for latest_only to 2025-06-18 00:00:00+00:00, run_after=2025-06-18 04:00:00+00:00
[2025-06-18T07:59:43.578+0000] {processor.py:208} INFO - Processing /home/airflow/.local/lib/python3.12/site-packages/airflow/example_dags/example_latest_only.py took 0.087 seconds
