[2025-06-18T07:55:05.546+0000] {processor.py:186} INFO - Started process (PID=95) to work on /home/airflow/.local/lib/python3.12/site-packages/airflow/example_dags/example_dataset_alias.py
[2025-06-18T07:55:05.547+0000] {processor.py:914} INFO - Processing file /home/airflow/.local/lib/python3.12/site-packages/airflow/example_dags/example_dataset_alias.py for tasks to queue
[2025-06-18T07:55:05.549+0000] {logging_mixin.py:190} INFO - [2025-06-18T07:55:05.549+0000] {dagbag.py:588} INFO - Filling up the DagBag from /home/airflow/.local/lib/python3.12/site-packages/airflow/example_dags/example_dataset_alias.py
[2025-06-18T07:55:06.121+0000] {processor.py:925} INFO - DAG(s) 'dataset_alias_example_alias_producer', 'dataset_s3_bucket_consumer', 'dataset_alias_example_alias_consumer', 'dataset_s3_bucket_producer' retrieved from /home/airflow/.local/lib/python3.12/site-packages/airflow/example_dags/example_dataset_alias.py
[2025-06-18T07:55:06.144+0000] {logging_mixin.py:190} INFO - [2025-06-18T07:55:06.143+0000] {dag.py:3239} INFO - Sync 4 DAGs
[2025-06-18T07:55:06.164+0000] {logging_mixin.py:190} INFO - [2025-06-18T07:55:06.164+0000] {dag.py:4180} INFO - Setting next_dagrun for dataset_alias_example_alias_consumer to None, run_after=None
[2025-06-18T07:55:06.166+0000] {logging_mixin.py:190} INFO - [2025-06-18T07:55:06.166+0000] {dag.py:4180} INFO - Setting next_dagrun for dataset_alias_example_alias_producer to None, run_after=None
[2025-06-18T07:55:06.168+0000] {logging_mixin.py:190} INFO - [2025-06-18T07:55:06.168+0000] {dag.py:4180} INFO - Setting next_dagrun for dataset_s3_bucket_consumer to None, run_after=None
[2025-06-18T07:55:06.169+0000] {logging_mixin.py:190} INFO - [2025-06-18T07:55:06.169+0000] {dag.py:4180} INFO - Setting next_dagrun for dataset_s3_bucket_producer to None, run_after=None
[2025-06-18T07:55:06.187+0000] {processor.py:208} INFO - Processing /home/airflow/.local/lib/python3.12/site-packages/airflow/example_dags/example_dataset_alias.py took 0.648 seconds
[2025-06-18T07:55:36.337+0000] {processor.py:186} INFO - Started process (PID=159) to work on /home/airflow/.local/lib/python3.12/site-packages/airflow/example_dags/example_dataset_alias.py
[2025-06-18T07:55:36.338+0000] {processor.py:914} INFO - Processing file /home/airflow/.local/lib/python3.12/site-packages/airflow/example_dags/example_dataset_alias.py for tasks to queue
[2025-06-18T07:55:36.341+0000] {logging_mixin.py:190} INFO - [2025-06-18T07:55:36.340+0000] {dagbag.py:588} INFO - Filling up the DagBag from /home/airflow/.local/lib/python3.12/site-packages/airflow/example_dags/example_dataset_alias.py
[2025-06-18T07:55:36.937+0000] {processor.py:925} INFO - DAG(s) 'dataset_alias_example_alias_consumer', 'dataset_s3_bucket_consumer', 'dataset_s3_bucket_producer', 'dataset_alias_example_alias_producer' retrieved from /home/airflow/.local/lib/python3.12/site-packages/airflow/example_dags/example_dataset_alias.py
[2025-06-18T07:55:36.962+0000] {logging_mixin.py:190} INFO - [2025-06-18T07:55:36.961+0000] {dag.py:3239} INFO - Sync 4 DAGs
[2025-06-18T07:55:36.986+0000] {logging_mixin.py:190} INFO - [2025-06-18T07:55:36.985+0000] {dag.py:4180} INFO - Setting next_dagrun for dataset_alias_example_alias_consumer to None, run_after=None
[2025-06-18T07:55:36.989+0000] {logging_mixin.py:190} INFO - [2025-06-18T07:55:36.989+0000] {dag.py:4180} INFO - Setting next_dagrun for dataset_alias_example_alias_producer to None, run_after=None
[2025-06-18T07:55:36.991+0000] {logging_mixin.py:190} INFO - [2025-06-18T07:55:36.990+0000] {dag.py:4180} INFO - Setting next_dagrun for dataset_s3_bucket_consumer to None, run_after=None
[2025-06-18T07:55:36.992+0000] {logging_mixin.py:190} INFO - [2025-06-18T07:55:36.992+0000] {dag.py:4180} INFO - Setting next_dagrun for dataset_s3_bucket_producer to None, run_after=None
[2025-06-18T07:55:37.017+0000] {processor.py:208} INFO - Processing /home/airflow/.local/lib/python3.12/site-packages/airflow/example_dags/example_dataset_alias.py took 0.685 seconds
[2025-06-18T07:56:07.429+0000] {processor.py:186} INFO - Started process (PID=221) to work on /home/airflow/.local/lib/python3.12/site-packages/airflow/example_dags/example_dataset_alias.py
[2025-06-18T07:56:07.430+0000] {processor.py:914} INFO - Processing file /home/airflow/.local/lib/python3.12/site-packages/airflow/example_dags/example_dataset_alias.py for tasks to queue
[2025-06-18T07:56:07.433+0000] {logging_mixin.py:190} INFO - [2025-06-18T07:56:07.433+0000] {dagbag.py:588} INFO - Filling up the DagBag from /home/airflow/.local/lib/python3.12/site-packages/airflow/example_dags/example_dataset_alias.py
[2025-06-18T07:56:07.978+0000] {processor.py:925} INFO - DAG(s) 'dataset_s3_bucket_consumer', 'dataset_alias_example_alias_producer', 'dataset_alias_example_alias_consumer', 'dataset_s3_bucket_producer' retrieved from /home/airflow/.local/lib/python3.12/site-packages/airflow/example_dags/example_dataset_alias.py
[2025-06-18T07:56:08.000+0000] {logging_mixin.py:190} INFO - [2025-06-18T07:56:07.999+0000] {dag.py:3239} INFO - Sync 4 DAGs
[2025-06-18T07:56:08.019+0000] {logging_mixin.py:190} INFO - [2025-06-18T07:56:08.019+0000] {dag.py:4180} INFO - Setting next_dagrun for dataset_alias_example_alias_consumer to None, run_after=None
[2025-06-18T07:56:08.023+0000] {logging_mixin.py:190} INFO - [2025-06-18T07:56:08.023+0000] {dag.py:4180} INFO - Setting next_dagrun for dataset_alias_example_alias_producer to None, run_after=None
[2025-06-18T07:56:08.025+0000] {logging_mixin.py:190} INFO - [2025-06-18T07:56:08.025+0000] {dag.py:4180} INFO - Setting next_dagrun for dataset_s3_bucket_consumer to None, run_after=None
[2025-06-18T07:56:08.027+0000] {logging_mixin.py:190} INFO - [2025-06-18T07:56:08.026+0000] {dag.py:4180} INFO - Setting next_dagrun for dataset_s3_bucket_producer to None, run_after=None
[2025-06-18T07:56:08.049+0000] {processor.py:208} INFO - Processing /home/airflow/.local/lib/python3.12/site-packages/airflow/example_dags/example_dataset_alias.py took 0.627 seconds
[2025-06-18T07:56:38.580+0000] {processor.py:186} INFO - Started process (PID=287) to work on /home/airflow/.local/lib/python3.12/site-packages/airflow/example_dags/example_dataset_alias.py
[2025-06-18T07:56:38.581+0000] {processor.py:914} INFO - Processing file /home/airflow/.local/lib/python3.12/site-packages/airflow/example_dags/example_dataset_alias.py for tasks to queue
[2025-06-18T07:56:38.585+0000] {logging_mixin.py:190} INFO - [2025-06-18T07:56:38.584+0000] {dagbag.py:588} INFO - Filling up the DagBag from /home/airflow/.local/lib/python3.12/site-packages/airflow/example_dags/example_dataset_alias.py
[2025-06-18T07:56:39.307+0000] {processor.py:925} INFO - DAG(s) 'dataset_s3_bucket_producer', 'dataset_alias_example_alias_consumer', 'dataset_alias_example_alias_producer', 'dataset_s3_bucket_consumer' retrieved from /home/airflow/.local/lib/python3.12/site-packages/airflow/example_dags/example_dataset_alias.py
[2025-06-18T07:56:39.349+0000] {logging_mixin.py:190} INFO - [2025-06-18T07:56:39.348+0000] {dag.py:3239} INFO - Sync 4 DAGs
[2025-06-18T07:56:39.383+0000] {logging_mixin.py:190} INFO - [2025-06-18T07:56:39.382+0000] {dag.py:4180} INFO - Setting next_dagrun for dataset_alias_example_alias_consumer to None, run_after=None
[2025-06-18T07:56:39.387+0000] {logging_mixin.py:190} INFO - [2025-06-18T07:56:39.387+0000] {dag.py:4180} INFO - Setting next_dagrun for dataset_alias_example_alias_producer to None, run_after=None
[2025-06-18T07:56:39.389+0000] {logging_mixin.py:190} INFO - [2025-06-18T07:56:39.389+0000] {dag.py:4180} INFO - Setting next_dagrun for dataset_s3_bucket_consumer to None, run_after=None
[2025-06-18T07:56:39.391+0000] {logging_mixin.py:190} INFO - [2025-06-18T07:56:39.391+0000] {dag.py:4180} INFO - Setting next_dagrun for dataset_s3_bucket_producer to None, run_after=None
[2025-06-18T07:56:39.419+0000] {processor.py:208} INFO - Processing /home/airflow/.local/lib/python3.12/site-packages/airflow/example_dags/example_dataset_alias.py took 0.844 seconds
[2025-06-18T07:57:09.670+0000] {processor.py:186} INFO - Started process (PID=356) to work on /home/airflow/.local/lib/python3.12/site-packages/airflow/example_dags/example_dataset_alias.py
[2025-06-18T07:57:09.672+0000] {processor.py:914} INFO - Processing file /home/airflow/.local/lib/python3.12/site-packages/airflow/example_dags/example_dataset_alias.py for tasks to queue
[2025-06-18T07:57:09.674+0000] {logging_mixin.py:190} INFO - [2025-06-18T07:57:09.674+0000] {dagbag.py:588} INFO - Filling up the DagBag from /home/airflow/.local/lib/python3.12/site-packages/airflow/example_dags/example_dataset_alias.py
[2025-06-18T07:57:10.201+0000] {processor.py:925} INFO - DAG(s) 'dataset_s3_bucket_producer', 'dataset_alias_example_alias_producer', 'dataset_alias_example_alias_consumer', 'dataset_s3_bucket_consumer' retrieved from /home/airflow/.local/lib/python3.12/site-packages/airflow/example_dags/example_dataset_alias.py
[2025-06-18T07:57:10.221+0000] {logging_mixin.py:190} INFO - [2025-06-18T07:57:10.221+0000] {dag.py:3239} INFO - Sync 4 DAGs
[2025-06-18T07:57:10.245+0000] {logging_mixin.py:190} INFO - [2025-06-18T07:57:10.245+0000] {dag.py:4180} INFO - Setting next_dagrun for dataset_alias_example_alias_consumer to None, run_after=None
[2025-06-18T07:57:10.248+0000] {logging_mixin.py:190} INFO - [2025-06-18T07:57:10.248+0000] {dag.py:4180} INFO - Setting next_dagrun for dataset_alias_example_alias_producer to None, run_after=None
[2025-06-18T07:57:10.249+0000] {logging_mixin.py:190} INFO - [2025-06-18T07:57:10.249+0000] {dag.py:4180} INFO - Setting next_dagrun for dataset_s3_bucket_consumer to None, run_after=None
[2025-06-18T07:57:10.251+0000] {logging_mixin.py:190} INFO - [2025-06-18T07:57:10.250+0000] {dag.py:4180} INFO - Setting next_dagrun for dataset_s3_bucket_producer to None, run_after=None
[2025-06-18T07:57:10.270+0000] {processor.py:208} INFO - Processing /home/airflow/.local/lib/python3.12/site-packages/airflow/example_dags/example_dataset_alias.py took 0.610 seconds
[2025-06-18T07:57:40.784+0000] {processor.py:186} INFO - Started process (PID=423) to work on /home/airflow/.local/lib/python3.12/site-packages/airflow/example_dags/example_dataset_alias.py
[2025-06-18T07:57:40.785+0000] {processor.py:914} INFO - Processing file /home/airflow/.local/lib/python3.12/site-packages/airflow/example_dags/example_dataset_alias.py for tasks to queue
[2025-06-18T07:57:40.787+0000] {logging_mixin.py:190} INFO - [2025-06-18T07:57:40.787+0000] {dagbag.py:588} INFO - Filling up the DagBag from /home/airflow/.local/lib/python3.12/site-packages/airflow/example_dags/example_dataset_alias.py
[2025-06-18T07:57:41.347+0000] {processor.py:925} INFO - DAG(s) 'dataset_alias_example_alias_consumer', 'dataset_s3_bucket_producer', 'dataset_alias_example_alias_producer', 'dataset_s3_bucket_consumer' retrieved from /home/airflow/.local/lib/python3.12/site-packages/airflow/example_dags/example_dataset_alias.py
[2025-06-18T07:57:41.369+0000] {logging_mixin.py:190} INFO - [2025-06-18T07:57:41.369+0000] {dag.py:3239} INFO - Sync 4 DAGs
[2025-06-18T07:57:41.391+0000] {logging_mixin.py:190} INFO - [2025-06-18T07:57:41.391+0000] {dag.py:4180} INFO - Setting next_dagrun for dataset_alias_example_alias_consumer to None, run_after=None
[2025-06-18T07:57:41.394+0000] {logging_mixin.py:190} INFO - [2025-06-18T07:57:41.394+0000] {dag.py:4180} INFO - Setting next_dagrun for dataset_alias_example_alias_producer to None, run_after=None
[2025-06-18T07:57:41.396+0000] {logging_mixin.py:190} INFO - [2025-06-18T07:57:41.396+0000] {dag.py:4180} INFO - Setting next_dagrun for dataset_s3_bucket_consumer to None, run_after=None
[2025-06-18T07:57:41.397+0000] {logging_mixin.py:190} INFO - [2025-06-18T07:57:41.397+0000] {dag.py:4180} INFO - Setting next_dagrun for dataset_s3_bucket_producer to None, run_after=None
[2025-06-18T07:57:41.417+0000] {processor.py:208} INFO - Processing /home/airflow/.local/lib/python3.12/site-packages/airflow/example_dags/example_dataset_alias.py took 0.637 seconds
[2025-06-18T07:58:11.490+0000] {processor.py:186} INFO - Started process (PID=487) to work on /home/airflow/.local/lib/python3.12/site-packages/airflow/example_dags/example_dataset_alias.py
[2025-06-18T07:58:11.492+0000] {processor.py:914} INFO - Processing file /home/airflow/.local/lib/python3.12/site-packages/airflow/example_dags/example_dataset_alias.py for tasks to queue
[2025-06-18T07:58:11.494+0000] {logging_mixin.py:190} INFO - [2025-06-18T07:58:11.494+0000] {dagbag.py:588} INFO - Filling up the DagBag from /home/airflow/.local/lib/python3.12/site-packages/airflow/example_dags/example_dataset_alias.py
[2025-06-18T07:58:11.981+0000] {processor.py:925} INFO - DAG(s) 'dataset_s3_bucket_producer', 'dataset_s3_bucket_consumer', 'dataset_alias_example_alias_producer', 'dataset_alias_example_alias_consumer' retrieved from /home/airflow/.local/lib/python3.12/site-packages/airflow/example_dags/example_dataset_alias.py
[2025-06-18T07:58:12.000+0000] {logging_mixin.py:190} INFO - [2025-06-18T07:58:11.999+0000] {dag.py:3239} INFO - Sync 4 DAGs
[2025-06-18T07:58:12.018+0000] {logging_mixin.py:190} INFO - [2025-06-18T07:58:12.018+0000] {dag.py:4180} INFO - Setting next_dagrun for dataset_alias_example_alias_consumer to None, run_after=None
[2025-06-18T07:58:12.021+0000] {logging_mixin.py:190} INFO - [2025-06-18T07:58:12.020+0000] {dag.py:4180} INFO - Setting next_dagrun for dataset_alias_example_alias_producer to None, run_after=None
[2025-06-18T07:58:12.023+0000] {logging_mixin.py:190} INFO - [2025-06-18T07:58:12.023+0000] {dag.py:4180} INFO - Setting next_dagrun for dataset_s3_bucket_consumer to None, run_after=None
[2025-06-18T07:58:12.026+0000] {logging_mixin.py:190} INFO - [2025-06-18T07:58:12.025+0000] {dag.py:4180} INFO - Setting next_dagrun for dataset_s3_bucket_producer to None, run_after=None
[2025-06-18T07:58:12.045+0000] {processor.py:208} INFO - Processing /home/airflow/.local/lib/python3.12/site-packages/airflow/example_dags/example_dataset_alias.py took 0.563 seconds
[2025-06-18T07:58:42.264+0000] {processor.py:186} INFO - Started process (PID=551) to work on /home/airflow/.local/lib/python3.12/site-packages/airflow/example_dags/example_dataset_alias.py
[2025-06-18T07:58:42.265+0000] {processor.py:914} INFO - Processing file /home/airflow/.local/lib/python3.12/site-packages/airflow/example_dags/example_dataset_alias.py for tasks to queue
[2025-06-18T07:58:42.267+0000] {logging_mixin.py:190} INFO - [2025-06-18T07:58:42.266+0000] {dagbag.py:588} INFO - Filling up the DagBag from /home/airflow/.local/lib/python3.12/site-packages/airflow/example_dags/example_dataset_alias.py
[2025-06-18T07:58:42.795+0000] {processor.py:925} INFO - DAG(s) 'dataset_alias_example_alias_producer', 'dataset_alias_example_alias_consumer', 'dataset_s3_bucket_producer', 'dataset_s3_bucket_consumer' retrieved from /home/airflow/.local/lib/python3.12/site-packages/airflow/example_dags/example_dataset_alias.py
[2025-06-18T07:58:42.818+0000] {logging_mixin.py:190} INFO - [2025-06-18T07:58:42.817+0000] {dag.py:3239} INFO - Sync 4 DAGs
[2025-06-18T07:58:42.841+0000] {logging_mixin.py:190} INFO - [2025-06-18T07:58:42.841+0000] {dag.py:4180} INFO - Setting next_dagrun for dataset_alias_example_alias_consumer to None, run_after=None
[2025-06-18T07:58:42.844+0000] {logging_mixin.py:190} INFO - [2025-06-18T07:58:42.844+0000] {dag.py:4180} INFO - Setting next_dagrun for dataset_alias_example_alias_producer to None, run_after=None
[2025-06-18T07:58:42.846+0000] {logging_mixin.py:190} INFO - [2025-06-18T07:58:42.846+0000] {dag.py:4180} INFO - Setting next_dagrun for dataset_s3_bucket_consumer to None, run_after=None
[2025-06-18T07:58:42.848+0000] {logging_mixin.py:190} INFO - [2025-06-18T07:58:42.847+0000] {dag.py:4180} INFO - Setting next_dagrun for dataset_s3_bucket_producer to None, run_after=None
[2025-06-18T07:58:42.869+0000] {processor.py:208} INFO - Processing /home/airflow/.local/lib/python3.12/site-packages/airflow/example_dags/example_dataset_alias.py took 0.610 seconds
[2025-06-18T07:59:12.942+0000] {processor.py:186} INFO - Started process (PID=619) to work on /home/airflow/.local/lib/python3.12/site-packages/airflow/example_dags/example_dataset_alias.py
[2025-06-18T07:59:12.943+0000] {processor.py:914} INFO - Processing file /home/airflow/.local/lib/python3.12/site-packages/airflow/example_dags/example_dataset_alias.py for tasks to queue
[2025-06-18T07:59:12.945+0000] {logging_mixin.py:190} INFO - [2025-06-18T07:59:12.945+0000] {dagbag.py:588} INFO - Filling up the DagBag from /home/airflow/.local/lib/python3.12/site-packages/airflow/example_dags/example_dataset_alias.py
[2025-06-18T07:59:13.390+0000] {processor.py:925} INFO - DAG(s) 'dataset_alias_example_alias_consumer', 'dataset_s3_bucket_consumer', 'dataset_s3_bucket_producer', 'dataset_alias_example_alias_producer' retrieved from /home/airflow/.local/lib/python3.12/site-packages/airflow/example_dags/example_dataset_alias.py
[2025-06-18T07:59:13.408+0000] {logging_mixin.py:190} INFO - [2025-06-18T07:59:13.407+0000] {dag.py:3239} INFO - Sync 4 DAGs
[2025-06-18T07:59:13.429+0000] {logging_mixin.py:190} INFO - [2025-06-18T07:59:13.429+0000] {dag.py:4180} INFO - Setting next_dagrun for dataset_alias_example_alias_consumer to None, run_after=None
[2025-06-18T07:59:13.431+0000] {logging_mixin.py:190} INFO - [2025-06-18T07:59:13.431+0000] {dag.py:4180} INFO - Setting next_dagrun for dataset_alias_example_alias_producer to None, run_after=None
[2025-06-18T07:59:13.432+0000] {logging_mixin.py:190} INFO - [2025-06-18T07:59:13.432+0000] {dag.py:4180} INFO - Setting next_dagrun for dataset_s3_bucket_consumer to None, run_after=None
[2025-06-18T07:59:13.434+0000] {logging_mixin.py:190} INFO - [2025-06-18T07:59:13.433+0000] {dag.py:4180} INFO - Setting next_dagrun for dataset_s3_bucket_producer to None, run_after=None
[2025-06-18T07:59:13.449+0000] {processor.py:208} INFO - Processing /home/airflow/.local/lib/python3.12/site-packages/airflow/example_dags/example_dataset_alias.py took 0.511 seconds
[2025-06-18T07:59:43.537+0000] {processor.py:186} INFO - Started process (PID=678) to work on /home/airflow/.local/lib/python3.12/site-packages/airflow/example_dags/example_dataset_alias.py
[2025-06-18T07:59:43.538+0000] {processor.py:914} INFO - Processing file /home/airflow/.local/lib/python3.12/site-packages/airflow/example_dags/example_dataset_alias.py for tasks to queue
[2025-06-18T07:59:43.541+0000] {logging_mixin.py:190} INFO - [2025-06-18T07:59:43.540+0000] {dagbag.py:588} INFO - Filling up the DagBag from /home/airflow/.local/lib/python3.12/site-packages/airflow/example_dags/example_dataset_alias.py
[2025-06-18T07:59:44.135+0000] {processor.py:925} INFO - DAG(s) 'dataset_s3_bucket_producer', 'dataset_alias_example_alias_consumer', 'dataset_alias_example_alias_producer', 'dataset_s3_bucket_consumer' retrieved from /home/airflow/.local/lib/python3.12/site-packages/airflow/example_dags/example_dataset_alias.py
[2025-06-18T07:59:44.168+0000] {logging_mixin.py:190} INFO - [2025-06-18T07:59:44.167+0000] {dag.py:3239} INFO - Sync 4 DAGs
[2025-06-18T07:59:44.195+0000] {logging_mixin.py:190} INFO - [2025-06-18T07:59:44.195+0000] {dag.py:4180} INFO - Setting next_dagrun for dataset_alias_example_alias_consumer to None, run_after=None
[2025-06-18T07:59:44.198+0000] {logging_mixin.py:190} INFO - [2025-06-18T07:59:44.198+0000] {dag.py:4180} INFO - Setting next_dagrun for dataset_alias_example_alias_producer to None, run_after=None
[2025-06-18T07:59:44.199+0000] {logging_mixin.py:190} INFO - [2025-06-18T07:59:44.199+0000] {dag.py:4180} INFO - Setting next_dagrun for dataset_s3_bucket_consumer to None, run_after=None
[2025-06-18T07:59:44.201+0000] {logging_mixin.py:190} INFO - [2025-06-18T07:59:44.201+0000] {dag.py:4180} INFO - Setting next_dagrun for dataset_s3_bucket_producer to None, run_after=None
[2025-06-18T07:59:44.217+0000] {processor.py:208} INFO - Processing /home/airflow/.local/lib/python3.12/site-packages/airflow/example_dags/example_dataset_alias.py took 0.686 seconds
