[2025-06-18T07:55:03.512+0000] {processor.py:186} INFO - Started process (PID=69) to work on /home/airflow/.local/lib/python3.12/site-packages/airflow/example_dags/tutorial_taskflow_api.py
[2025-06-18T07:55:03.513+0000] {processor.py:914} INFO - Processing file /home/airflow/.local/lib/python3.12/site-packages/airflow/example_dags/tutorial_taskflow_api.py for tasks to queue
[2025-06-18T07:55:03.516+0000] {logging_mixin.py:190} INFO - [2025-06-18T07:55:03.515+0000] {dagbag.py:588} INFO - Filling up the DagBag from /home/airflow/.local/lib/python3.12/site-packages/airflow/example_dags/tutorial_taskflow_api.py
[2025-06-18T07:55:03.524+0000] {processor.py:925} INFO - DAG(s) 'tutorial_taskflow_api' retrieved from /home/airflow/.local/lib/python3.12/site-packages/airflow/example_dags/tutorial_taskflow_api.py
[2025-06-18T07:55:03.548+0000] {logging_mixin.py:190} INFO - [2025-06-18T07:55:03.547+0000] {dag.py:3239} INFO - Sync 1 DAGs
[2025-06-18T07:55:03.564+0000] {logging_mixin.py:190} INFO - [2025-06-18T07:55:03.564+0000] {dag.py:4180} INFO - Setting next_dagrun for tutorial_taskflow_api to None, run_after=None
[2025-06-18T07:55:03.589+0000] {processor.py:208} INFO - Processing /home/airflow/.local/lib/python3.12/site-packages/airflow/example_dags/tutorial_taskflow_api.py took 0.083 seconds
[2025-06-18T07:55:34.582+0000] {processor.py:186} INFO - Started process (PID=138) to work on /home/airflow/.local/lib/python3.12/site-packages/airflow/example_dags/tutorial_taskflow_api.py
[2025-06-18T07:55:34.583+0000] {processor.py:914} INFO - Processing file /home/airflow/.local/lib/python3.12/site-packages/airflow/example_dags/tutorial_taskflow_api.py for tasks to queue
[2025-06-18T07:55:34.586+0000] {logging_mixin.py:190} INFO - [2025-06-18T07:55:34.586+0000] {dagbag.py:588} INFO - Filling up the DagBag from /home/airflow/.local/lib/python3.12/site-packages/airflow/example_dags/tutorial_taskflow_api.py
[2025-06-18T07:55:34.596+0000] {processor.py:925} INFO - DAG(s) 'tutorial_taskflow_api' retrieved from /home/airflow/.local/lib/python3.12/site-packages/airflow/example_dags/tutorial_taskflow_api.py
[2025-06-18T07:55:34.613+0000] {logging_mixin.py:190} INFO - [2025-06-18T07:55:34.613+0000] {dag.py:3239} INFO - Sync 1 DAGs
[2025-06-18T07:55:34.625+0000] {logging_mixin.py:190} INFO - [2025-06-18T07:55:34.625+0000] {dag.py:4180} INFO - Setting next_dagrun for tutorial_taskflow_api to None, run_after=None
[2025-06-18T07:55:34.641+0000] {processor.py:208} INFO - Processing /home/airflow/.local/lib/python3.12/site-packages/airflow/example_dags/tutorial_taskflow_api.py took 0.065 seconds
[2025-06-18T07:56:05.699+0000] {processor.py:186} INFO - Started process (PID=201) to work on /home/airflow/.local/lib/python3.12/site-packages/airflow/example_dags/tutorial_taskflow_api.py
[2025-06-18T07:56:05.701+0000] {processor.py:914} INFO - Processing file /home/airflow/.local/lib/python3.12/site-packages/airflow/example_dags/tutorial_taskflow_api.py for tasks to queue
[2025-06-18T07:56:05.703+0000] {logging_mixin.py:190} INFO - [2025-06-18T07:56:05.702+0000] {dagbag.py:588} INFO - Filling up the DagBag from /home/airflow/.local/lib/python3.12/site-packages/airflow/example_dags/tutorial_taskflow_api.py
[2025-06-18T07:56:05.710+0000] {processor.py:925} INFO - DAG(s) 'tutorial_taskflow_api' retrieved from /home/airflow/.local/lib/python3.12/site-packages/airflow/example_dags/tutorial_taskflow_api.py
[2025-06-18T07:56:05.730+0000] {logging_mixin.py:190} INFO - [2025-06-18T07:56:05.730+0000] {dag.py:3239} INFO - Sync 1 DAGs
[2025-06-18T07:56:05.745+0000] {logging_mixin.py:190} INFO - [2025-06-18T07:56:05.745+0000] {dag.py:4180} INFO - Setting next_dagrun for tutorial_taskflow_api to None, run_after=None
[2025-06-18T07:56:05.767+0000] {processor.py:208} INFO - Processing /home/airflow/.local/lib/python3.12/site-packages/airflow/example_dags/tutorial_taskflow_api.py took 0.072 seconds
[2025-06-18T07:56:36.449+0000] {processor.py:186} INFO - Started process (PID=264) to work on /home/airflow/.local/lib/python3.12/site-packages/airflow/example_dags/tutorial_taskflow_api.py
[2025-06-18T07:56:36.450+0000] {processor.py:914} INFO - Processing file /home/airflow/.local/lib/python3.12/site-packages/airflow/example_dags/tutorial_taskflow_api.py for tasks to queue
[2025-06-18T07:56:36.452+0000] {logging_mixin.py:190} INFO - [2025-06-18T07:56:36.452+0000] {dagbag.py:588} INFO - Filling up the DagBag from /home/airflow/.local/lib/python3.12/site-packages/airflow/example_dags/tutorial_taskflow_api.py
[2025-06-18T07:56:36.459+0000] {processor.py:925} INFO - DAG(s) 'tutorial_taskflow_api' retrieved from /home/airflow/.local/lib/python3.12/site-packages/airflow/example_dags/tutorial_taskflow_api.py
[2025-06-18T07:56:36.476+0000] {logging_mixin.py:190} INFO - [2025-06-18T07:56:36.476+0000] {dag.py:3239} INFO - Sync 1 DAGs
[2025-06-18T07:56:36.490+0000] {logging_mixin.py:190} INFO - [2025-06-18T07:56:36.489+0000] {dag.py:4180} INFO - Setting next_dagrun for tutorial_taskflow_api to None, run_after=None
[2025-06-18T07:56:36.510+0000] {processor.py:208} INFO - Processing /home/airflow/.local/lib/python3.12/site-packages/airflow/example_dags/tutorial_taskflow_api.py took 0.066 seconds
[2025-06-18T07:57:07.194+0000] {processor.py:186} INFO - Started process (PID=327) to work on /home/airflow/.local/lib/python3.12/site-packages/airflow/example_dags/tutorial_taskflow_api.py
[2025-06-18T07:57:07.195+0000] {processor.py:914} INFO - Processing file /home/airflow/.local/lib/python3.12/site-packages/airflow/example_dags/tutorial_taskflow_api.py for tasks to queue
[2025-06-18T07:57:07.198+0000] {logging_mixin.py:190} INFO - [2025-06-18T07:57:07.197+0000] {dagbag.py:588} INFO - Filling up the DagBag from /home/airflow/.local/lib/python3.12/site-packages/airflow/example_dags/tutorial_taskflow_api.py
[2025-06-18T07:57:07.206+0000] {processor.py:925} INFO - DAG(s) 'tutorial_taskflow_api' retrieved from /home/airflow/.local/lib/python3.12/site-packages/airflow/example_dags/tutorial_taskflow_api.py
[2025-06-18T07:57:07.224+0000] {logging_mixin.py:190} INFO - [2025-06-18T07:57:07.224+0000] {dag.py:3239} INFO - Sync 1 DAGs
[2025-06-18T07:57:07.237+0000] {logging_mixin.py:190} INFO - [2025-06-18T07:57:07.237+0000] {dag.py:4180} INFO - Setting next_dagrun for tutorial_taskflow_api to None, run_after=None
[2025-06-18T07:57:07.254+0000] {processor.py:208} INFO - Processing /home/airflow/.local/lib/python3.12/site-packages/airflow/example_dags/tutorial_taskflow_api.py took 0.065 seconds
[2025-06-18T07:57:37.634+0000] {processor.py:186} INFO - Started process (PID=389) to work on /home/airflow/.local/lib/python3.12/site-packages/airflow/example_dags/tutorial_taskflow_api.py
[2025-06-18T07:57:37.635+0000] {processor.py:914} INFO - Processing file /home/airflow/.local/lib/python3.12/site-packages/airflow/example_dags/tutorial_taskflow_api.py for tasks to queue
[2025-06-18T07:57:37.637+0000] {logging_mixin.py:190} INFO - [2025-06-18T07:57:37.637+0000] {dagbag.py:588} INFO - Filling up the DagBag from /home/airflow/.local/lib/python3.12/site-packages/airflow/example_dags/tutorial_taskflow_api.py
[2025-06-18T07:57:37.646+0000] {processor.py:925} INFO - DAG(s) 'tutorial_taskflow_api' retrieved from /home/airflow/.local/lib/python3.12/site-packages/airflow/example_dags/tutorial_taskflow_api.py
[2025-06-18T07:57:37.665+0000] {logging_mixin.py:190} INFO - [2025-06-18T07:57:37.665+0000] {dag.py:3239} INFO - Sync 1 DAGs
[2025-06-18T07:57:37.679+0000] {logging_mixin.py:190} INFO - [2025-06-18T07:57:37.679+0000] {dag.py:4180} INFO - Setting next_dagrun for tutorial_taskflow_api to None, run_after=None
[2025-06-18T07:57:37.698+0000] {processor.py:208} INFO - Processing /home/airflow/.local/lib/python3.12/site-packages/airflow/example_dags/tutorial_taskflow_api.py took 0.069 seconds
[2025-06-18T07:58:08.194+0000] {processor.py:186} INFO - Started process (PID=451) to work on /home/airflow/.local/lib/python3.12/site-packages/airflow/example_dags/tutorial_taskflow_api.py
[2025-06-18T07:58:08.195+0000] {processor.py:914} INFO - Processing file /home/airflow/.local/lib/python3.12/site-packages/airflow/example_dags/tutorial_taskflow_api.py for tasks to queue
[2025-06-18T07:58:08.197+0000] {logging_mixin.py:190} INFO - [2025-06-18T07:58:08.197+0000] {dagbag.py:588} INFO - Filling up the DagBag from /home/airflow/.local/lib/python3.12/site-packages/airflow/example_dags/tutorial_taskflow_api.py
[2025-06-18T07:58:08.204+0000] {processor.py:925} INFO - DAG(s) 'tutorial_taskflow_api' retrieved from /home/airflow/.local/lib/python3.12/site-packages/airflow/example_dags/tutorial_taskflow_api.py
[2025-06-18T07:58:08.220+0000] {logging_mixin.py:190} INFO - [2025-06-18T07:58:08.220+0000] {dag.py:3239} INFO - Sync 1 DAGs
[2025-06-18T07:58:08.232+0000] {logging_mixin.py:190} INFO - [2025-06-18T07:58:08.231+0000] {dag.py:4180} INFO - Setting next_dagrun for tutorial_taskflow_api to None, run_after=None
[2025-06-18T07:58:08.247+0000] {processor.py:208} INFO - Processing /home/airflow/.local/lib/python3.12/site-packages/airflow/example_dags/tutorial_taskflow_api.py took 0.058 seconds
[2025-06-18T07:58:38.770+0000] {processor.py:186} INFO - Started process (PID=514) to work on /home/airflow/.local/lib/python3.12/site-packages/airflow/example_dags/tutorial_taskflow_api.py
[2025-06-18T07:58:38.771+0000] {processor.py:914} INFO - Processing file /home/airflow/.local/lib/python3.12/site-packages/airflow/example_dags/tutorial_taskflow_api.py for tasks to queue
[2025-06-18T07:58:38.773+0000] {logging_mixin.py:190} INFO - [2025-06-18T07:58:38.773+0000] {dagbag.py:588} INFO - Filling up the DagBag from /home/airflow/.local/lib/python3.12/site-packages/airflow/example_dags/tutorial_taskflow_api.py
[2025-06-18T07:58:38.780+0000] {processor.py:925} INFO - DAG(s) 'tutorial_taskflow_api' retrieved from /home/airflow/.local/lib/python3.12/site-packages/airflow/example_dags/tutorial_taskflow_api.py
[2025-06-18T07:58:38.797+0000] {logging_mixin.py:190} INFO - [2025-06-18T07:58:38.796+0000] {dag.py:3239} INFO - Sync 1 DAGs
[2025-06-18T07:58:38.808+0000] {logging_mixin.py:190} INFO - [2025-06-18T07:58:38.808+0000] {dag.py:4180} INFO - Setting next_dagrun for tutorial_taskflow_api to None, run_after=None
[2025-06-18T07:58:38.824+0000] {processor.py:208} INFO - Processing /home/airflow/.local/lib/python3.12/site-packages/airflow/example_dags/tutorial_taskflow_api.py took 0.059 seconds
[2025-06-18T07:59:09.540+0000] {processor.py:186} INFO - Started process (PID=577) to work on /home/airflow/.local/lib/python3.12/site-packages/airflow/example_dags/tutorial_taskflow_api.py
[2025-06-18T07:59:09.541+0000] {processor.py:914} INFO - Processing file /home/airflow/.local/lib/python3.12/site-packages/airflow/example_dags/tutorial_taskflow_api.py for tasks to queue
[2025-06-18T07:59:09.543+0000] {logging_mixin.py:190} INFO - [2025-06-18T07:59:09.543+0000] {dagbag.py:588} INFO - Filling up the DagBag from /home/airflow/.local/lib/python3.12/site-packages/airflow/example_dags/tutorial_taskflow_api.py
[2025-06-18T07:59:09.550+0000] {processor.py:925} INFO - DAG(s) 'tutorial_taskflow_api' retrieved from /home/airflow/.local/lib/python3.12/site-packages/airflow/example_dags/tutorial_taskflow_api.py
[2025-06-18T07:59:09.568+0000] {logging_mixin.py:190} INFO - [2025-06-18T07:59:09.567+0000] {dag.py:3239} INFO - Sync 1 DAGs
[2025-06-18T07:59:09.580+0000] {logging_mixin.py:190} INFO - [2025-06-18T07:59:09.580+0000] {dag.py:4180} INFO - Setting next_dagrun for tutorial_taskflow_api to None, run_after=None
[2025-06-18T07:59:09.594+0000] {processor.py:208} INFO - Processing /home/airflow/.local/lib/python3.12/site-packages/airflow/example_dags/tutorial_taskflow_api.py took 0.059 seconds
[2025-06-18T07:59:40.262+0000] {processor.py:186} INFO - Started process (PID=640) to work on /home/airflow/.local/lib/python3.12/site-packages/airflow/example_dags/tutorial_taskflow_api.py
[2025-06-18T07:59:40.263+0000] {processor.py:914} INFO - Processing file /home/airflow/.local/lib/python3.12/site-packages/airflow/example_dags/tutorial_taskflow_api.py for tasks to queue
[2025-06-18T07:59:40.265+0000] {logging_mixin.py:190} INFO - [2025-06-18T07:59:40.265+0000] {dagbag.py:588} INFO - Filling up the DagBag from /home/airflow/.local/lib/python3.12/site-packages/airflow/example_dags/tutorial_taskflow_api.py
[2025-06-18T07:59:40.272+0000] {processor.py:925} INFO - DAG(s) 'tutorial_taskflow_api' retrieved from /home/airflow/.local/lib/python3.12/site-packages/airflow/example_dags/tutorial_taskflow_api.py
[2025-06-18T07:59:40.289+0000] {logging_mixin.py:190} INFO - [2025-06-18T07:59:40.289+0000] {dag.py:3239} INFO - Sync 1 DAGs
[2025-06-18T07:59:40.301+0000] {logging_mixin.py:190} INFO - [2025-06-18T07:59:40.301+0000] {dag.py:4180} INFO - Setting next_dagrun for tutorial_taskflow_api to None, run_after=None
[2025-06-18T07:59:40.318+0000] {processor.py:208} INFO - Processing /home/airflow/.local/lib/python3.12/site-packages/airflow/example_dags/tutorial_taskflow_api.py took 0.060 seconds
