[2025-06-08T14:52:54.328+0000] {processor.py:186} INFO - Started process (PID=99) to work on /home/airflow/.local/lib/python3.12/site-packages/airflow/example_dags/example_bash_operator.py
[2025-06-08T14:52:54.329+0000] {processor.py:914} INFO - Processing file /home/airflow/.local/lib/python3.12/site-packages/airflow/example_dags/example_bash_operator.py for tasks to queue
[2025-06-08T14:52:54.332+0000] {logging_mixin.py:190} INFO - [2025-06-08T14:52:54.331+0000] {dagbag.py:588} INFO - Filling up the DagBag from /home/airflow/.local/lib/python3.12/site-packages/airflow/example_dags/example_bash_operator.py
[2025-06-08T14:52:54.349+0000] {processor.py:925} INFO - DAG(s) 'example_bash_operator' retrieved from /home/airflow/.local/lib/python3.12/site-packages/airflow/example_dags/example_bash_operator.py
[2025-06-08T14:52:54.451+0000] {logging_mixin.py:190} INFO - [2025-06-08T14:52:54.450+0000] {override.py:1911} INFO - Created Permission View: can edit on DAG:example_bash_operator
[2025-06-08T14:52:54.461+0000] {logging_mixin.py:190} INFO - [2025-06-08T14:52:54.460+0000] {override.py:1911} INFO - Created Permission View: can read on DAG:example_bash_operator
[2025-06-08T14:52:54.467+0000] {logging_mixin.py:190} INFO - [2025-06-08T14:52:54.467+0000] {override.py:1911} INFO - Created Permission View: can delete on DAG:example_bash_operator
[2025-06-08T14:52:54.479+0000] {logging_mixin.py:190} INFO - [2025-06-08T14:52:54.478+0000] {override.py:1911} INFO - Created Permission View: can read on DAG Run:example_bash_operator
[2025-06-08T14:52:54.486+0000] {logging_mixin.py:190} INFO - [2025-06-08T14:52:54.486+0000] {override.py:1911} INFO - Created Permission View: can delete on DAG Run:example_bash_operator
[2025-06-08T14:52:54.494+0000] {logging_mixin.py:190} INFO - [2025-06-08T14:52:54.494+0000] {override.py:1911} INFO - Created Permission View: can create on DAG Run:example_bash_operator
[2025-06-08T14:52:54.502+0000] {logging_mixin.py:190} INFO - [2025-06-08T14:52:54.501+0000] {override.py:1911} INFO - Created Permission View: menu access on DAG Run:example_bash_operator
[2025-06-08T14:52:54.503+0000] {logging_mixin.py:190} INFO - [2025-06-08T14:52:54.502+0000] {dag.py:3239} INFO - Sync 1 DAGs
[2025-06-08T14:52:54.514+0000] {logging_mixin.py:190} INFO - [2025-06-08T14:52:54.514+0000] {dag.py:3262} INFO - Creating ORM DAG for example_bash_operator
[2025-06-08T14:52:54.526+0000] {logging_mixin.py:190} INFO - [2025-06-08T14:52:54.525+0000] {dag.py:4180} INFO - Setting next_dagrun for example_bash_operator to 2025-06-07 00:00:00+00:00, run_after=2025-06-08 00:00:00+00:00
[2025-06-08T14:52:54.546+0000] {processor.py:208} INFO - Processing /home/airflow/.local/lib/python3.12/site-packages/airflow/example_dags/example_bash_operator.py took 0.225 seconds
[2025-06-08T14:53:24.930+0000] {processor.py:186} INFO - Started process (PID=162) to work on /home/airflow/.local/lib/python3.12/site-packages/airflow/example_dags/example_bash_operator.py
[2025-06-08T14:53:24.931+0000] {processor.py:914} INFO - Processing file /home/airflow/.local/lib/python3.12/site-packages/airflow/example_dags/example_bash_operator.py for tasks to queue
[2025-06-08T14:53:24.934+0000] {logging_mixin.py:190} INFO - [2025-06-08T14:53:24.933+0000] {dagbag.py:588} INFO - Filling up the DagBag from /home/airflow/.local/lib/python3.12/site-packages/airflow/example_dags/example_bash_operator.py
[2025-06-08T14:53:24.950+0000] {processor.py:925} INFO - DAG(s) 'example_bash_operator' retrieved from /home/airflow/.local/lib/python3.12/site-packages/airflow/example_dags/example_bash_operator.py
[2025-06-08T14:53:24.982+0000] {logging_mixin.py:190} INFO - [2025-06-08T14:53:24.982+0000] {dag.py:3239} INFO - Sync 1 DAGs
[2025-06-08T14:53:25.006+0000] {logging_mixin.py:190} INFO - [2025-06-08T14:53:25.006+0000] {dag.py:4180} INFO - Setting next_dagrun for example_bash_operator to 2025-06-07 00:00:00+00:00, run_after=2025-06-08 00:00:00+00:00
[2025-06-08T14:53:25.024+0000] {processor.py:208} INFO - Processing /home/airflow/.local/lib/python3.12/site-packages/airflow/example_dags/example_bash_operator.py took 0.101 seconds
[2025-06-08T14:53:56.024+0000] {processor.py:186} INFO - Started process (PID=225) to work on /home/airflow/.local/lib/python3.12/site-packages/airflow/example_dags/example_bash_operator.py
[2025-06-08T14:53:56.025+0000] {processor.py:914} INFO - Processing file /home/airflow/.local/lib/python3.12/site-packages/airflow/example_dags/example_bash_operator.py for tasks to queue
[2025-06-08T14:53:56.027+0000] {logging_mixin.py:190} INFO - [2025-06-08T14:53:56.027+0000] {dagbag.py:588} INFO - Filling up the DagBag from /home/airflow/.local/lib/python3.12/site-packages/airflow/example_dags/example_bash_operator.py
[2025-06-08T14:53:56.038+0000] {processor.py:925} INFO - DAG(s) 'example_bash_operator' retrieved from /home/airflow/.local/lib/python3.12/site-packages/airflow/example_dags/example_bash_operator.py
[2025-06-08T14:53:56.061+0000] {logging_mixin.py:190} INFO - [2025-06-08T14:53:56.060+0000] {dag.py:3239} INFO - Sync 1 DAGs
[2025-06-08T14:53:56.087+0000] {logging_mixin.py:190} INFO - [2025-06-08T14:53:56.087+0000] {dag.py:4180} INFO - Setting next_dagrun for example_bash_operator to 2025-06-07 00:00:00+00:00, run_after=2025-06-08 00:00:00+00:00
[2025-06-08T14:53:56.109+0000] {processor.py:208} INFO - Processing /home/airflow/.local/lib/python3.12/site-packages/airflow/example_dags/example_bash_operator.py took 0.090 seconds
[2025-06-08T14:54:26.856+0000] {processor.py:186} INFO - Started process (PID=288) to work on /home/airflow/.local/lib/python3.12/site-packages/airflow/example_dags/example_bash_operator.py
[2025-06-08T14:54:26.857+0000] {processor.py:914} INFO - Processing file /home/airflow/.local/lib/python3.12/site-packages/airflow/example_dags/example_bash_operator.py for tasks to queue
[2025-06-08T14:54:26.861+0000] {logging_mixin.py:190} INFO - [2025-06-08T14:54:26.860+0000] {dagbag.py:588} INFO - Filling up the DagBag from /home/airflow/.local/lib/python3.12/site-packages/airflow/example_dags/example_bash_operator.py
[2025-06-08T14:54:26.877+0000] {processor.py:925} INFO - DAG(s) 'example_bash_operator' retrieved from /home/airflow/.local/lib/python3.12/site-packages/airflow/example_dags/example_bash_operator.py
[2025-06-08T14:54:26.910+0000] {logging_mixin.py:190} INFO - [2025-06-08T14:54:26.910+0000] {dag.py:3239} INFO - Sync 1 DAGs
[2025-06-08T14:54:26.941+0000] {logging_mixin.py:190} INFO - [2025-06-08T14:54:26.941+0000] {dag.py:4180} INFO - Setting next_dagrun for example_bash_operator to 2025-06-07 00:00:00+00:00, run_after=2025-06-08 00:00:00+00:00
[2025-06-08T14:54:26.964+0000] {processor.py:208} INFO - Processing /home/airflow/.local/lib/python3.12/site-packages/airflow/example_dags/example_bash_operator.py took 0.115 seconds
[2025-06-08T14:54:57.860+0000] {processor.py:186} INFO - Started process (PID=351) to work on /home/airflow/.local/lib/python3.12/site-packages/airflow/example_dags/example_bash_operator.py
[2025-06-08T14:54:57.862+0000] {processor.py:914} INFO - Processing file /home/airflow/.local/lib/python3.12/site-packages/airflow/example_dags/example_bash_operator.py for tasks to queue
[2025-06-08T14:54:57.864+0000] {logging_mixin.py:190} INFO - [2025-06-08T14:54:57.864+0000] {dagbag.py:588} INFO - Filling up the DagBag from /home/airflow/.local/lib/python3.12/site-packages/airflow/example_dags/example_bash_operator.py
[2025-06-08T14:54:57.876+0000] {processor.py:925} INFO - DAG(s) 'example_bash_operator' retrieved from /home/airflow/.local/lib/python3.12/site-packages/airflow/example_dags/example_bash_operator.py
[2025-06-08T14:54:57.899+0000] {logging_mixin.py:190} INFO - [2025-06-08T14:54:57.899+0000] {dag.py:3239} INFO - Sync 1 DAGs
[2025-06-08T14:54:57.923+0000] {logging_mixin.py:190} INFO - [2025-06-08T14:54:57.923+0000] {dag.py:4180} INFO - Setting next_dagrun for example_bash_operator to 2025-06-07 00:00:00+00:00, run_after=2025-06-08 00:00:00+00:00
[2025-06-08T14:54:57.939+0000] {processor.py:208} INFO - Processing /home/airflow/.local/lib/python3.12/site-packages/airflow/example_dags/example_bash_operator.py took 0.084 seconds
[2025-06-08T14:55:28.723+0000] {processor.py:186} INFO - Started process (PID=414) to work on /home/airflow/.local/lib/python3.12/site-packages/airflow/example_dags/example_bash_operator.py
[2025-06-08T14:55:28.724+0000] {processor.py:914} INFO - Processing file /home/airflow/.local/lib/python3.12/site-packages/airflow/example_dags/example_bash_operator.py for tasks to queue
[2025-06-08T14:55:28.727+0000] {logging_mixin.py:190} INFO - [2025-06-08T14:55:28.726+0000] {dagbag.py:588} INFO - Filling up the DagBag from /home/airflow/.local/lib/python3.12/site-packages/airflow/example_dags/example_bash_operator.py
[2025-06-08T14:55:28.746+0000] {processor.py:925} INFO - DAG(s) 'example_bash_operator' retrieved from /home/airflow/.local/lib/python3.12/site-packages/airflow/example_dags/example_bash_operator.py
[2025-06-08T14:55:28.776+0000] {logging_mixin.py:190} INFO - [2025-06-08T14:55:28.775+0000] {dag.py:3239} INFO - Sync 1 DAGs
[2025-06-08T14:55:28.811+0000] {logging_mixin.py:190} INFO - [2025-06-08T14:55:28.810+0000] {dag.py:4180} INFO - Setting next_dagrun for example_bash_operator to 2025-06-07 00:00:00+00:00, run_after=2025-06-08 00:00:00+00:00
[2025-06-08T14:55:28.837+0000] {processor.py:208} INFO - Processing /home/airflow/.local/lib/python3.12/site-packages/airflow/example_dags/example_bash_operator.py took 0.120 seconds
[2025-06-08T14:55:58.898+0000] {processor.py:186} INFO - Started process (PID=476) to work on /home/airflow/.local/lib/python3.12/site-packages/airflow/example_dags/example_bash_operator.py
[2025-06-08T14:55:58.899+0000] {processor.py:914} INFO - Processing file /home/airflow/.local/lib/python3.12/site-packages/airflow/example_dags/example_bash_operator.py for tasks to queue
[2025-06-08T14:55:58.901+0000] {logging_mixin.py:190} INFO - [2025-06-08T14:55:58.901+0000] {dagbag.py:588} INFO - Filling up the DagBag from /home/airflow/.local/lib/python3.12/site-packages/airflow/example_dags/example_bash_operator.py
[2025-06-08T14:55:58.919+0000] {processor.py:925} INFO - DAG(s) 'example_bash_operator' retrieved from /home/airflow/.local/lib/python3.12/site-packages/airflow/example_dags/example_bash_operator.py
[2025-06-08T14:55:58.953+0000] {logging_mixin.py:190} INFO - [2025-06-08T14:55:58.953+0000] {dag.py:3239} INFO - Sync 1 DAGs
[2025-06-08T14:55:58.984+0000] {logging_mixin.py:190} INFO - [2025-06-08T14:55:58.984+0000] {dag.py:4180} INFO - Setting next_dagrun for example_bash_operator to 2025-06-07 00:00:00+00:00, run_after=2025-06-08 00:00:00+00:00
[2025-06-08T14:55:59.014+0000] {processor.py:208} INFO - Processing /home/airflow/.local/lib/python3.12/site-packages/airflow/example_dags/example_bash_operator.py took 0.122 seconds
