[2025-06-08T14:52:51.851+0000] {processor.py:186} INFO - Started process (PID=85) to work on /home/airflow/.local/lib/python3.12/site-packages/airflow/example_dags/example_branch_labels.py
[2025-06-08T14:52:51.852+0000] {processor.py:914} INFO - Processing file /home/airflow/.local/lib/python3.12/site-packages/airflow/example_dags/example_branch_labels.py for tasks to queue
[2025-06-08T14:52:51.855+0000] {logging_mixin.py:190} INFO - [2025-06-08T14:52:51.854+0000] {dagbag.py:588} INFO - Filling up the DagBag from /home/airflow/.local/lib/python3.12/site-packages/airflow/example_dags/example_branch_labels.py
[2025-06-08T14:52:51.866+0000] {processor.py:925} INFO - DAG(s) 'example_branch_labels' retrieved from /home/airflow/.local/lib/python3.12/site-packages/airflow/example_dags/example_branch_labels.py
[2025-06-08T14:52:51.983+0000] {logging_mixin.py:190} INFO - [2025-06-08T14:52:51.982+0000] {override.py:1911} INFO - Created Permission View: can edit on DAG:example_branch_labels
[2025-06-08T14:52:51.996+0000] {logging_mixin.py:190} INFO - [2025-06-08T14:52:51.995+0000] {override.py:1911} INFO - Created Permission View: can read on DAG:example_branch_labels
[2025-06-08T14:52:52.004+0000] {logging_mixin.py:190} INFO - [2025-06-08T14:52:52.004+0000] {override.py:1911} INFO - Created Permission View: can delete on DAG:example_branch_labels
[2025-06-08T14:52:52.013+0000] {logging_mixin.py:190} INFO - [2025-06-08T14:52:52.012+0000] {override.py:1911} INFO - Created Permission View: can read on DAG Run:example_branch_labels
[2025-06-08T14:52:52.020+0000] {logging_mixin.py:190} INFO - [2025-06-08T14:52:52.020+0000] {override.py:1911} INFO - Created Permission View: can delete on DAG Run:example_branch_labels
[2025-06-08T14:52:52.028+0000] {logging_mixin.py:190} INFO - [2025-06-08T14:52:52.028+0000] {override.py:1911} INFO - Created Permission View: can create on DAG Run:example_branch_labels
[2025-06-08T14:52:52.036+0000] {logging_mixin.py:190} INFO - [2025-06-08T14:52:52.036+0000] {override.py:1911} INFO - Created Permission View: menu access on DAG Run:example_branch_labels
[2025-06-08T14:52:52.037+0000] {logging_mixin.py:190} INFO - [2025-06-08T14:52:52.037+0000] {dag.py:3239} INFO - Sync 1 DAGs
[2025-06-08T14:52:52.048+0000] {logging_mixin.py:190} INFO - [2025-06-08T14:52:52.047+0000] {dag.py:3262} INFO - Creating ORM DAG for example_branch_labels
[2025-06-08T14:52:52.057+0000] {logging_mixin.py:190} INFO - [2025-06-08T14:52:52.057+0000] {dag.py:4180} INFO - Setting next_dagrun for example_branch_labels to 2025-06-07 00:00:00+00:00, run_after=2025-06-08 00:00:00+00:00
[2025-06-08T14:52:52.069+0000] {processor.py:208} INFO - Processing /home/airflow/.local/lib/python3.12/site-packages/airflow/example_dags/example_branch_labels.py took 0.224 seconds
[2025-06-08T14:53:22.968+0000] {processor.py:186} INFO - Started process (PID=148) to work on /home/airflow/.local/lib/python3.12/site-packages/airflow/example_dags/example_branch_labels.py
[2025-06-08T14:53:22.969+0000] {processor.py:914} INFO - Processing file /home/airflow/.local/lib/python3.12/site-packages/airflow/example_dags/example_branch_labels.py for tasks to queue
[2025-06-08T14:53:22.971+0000] {logging_mixin.py:190} INFO - [2025-06-08T14:53:22.971+0000] {dagbag.py:588} INFO - Filling up the DagBag from /home/airflow/.local/lib/python3.12/site-packages/airflow/example_dags/example_branch_labels.py
[2025-06-08T14:53:22.979+0000] {processor.py:925} INFO - DAG(s) 'example_branch_labels' retrieved from /home/airflow/.local/lib/python3.12/site-packages/airflow/example_dags/example_branch_labels.py
[2025-06-08T14:53:22.997+0000] {logging_mixin.py:190} INFO - [2025-06-08T14:53:22.997+0000] {dag.py:3239} INFO - Sync 1 DAGs
[2025-06-08T14:53:23.018+0000] {logging_mixin.py:190} INFO - [2025-06-08T14:53:23.018+0000] {dag.py:4180} INFO - Setting next_dagrun for example_branch_labels to 2025-06-07 00:00:00+00:00, run_after=2025-06-08 00:00:00+00:00
[2025-06-08T14:53:23.033+0000] {processor.py:208} INFO - Processing /home/airflow/.local/lib/python3.12/site-packages/airflow/example_dags/example_branch_labels.py took 0.070 seconds
[2025-06-08T14:53:54.065+0000] {processor.py:186} INFO - Started process (PID=211) to work on /home/airflow/.local/lib/python3.12/site-packages/airflow/example_dags/example_branch_labels.py
[2025-06-08T14:53:54.066+0000] {processor.py:914} INFO - Processing file /home/airflow/.local/lib/python3.12/site-packages/airflow/example_dags/example_branch_labels.py for tasks to queue
[2025-06-08T14:53:54.068+0000] {logging_mixin.py:190} INFO - [2025-06-08T14:53:54.067+0000] {dagbag.py:588} INFO - Filling up the DagBag from /home/airflow/.local/lib/python3.12/site-packages/airflow/example_dags/example_branch_labels.py
[2025-06-08T14:53:54.077+0000] {processor.py:925} INFO - DAG(s) 'example_branch_labels' retrieved from /home/airflow/.local/lib/python3.12/site-packages/airflow/example_dags/example_branch_labels.py
[2025-06-08T14:53:54.096+0000] {logging_mixin.py:190} INFO - [2025-06-08T14:53:54.096+0000] {dag.py:3239} INFO - Sync 1 DAGs
[2025-06-08T14:53:54.119+0000] {logging_mixin.py:190} INFO - [2025-06-08T14:53:54.118+0000] {dag.py:4180} INFO - Setting next_dagrun for example_branch_labels to 2025-06-07 00:00:00+00:00, run_after=2025-06-08 00:00:00+00:00
[2025-06-08T14:53:54.139+0000] {processor.py:208} INFO - Processing /home/airflow/.local/lib/python3.12/site-packages/airflow/example_dags/example_branch_labels.py took 0.079 seconds
[2025-06-08T14:54:24.689+0000] {processor.py:186} INFO - Started process (PID=274) to work on /home/airflow/.local/lib/python3.12/site-packages/airflow/example_dags/example_branch_labels.py
[2025-06-08T14:54:24.690+0000] {processor.py:914} INFO - Processing file /home/airflow/.local/lib/python3.12/site-packages/airflow/example_dags/example_branch_labels.py for tasks to queue
[2025-06-08T14:54:24.692+0000] {logging_mixin.py:190} INFO - [2025-06-08T14:54:24.692+0000] {dagbag.py:588} INFO - Filling up the DagBag from /home/airflow/.local/lib/python3.12/site-packages/airflow/example_dags/example_branch_labels.py
[2025-06-08T14:54:24.701+0000] {processor.py:925} INFO - DAG(s) 'example_branch_labels' retrieved from /home/airflow/.local/lib/python3.12/site-packages/airflow/example_dags/example_branch_labels.py
[2025-06-08T14:54:24.719+0000] {logging_mixin.py:190} INFO - [2025-06-08T14:54:24.718+0000] {dag.py:3239} INFO - Sync 1 DAGs
[2025-06-08T14:54:24.747+0000] {logging_mixin.py:190} INFO - [2025-06-08T14:54:24.746+0000] {dag.py:4180} INFO - Setting next_dagrun for example_branch_labels to 2025-06-07 00:00:00+00:00, run_after=2025-06-08 00:00:00+00:00
[2025-06-08T14:54:24.768+0000] {processor.py:208} INFO - Processing /home/airflow/.local/lib/python3.12/site-packages/airflow/example_dags/example_branch_labels.py took 0.083 seconds
[2025-06-08T14:54:54.985+0000] {processor.py:186} INFO - Started process (PID=337) to work on /home/airflow/.local/lib/python3.12/site-packages/airflow/example_dags/example_branch_labels.py
[2025-06-08T14:54:54.986+0000] {processor.py:914} INFO - Processing file /home/airflow/.local/lib/python3.12/site-packages/airflow/example_dags/example_branch_labels.py for tasks to queue
[2025-06-08T14:54:54.988+0000] {logging_mixin.py:190} INFO - [2025-06-08T14:54:54.988+0000] {dagbag.py:588} INFO - Filling up the DagBag from /home/airflow/.local/lib/python3.12/site-packages/airflow/example_dags/example_branch_labels.py
[2025-06-08T14:54:54.997+0000] {processor.py:925} INFO - DAG(s) 'example_branch_labels' retrieved from /home/airflow/.local/lib/python3.12/site-packages/airflow/example_dags/example_branch_labels.py
[2025-06-08T14:54:55.018+0000] {logging_mixin.py:190} INFO - [2025-06-08T14:54:55.018+0000] {dag.py:3239} INFO - Sync 1 DAGs
[2025-06-08T14:54:55.039+0000] {logging_mixin.py:190} INFO - [2025-06-08T14:54:55.039+0000] {dag.py:4180} INFO - Setting next_dagrun for example_branch_labels to 2025-06-07 00:00:00+00:00, run_after=2025-06-08 00:00:00+00:00
[2025-06-08T14:54:55.058+0000] {processor.py:208} INFO - Processing /home/airflow/.local/lib/python3.12/site-packages/airflow/example_dags/example_branch_labels.py took 0.078 seconds
[2025-06-08T14:55:27.456+0000] {processor.py:186} INFO - Started process (PID=400) to work on /home/airflow/.local/lib/python3.12/site-packages/airflow/example_dags/example_branch_labels.py
[2025-06-08T14:55:27.458+0000] {processor.py:914} INFO - Processing file /home/airflow/.local/lib/python3.12/site-packages/airflow/example_dags/example_branch_labels.py for tasks to queue
[2025-06-08T14:55:27.463+0000] {logging_mixin.py:190} INFO - [2025-06-08T14:55:27.462+0000] {dagbag.py:588} INFO - Filling up the DagBag from /home/airflow/.local/lib/python3.12/site-packages/airflow/example_dags/example_branch_labels.py
[2025-06-08T14:55:27.491+0000] {processor.py:925} INFO - DAG(s) 'example_branch_labels' retrieved from /home/airflow/.local/lib/python3.12/site-packages/airflow/example_dags/example_branch_labels.py
[2025-06-08T14:55:27.545+0000] {logging_mixin.py:190} INFO - [2025-06-08T14:55:27.544+0000] {dag.py:3239} INFO - Sync 1 DAGs
[2025-06-08T14:55:27.600+0000] {logging_mixin.py:190} INFO - [2025-06-08T14:55:27.599+0000] {dag.py:4180} INFO - Setting next_dagrun for example_branch_labels to 2025-06-07 00:00:00+00:00, run_after=2025-06-08 00:00:00+00:00
[2025-06-08T14:55:27.653+0000] {processor.py:208} INFO - Processing /home/airflow/.local/lib/python3.12/site-packages/airflow/example_dags/example_branch_labels.py took 0.210 seconds
[2025-06-08T14:55:57.792+0000] {processor.py:186} INFO - Started process (PID=463) to work on /home/airflow/.local/lib/python3.12/site-packages/airflow/example_dags/example_branch_labels.py
[2025-06-08T14:55:57.793+0000] {processor.py:914} INFO - Processing file /home/airflow/.local/lib/python3.12/site-packages/airflow/example_dags/example_branch_labels.py for tasks to queue
[2025-06-08T14:55:57.795+0000] {logging_mixin.py:190} INFO - [2025-06-08T14:55:57.795+0000] {dagbag.py:588} INFO - Filling up the DagBag from /home/airflow/.local/lib/python3.12/site-packages/airflow/example_dags/example_branch_labels.py
[2025-06-08T14:55:57.804+0000] {processor.py:925} INFO - DAG(s) 'example_branch_labels' retrieved from /home/airflow/.local/lib/python3.12/site-packages/airflow/example_dags/example_branch_labels.py
[2025-06-08T14:55:57.820+0000] {logging_mixin.py:190} INFO - [2025-06-08T14:55:57.820+0000] {dag.py:3239} INFO - Sync 1 DAGs
[2025-06-08T14:55:57.841+0000] {logging_mixin.py:190} INFO - [2025-06-08T14:55:57.841+0000] {dag.py:4180} INFO - Setting next_dagrun for example_branch_labels to 2025-06-07 00:00:00+00:00, run_after=2025-06-08 00:00:00+00:00
[2025-06-08T14:55:57.857+0000] {processor.py:208} INFO - Processing /home/airflow/.local/lib/python3.12/site-packages/airflow/example_dags/example_branch_labels.py took 0.069 seconds
