[2025-06-08T14:52:50.231+0000] {processor.py:186} INFO - Started process (PID=77) to work on /home/airflow/.local/lib/python3.12/site-packages/airflow/example_dags/example_outlet_event_extra.py
[2025-06-08T14:52:50.233+0000] {processor.py:914} INFO - Processing file /home/airflow/.local/lib/python3.12/site-packages/airflow/example_dags/example_outlet_event_extra.py for tasks to queue
[2025-06-08T14:52:50.237+0000] {logging_mixin.py:190} INFO - [2025-06-08T14:52:50.237+0000] {dagbag.py:588} INFO - Filling up the DagBag from /home/airflow/.local/lib/python3.12/site-packages/airflow/example_dags/example_outlet_event_extra.py
[2025-06-08T14:52:50.884+0000] {processor.py:925} INFO - DAG(s) 'dataset_with_extra_from_classic_operator', 'dataset_with_extra_by_yield', 'dataset_with_extra_by_context' retrieved from /home/airflow/.local/lib/python3.12/site-packages/airflow/example_dags/example_outlet_event_extra.py
[2025-06-08T14:52:51.006+0000] {logging_mixin.py:190} INFO - [2025-06-08T14:52:51.005+0000] {override.py:1911} INFO - Created Permission View: can edit on DAG:dataset_with_extra_from_classic_operator
[2025-06-08T14:52:51.019+0000] {logging_mixin.py:190} INFO - [2025-06-08T14:52:51.018+0000] {override.py:1911} INFO - Created Permission View: can read on DAG:dataset_with_extra_from_classic_operator
[2025-06-08T14:52:51.032+0000] {logging_mixin.py:190} INFO - [2025-06-08T14:52:51.031+0000] {override.py:1911} INFO - Created Permission View: can delete on DAG:dataset_with_extra_from_classic_operator
[2025-06-08T14:52:51.045+0000] {logging_mixin.py:190} INFO - [2025-06-08T14:52:51.044+0000] {override.py:1911} INFO - Created Permission View: can read on DAG Run:dataset_with_extra_from_classic_operator
[2025-06-08T14:52:51.058+0000] {logging_mixin.py:190} INFO - [2025-06-08T14:52:51.057+0000] {override.py:1911} INFO - Created Permission View: can delete on DAG Run:dataset_with_extra_from_classic_operator
[2025-06-08T14:52:51.072+0000] {logging_mixin.py:190} INFO - [2025-06-08T14:52:51.071+0000] {override.py:1911} INFO - Created Permission View: can create on DAG Run:dataset_with_extra_from_classic_operator
[2025-06-08T14:52:51.087+0000] {logging_mixin.py:190} INFO - [2025-06-08T14:52:51.087+0000] {override.py:1911} INFO - Created Permission View: menu access on DAG Run:dataset_with_extra_from_classic_operator
[2025-06-08T14:52:51.108+0000] {logging_mixin.py:190} INFO - [2025-06-08T14:52:51.108+0000] {override.py:1911} INFO - Created Permission View: can edit on DAG:dataset_with_extra_by_yield
[2025-06-08T14:52:51.119+0000] {logging_mixin.py:190} INFO - [2025-06-08T14:52:51.119+0000] {override.py:1911} INFO - Created Permission View: can read on DAG:dataset_with_extra_by_yield
[2025-06-08T14:52:51.128+0000] {logging_mixin.py:190} INFO - [2025-06-08T14:52:51.128+0000] {override.py:1911} INFO - Created Permission View: can delete on DAG:dataset_with_extra_by_yield
[2025-06-08T14:52:51.136+0000] {logging_mixin.py:190} INFO - [2025-06-08T14:52:51.136+0000] {override.py:1911} INFO - Created Permission View: can read on DAG Run:dataset_with_extra_by_yield
[2025-06-08T14:52:51.143+0000] {logging_mixin.py:190} INFO - [2025-06-08T14:52:51.143+0000] {override.py:1911} INFO - Created Permission View: can delete on DAG Run:dataset_with_extra_by_yield
[2025-06-08T14:52:51.151+0000] {logging_mixin.py:190} INFO - [2025-06-08T14:52:51.151+0000] {override.py:1911} INFO - Created Permission View: can create on DAG Run:dataset_with_extra_by_yield
[2025-06-08T14:52:51.158+0000] {logging_mixin.py:190} INFO - [2025-06-08T14:52:51.158+0000] {override.py:1911} INFO - Created Permission View: menu access on DAG Run:dataset_with_extra_by_yield
[2025-06-08T14:52:51.170+0000] {logging_mixin.py:190} INFO - [2025-06-08T14:52:51.169+0000] {override.py:1911} INFO - Created Permission View: can edit on DAG:dataset_with_extra_by_context
[2025-06-08T14:52:51.176+0000] {logging_mixin.py:190} INFO - [2025-06-08T14:52:51.176+0000] {override.py:1911} INFO - Created Permission View: can read on DAG:dataset_with_extra_by_context
[2025-06-08T14:52:51.184+0000] {logging_mixin.py:190} INFO - [2025-06-08T14:52:51.183+0000] {override.py:1911} INFO - Created Permission View: can delete on DAG:dataset_with_extra_by_context
[2025-06-08T14:52:51.193+0000] {logging_mixin.py:190} INFO - [2025-06-08T14:52:51.193+0000] {override.py:1911} INFO - Created Permission View: can read on DAG Run:dataset_with_extra_by_context
[2025-06-08T14:52:51.201+0000] {logging_mixin.py:190} INFO - [2025-06-08T14:52:51.201+0000] {override.py:1911} INFO - Created Permission View: can delete on DAG Run:dataset_with_extra_by_context
[2025-06-08T14:52:51.208+0000] {logging_mixin.py:190} INFO - [2025-06-08T14:52:51.208+0000] {override.py:1911} INFO - Created Permission View: can create on DAG Run:dataset_with_extra_by_context
[2025-06-08T14:52:51.216+0000] {logging_mixin.py:190} INFO - [2025-06-08T14:52:51.215+0000] {override.py:1911} INFO - Created Permission View: menu access on DAG Run:dataset_with_extra_by_context
[2025-06-08T14:52:51.217+0000] {logging_mixin.py:190} INFO - [2025-06-08T14:52:51.216+0000] {dag.py:3239} INFO - Sync 3 DAGs
[2025-06-08T14:52:51.231+0000] {logging_mixin.py:190} INFO - [2025-06-08T14:52:51.230+0000] {dag.py:3262} INFO - Creating ORM DAG for dataset_with_extra_from_classic_operator
[2025-06-08T14:52:51.232+0000] {logging_mixin.py:190} INFO - [2025-06-08T14:52:51.232+0000] {dag.py:3262} INFO - Creating ORM DAG for dataset_with_extra_by_yield
[2025-06-08T14:52:51.233+0000] {logging_mixin.py:190} INFO - [2025-06-08T14:52:51.233+0000] {dag.py:3262} INFO - Creating ORM DAG for dataset_with_extra_by_context
[2025-06-08T14:52:51.246+0000] {logging_mixin.py:190} INFO - [2025-06-08T14:52:51.245+0000] {dag.py:4180} INFO - Setting next_dagrun for dataset_with_extra_by_context to 2025-06-07 00:00:00+00:00, run_after=2025-06-08 00:00:00+00:00
[2025-06-08T14:52:51.249+0000] {logging_mixin.py:190} INFO - [2025-06-08T14:52:51.248+0000] {dag.py:4180} INFO - Setting next_dagrun for dataset_with_extra_by_yield to 2025-06-07 00:00:00+00:00, run_after=2025-06-08 00:00:00+00:00
[2025-06-08T14:52:51.251+0000] {logging_mixin.py:190} INFO - [2025-06-08T14:52:51.251+0000] {dag.py:4180} INFO - Setting next_dagrun for dataset_with_extra_from_classic_operator to 2025-06-07 00:00:00+00:00, run_after=2025-06-08 00:00:00+00:00
[2025-06-08T14:52:51.281+0000] {processor.py:208} INFO - Processing /home/airflow/.local/lib/python3.12/site-packages/airflow/example_dags/example_outlet_event_extra.py took 1.057 seconds
[2025-06-08T14:53:22.362+0000] {processor.py:186} INFO - Started process (PID=142) to work on /home/airflow/.local/lib/python3.12/site-packages/airflow/example_dags/example_outlet_event_extra.py
[2025-06-08T14:53:22.364+0000] {processor.py:914} INFO - Processing file /home/airflow/.local/lib/python3.12/site-packages/airflow/example_dags/example_outlet_event_extra.py for tasks to queue
[2025-06-08T14:53:22.368+0000] {logging_mixin.py:190} INFO - [2025-06-08T14:53:22.367+0000] {dagbag.py:588} INFO - Filling up the DagBag from /home/airflow/.local/lib/python3.12/site-packages/airflow/example_dags/example_outlet_event_extra.py
[2025-06-08T14:53:22.901+0000] {processor.py:925} INFO - DAG(s) 'dataset_with_extra_from_classic_operator', 'dataset_with_extra_by_context', 'dataset_with_extra_by_yield' retrieved from /home/airflow/.local/lib/python3.12/site-packages/airflow/example_dags/example_outlet_event_extra.py
[2025-06-08T14:53:22.926+0000] {logging_mixin.py:190} INFO - [2025-06-08T14:53:22.925+0000] {dag.py:3239} INFO - Sync 3 DAGs
[2025-06-08T14:53:22.949+0000] {logging_mixin.py:190} INFO - [2025-06-08T14:53:22.949+0000] {dag.py:4180} INFO - Setting next_dagrun for dataset_with_extra_by_context to 2025-06-07 00:00:00+00:00, run_after=2025-06-08 00:00:00+00:00
[2025-06-08T14:53:22.955+0000] {logging_mixin.py:190} INFO - [2025-06-08T14:53:22.954+0000] {dag.py:4180} INFO - Setting next_dagrun for dataset_with_extra_by_yield to 2025-06-07 00:00:00+00:00, run_after=2025-06-08 00:00:00+00:00
[2025-06-08T14:53:22.958+0000] {logging_mixin.py:190} INFO - [2025-06-08T14:53:22.958+0000] {dag.py:4180} INFO - Setting next_dagrun for dataset_with_extra_from_classic_operator to 2025-06-07 00:00:00+00:00, run_after=2025-06-08 00:00:00+00:00
[2025-06-08T14:53:22.976+0000] {processor.py:208} INFO - Processing /home/airflow/.local/lib/python3.12/site-packages/airflow/example_dags/example_outlet_event_extra.py took 0.622 seconds
[2025-06-08T14:53:53.230+0000] {processor.py:186} INFO - Started process (PID=206) to work on /home/airflow/.local/lib/python3.12/site-packages/airflow/example_dags/example_outlet_event_extra.py
[2025-06-08T14:53:53.231+0000] {processor.py:914} INFO - Processing file /home/airflow/.local/lib/python3.12/site-packages/airflow/example_dags/example_outlet_event_extra.py for tasks to queue
[2025-06-08T14:53:53.233+0000] {logging_mixin.py:190} INFO - [2025-06-08T14:53:53.232+0000] {dagbag.py:588} INFO - Filling up the DagBag from /home/airflow/.local/lib/python3.12/site-packages/airflow/example_dags/example_outlet_event_extra.py
[2025-06-08T14:53:53.760+0000] {processor.py:925} INFO - DAG(s) 'dataset_with_extra_by_yield', 'dataset_with_extra_from_classic_operator', 'dataset_with_extra_by_context' retrieved from /home/airflow/.local/lib/python3.12/site-packages/airflow/example_dags/example_outlet_event_extra.py
[2025-06-08T14:53:53.784+0000] {logging_mixin.py:190} INFO - [2025-06-08T14:53:53.784+0000] {dag.py:3239} INFO - Sync 3 DAGs
[2025-06-08T14:53:53.808+0000] {logging_mixin.py:190} INFO - [2025-06-08T14:53:53.808+0000] {dag.py:4180} INFO - Setting next_dagrun for dataset_with_extra_by_context to 2025-06-07 00:00:00+00:00, run_after=2025-06-08 00:00:00+00:00
[2025-06-08T14:53:53.814+0000] {logging_mixin.py:190} INFO - [2025-06-08T14:53:53.813+0000] {dag.py:4180} INFO - Setting next_dagrun for dataset_with_extra_by_yield to 2025-06-07 00:00:00+00:00, run_after=2025-06-08 00:00:00+00:00
[2025-06-08T14:53:53.817+0000] {logging_mixin.py:190} INFO - [2025-06-08T14:53:53.817+0000] {dag.py:4180} INFO - Setting next_dagrun for dataset_with_extra_from_classic_operator to 2025-06-07 00:00:00+00:00, run_after=2025-06-08 00:00:00+00:00
[2025-06-08T14:53:53.839+0000] {processor.py:208} INFO - Processing /home/airflow/.local/lib/python3.12/site-packages/airflow/example_dags/example_outlet_event_extra.py took 0.614 seconds
[2025-06-08T14:54:23.957+0000] {processor.py:186} INFO - Started process (PID=269) to work on /home/airflow/.local/lib/python3.12/site-packages/airflow/example_dags/example_outlet_event_extra.py
[2025-06-08T14:54:23.958+0000] {processor.py:914} INFO - Processing file /home/airflow/.local/lib/python3.12/site-packages/airflow/example_dags/example_outlet_event_extra.py for tasks to queue
[2025-06-08T14:54:23.961+0000] {logging_mixin.py:190} INFO - [2025-06-08T14:54:23.960+0000] {dagbag.py:588} INFO - Filling up the DagBag from /home/airflow/.local/lib/python3.12/site-packages/airflow/example_dags/example_outlet_event_extra.py
[2025-06-08T14:54:24.426+0000] {processor.py:925} INFO - DAG(s) 'dataset_with_extra_by_yield', 'dataset_with_extra_by_context', 'dataset_with_extra_from_classic_operator' retrieved from /home/airflow/.local/lib/python3.12/site-packages/airflow/example_dags/example_outlet_event_extra.py
[2025-06-08T14:54:24.447+0000] {logging_mixin.py:190} INFO - [2025-06-08T14:54:24.447+0000] {dag.py:3239} INFO - Sync 3 DAGs
[2025-06-08T14:54:24.466+0000] {logging_mixin.py:190} INFO - [2025-06-08T14:54:24.466+0000] {dag.py:4180} INFO - Setting next_dagrun for dataset_with_extra_by_context to 2025-06-07 00:00:00+00:00, run_after=2025-06-08 00:00:00+00:00
[2025-06-08T14:54:24.472+0000] {logging_mixin.py:190} INFO - [2025-06-08T14:54:24.472+0000] {dag.py:4180} INFO - Setting next_dagrun for dataset_with_extra_by_yield to 2025-06-07 00:00:00+00:00, run_after=2025-06-08 00:00:00+00:00
[2025-06-08T14:54:24.475+0000] {logging_mixin.py:190} INFO - [2025-06-08T14:54:24.475+0000] {dag.py:4180} INFO - Setting next_dagrun for dataset_with_extra_from_classic_operator to 2025-06-07 00:00:00+00:00, run_after=2025-06-08 00:00:00+00:00
[2025-06-08T14:54:24.493+0000] {processor.py:208} INFO - Processing /home/airflow/.local/lib/python3.12/site-packages/airflow/example_dags/example_outlet_event_extra.py took 0.542 seconds
[2025-06-08T14:54:54.622+0000] {processor.py:186} INFO - Started process (PID=332) to work on /home/airflow/.local/lib/python3.12/site-packages/airflow/example_dags/example_outlet_event_extra.py
[2025-06-08T14:54:54.622+0000] {processor.py:914} INFO - Processing file /home/airflow/.local/lib/python3.12/site-packages/airflow/example_dags/example_outlet_event_extra.py for tasks to queue
[2025-06-08T14:54:54.624+0000] {logging_mixin.py:190} INFO - [2025-06-08T14:54:54.624+0000] {dagbag.py:588} INFO - Filling up the DagBag from /home/airflow/.local/lib/python3.12/site-packages/airflow/example_dags/example_outlet_event_extra.py
[2025-06-08T14:54:55.124+0000] {processor.py:925} INFO - DAG(s) 'dataset_with_extra_by_context', 'dataset_with_extra_from_classic_operator', 'dataset_with_extra_by_yield' retrieved from /home/airflow/.local/lib/python3.12/site-packages/airflow/example_dags/example_outlet_event_extra.py
[2025-06-08T14:54:55.149+0000] {logging_mixin.py:190} INFO - [2025-06-08T14:54:55.148+0000] {dag.py:3239} INFO - Sync 3 DAGs
[2025-06-08T14:54:55.173+0000] {logging_mixin.py:190} INFO - [2025-06-08T14:54:55.173+0000] {dag.py:4180} INFO - Setting next_dagrun for dataset_with_extra_by_context to 2025-06-07 00:00:00+00:00, run_after=2025-06-08 00:00:00+00:00
[2025-06-08T14:54:55.179+0000] {logging_mixin.py:190} INFO - [2025-06-08T14:54:55.179+0000] {dag.py:4180} INFO - Setting next_dagrun for dataset_with_extra_by_yield to 2025-06-07 00:00:00+00:00, run_after=2025-06-08 00:00:00+00:00
[2025-06-08T14:54:55.183+0000] {logging_mixin.py:190} INFO - [2025-06-08T14:54:55.182+0000] {dag.py:4180} INFO - Setting next_dagrun for dataset_with_extra_from_classic_operator to 2025-06-07 00:00:00+00:00, run_after=2025-06-08 00:00:00+00:00
[2025-06-08T14:54:55.207+0000] {processor.py:208} INFO - Processing /home/airflow/.local/lib/python3.12/site-packages/airflow/example_dags/example_outlet_event_extra.py took 0.591 seconds
[2025-06-08T14:55:25.415+0000] {processor.py:186} INFO - Started process (PID=392) to work on /home/airflow/.local/lib/python3.12/site-packages/airflow/example_dags/example_outlet_event_extra.py
[2025-06-08T14:55:25.416+0000] {processor.py:914} INFO - Processing file /home/airflow/.local/lib/python3.12/site-packages/airflow/example_dags/example_outlet_event_extra.py for tasks to queue
[2025-06-08T14:55:25.418+0000] {logging_mixin.py:190} INFO - [2025-06-08T14:55:25.418+0000] {dagbag.py:588} INFO - Filling up the DagBag from /home/airflow/.local/lib/python3.12/site-packages/airflow/example_dags/example_outlet_event_extra.py
[2025-06-08T14:55:26.601+0000] {processor.py:925} INFO - DAG(s) 'dataset_with_extra_from_classic_operator', 'dataset_with_extra_by_context', 'dataset_with_extra_by_yield' retrieved from /home/airflow/.local/lib/python3.12/site-packages/airflow/example_dags/example_outlet_event_extra.py
[2025-06-08T14:55:26.635+0000] {logging_mixin.py:190} INFO - [2025-06-08T14:55:26.635+0000] {dag.py:3239} INFO - Sync 3 DAGs
[2025-06-08T14:55:26.665+0000] {logging_mixin.py:190} INFO - [2025-06-08T14:55:26.665+0000] {dag.py:4180} INFO - Setting next_dagrun for dataset_with_extra_by_context to 2025-06-07 00:00:00+00:00, run_after=2025-06-08 00:00:00+00:00
[2025-06-08T14:55:26.673+0000] {logging_mixin.py:190} INFO - [2025-06-08T14:55:26.673+0000] {dag.py:4180} INFO - Setting next_dagrun for dataset_with_extra_by_yield to 2025-06-07 00:00:00+00:00, run_after=2025-06-08 00:00:00+00:00
[2025-06-08T14:55:26.676+0000] {logging_mixin.py:190} INFO - [2025-06-08T14:55:26.676+0000] {dag.py:4180} INFO - Setting next_dagrun for dataset_with_extra_from_classic_operator to 2025-06-07 00:00:00+00:00, run_after=2025-06-08 00:00:00+00:00
[2025-06-08T14:55:26.705+0000] {processor.py:208} INFO - Processing /home/airflow/.local/lib/python3.12/site-packages/airflow/example_dags/example_outlet_event_extra.py took 1.295 seconds
[2025-06-08T14:55:56.812+0000] {processor.py:186} INFO - Started process (PID=455) to work on /home/airflow/.local/lib/python3.12/site-packages/airflow/example_dags/example_outlet_event_extra.py
[2025-06-08T14:55:56.813+0000] {processor.py:914} INFO - Processing file /home/airflow/.local/lib/python3.12/site-packages/airflow/example_dags/example_outlet_event_extra.py for tasks to queue
[2025-06-08T14:55:56.815+0000] {logging_mixin.py:190} INFO - [2025-06-08T14:55:56.815+0000] {dagbag.py:588} INFO - Filling up the DagBag from /home/airflow/.local/lib/python3.12/site-packages/airflow/example_dags/example_outlet_event_extra.py
[2025-06-08T14:55:57.444+0000] {processor.py:925} INFO - DAG(s) 'dataset_with_extra_by_context', 'dataset_with_extra_by_yield', 'dataset_with_extra_from_classic_operator' retrieved from /home/airflow/.local/lib/python3.12/site-packages/airflow/example_dags/example_outlet_event_extra.py
[2025-06-08T14:55:57.476+0000] {logging_mixin.py:190} INFO - [2025-06-08T14:55:57.475+0000] {dag.py:3239} INFO - Sync 3 DAGs
[2025-06-08T14:55:57.503+0000] {logging_mixin.py:190} INFO - [2025-06-08T14:55:57.503+0000] {dag.py:4180} INFO - Setting next_dagrun for dataset_with_extra_by_context to 2025-06-07 00:00:00+00:00, run_after=2025-06-08 00:00:00+00:00
[2025-06-08T14:55:57.509+0000] {logging_mixin.py:190} INFO - [2025-06-08T14:55:57.509+0000] {dag.py:4180} INFO - Setting next_dagrun for dataset_with_extra_by_yield to 2025-06-07 00:00:00+00:00, run_after=2025-06-08 00:00:00+00:00
[2025-06-08T14:55:57.512+0000] {logging_mixin.py:190} INFO - [2025-06-08T14:55:57.512+0000] {dag.py:4180} INFO - Setting next_dagrun for dataset_with_extra_from_classic_operator to 2025-06-07 00:00:00+00:00, run_after=2025-06-08 00:00:00+00:00
[2025-06-08T14:55:57.533+0000] {processor.py:208} INFO - Processing /home/airflow/.local/lib/python3.12/site-packages/airflow/example_dags/example_outlet_event_extra.py took 0.726 seconds
