[2025-06-08T14:52:53.884+0000] {processor.py:186} INFO - Started process (PID=95) to work on /home/airflow/.local/lib/python3.12/site-packages/airflow/example_dags/example_sla_dag.py
[2025-06-08T14:52:53.885+0000] {processor.py:914} INFO - Processing file /home/airflow/.local/lib/python3.12/site-packages/airflow/example_dags/example_sla_dag.py for tasks to queue
[2025-06-08T14:52:53.887+0000] {logging_mixin.py:190} INFO - [2025-06-08T14:52:53.887+0000] {dagbag.py:588} INFO - Filling up the DagBag from /home/airflow/.local/lib/python3.12/site-packages/airflow/example_dags/example_sla_dag.py
[2025-06-08T14:52:53.898+0000] {processor.py:925} INFO - DAG(s) 'example_sla_dag' retrieved from /home/airflow/.local/lib/python3.12/site-packages/airflow/example_dags/example_sla_dag.py
[2025-06-08T14:52:53.982+0000] {logging_mixin.py:190} INFO - [2025-06-08T14:52:53.982+0000] {override.py:1911} INFO - Created Permission View: can edit on DAG:example_sla_dag
[2025-06-08T14:52:53.993+0000] {logging_mixin.py:190} INFO - [2025-06-08T14:52:53.992+0000] {override.py:1911} INFO - Created Permission View: can read on DAG:example_sla_dag
[2025-06-08T14:52:54.000+0000] {logging_mixin.py:190} INFO - [2025-06-08T14:52:53.999+0000] {override.py:1911} INFO - Created Permission View: can delete on DAG:example_sla_dag
[2025-06-08T14:52:54.007+0000] {logging_mixin.py:190} INFO - [2025-06-08T14:52:54.007+0000] {override.py:1911} INFO - Created Permission View: can read on DAG Run:example_sla_dag
[2025-06-08T14:52:54.014+0000] {logging_mixin.py:190} INFO - [2025-06-08T14:52:54.014+0000] {override.py:1911} INFO - Created Permission View: can delete on DAG Run:example_sla_dag
[2025-06-08T14:52:54.020+0000] {logging_mixin.py:190} INFO - [2025-06-08T14:52:54.019+0000] {override.py:1911} INFO - Created Permission View: can create on DAG Run:example_sla_dag
[2025-06-08T14:52:54.025+0000] {logging_mixin.py:190} INFO - [2025-06-08T14:52:54.024+0000] {override.py:1911} INFO - Created Permission View: menu access on DAG Run:example_sla_dag
[2025-06-08T14:52:54.025+0000] {logging_mixin.py:190} INFO - [2025-06-08T14:52:54.025+0000] {dag.py:3239} INFO - Sync 1 DAGs
[2025-06-08T14:52:54.035+0000] {logging_mixin.py:190} INFO - [2025-06-08T14:52:54.035+0000] {dag.py:3262} INFO - Creating ORM DAG for example_sla_dag
[2025-06-08T14:52:54.045+0000] {logging_mixin.py:190} INFO - [2025-06-08T14:52:54.045+0000] {dag.py:4180} INFO - Setting next_dagrun for example_sla_dag to 2025-06-08 14:50:00+00:00, run_after=2025-06-08 14:52:00+00:00
[2025-06-08T14:52:54.061+0000] {processor.py:208} INFO - Processing /home/airflow/.local/lib/python3.12/site-packages/airflow/example_dags/example_sla_dag.py took 0.182 seconds
[2025-06-08T14:53:24.631+0000] {processor.py:186} INFO - Started process (PID=158) to work on /home/airflow/.local/lib/python3.12/site-packages/airflow/example_dags/example_sla_dag.py
[2025-06-08T14:53:24.632+0000] {processor.py:914} INFO - Processing file /home/airflow/.local/lib/python3.12/site-packages/airflow/example_dags/example_sla_dag.py for tasks to queue
[2025-06-08T14:53:24.635+0000] {logging_mixin.py:190} INFO - [2025-06-08T14:53:24.635+0000] {dagbag.py:588} INFO - Filling up the DagBag from /home/airflow/.local/lib/python3.12/site-packages/airflow/example_dags/example_sla_dag.py
[2025-06-08T14:53:24.645+0000] {processor.py:925} INFO - DAG(s) 'example_sla_dag' retrieved from /home/airflow/.local/lib/python3.12/site-packages/airflow/example_dags/example_sla_dag.py
[2025-06-08T14:53:24.663+0000] {logging_mixin.py:190} INFO - [2025-06-08T14:53:24.663+0000] {dag.py:3239} INFO - Sync 1 DAGs
[2025-06-08T14:53:24.686+0000] {logging_mixin.py:190} INFO - [2025-06-08T14:53:24.686+0000] {dag.py:4180} INFO - Setting next_dagrun for example_sla_dag to 2025-06-08 14:50:00+00:00, run_after=2025-06-08 14:52:00+00:00
[2025-06-08T14:53:24.702+0000] {processor.py:208} INFO - Processing /home/airflow/.local/lib/python3.12/site-packages/airflow/example_dags/example_sla_dag.py took 0.077 seconds
[2025-06-08T14:53:55.656+0000] {processor.py:186} INFO - Started process (PID=221) to work on /home/airflow/.local/lib/python3.12/site-packages/airflow/example_dags/example_sla_dag.py
[2025-06-08T14:53:55.657+0000] {processor.py:914} INFO - Processing file /home/airflow/.local/lib/python3.12/site-packages/airflow/example_dags/example_sla_dag.py for tasks to queue
[2025-06-08T14:53:55.659+0000] {logging_mixin.py:190} INFO - [2025-06-08T14:53:55.658+0000] {dagbag.py:588} INFO - Filling up the DagBag from /home/airflow/.local/lib/python3.12/site-packages/airflow/example_dags/example_sla_dag.py
[2025-06-08T14:53:55.667+0000] {processor.py:925} INFO - DAG(s) 'example_sla_dag' retrieved from /home/airflow/.local/lib/python3.12/site-packages/airflow/example_dags/example_sla_dag.py
[2025-06-08T14:53:55.683+0000] {logging_mixin.py:190} INFO - [2025-06-08T14:53:55.683+0000] {dag.py:3239} INFO - Sync 1 DAGs
[2025-06-08T14:53:55.705+0000] {logging_mixin.py:190} INFO - [2025-06-08T14:53:55.705+0000] {dag.py:4180} INFO - Setting next_dagrun for example_sla_dag to 2025-06-08 14:50:00+00:00, run_after=2025-06-08 14:52:00+00:00
[2025-06-08T14:53:55.721+0000] {processor.py:208} INFO - Processing /home/airflow/.local/lib/python3.12/site-packages/airflow/example_dags/example_sla_dag.py took 0.070 seconds
[2025-06-08T14:54:26.370+0000] {processor.py:186} INFO - Started process (PID=284) to work on /home/airflow/.local/lib/python3.12/site-packages/airflow/example_dags/example_sla_dag.py
[2025-06-08T14:54:26.371+0000] {processor.py:914} INFO - Processing file /home/airflow/.local/lib/python3.12/site-packages/airflow/example_dags/example_sla_dag.py for tasks to queue
[2025-06-08T14:54:26.374+0000] {logging_mixin.py:190} INFO - [2025-06-08T14:54:26.373+0000] {dagbag.py:588} INFO - Filling up the DagBag from /home/airflow/.local/lib/python3.12/site-packages/airflow/example_dags/example_sla_dag.py
[2025-06-08T14:54:26.382+0000] {processor.py:925} INFO - DAG(s) 'example_sla_dag' retrieved from /home/airflow/.local/lib/python3.12/site-packages/airflow/example_dags/example_sla_dag.py
[2025-06-08T14:54:26.402+0000] {logging_mixin.py:190} INFO - [2025-06-08T14:54:26.402+0000] {dag.py:3239} INFO - Sync 1 DAGs
[2025-06-08T14:54:26.426+0000] {logging_mixin.py:190} INFO - [2025-06-08T14:54:26.425+0000] {dag.py:4180} INFO - Setting next_dagrun for example_sla_dag to 2025-06-08 14:52:00+00:00, run_after=2025-06-08 14:54:00+00:00
[2025-06-08T14:54:26.443+0000] {processor.py:208} INFO - Processing /home/airflow/.local/lib/python3.12/site-packages/airflow/example_dags/example_sla_dag.py took 0.077 seconds
[2025-06-08T14:54:56.583+0000] {processor.py:186} INFO - Started process (PID=346) to work on /home/airflow/.local/lib/python3.12/site-packages/airflow/example_dags/example_sla_dag.py
[2025-06-08T14:54:56.584+0000] {processor.py:914} INFO - Processing file /home/airflow/.local/lib/python3.12/site-packages/airflow/example_dags/example_sla_dag.py for tasks to queue
[2025-06-08T14:54:56.586+0000] {logging_mixin.py:190} INFO - [2025-06-08T14:54:56.586+0000] {dagbag.py:588} INFO - Filling up the DagBag from /home/airflow/.local/lib/python3.12/site-packages/airflow/example_dags/example_sla_dag.py
[2025-06-08T14:54:56.595+0000] {processor.py:925} INFO - DAG(s) 'example_sla_dag' retrieved from /home/airflow/.local/lib/python3.12/site-packages/airflow/example_dags/example_sla_dag.py
[2025-06-08T14:54:56.611+0000] {logging_mixin.py:190} INFO - [2025-06-08T14:54:56.611+0000] {dag.py:3239} INFO - Sync 1 DAGs
[2025-06-08T14:54:56.634+0000] {logging_mixin.py:190} INFO - [2025-06-08T14:54:56.634+0000] {dag.py:4180} INFO - Setting next_dagrun for example_sla_dag to 2025-06-08 14:52:00+00:00, run_after=2025-06-08 14:54:00+00:00
[2025-06-08T14:54:56.650+0000] {processor.py:208} INFO - Processing /home/airflow/.local/lib/python3.12/site-packages/airflow/example_dags/example_sla_dag.py took 0.072 seconds
[2025-06-08T14:55:28.159+0000] {processor.py:186} INFO - Started process (PID=409) to work on /home/airflow/.local/lib/python3.12/site-packages/airflow/example_dags/example_sla_dag.py
[2025-06-08T14:55:28.161+0000] {processor.py:914} INFO - Processing file /home/airflow/.local/lib/python3.12/site-packages/airflow/example_dags/example_sla_dag.py for tasks to queue
[2025-06-08T14:55:28.166+0000] {logging_mixin.py:190} INFO - [2025-06-08T14:55:28.165+0000] {dagbag.py:588} INFO - Filling up the DagBag from /home/airflow/.local/lib/python3.12/site-packages/airflow/example_dags/example_sla_dag.py
[2025-06-08T14:55:28.178+0000] {processor.py:925} INFO - DAG(s) 'example_sla_dag' retrieved from /home/airflow/.local/lib/python3.12/site-packages/airflow/example_dags/example_sla_dag.py
[2025-06-08T14:55:28.201+0000] {logging_mixin.py:190} INFO - [2025-06-08T14:55:28.201+0000] {dag.py:3239} INFO - Sync 1 DAGs
[2025-06-08T14:55:28.231+0000] {logging_mixin.py:190} INFO - [2025-06-08T14:55:28.231+0000] {dag.py:4180} INFO - Setting next_dagrun for example_sla_dag to 2025-06-08 14:52:00+00:00, run_after=2025-06-08 14:54:00+00:00
[2025-06-08T14:55:28.266+0000] {processor.py:208} INFO - Processing /home/airflow/.local/lib/python3.12/site-packages/airflow/example_dags/example_sla_dag.py took 0.113 seconds
[2025-06-08T14:55:58.465+0000] {processor.py:186} INFO - Started process (PID=472) to work on /home/airflow/.local/lib/python3.12/site-packages/airflow/example_dags/example_sla_dag.py
[2025-06-08T14:55:58.467+0000] {processor.py:914} INFO - Processing file /home/airflow/.local/lib/python3.12/site-packages/airflow/example_dags/example_sla_dag.py for tasks to queue
[2025-06-08T14:55:58.471+0000] {logging_mixin.py:190} INFO - [2025-06-08T14:55:58.470+0000] {dagbag.py:588} INFO - Filling up the DagBag from /home/airflow/.local/lib/python3.12/site-packages/airflow/example_dags/example_sla_dag.py
[2025-06-08T14:55:58.485+0000] {processor.py:925} INFO - DAG(s) 'example_sla_dag' retrieved from /home/airflow/.local/lib/python3.12/site-packages/airflow/example_dags/example_sla_dag.py
[2025-06-08T14:55:58.510+0000] {logging_mixin.py:190} INFO - [2025-06-08T14:55:58.510+0000] {dag.py:3239} INFO - Sync 1 DAGs
[2025-06-08T14:55:58.548+0000] {logging_mixin.py:190} INFO - [2025-06-08T14:55:58.548+0000] {dag.py:4180} INFO - Setting next_dagrun for example_sla_dag to 2025-06-08 14:52:00+00:00, run_after=2025-06-08 14:54:00+00:00
[2025-06-08T14:55:58.575+0000] {processor.py:208} INFO - Processing /home/airflow/.local/lib/python3.12/site-packages/airflow/example_dags/example_sla_dag.py took 0.117 seconds
