[2025-06-08T14:52:55.050+0000] {processor.py:186} INFO - Started process (PID=106) to work on /home/airflow/.local/lib/python3.12/site-packages/airflow/example_dags/example_xcomargs.py
[2025-06-08T14:52:55.051+0000] {processor.py:914} INFO - Processing file /home/airflow/.local/lib/python3.12/site-packages/airflow/example_dags/example_xcomargs.py for tasks to queue
[2025-06-08T14:52:55.053+0000] {logging_mixin.py:190} INFO - [2025-06-08T14:52:55.053+0000] {dagbag.py:588} INFO - Filling up the DagBag from /home/airflow/.local/lib/python3.12/site-packages/airflow/example_dags/example_xcomargs.py
[2025-06-08T14:52:55.062+0000] {processor.py:925} INFO - DAG(s) 'example_xcom_args', 'example_xcom_args_with_operators' retrieved from /home/airflow/.local/lib/python3.12/site-packages/airflow/example_dags/example_xcomargs.py
[2025-06-08T14:52:55.143+0000] {logging_mixin.py:190} INFO - [2025-06-08T14:52:55.142+0000] {override.py:1911} INFO - Created Permission View: can edit on DAG:example_xcom_args
[2025-06-08T14:52:55.151+0000] {logging_mixin.py:190} INFO - [2025-06-08T14:52:55.151+0000] {override.py:1911} INFO - Created Permission View: can read on DAG:example_xcom_args
[2025-06-08T14:52:55.157+0000] {logging_mixin.py:190} INFO - [2025-06-08T14:52:55.156+0000] {override.py:1911} INFO - Created Permission View: can delete on DAG:example_xcom_args
[2025-06-08T14:52:55.162+0000] {logging_mixin.py:190} INFO - [2025-06-08T14:52:55.162+0000] {override.py:1911} INFO - Created Permission View: can read on DAG Run:example_xcom_args
[2025-06-08T14:52:55.167+0000] {logging_mixin.py:190} INFO - [2025-06-08T14:52:55.167+0000] {override.py:1911} INFO - Created Permission View: can delete on DAG Run:example_xcom_args
[2025-06-08T14:52:55.174+0000] {logging_mixin.py:190} INFO - [2025-06-08T14:52:55.174+0000] {override.py:1911} INFO - Created Permission View: can create on DAG Run:example_xcom_args
[2025-06-08T14:52:55.181+0000] {logging_mixin.py:190} INFO - [2025-06-08T14:52:55.181+0000] {override.py:1911} INFO - Created Permission View: menu access on DAG Run:example_xcom_args
[2025-06-08T14:52:55.195+0000] {logging_mixin.py:190} INFO - [2025-06-08T14:52:55.194+0000] {override.py:1911} INFO - Created Permission View: can edit on DAG:example_xcom_args_with_operators
[2025-06-08T14:52:55.201+0000] {logging_mixin.py:190} INFO - [2025-06-08T14:52:55.201+0000] {override.py:1911} INFO - Created Permission View: can read on DAG:example_xcom_args_with_operators
[2025-06-08T14:52:55.208+0000] {logging_mixin.py:190} INFO - [2025-06-08T14:52:55.207+0000] {override.py:1911} INFO - Created Permission View: can delete on DAG:example_xcom_args_with_operators
[2025-06-08T14:52:55.215+0000] {logging_mixin.py:190} INFO - [2025-06-08T14:52:55.215+0000] {override.py:1911} INFO - Created Permission View: can read on DAG Run:example_xcom_args_with_operators
[2025-06-08T14:52:55.222+0000] {logging_mixin.py:190} INFO - [2025-06-08T14:52:55.222+0000] {override.py:1911} INFO - Created Permission View: can delete on DAG Run:example_xcom_args_with_operators
[2025-06-08T14:52:55.229+0000] {logging_mixin.py:190} INFO - [2025-06-08T14:52:55.228+0000] {override.py:1911} INFO - Created Permission View: can create on DAG Run:example_xcom_args_with_operators
[2025-06-08T14:52:55.234+0000] {logging_mixin.py:190} INFO - [2025-06-08T14:52:55.234+0000] {override.py:1911} INFO - Created Permission View: menu access on DAG Run:example_xcom_args_with_operators
[2025-06-08T14:52:55.235+0000] {logging_mixin.py:190} INFO - [2025-06-08T14:52:55.235+0000] {dag.py:3239} INFO - Sync 2 DAGs
[2025-06-08T14:52:55.247+0000] {logging_mixin.py:190} INFO - [2025-06-08T14:52:55.247+0000] {dag.py:3262} INFO - Creating ORM DAG for example_xcom_args_with_operators
[2025-06-08T14:52:55.248+0000] {logging_mixin.py:190} INFO - [2025-06-08T14:52:55.248+0000] {dag.py:3262} INFO - Creating ORM DAG for example_xcom_args
[2025-06-08T14:52:55.249+0000] {logging_mixin.py:190} INFO - [2025-06-08T14:52:55.249+0000] {dag.py:4180} INFO - Setting next_dagrun for example_xcom_args to None, run_after=None
[2025-06-08T14:52:55.250+0000] {logging_mixin.py:190} INFO - [2025-06-08T14:52:55.249+0000] {dag.py:4180} INFO - Setting next_dagrun for example_xcom_args_with_operators to None, run_after=None
[2025-06-08T14:52:55.265+0000] {processor.py:208} INFO - Processing /home/airflow/.local/lib/python3.12/site-packages/airflow/example_dags/example_xcomargs.py took 0.220 seconds
[2025-06-08T14:53:25.306+0000] {processor.py:186} INFO - Started process (PID=169) to work on /home/airflow/.local/lib/python3.12/site-packages/airflow/example_dags/example_xcomargs.py
[2025-06-08T14:53:25.308+0000] {processor.py:914} INFO - Processing file /home/airflow/.local/lib/python3.12/site-packages/airflow/example_dags/example_xcomargs.py for tasks to queue
[2025-06-08T14:53:25.311+0000] {logging_mixin.py:190} INFO - [2025-06-08T14:53:25.310+0000] {dagbag.py:588} INFO - Filling up the DagBag from /home/airflow/.local/lib/python3.12/site-packages/airflow/example_dags/example_xcomargs.py
[2025-06-08T14:53:25.321+0000] {processor.py:925} INFO - DAG(s) 'example_xcom_args_with_operators', 'example_xcom_args' retrieved from /home/airflow/.local/lib/python3.12/site-packages/airflow/example_dags/example_xcomargs.py
[2025-06-08T14:53:25.341+0000] {logging_mixin.py:190} INFO - [2025-06-08T14:53:25.341+0000] {dag.py:3239} INFO - Sync 2 DAGs
[2025-06-08T14:53:25.354+0000] {logging_mixin.py:190} INFO - [2025-06-08T14:53:25.354+0000] {dag.py:4180} INFO - Setting next_dagrun for example_xcom_args to None, run_after=None
[2025-06-08T14:53:25.359+0000] {logging_mixin.py:190} INFO - [2025-06-08T14:53:25.358+0000] {dag.py:4180} INFO - Setting next_dagrun for example_xcom_args_with_operators to None, run_after=None
[2025-06-08T14:53:25.375+0000] {processor.py:208} INFO - Processing /home/airflow/.local/lib/python3.12/site-packages/airflow/example_dags/example_xcomargs.py took 0.075 seconds
[2025-06-08T14:53:56.476+0000] {processor.py:186} INFO - Started process (PID=232) to work on /home/airflow/.local/lib/python3.12/site-packages/airflow/example_dags/example_xcomargs.py
[2025-06-08T14:53:56.477+0000] {processor.py:914} INFO - Processing file /home/airflow/.local/lib/python3.12/site-packages/airflow/example_dags/example_xcomargs.py for tasks to queue
[2025-06-08T14:53:56.479+0000] {logging_mixin.py:190} INFO - [2025-06-08T14:53:56.479+0000] {dagbag.py:588} INFO - Filling up the DagBag from /home/airflow/.local/lib/python3.12/site-packages/airflow/example_dags/example_xcomargs.py
[2025-06-08T14:53:56.488+0000] {processor.py:925} INFO - DAG(s) 'example_xcom_args_with_operators', 'example_xcom_args' retrieved from /home/airflow/.local/lib/python3.12/site-packages/airflow/example_dags/example_xcomargs.py
[2025-06-08T14:53:56.506+0000] {logging_mixin.py:190} INFO - [2025-06-08T14:53:56.506+0000] {dag.py:3239} INFO - Sync 2 DAGs
[2025-06-08T14:53:56.519+0000] {logging_mixin.py:190} INFO - [2025-06-08T14:53:56.518+0000] {dag.py:4180} INFO - Setting next_dagrun for example_xcom_args to None, run_after=None
[2025-06-08T14:53:56.523+0000] {logging_mixin.py:190} INFO - [2025-06-08T14:53:56.522+0000] {dag.py:4180} INFO - Setting next_dagrun for example_xcom_args_with_operators to None, run_after=None
[2025-06-08T14:53:56.538+0000] {processor.py:208} INFO - Processing /home/airflow/.local/lib/python3.12/site-packages/airflow/example_dags/example_xcomargs.py took 0.066 seconds
[2025-06-08T14:54:27.501+0000] {processor.py:186} INFO - Started process (PID=295) to work on /home/airflow/.local/lib/python3.12/site-packages/airflow/example_dags/example_xcomargs.py
[2025-06-08T14:54:27.502+0000] {processor.py:914} INFO - Processing file /home/airflow/.local/lib/python3.12/site-packages/airflow/example_dags/example_xcomargs.py for tasks to queue
[2025-06-08T14:54:27.504+0000] {logging_mixin.py:190} INFO - [2025-06-08T14:54:27.503+0000] {dagbag.py:588} INFO - Filling up the DagBag from /home/airflow/.local/lib/python3.12/site-packages/airflow/example_dags/example_xcomargs.py
[2025-06-08T14:54:27.512+0000] {processor.py:925} INFO - DAG(s) 'example_xcom_args_with_operators', 'example_xcom_args' retrieved from /home/airflow/.local/lib/python3.12/site-packages/airflow/example_dags/example_xcomargs.py
[2025-06-08T14:54:27.533+0000] {logging_mixin.py:190} INFO - [2025-06-08T14:54:27.533+0000] {dag.py:3239} INFO - Sync 2 DAGs
[2025-06-08T14:54:27.546+0000] {logging_mixin.py:190} INFO - [2025-06-08T14:54:27.546+0000] {dag.py:4180} INFO - Setting next_dagrun for example_xcom_args to None, run_after=None
[2025-06-08T14:54:27.550+0000] {logging_mixin.py:190} INFO - [2025-06-08T14:54:27.550+0000] {dag.py:4180} INFO - Setting next_dagrun for example_xcom_args_with_operators to None, run_after=None
[2025-06-08T14:54:27.565+0000] {processor.py:208} INFO - Processing /home/airflow/.local/lib/python3.12/site-packages/airflow/example_dags/example_xcomargs.py took 0.069 seconds
[2025-06-08T14:54:58.429+0000] {processor.py:186} INFO - Started process (PID=358) to work on /home/airflow/.local/lib/python3.12/site-packages/airflow/example_dags/example_xcomargs.py
[2025-06-08T14:54:58.430+0000] {processor.py:914} INFO - Processing file /home/airflow/.local/lib/python3.12/site-packages/airflow/example_dags/example_xcomargs.py for tasks to queue
[2025-06-08T14:54:58.432+0000] {logging_mixin.py:190} INFO - [2025-06-08T14:54:58.432+0000] {dagbag.py:588} INFO - Filling up the DagBag from /home/airflow/.local/lib/python3.12/site-packages/airflow/example_dags/example_xcomargs.py
[2025-06-08T14:54:58.441+0000] {processor.py:925} INFO - DAG(s) 'example_xcom_args_with_operators', 'example_xcom_args' retrieved from /home/airflow/.local/lib/python3.12/site-packages/airflow/example_dags/example_xcomargs.py
[2025-06-08T14:54:58.461+0000] {logging_mixin.py:190} INFO - [2025-06-08T14:54:58.461+0000] {dag.py:3239} INFO - Sync 2 DAGs
[2025-06-08T14:54:58.474+0000] {logging_mixin.py:190} INFO - [2025-06-08T14:54:58.474+0000] {dag.py:4180} INFO - Setting next_dagrun for example_xcom_args to None, run_after=None
[2025-06-08T14:54:58.478+0000] {logging_mixin.py:190} INFO - [2025-06-08T14:54:58.477+0000] {dag.py:4180} INFO - Setting next_dagrun for example_xcom_args_with_operators to None, run_after=None
[2025-06-08T14:54:58.493+0000] {processor.py:208} INFO - Processing /home/airflow/.local/lib/python3.12/site-packages/airflow/example_dags/example_xcomargs.py took 0.069 seconds
[2025-06-08T14:55:29.595+0000] {processor.py:186} INFO - Started process (PID=421) to work on /home/airflow/.local/lib/python3.12/site-packages/airflow/example_dags/example_xcomargs.py
[2025-06-08T14:55:29.596+0000] {processor.py:914} INFO - Processing file /home/airflow/.local/lib/python3.12/site-packages/airflow/example_dags/example_xcomargs.py for tasks to queue
[2025-06-08T14:55:29.600+0000] {logging_mixin.py:190} INFO - [2025-06-08T14:55:29.599+0000] {dagbag.py:588} INFO - Filling up the DagBag from /home/airflow/.local/lib/python3.12/site-packages/airflow/example_dags/example_xcomargs.py
[2025-06-08T14:55:29.616+0000] {processor.py:925} INFO - DAG(s) 'example_xcom_args', 'example_xcom_args_with_operators' retrieved from /home/airflow/.local/lib/python3.12/site-packages/airflow/example_dags/example_xcomargs.py
[2025-06-08T14:55:29.649+0000] {logging_mixin.py:190} INFO - [2025-06-08T14:55:29.648+0000] {dag.py:3239} INFO - Sync 2 DAGs
[2025-06-08T14:55:29.670+0000] {logging_mixin.py:190} INFO - [2025-06-08T14:55:29.670+0000] {dag.py:4180} INFO - Setting next_dagrun for example_xcom_args to None, run_after=None
[2025-06-08T14:55:29.675+0000] {logging_mixin.py:190} INFO - [2025-06-08T14:55:29.674+0000] {dag.py:4180} INFO - Setting next_dagrun for example_xcom_args_with_operators to None, run_after=None
[2025-06-08T14:55:29.698+0000] {processor.py:208} INFO - Processing /home/airflow/.local/lib/python3.12/site-packages/airflow/example_dags/example_xcomargs.py took 0.112 seconds
[2025-06-08T14:56:01.018+0000] {processor.py:186} INFO - Started process (PID=484) to work on /home/airflow/.local/lib/python3.12/site-packages/airflow/example_dags/example_xcomargs.py
[2025-06-08T14:56:01.024+0000] {processor.py:914} INFO - Processing file /home/airflow/.local/lib/python3.12/site-packages/airflow/example_dags/example_xcomargs.py for tasks to queue
[2025-06-08T14:56:01.035+0000] {logging_mixin.py:190} INFO - [2025-06-08T14:56:01.034+0000] {dagbag.py:588} INFO - Filling up the DagBag from /home/airflow/.local/lib/python3.12/site-packages/airflow/example_dags/example_xcomargs.py
[2025-06-08T14:56:01.065+0000] {processor.py:925} INFO - DAG(s) 'example_xcom_args_with_operators', 'example_xcom_args' retrieved from /home/airflow/.local/lib/python3.12/site-packages/airflow/example_dags/example_xcomargs.py
[2025-06-08T14:56:01.134+0000] {logging_mixin.py:190} INFO - [2025-06-08T14:56:01.133+0000] {dag.py:3239} INFO - Sync 2 DAGs
[2025-06-08T14:56:01.181+0000] {logging_mixin.py:190} INFO - [2025-06-08T14:56:01.181+0000] {dag.py:4180} INFO - Setting next_dagrun for example_xcom_args to None, run_after=None
[2025-06-08T14:56:01.190+0000] {logging_mixin.py:190} INFO - [2025-06-08T14:56:01.190+0000] {dag.py:4180} INFO - Setting next_dagrun for example_xcom_args_with_operators to None, run_after=None
[2025-06-08T14:56:01.226+0000] {processor.py:208} INFO - Processing /home/airflow/.local/lib/python3.12/site-packages/airflow/example_dags/example_xcomargs.py took 0.237 seconds
