[2025-06-08T14:52:54.819+0000] {processor.py:186} INFO - Started process (PID=103) to work on /home/airflow/.local/lib/python3.12/site-packages/airflow/example_dags/example_branch_operator_decorator.py
[2025-06-08T14:52:54.820+0000] {processor.py:914} INFO - Processing file /home/airflow/.local/lib/python3.12/site-packages/airflow/example_dags/example_branch_operator_decorator.py for tasks to queue
[2025-06-08T14:52:54.822+0000] {logging_mixin.py:190} INFO - [2025-06-08T14:52:54.822+0000] {dagbag.py:588} INFO - Filling up the DagBag from /home/airflow/.local/lib/python3.12/site-packages/airflow/example_dags/example_branch_operator_decorator.py
[2025-06-08T14:52:54.841+0000] {processor.py:925} INFO - DAG(s) 'example_branch_python_operator_decorator' retrieved from /home/airflow/.local/lib/python3.12/site-packages/airflow/example_dags/example_branch_operator_decorator.py
[2025-06-08T14:52:54.933+0000] {logging_mixin.py:190} INFO - [2025-06-08T14:52:54.932+0000] {override.py:1911} INFO - Created Permission View: can edit on DAG:example_branch_python_operator_decorator
[2025-06-08T14:52:54.942+0000] {logging_mixin.py:190} INFO - [2025-06-08T14:52:54.942+0000] {override.py:1911} INFO - Created Permission View: can read on DAG:example_branch_python_operator_decorator
[2025-06-08T14:52:54.948+0000] {logging_mixin.py:190} INFO - [2025-06-08T14:52:54.948+0000] {override.py:1911} INFO - Created Permission View: can delete on DAG:example_branch_python_operator_decorator
[2025-06-08T14:52:54.956+0000] {logging_mixin.py:190} INFO - [2025-06-08T14:52:54.955+0000] {override.py:1911} INFO - Created Permission View: can read on DAG Run:example_branch_python_operator_decorator
[2025-06-08T14:52:54.961+0000] {logging_mixin.py:190} INFO - [2025-06-08T14:52:54.961+0000] {override.py:1911} INFO - Created Permission View: can delete on DAG Run:example_branch_python_operator_decorator
[2025-06-08T14:52:54.966+0000] {logging_mixin.py:190} INFO - [2025-06-08T14:52:54.966+0000] {override.py:1911} INFO - Created Permission View: can create on DAG Run:example_branch_python_operator_decorator
[2025-06-08T14:52:54.972+0000] {logging_mixin.py:190} INFO - [2025-06-08T14:52:54.972+0000] {override.py:1911} INFO - Created Permission View: menu access on DAG Run:example_branch_python_operator_decorator
[2025-06-08T14:52:54.973+0000] {logging_mixin.py:190} INFO - [2025-06-08T14:52:54.973+0000] {dag.py:3239} INFO - Sync 1 DAGs
[2025-06-08T14:52:54.984+0000] {logging_mixin.py:190} INFO - [2025-06-08T14:52:54.984+0000] {dag.py:3262} INFO - Creating ORM DAG for example_branch_python_operator_decorator
[2025-06-08T14:52:54.993+0000] {logging_mixin.py:190} INFO - [2025-06-08T14:52:54.992+0000] {dag.py:4180} INFO - Setting next_dagrun for example_branch_python_operator_decorator to 2025-06-07 00:00:00+00:00, run_after=2025-06-08 00:00:00+00:00
[2025-06-08T14:52:55.007+0000] {processor.py:208} INFO - Processing /home/airflow/.local/lib/python3.12/site-packages/airflow/example_dags/example_branch_operator_decorator.py took 0.193 seconds
[2025-06-08T14:53:25.161+0000] {processor.py:186} INFO - Started process (PID=166) to work on /home/airflow/.local/lib/python3.12/site-packages/airflow/example_dags/example_branch_operator_decorator.py
[2025-06-08T14:53:25.162+0000] {processor.py:914} INFO - Processing file /home/airflow/.local/lib/python3.12/site-packages/airflow/example_dags/example_branch_operator_decorator.py for tasks to queue
[2025-06-08T14:53:25.164+0000] {logging_mixin.py:190} INFO - [2025-06-08T14:53:25.164+0000] {dagbag.py:588} INFO - Filling up the DagBag from /home/airflow/.local/lib/python3.12/site-packages/airflow/example_dags/example_branch_operator_decorator.py
[2025-06-08T14:53:25.184+0000] {processor.py:925} INFO - DAG(s) 'example_branch_python_operator_decorator' retrieved from /home/airflow/.local/lib/python3.12/site-packages/airflow/example_dags/example_branch_operator_decorator.py
[2025-06-08T14:53:25.212+0000] {logging_mixin.py:190} INFO - [2025-06-08T14:53:25.212+0000] {dag.py:3239} INFO - Sync 1 DAGs
[2025-06-08T14:53:25.235+0000] {logging_mixin.py:190} INFO - [2025-06-08T14:53:25.234+0000] {dag.py:4180} INFO - Setting next_dagrun for example_branch_python_operator_decorator to 2025-06-07 00:00:00+00:00, run_after=2025-06-08 00:00:00+00:00
[2025-06-08T14:53:25.251+0000] {processor.py:208} INFO - Processing /home/airflow/.local/lib/python3.12/site-packages/airflow/example_dags/example_branch_operator_decorator.py took 0.095 seconds
[2025-06-08T14:53:56.356+0000] {processor.py:186} INFO - Started process (PID=229) to work on /home/airflow/.local/lib/python3.12/site-packages/airflow/example_dags/example_branch_operator_decorator.py
[2025-06-08T14:53:56.357+0000] {processor.py:914} INFO - Processing file /home/airflow/.local/lib/python3.12/site-packages/airflow/example_dags/example_branch_operator_decorator.py for tasks to queue
[2025-06-08T14:53:56.359+0000] {logging_mixin.py:190} INFO - [2025-06-08T14:53:56.359+0000] {dagbag.py:588} INFO - Filling up the DagBag from /home/airflow/.local/lib/python3.12/site-packages/airflow/example_dags/example_branch_operator_decorator.py
[2025-06-08T14:53:56.377+0000] {processor.py:925} INFO - DAG(s) 'example_branch_python_operator_decorator' retrieved from /home/airflow/.local/lib/python3.12/site-packages/airflow/example_dags/example_branch_operator_decorator.py
[2025-06-08T14:53:56.403+0000] {logging_mixin.py:190} INFO - [2025-06-08T14:53:56.403+0000] {dag.py:3239} INFO - Sync 1 DAGs
[2025-06-08T14:53:56.424+0000] {logging_mixin.py:190} INFO - [2025-06-08T14:53:56.424+0000] {dag.py:4180} INFO - Setting next_dagrun for example_branch_python_operator_decorator to 2025-06-07 00:00:00+00:00, run_after=2025-06-08 00:00:00+00:00
[2025-06-08T14:53:56.440+0000] {processor.py:208} INFO - Processing /home/airflow/.local/lib/python3.12/site-packages/airflow/example_dags/example_branch_operator_decorator.py took 0.089 seconds
[2025-06-08T14:54:27.271+0000] {processor.py:186} INFO - Started process (PID=292) to work on /home/airflow/.local/lib/python3.12/site-packages/airflow/example_dags/example_branch_operator_decorator.py
[2025-06-08T14:54:27.272+0000] {processor.py:914} INFO - Processing file /home/airflow/.local/lib/python3.12/site-packages/airflow/example_dags/example_branch_operator_decorator.py for tasks to queue
[2025-06-08T14:54:27.274+0000] {logging_mixin.py:190} INFO - [2025-06-08T14:54:27.274+0000] {dagbag.py:588} INFO - Filling up the DagBag from /home/airflow/.local/lib/python3.12/site-packages/airflow/example_dags/example_branch_operator_decorator.py
[2025-06-08T14:54:27.294+0000] {processor.py:925} INFO - DAG(s) 'example_branch_python_operator_decorator' retrieved from /home/airflow/.local/lib/python3.12/site-packages/airflow/example_dags/example_branch_operator_decorator.py
[2025-06-08T14:54:27.326+0000] {logging_mixin.py:190} INFO - [2025-06-08T14:54:27.326+0000] {dag.py:3239} INFO - Sync 1 DAGs
[2025-06-08T14:54:27.352+0000] {logging_mixin.py:190} INFO - [2025-06-08T14:54:27.352+0000] {dag.py:4180} INFO - Setting next_dagrun for example_branch_python_operator_decorator to 2025-06-07 00:00:00+00:00, run_after=2025-06-08 00:00:00+00:00
[2025-06-08T14:54:27.373+0000] {processor.py:208} INFO - Processing /home/airflow/.local/lib/python3.12/site-packages/airflow/example_dags/example_branch_operator_decorator.py took 0.108 seconds
[2025-06-08T14:54:58.289+0000] {processor.py:186} INFO - Started process (PID=355) to work on /home/airflow/.local/lib/python3.12/site-packages/airflow/example_dags/example_branch_operator_decorator.py
[2025-06-08T14:54:58.290+0000] {processor.py:914} INFO - Processing file /home/airflow/.local/lib/python3.12/site-packages/airflow/example_dags/example_branch_operator_decorator.py for tasks to queue
[2025-06-08T14:54:58.293+0000] {logging_mixin.py:190} INFO - [2025-06-08T14:54:58.293+0000] {dagbag.py:588} INFO - Filling up the DagBag from /home/airflow/.local/lib/python3.12/site-packages/airflow/example_dags/example_branch_operator_decorator.py
[2025-06-08T14:54:58.314+0000] {processor.py:925} INFO - DAG(s) 'example_branch_python_operator_decorator' retrieved from /home/airflow/.local/lib/python3.12/site-packages/airflow/example_dags/example_branch_operator_decorator.py
[2025-06-08T14:54:58.346+0000] {logging_mixin.py:190} INFO - [2025-06-08T14:54:58.346+0000] {dag.py:3239} INFO - Sync 1 DAGs
[2025-06-08T14:54:58.369+0000] {logging_mixin.py:190} INFO - [2025-06-08T14:54:58.369+0000] {dag.py:4180} INFO - Setting next_dagrun for example_branch_python_operator_decorator to 2025-06-07 00:00:00+00:00, run_after=2025-06-08 00:00:00+00:00
[2025-06-08T14:54:58.386+0000] {processor.py:208} INFO - Processing /home/airflow/.local/lib/python3.12/site-packages/airflow/example_dags/example_branch_operator_decorator.py took 0.103 seconds
[2025-06-08T14:55:29.241+0000] {processor.py:186} INFO - Started process (PID=418) to work on /home/airflow/.local/lib/python3.12/site-packages/airflow/example_dags/example_branch_operator_decorator.py
[2025-06-08T14:55:29.242+0000] {processor.py:914} INFO - Processing file /home/airflow/.local/lib/python3.12/site-packages/airflow/example_dags/example_branch_operator_decorator.py for tasks to queue
[2025-06-08T14:55:29.246+0000] {logging_mixin.py:190} INFO - [2025-06-08T14:55:29.245+0000] {dagbag.py:588} INFO - Filling up the DagBag from /home/airflow/.local/lib/python3.12/site-packages/airflow/example_dags/example_branch_operator_decorator.py
[2025-06-08T14:55:29.290+0000] {processor.py:925} INFO - DAG(s) 'example_branch_python_operator_decorator' retrieved from /home/airflow/.local/lib/python3.12/site-packages/airflow/example_dags/example_branch_operator_decorator.py
[2025-06-08T14:55:29.343+0000] {logging_mixin.py:190} INFO - [2025-06-08T14:55:29.342+0000] {dag.py:3239} INFO - Sync 1 DAGs
[2025-06-08T14:55:29.377+0000] {logging_mixin.py:190} INFO - [2025-06-08T14:55:29.377+0000] {dag.py:4180} INFO - Setting next_dagrun for example_branch_python_operator_decorator to 2025-06-07 00:00:00+00:00, run_after=2025-06-08 00:00:00+00:00
[2025-06-08T14:55:29.408+0000] {processor.py:208} INFO - Processing /home/airflow/.local/lib/python3.12/site-packages/airflow/example_dags/example_branch_operator_decorator.py took 0.177 seconds
[2025-06-08T14:56:00.105+0000] {processor.py:186} INFO - Started process (PID=481) to work on /home/airflow/.local/lib/python3.12/site-packages/airflow/example_dags/example_branch_operator_decorator.py
[2025-06-08T14:56:00.107+0000] {processor.py:914} INFO - Processing file /home/airflow/.local/lib/python3.12/site-packages/airflow/example_dags/example_branch_operator_decorator.py for tasks to queue
[2025-06-08T14:56:00.111+0000] {logging_mixin.py:190} INFO - [2025-06-08T14:56:00.110+0000] {dagbag.py:588} INFO - Filling up the DagBag from /home/airflow/.local/lib/python3.12/site-packages/airflow/example_dags/example_branch_operator_decorator.py
[2025-06-08T14:56:00.158+0000] {processor.py:925} INFO - DAG(s) 'example_branch_python_operator_decorator' retrieved from /home/airflow/.local/lib/python3.12/site-packages/airflow/example_dags/example_branch_operator_decorator.py
[2025-06-08T14:56:00.225+0000] {logging_mixin.py:190} INFO - [2025-06-08T14:56:00.225+0000] {dag.py:3239} INFO - Sync 1 DAGs
[2025-06-08T14:56:00.300+0000] {logging_mixin.py:190} INFO - [2025-06-08T14:56:00.300+0000] {dag.py:4180} INFO - Setting next_dagrun for example_branch_python_operator_decorator to 2025-06-07 00:00:00+00:00, run_after=2025-06-08 00:00:00+00:00
[2025-06-08T14:56:00.341+0000] {processor.py:208} INFO - Processing /home/airflow/.local/lib/python3.12/site-packages/airflow/example_dags/example_branch_operator_decorator.py took 0.247 seconds
