[2025-06-08T14:52:51.593+0000] {processor.py:186} INFO - Started process (PID=84) to work on /home/airflow/.local/lib/python3.12/site-packages/airflow/example_dags/example_params_ui_tutorial.py
[2025-06-08T14:52:51.594+0000] {processor.py:914} INFO - Processing file /home/airflow/.local/lib/python3.12/site-packages/airflow/example_dags/example_params_ui_tutorial.py for tasks to queue
[2025-06-08T14:52:51.596+0000] {logging_mixin.py:190} INFO - [2025-06-08T14:52:51.596+0000] {dagbag.py:588} INFO - Filling up the DagBag from /home/airflow/.local/lib/python3.12/site-packages/airflow/example_dags/example_params_ui_tutorial.py
[2025-06-08T14:52:51.610+0000] {processor.py:925} INFO - DAG(s) 'example_params_ui_tutorial' retrieved from /home/airflow/.local/lib/python3.12/site-packages/airflow/example_dags/example_params_ui_tutorial.py
[2025-06-08T14:52:51.799+0000] {logging_mixin.py:190} INFO - [2025-06-08T14:52:51.798+0000] {override.py:1911} INFO - Created Permission View: can edit on DAG:example_params_ui_tutorial
[2025-06-08T14:52:51.807+0000] {logging_mixin.py:190} INFO - [2025-06-08T14:52:51.806+0000] {override.py:1911} INFO - Created Permission View: can read on DAG:example_params_ui_tutorial
[2025-06-08T14:52:51.813+0000] {logging_mixin.py:190} INFO - [2025-06-08T14:52:51.812+0000] {override.py:1911} INFO - Created Permission View: can delete on DAG:example_params_ui_tutorial
[2025-06-08T14:52:51.819+0000] {logging_mixin.py:190} INFO - [2025-06-08T14:52:51.818+0000] {override.py:1911} INFO - Created Permission View: can read on DAG Run:example_params_ui_tutorial
[2025-06-08T14:52:51.824+0000] {logging_mixin.py:190} INFO - [2025-06-08T14:52:51.823+0000] {override.py:1911} INFO - Created Permission View: can delete on DAG Run:example_params_ui_tutorial
[2025-06-08T14:52:51.830+0000] {logging_mixin.py:190} INFO - [2025-06-08T14:52:51.829+0000] {override.py:1911} INFO - Created Permission View: can create on DAG Run:example_params_ui_tutorial
[2025-06-08T14:52:51.836+0000] {logging_mixin.py:190} INFO - [2025-06-08T14:52:51.836+0000] {override.py:1911} INFO - Created Permission View: menu access on DAG Run:example_params_ui_tutorial
[2025-06-08T14:52:51.837+0000] {logging_mixin.py:190} INFO - [2025-06-08T14:52:51.837+0000] {dag.py:3239} INFO - Sync 1 DAGs
[2025-06-08T14:52:51.849+0000] {logging_mixin.py:190} INFO - [2025-06-08T14:52:51.849+0000] {dag.py:3262} INFO - Creating ORM DAG for example_params_ui_tutorial
[2025-06-08T14:52:51.850+0000] {logging_mixin.py:190} INFO - [2025-06-08T14:52:51.850+0000] {dag.py:4180} INFO - Setting next_dagrun for example_params_ui_tutorial to None, run_after=None
[2025-06-08T14:52:51.869+0000] {processor.py:208} INFO - Processing /home/airflow/.local/lib/python3.12/site-packages/airflow/example_dags/example_params_ui_tutorial.py took 0.283 seconds
[2025-06-08T14:53:22.852+0000] {processor.py:186} INFO - Started process (PID=147) to work on /home/airflow/.local/lib/python3.12/site-packages/airflow/example_dags/example_params_ui_tutorial.py
[2025-06-08T14:53:22.853+0000] {processor.py:914} INFO - Processing file /home/airflow/.local/lib/python3.12/site-packages/airflow/example_dags/example_params_ui_tutorial.py for tasks to queue
[2025-06-08T14:53:22.855+0000] {logging_mixin.py:190} INFO - [2025-06-08T14:53:22.855+0000] {dagbag.py:588} INFO - Filling up the DagBag from /home/airflow/.local/lib/python3.12/site-packages/airflow/example_dags/example_params_ui_tutorial.py
[2025-06-08T14:53:22.864+0000] {processor.py:925} INFO - DAG(s) 'example_params_ui_tutorial' retrieved from /home/airflow/.local/lib/python3.12/site-packages/airflow/example_dags/example_params_ui_tutorial.py
[2025-06-08T14:53:22.909+0000] {logging_mixin.py:190} INFO - [2025-06-08T14:53:22.908+0000] {dag.py:3239} INFO - Sync 1 DAGs
[2025-06-08T14:53:22.924+0000] {logging_mixin.py:190} INFO - [2025-06-08T14:53:22.924+0000] {dag.py:4180} INFO - Setting next_dagrun for example_params_ui_tutorial to None, run_after=None
[2025-06-08T14:53:22.941+0000] {processor.py:208} INFO - Processing /home/airflow/.local/lib/python3.12/site-packages/airflow/example_dags/example_params_ui_tutorial.py took 0.093 seconds
[2025-06-08T14:53:54.064+0000] {processor.py:186} INFO - Started process (PID=210) to work on /home/airflow/.local/lib/python3.12/site-packages/airflow/example_dags/example_params_ui_tutorial.py
[2025-06-08T14:53:54.065+0000] {processor.py:914} INFO - Processing file /home/airflow/.local/lib/python3.12/site-packages/airflow/example_dags/example_params_ui_tutorial.py for tasks to queue
[2025-06-08T14:53:54.067+0000] {logging_mixin.py:190} INFO - [2025-06-08T14:53:54.067+0000] {dagbag.py:588} INFO - Filling up the DagBag from /home/airflow/.local/lib/python3.12/site-packages/airflow/example_dags/example_params_ui_tutorial.py
[2025-06-08T14:53:54.076+0000] {processor.py:925} INFO - DAG(s) 'example_params_ui_tutorial' retrieved from /home/airflow/.local/lib/python3.12/site-packages/airflow/example_dags/example_params_ui_tutorial.py
[2025-06-08T14:53:54.117+0000] {logging_mixin.py:190} INFO - [2025-06-08T14:53:54.117+0000] {dag.py:3239} INFO - Sync 1 DAGs
[2025-06-08T14:53:54.132+0000] {logging_mixin.py:190} INFO - [2025-06-08T14:53:54.132+0000] {dag.py:4180} INFO - Setting next_dagrun for example_params_ui_tutorial to None, run_after=None
[2025-06-08T14:53:54.152+0000] {processor.py:208} INFO - Processing /home/airflow/.local/lib/python3.12/site-packages/airflow/example_dags/example_params_ui_tutorial.py took 0.093 seconds
[2025-06-08T14:54:24.687+0000] {processor.py:186} INFO - Started process (PID=273) to work on /home/airflow/.local/lib/python3.12/site-packages/airflow/example_dags/example_params_ui_tutorial.py
[2025-06-08T14:54:24.688+0000] {processor.py:914} INFO - Processing file /home/airflow/.local/lib/python3.12/site-packages/airflow/example_dags/example_params_ui_tutorial.py for tasks to queue
[2025-06-08T14:54:24.690+0000] {logging_mixin.py:190} INFO - [2025-06-08T14:54:24.690+0000] {dagbag.py:588} INFO - Filling up the DagBag from /home/airflow/.local/lib/python3.12/site-packages/airflow/example_dags/example_params_ui_tutorial.py
[2025-06-08T14:54:24.699+0000] {processor.py:925} INFO - DAG(s) 'example_params_ui_tutorial' retrieved from /home/airflow/.local/lib/python3.12/site-packages/airflow/example_dags/example_params_ui_tutorial.py
[2025-06-08T14:54:24.743+0000] {logging_mixin.py:190} INFO - [2025-06-08T14:54:24.743+0000] {dag.py:3239} INFO - Sync 1 DAGs
[2025-06-08T14:54:24.762+0000] {logging_mixin.py:190} INFO - [2025-06-08T14:54:24.761+0000] {dag.py:4180} INFO - Setting next_dagrun for example_params_ui_tutorial to None, run_after=None
[2025-06-08T14:54:24.786+0000] {processor.py:208} INFO - Processing /home/airflow/.local/lib/python3.12/site-packages/airflow/example_dags/example_params_ui_tutorial.py took 0.104 seconds
[2025-06-08T14:54:54.875+0000] {processor.py:186} INFO - Started process (PID=336) to work on /home/airflow/.local/lib/python3.12/site-packages/airflow/example_dags/example_params_ui_tutorial.py
[2025-06-08T14:54:54.876+0000] {processor.py:914} INFO - Processing file /home/airflow/.local/lib/python3.12/site-packages/airflow/example_dags/example_params_ui_tutorial.py for tasks to queue
[2025-06-08T14:54:54.878+0000] {logging_mixin.py:190} INFO - [2025-06-08T14:54:54.878+0000] {dagbag.py:588} INFO - Filling up the DagBag from /home/airflow/.local/lib/python3.12/site-packages/airflow/example_dags/example_params_ui_tutorial.py
[2025-06-08T14:54:54.886+0000] {processor.py:925} INFO - DAG(s) 'example_params_ui_tutorial' retrieved from /home/airflow/.local/lib/python3.12/site-packages/airflow/example_dags/example_params_ui_tutorial.py
[2025-06-08T14:54:54.924+0000] {logging_mixin.py:190} INFO - [2025-06-08T14:54:54.924+0000] {dag.py:3239} INFO - Sync 1 DAGs
[2025-06-08T14:54:54.939+0000] {logging_mixin.py:190} INFO - [2025-06-08T14:54:54.939+0000] {dag.py:4180} INFO - Setting next_dagrun for example_params_ui_tutorial to None, run_after=None
[2025-06-08T14:54:54.957+0000] {processor.py:208} INFO - Processing /home/airflow/.local/lib/python3.12/site-packages/airflow/example_dags/example_params_ui_tutorial.py took 0.086 seconds
[2025-06-08T14:55:27.225+0000] {processor.py:186} INFO - Started process (PID=399) to work on /home/airflow/.local/lib/python3.12/site-packages/airflow/example_dags/example_params_ui_tutorial.py
[2025-06-08T14:55:27.227+0000] {processor.py:914} INFO - Processing file /home/airflow/.local/lib/python3.12/site-packages/airflow/example_dags/example_params_ui_tutorial.py for tasks to queue
[2025-06-08T14:55:27.230+0000] {logging_mixin.py:190} INFO - [2025-06-08T14:55:27.230+0000] {dagbag.py:588} INFO - Filling up the DagBag from /home/airflow/.local/lib/python3.12/site-packages/airflow/example_dags/example_params_ui_tutorial.py
[2025-06-08T14:55:27.245+0000] {processor.py:925} INFO - DAG(s) 'example_params_ui_tutorial' retrieved from /home/airflow/.local/lib/python3.12/site-packages/airflow/example_dags/example_params_ui_tutorial.py
[2025-06-08T14:55:27.333+0000] {logging_mixin.py:190} INFO - [2025-06-08T14:55:27.332+0000] {dag.py:3239} INFO - Sync 1 DAGs
[2025-06-08T14:55:27.381+0000] {logging_mixin.py:190} INFO - [2025-06-08T14:55:27.380+0000] {dag.py:4180} INFO - Setting next_dagrun for example_params_ui_tutorial to None, run_after=None
[2025-06-08T14:55:27.447+0000] {processor.py:208} INFO - Processing /home/airflow/.local/lib/python3.12/site-packages/airflow/example_dags/example_params_ui_tutorial.py took 0.231 seconds
[2025-06-08T14:55:57.745+0000] {processor.py:186} INFO - Started process (PID=462) to work on /home/airflow/.local/lib/python3.12/site-packages/airflow/example_dags/example_params_ui_tutorial.py
[2025-06-08T14:55:57.746+0000] {processor.py:914} INFO - Processing file /home/airflow/.local/lib/python3.12/site-packages/airflow/example_dags/example_params_ui_tutorial.py for tasks to queue
[2025-06-08T14:55:57.748+0000] {logging_mixin.py:190} INFO - [2025-06-08T14:55:57.747+0000] {dagbag.py:588} INFO - Filling up the DagBag from /home/airflow/.local/lib/python3.12/site-packages/airflow/example_dags/example_params_ui_tutorial.py
[2025-06-08T14:55:57.755+0000] {processor.py:925} INFO - DAG(s) 'example_params_ui_tutorial' retrieved from /home/airflow/.local/lib/python3.12/site-packages/airflow/example_dags/example_params_ui_tutorial.py
[2025-06-08T14:55:57.790+0000] {logging_mixin.py:190} INFO - [2025-06-08T14:55:57.790+0000] {dag.py:3239} INFO - Sync 1 DAGs
[2025-06-08T14:55:57.802+0000] {logging_mixin.py:190} INFO - [2025-06-08T14:55:57.802+0000] {dag.py:4180} INFO - Setting next_dagrun for example_params_ui_tutorial to None, run_after=None
[2025-06-08T14:55:57.817+0000] {processor.py:208} INFO - Processing /home/airflow/.local/lib/python3.12/site-packages/airflow/example_dags/example_params_ui_tutorial.py took 0.077 seconds
