[2025-06-08T14:52:55.230+0000] {processor.py:186} INFO - Started process (PID=107) to work on /home/airflow/.local/lib/python3.12/site-packages/airflow/example_dags/example_branch_python_dop_operator_3.py
[2025-06-08T14:52:55.231+0000] {processor.py:914} INFO - Processing file /home/airflow/.local/lib/python3.12/site-packages/airflow/example_dags/example_branch_python_dop_operator_3.py for tasks to queue
[2025-06-08T14:52:55.233+0000] {logging_mixin.py:190} INFO - [2025-06-08T14:52:55.233+0000] {dagbag.py:588} INFO - Filling up the DagBag from /home/airflow/.local/lib/python3.12/site-packages/airflow/example_dags/example_branch_python_dop_operator_3.py
[2025-06-08T14:52:55.243+0000] {processor.py:925} INFO - DAG(s) 'example_branch_dop_operator_v3' retrieved from /home/airflow/.local/lib/python3.12/site-packages/airflow/example_dags/example_branch_python_dop_operator_3.py
[2025-06-08T14:52:55.334+0000] {logging_mixin.py:190} INFO - [2025-06-08T14:52:55.334+0000] {override.py:1911} INFO - Created Permission View: can edit on DAG:example_branch_dop_operator_v3
[2025-06-08T14:52:55.344+0000] {logging_mixin.py:190} INFO - [2025-06-08T14:52:55.343+0000] {override.py:1911} INFO - Created Permission View: can read on DAG:example_branch_dop_operator_v3
[2025-06-08T14:52:55.349+0000] {logging_mixin.py:190} INFO - [2025-06-08T14:52:55.349+0000] {override.py:1911} INFO - Created Permission View: can delete on DAG:example_branch_dop_operator_v3
[2025-06-08T14:52:55.356+0000] {logging_mixin.py:190} INFO - [2025-06-08T14:52:55.355+0000] {override.py:1911} INFO - Created Permission View: can read on DAG Run:example_branch_dop_operator_v3
[2025-06-08T14:52:55.361+0000] {logging_mixin.py:190} INFO - [2025-06-08T14:52:55.361+0000] {override.py:1911} INFO - Created Permission View: can delete on DAG Run:example_branch_dop_operator_v3
[2025-06-08T14:52:55.366+0000] {logging_mixin.py:190} INFO - [2025-06-08T14:52:55.366+0000] {override.py:1911} INFO - Created Permission View: can create on DAG Run:example_branch_dop_operator_v3
[2025-06-08T14:52:55.372+0000] {logging_mixin.py:190} INFO - [2025-06-08T14:52:55.371+0000] {override.py:1911} INFO - Created Permission View: menu access on DAG Run:example_branch_dop_operator_v3
[2025-06-08T14:52:55.372+0000] {logging_mixin.py:190} INFO - [2025-06-08T14:52:55.372+0000] {dag.py:3239} INFO - Sync 1 DAGs
[2025-06-08T14:52:55.384+0000] {logging_mixin.py:190} INFO - [2025-06-08T14:52:55.384+0000] {dag.py:3262} INFO - Creating ORM DAG for example_branch_dop_operator_v3
[2025-06-08T14:52:55.395+0000] {logging_mixin.py:190} INFO - [2025-06-08T14:52:55.395+0000] {dag.py:4180} INFO - Setting next_dagrun for example_branch_dop_operator_v3 to 2025-06-08 14:51:00+00:00, run_after=2025-06-08 14:52:00+00:00
[2025-06-08T14:52:55.409+0000] {processor.py:208} INFO - Processing /home/airflow/.local/lib/python3.12/site-packages/airflow/example_dags/example_branch_python_dop_operator_3.py took 0.185 seconds
[2025-06-08T14:53:26.379+0000] {processor.py:186} INFO - Started process (PID=170) to work on /home/airflow/.local/lib/python3.12/site-packages/airflow/example_dags/example_branch_python_dop_operator_3.py
[2025-06-08T14:53:26.380+0000] {processor.py:914} INFO - Processing file /home/airflow/.local/lib/python3.12/site-packages/airflow/example_dags/example_branch_python_dop_operator_3.py for tasks to queue
[2025-06-08T14:53:26.382+0000] {logging_mixin.py:190} INFO - [2025-06-08T14:53:26.382+0000] {dagbag.py:588} INFO - Filling up the DagBag from /home/airflow/.local/lib/python3.12/site-packages/airflow/example_dags/example_branch_python_dop_operator_3.py
[2025-06-08T14:53:26.392+0000] {processor.py:925} INFO - DAG(s) 'example_branch_dop_operator_v3' retrieved from /home/airflow/.local/lib/python3.12/site-packages/airflow/example_dags/example_branch_python_dop_operator_3.py
[2025-06-08T14:53:26.410+0000] {logging_mixin.py:190} INFO - [2025-06-08T14:53:26.410+0000] {dag.py:3239} INFO - Sync 1 DAGs
[2025-06-08T14:53:26.438+0000] {logging_mixin.py:190} INFO - [2025-06-08T14:53:26.438+0000] {dag.py:4180} INFO - Setting next_dagrun for example_branch_dop_operator_v3 to 2025-06-08 14:52:00+00:00, run_after=2025-06-08 14:53:00+00:00
[2025-06-08T14:53:26.459+0000] {processor.py:208} INFO - Processing /home/airflow/.local/lib/python3.12/site-packages/airflow/example_dags/example_branch_python_dop_operator_3.py took 0.085 seconds
[2025-06-08T14:53:56.563+0000] {processor.py:186} INFO - Started process (PID=233) to work on /home/airflow/.local/lib/python3.12/site-packages/airflow/example_dags/example_branch_python_dop_operator_3.py
[2025-06-08T14:53:56.564+0000] {processor.py:914} INFO - Processing file /home/airflow/.local/lib/python3.12/site-packages/airflow/example_dags/example_branch_python_dop_operator_3.py for tasks to queue
[2025-06-08T14:53:56.567+0000] {logging_mixin.py:190} INFO - [2025-06-08T14:53:56.566+0000] {dagbag.py:588} INFO - Filling up the DagBag from /home/airflow/.local/lib/python3.12/site-packages/airflow/example_dags/example_branch_python_dop_operator_3.py
[2025-06-08T14:53:56.576+0000] {processor.py:925} INFO - DAG(s) 'example_branch_dop_operator_v3' retrieved from /home/airflow/.local/lib/python3.12/site-packages/airflow/example_dags/example_branch_python_dop_operator_3.py
[2025-06-08T14:53:56.595+0000] {logging_mixin.py:190} INFO - [2025-06-08T14:53:56.595+0000] {dag.py:3239} INFO - Sync 1 DAGs
[2025-06-08T14:53:56.624+0000] {logging_mixin.py:190} INFO - [2025-06-08T14:53:56.624+0000] {dag.py:4180} INFO - Setting next_dagrun for example_branch_dop_operator_v3 to 2025-06-08 14:52:00+00:00, run_after=2025-06-08 14:53:00+00:00
[2025-06-08T14:53:56.643+0000] {processor.py:208} INFO - Processing /home/airflow/.local/lib/python3.12/site-packages/airflow/example_dags/example_branch_python_dop_operator_3.py took 0.086 seconds
[2025-06-08T14:54:27.595+0000] {processor.py:186} INFO - Started process (PID=296) to work on /home/airflow/.local/lib/python3.12/site-packages/airflow/example_dags/example_branch_python_dop_operator_3.py
[2025-06-08T14:54:27.596+0000] {processor.py:914} INFO - Processing file /home/airflow/.local/lib/python3.12/site-packages/airflow/example_dags/example_branch_python_dop_operator_3.py for tasks to queue
[2025-06-08T14:54:27.598+0000] {logging_mixin.py:190} INFO - [2025-06-08T14:54:27.598+0000] {dagbag.py:588} INFO - Filling up the DagBag from /home/airflow/.local/lib/python3.12/site-packages/airflow/example_dags/example_branch_python_dop_operator_3.py
[2025-06-08T14:54:27.608+0000] {processor.py:925} INFO - DAG(s) 'example_branch_dop_operator_v3' retrieved from /home/airflow/.local/lib/python3.12/site-packages/airflow/example_dags/example_branch_python_dop_operator_3.py
[2025-06-08T14:54:27.624+0000] {logging_mixin.py:190} INFO - [2025-06-08T14:54:27.624+0000] {dag.py:3239} INFO - Sync 1 DAGs
[2025-06-08T14:54:27.646+0000] {logging_mixin.py:190} INFO - [2025-06-08T14:54:27.646+0000] {dag.py:4180} INFO - Setting next_dagrun for example_branch_dop_operator_v3 to 2025-06-08 14:53:00+00:00, run_after=2025-06-08 14:54:00+00:00
[2025-06-08T14:54:27.663+0000] {processor.py:208} INFO - Processing /home/airflow/.local/lib/python3.12/site-packages/airflow/example_dags/example_branch_python_dop_operator_3.py took 0.073 seconds
[2025-06-08T14:54:58.503+0000] {processor.py:186} INFO - Started process (PID=359) to work on /home/airflow/.local/lib/python3.12/site-packages/airflow/example_dags/example_branch_python_dop_operator_3.py
[2025-06-08T14:54:58.504+0000] {processor.py:914} INFO - Processing file /home/airflow/.local/lib/python3.12/site-packages/airflow/example_dags/example_branch_python_dop_operator_3.py for tasks to queue
[2025-06-08T14:54:58.507+0000] {logging_mixin.py:190} INFO - [2025-06-08T14:54:58.506+0000] {dagbag.py:588} INFO - Filling up the DagBag from /home/airflow/.local/lib/python3.12/site-packages/airflow/example_dags/example_branch_python_dop_operator_3.py
[2025-06-08T14:54:58.517+0000] {processor.py:925} INFO - DAG(s) 'example_branch_dop_operator_v3' retrieved from /home/airflow/.local/lib/python3.12/site-packages/airflow/example_dags/example_branch_python_dop_operator_3.py
[2025-06-08T14:54:58.533+0000] {logging_mixin.py:190} INFO - [2025-06-08T14:54:58.533+0000] {dag.py:3239} INFO - Sync 1 DAGs
[2025-06-08T14:54:58.554+0000] {logging_mixin.py:190} INFO - [2025-06-08T14:54:58.554+0000] {dag.py:4180} INFO - Setting next_dagrun for example_branch_dop_operator_v3 to 2025-06-08 14:53:00+00:00, run_after=2025-06-08 14:54:00+00:00
[2025-06-08T14:54:58.574+0000] {processor.py:208} INFO - Processing /home/airflow/.local/lib/python3.12/site-packages/airflow/example_dags/example_branch_python_dop_operator_3.py took 0.075 seconds
[2025-06-08T14:55:29.621+0000] {processor.py:186} INFO - Started process (PID=422) to work on /home/airflow/.local/lib/python3.12/site-packages/airflow/example_dags/example_branch_python_dop_operator_3.py
[2025-06-08T14:55:29.623+0000] {processor.py:914} INFO - Processing file /home/airflow/.local/lib/python3.12/site-packages/airflow/example_dags/example_branch_python_dop_operator_3.py for tasks to queue
[2025-06-08T14:55:29.627+0000] {logging_mixin.py:190} INFO - [2025-06-08T14:55:29.626+0000] {dagbag.py:588} INFO - Filling up the DagBag from /home/airflow/.local/lib/python3.12/site-packages/airflow/example_dags/example_branch_python_dop_operator_3.py
[2025-06-08T14:55:29.641+0000] {processor.py:925} INFO - DAG(s) 'example_branch_dop_operator_v3' retrieved from /home/airflow/.local/lib/python3.12/site-packages/airflow/example_dags/example_branch_python_dop_operator_3.py
[2025-06-08T14:55:29.667+0000] {logging_mixin.py:190} INFO - [2025-06-08T14:55:29.667+0000] {dag.py:3239} INFO - Sync 1 DAGs
[2025-06-08T14:55:29.709+0000] {logging_mixin.py:190} INFO - [2025-06-08T14:55:29.708+0000] {dag.py:4180} INFO - Setting next_dagrun for example_branch_dop_operator_v3 to 2025-06-08 14:54:00+00:00, run_after=2025-06-08 14:55:00+00:00
[2025-06-08T14:55:29.743+0000] {processor.py:208} INFO - Processing /home/airflow/.local/lib/python3.12/site-packages/airflow/example_dags/example_branch_python_dop_operator_3.py took 0.132 seconds
[2025-06-08T14:56:01.292+0000] {processor.py:186} INFO - Started process (PID=485) to work on /home/airflow/.local/lib/python3.12/site-packages/airflow/example_dags/example_branch_python_dop_operator_3.py
[2025-06-08T14:56:01.294+0000] {processor.py:914} INFO - Processing file /home/airflow/.local/lib/python3.12/site-packages/airflow/example_dags/example_branch_python_dop_operator_3.py for tasks to queue
[2025-06-08T14:56:01.303+0000] {logging_mixin.py:190} INFO - [2025-06-08T14:56:01.301+0000] {dagbag.py:588} INFO - Filling up the DagBag from /home/airflow/.local/lib/python3.12/site-packages/airflow/example_dags/example_branch_python_dop_operator_3.py
[2025-06-08T14:56:01.340+0000] {processor.py:925} INFO - DAG(s) 'example_branch_dop_operator_v3' retrieved from /home/airflow/.local/lib/python3.12/site-packages/airflow/example_dags/example_branch_python_dop_operator_3.py
[2025-06-08T14:56:01.388+0000] {logging_mixin.py:190} INFO - [2025-06-08T14:56:01.387+0000] {dag.py:3239} INFO - Sync 1 DAGs
[2025-06-08T14:56:01.443+0000] {logging_mixin.py:190} INFO - [2025-06-08T14:56:01.442+0000] {dag.py:4180} INFO - Setting next_dagrun for example_branch_dop_operator_v3 to 2025-06-08 14:55:00+00:00, run_after=2025-06-08 14:56:00+00:00
[2025-06-08T14:56:01.485+0000] {processor.py:208} INFO - Processing /home/airflow/.local/lib/python3.12/site-packages/airflow/example_dags/example_branch_python_dop_operator_3.py took 0.217 seconds
