[2025-06-08T14:52:52.157+0000] {processor.py:186} INFO - Started process (PID=88) to work on /home/airflow/.local/lib/python3.12/site-packages/airflow/example_dags/example_external_task_marker_dag.py
[2025-06-08T14:52:52.160+0000] {processor.py:914} INFO - Processing file /home/airflow/.local/lib/python3.12/site-packages/airflow/example_dags/example_external_task_marker_dag.py for tasks to queue
[2025-06-08T14:52:52.165+0000] {logging_mixin.py:190} INFO - [2025-06-08T14:52:52.164+0000] {dagbag.py:588} INFO - Filling up the DagBag from /home/airflow/.local/lib/python3.12/site-packages/airflow/example_dags/example_external_task_marker_dag.py
[2025-06-08T14:52:52.175+0000] {processor.py:925} INFO - DAG(s) 'example_external_task_marker_parent', 'example_external_task_marker_child' retrieved from /home/airflow/.local/lib/python3.12/site-packages/airflow/example_dags/example_external_task_marker_dag.py
[2025-06-08T14:52:52.306+0000] {logging_mixin.py:190} INFO - [2025-06-08T14:52:52.306+0000] {override.py:1911} INFO - Created Permission View: can edit on DAG:example_external_task_marker_parent
[2025-06-08T14:52:52.319+0000] {logging_mixin.py:190} INFO - [2025-06-08T14:52:52.319+0000] {override.py:1911} INFO - Created Permission View: can read on DAG:example_external_task_marker_parent
[2025-06-08T14:52:52.327+0000] {logging_mixin.py:190} INFO - [2025-06-08T14:52:52.327+0000] {override.py:1911} INFO - Created Permission View: can delete on DAG:example_external_task_marker_parent
[2025-06-08T14:52:52.335+0000] {logging_mixin.py:190} INFO - [2025-06-08T14:52:52.335+0000] {override.py:1911} INFO - Created Permission View: can read on DAG Run:example_external_task_marker_parent
[2025-06-08T14:52:52.343+0000] {logging_mixin.py:190} INFO - [2025-06-08T14:52:52.342+0000] {override.py:1911} INFO - Created Permission View: can delete on DAG Run:example_external_task_marker_parent
[2025-06-08T14:52:52.350+0000] {logging_mixin.py:190} INFO - [2025-06-08T14:52:52.350+0000] {override.py:1911} INFO - Created Permission View: can create on DAG Run:example_external_task_marker_parent
[2025-06-08T14:52:52.357+0000] {logging_mixin.py:190} INFO - [2025-06-08T14:52:52.356+0000] {override.py:1911} INFO - Created Permission View: menu access on DAG Run:example_external_task_marker_parent
[2025-06-08T14:52:52.375+0000] {logging_mixin.py:190} INFO - [2025-06-08T14:52:52.375+0000] {override.py:1911} INFO - Created Permission View: can edit on DAG:example_external_task_marker_child
[2025-06-08T14:52:52.383+0000] {logging_mixin.py:190} INFO - [2025-06-08T14:52:52.383+0000] {override.py:1911} INFO - Created Permission View: can read on DAG:example_external_task_marker_child
[2025-06-08T14:52:52.390+0000] {logging_mixin.py:190} INFO - [2025-06-08T14:52:52.389+0000] {override.py:1911} INFO - Created Permission View: can delete on DAG:example_external_task_marker_child
[2025-06-08T14:52:52.397+0000] {logging_mixin.py:190} INFO - [2025-06-08T14:52:52.396+0000] {override.py:1911} INFO - Created Permission View: can read on DAG Run:example_external_task_marker_child
[2025-06-08T14:52:52.402+0000] {logging_mixin.py:190} INFO - [2025-06-08T14:52:52.402+0000] {override.py:1911} INFO - Created Permission View: can delete on DAG Run:example_external_task_marker_child
[2025-06-08T14:52:52.409+0000] {logging_mixin.py:190} INFO - [2025-06-08T14:52:52.409+0000] {override.py:1911} INFO - Created Permission View: can create on DAG Run:example_external_task_marker_child
[2025-06-08T14:52:52.417+0000] {logging_mixin.py:190} INFO - [2025-06-08T14:52:52.416+0000] {override.py:1911} INFO - Created Permission View: menu access on DAG Run:example_external_task_marker_child
[2025-06-08T14:52:52.418+0000] {logging_mixin.py:190} INFO - [2025-06-08T14:52:52.418+0000] {dag.py:3239} INFO - Sync 2 DAGs
[2025-06-08T14:52:52.435+0000] {logging_mixin.py:190} INFO - [2025-06-08T14:52:52.434+0000] {dag.py:3262} INFO - Creating ORM DAG for example_external_task_marker_parent
[2025-06-08T14:52:52.436+0000] {logging_mixin.py:190} INFO - [2025-06-08T14:52:52.436+0000] {dag.py:3262} INFO - Creating ORM DAG for example_external_task_marker_child
[2025-06-08T14:52:52.438+0000] {logging_mixin.py:190} INFO - [2025-06-08T14:52:52.437+0000] {dag.py:4180} INFO - Setting next_dagrun for example_external_task_marker_child to None, run_after=None
[2025-06-08T14:52:52.439+0000] {logging_mixin.py:190} INFO - [2025-06-08T14:52:52.439+0000] {dag.py:4180} INFO - Setting next_dagrun for example_external_task_marker_parent to None, run_after=None
[2025-06-08T14:52:52.470+0000] {processor.py:208} INFO - Processing /home/airflow/.local/lib/python3.12/site-packages/airflow/example_dags/example_external_task_marker_dag.py took 0.320 seconds
[2025-06-08T14:53:23.094+0000] {processor.py:186} INFO - Started process (PID=151) to work on /home/airflow/.local/lib/python3.12/site-packages/airflow/example_dags/example_external_task_marker_dag.py
[2025-06-08T14:53:23.094+0000] {processor.py:914} INFO - Processing file /home/airflow/.local/lib/python3.12/site-packages/airflow/example_dags/example_external_task_marker_dag.py for tasks to queue
[2025-06-08T14:53:23.097+0000] {logging_mixin.py:190} INFO - [2025-06-08T14:53:23.096+0000] {dagbag.py:588} INFO - Filling up the DagBag from /home/airflow/.local/lib/python3.12/site-packages/airflow/example_dags/example_external_task_marker_dag.py
[2025-06-08T14:53:23.104+0000] {processor.py:925} INFO - DAG(s) 'example_external_task_marker_parent', 'example_external_task_marker_child' retrieved from /home/airflow/.local/lib/python3.12/site-packages/airflow/example_dags/example_external_task_marker_dag.py
[2025-06-08T14:53:23.122+0000] {logging_mixin.py:190} INFO - [2025-06-08T14:53:23.122+0000] {dag.py:3239} INFO - Sync 2 DAGs
[2025-06-08T14:53:23.136+0000] {logging_mixin.py:190} INFO - [2025-06-08T14:53:23.136+0000] {dag.py:4180} INFO - Setting next_dagrun for example_external_task_marker_child to None, run_after=None
[2025-06-08T14:53:23.140+0000] {logging_mixin.py:190} INFO - [2025-06-08T14:53:23.140+0000] {dag.py:4180} INFO - Setting next_dagrun for example_external_task_marker_parent to None, run_after=None
[2025-06-08T14:53:23.154+0000] {processor.py:208} INFO - Processing /home/airflow/.local/lib/python3.12/site-packages/airflow/example_dags/example_external_task_marker_dag.py took 0.065 seconds
[2025-06-08T14:53:54.285+0000] {processor.py:186} INFO - Started process (PID=214) to work on /home/airflow/.local/lib/python3.12/site-packages/airflow/example_dags/example_external_task_marker_dag.py
[2025-06-08T14:53:54.286+0000] {processor.py:914} INFO - Processing file /home/airflow/.local/lib/python3.12/site-packages/airflow/example_dags/example_external_task_marker_dag.py for tasks to queue
[2025-06-08T14:53:54.289+0000] {logging_mixin.py:190} INFO - [2025-06-08T14:53:54.288+0000] {dagbag.py:588} INFO - Filling up the DagBag from /home/airflow/.local/lib/python3.12/site-packages/airflow/example_dags/example_external_task_marker_dag.py
[2025-06-08T14:53:54.297+0000] {processor.py:925} INFO - DAG(s) 'example_external_task_marker_parent', 'example_external_task_marker_child' retrieved from /home/airflow/.local/lib/python3.12/site-packages/airflow/example_dags/example_external_task_marker_dag.py
[2025-06-08T14:53:54.321+0000] {logging_mixin.py:190} INFO - [2025-06-08T14:53:54.321+0000] {dag.py:3239} INFO - Sync 2 DAGs
[2025-06-08T14:53:54.338+0000] {logging_mixin.py:190} INFO - [2025-06-08T14:53:54.338+0000] {dag.py:4180} INFO - Setting next_dagrun for example_external_task_marker_child to None, run_after=None
[2025-06-08T14:53:54.342+0000] {logging_mixin.py:190} INFO - [2025-06-08T14:53:54.342+0000] {dag.py:4180} INFO - Setting next_dagrun for example_external_task_marker_parent to None, run_after=None
[2025-06-08T14:53:54.362+0000] {processor.py:208} INFO - Processing /home/airflow/.local/lib/python3.12/site-packages/airflow/example_dags/example_external_task_marker_dag.py took 0.083 seconds
[2025-06-08T14:54:24.912+0000] {processor.py:186} INFO - Started process (PID=277) to work on /home/airflow/.local/lib/python3.12/site-packages/airflow/example_dags/example_external_task_marker_dag.py
[2025-06-08T14:54:24.913+0000] {processor.py:914} INFO - Processing file /home/airflow/.local/lib/python3.12/site-packages/airflow/example_dags/example_external_task_marker_dag.py for tasks to queue
[2025-06-08T14:54:24.917+0000] {logging_mixin.py:190} INFO - [2025-06-08T14:54:24.916+0000] {dagbag.py:588} INFO - Filling up the DagBag from /home/airflow/.local/lib/python3.12/site-packages/airflow/example_dags/example_external_task_marker_dag.py
[2025-06-08T14:54:24.928+0000] {processor.py:925} INFO - DAG(s) 'example_external_task_marker_child', 'example_external_task_marker_parent' retrieved from /home/airflow/.local/lib/python3.12/site-packages/airflow/example_dags/example_external_task_marker_dag.py
[2025-06-08T14:54:24.947+0000] {logging_mixin.py:190} INFO - [2025-06-08T14:54:24.947+0000] {dag.py:3239} INFO - Sync 2 DAGs
[2025-06-08T14:54:24.963+0000] {logging_mixin.py:190} INFO - [2025-06-08T14:54:24.962+0000] {dag.py:4180} INFO - Setting next_dagrun for example_external_task_marker_child to None, run_after=None
[2025-06-08T14:54:24.966+0000] {logging_mixin.py:190} INFO - [2025-06-08T14:54:24.966+0000] {dag.py:4180} INFO - Setting next_dagrun for example_external_task_marker_parent to None, run_after=None
[2025-06-08T14:54:24.984+0000] {processor.py:208} INFO - Processing /home/airflow/.local/lib/python3.12/site-packages/airflow/example_dags/example_external_task_marker_dag.py took 0.077 seconds
[2025-06-08T14:54:55.247+0000] {processor.py:186} INFO - Started process (PID=340) to work on /home/airflow/.local/lib/python3.12/site-packages/airflow/example_dags/example_external_task_marker_dag.py
[2025-06-08T14:54:55.248+0000] {processor.py:914} INFO - Processing file /home/airflow/.local/lib/python3.12/site-packages/airflow/example_dags/example_external_task_marker_dag.py for tasks to queue
[2025-06-08T14:54:55.250+0000] {logging_mixin.py:190} INFO - [2025-06-08T14:54:55.250+0000] {dagbag.py:588} INFO - Filling up the DagBag from /home/airflow/.local/lib/python3.12/site-packages/airflow/example_dags/example_external_task_marker_dag.py
[2025-06-08T14:54:55.260+0000] {processor.py:925} INFO - DAG(s) 'example_external_task_marker_parent', 'example_external_task_marker_child' retrieved from /home/airflow/.local/lib/python3.12/site-packages/airflow/example_dags/example_external_task_marker_dag.py
[2025-06-08T14:54:55.283+0000] {logging_mixin.py:190} INFO - [2025-06-08T14:54:55.283+0000] {dag.py:3239} INFO - Sync 2 DAGs
[2025-06-08T14:54:55.300+0000] {logging_mixin.py:190} INFO - [2025-06-08T14:54:55.300+0000] {dag.py:4180} INFO - Setting next_dagrun for example_external_task_marker_child to None, run_after=None
[2025-06-08T14:54:55.305+0000] {logging_mixin.py:190} INFO - [2025-06-08T14:54:55.305+0000] {dag.py:4180} INFO - Setting next_dagrun for example_external_task_marker_parent to None, run_after=None
[2025-06-08T14:54:55.320+0000] {processor.py:208} INFO - Processing /home/airflow/.local/lib/python3.12/site-packages/airflow/example_dags/example_external_task_marker_dag.py took 0.078 seconds
[2025-06-08T14:55:27.728+0000] {processor.py:186} INFO - Started process (PID=403) to work on /home/airflow/.local/lib/python3.12/site-packages/airflow/example_dags/example_external_task_marker_dag.py
[2025-06-08T14:55:27.730+0000] {processor.py:914} INFO - Processing file /home/airflow/.local/lib/python3.12/site-packages/airflow/example_dags/example_external_task_marker_dag.py for tasks to queue
[2025-06-08T14:55:27.734+0000] {logging_mixin.py:190} INFO - [2025-06-08T14:55:27.733+0000] {dagbag.py:588} INFO - Filling up the DagBag from /home/airflow/.local/lib/python3.12/site-packages/airflow/example_dags/example_external_task_marker_dag.py
[2025-06-08T14:55:27.744+0000] {processor.py:925} INFO - DAG(s) 'example_external_task_marker_parent', 'example_external_task_marker_child' retrieved from /home/airflow/.local/lib/python3.12/site-packages/airflow/example_dags/example_external_task_marker_dag.py
[2025-06-08T14:55:27.774+0000] {logging_mixin.py:190} INFO - [2025-06-08T14:55:27.774+0000] {dag.py:3239} INFO - Sync 2 DAGs
[2025-06-08T14:55:27.793+0000] {logging_mixin.py:190} INFO - [2025-06-08T14:55:27.792+0000] {dag.py:4180} INFO - Setting next_dagrun for example_external_task_marker_child to None, run_after=None
[2025-06-08T14:55:27.797+0000] {logging_mixin.py:190} INFO - [2025-06-08T14:55:27.797+0000] {dag.py:4180} INFO - Setting next_dagrun for example_external_task_marker_parent to None, run_after=None
[2025-06-08T14:55:27.832+0000] {processor.py:208} INFO - Processing /home/airflow/.local/lib/python3.12/site-packages/airflow/example_dags/example_external_task_marker_dag.py took 0.112 seconds
[2025-06-08T14:55:57.986+0000] {processor.py:186} INFO - Started process (PID=466) to work on /home/airflow/.local/lib/python3.12/site-packages/airflow/example_dags/example_external_task_marker_dag.py
[2025-06-08T14:55:57.988+0000] {processor.py:914} INFO - Processing file /home/airflow/.local/lib/python3.12/site-packages/airflow/example_dags/example_external_task_marker_dag.py for tasks to queue
[2025-06-08T14:55:57.991+0000] {logging_mixin.py:190} INFO - [2025-06-08T14:55:57.990+0000] {dagbag.py:588} INFO - Filling up the DagBag from /home/airflow/.local/lib/python3.12/site-packages/airflow/example_dags/example_external_task_marker_dag.py
[2025-06-08T14:55:58.008+0000] {processor.py:925} INFO - DAG(s) 'example_external_task_marker_parent', 'example_external_task_marker_child' retrieved from /home/airflow/.local/lib/python3.12/site-packages/airflow/example_dags/example_external_task_marker_dag.py
[2025-06-08T14:55:58.045+0000] {logging_mixin.py:190} INFO - [2025-06-08T14:55:58.044+0000] {dag.py:3239} INFO - Sync 2 DAGs
[2025-06-08T14:55:58.068+0000] {logging_mixin.py:190} INFO - [2025-06-08T14:55:58.068+0000] {dag.py:4180} INFO - Setting next_dagrun for example_external_task_marker_child to None, run_after=None
[2025-06-08T14:55:58.074+0000] {logging_mixin.py:190} INFO - [2025-06-08T14:55:58.073+0000] {dag.py:4180} INFO - Setting next_dagrun for example_external_task_marker_parent to None, run_after=None
[2025-06-08T14:55:58.107+0000] {processor.py:208} INFO - Processing /home/airflow/.local/lib/python3.12/site-packages/airflow/example_dags/example_external_task_marker_dag.py took 0.131 seconds
