[2025-06-08T14:52:31.091+0000] {processor.py:186} INFO - Started process (PID=80) to work on /home/airflow/.local/lib/python3.12/site-packages/airflow/example_dags/example_complex.py
[2025-06-08T14:52:31.092+0000] {processor.py:914} INFO - Processing file /home/airflow/.local/lib/python3.12/site-packages/airflow/example_dags/example_complex.py for tasks to queue
[2025-06-08T14:52:31.095+0000] {logging_mixin.py:190} INFO - [2025-06-08T14:52:31.095+0000] {dagbag.py:588} INFO - Filling up the DagBag from /home/airflow/.local/lib/python3.12/site-packages/airflow/example_dags/example_complex.py
[2025-06-08T14:52:31.111+0000] {processor.py:925} INFO - DAG(s) 'example_complex' retrieved from /home/airflow/.local/lib/python3.12/site-packages/airflow/example_dags/example_complex.py
[2025-06-08T14:52:31.244+0000] {logging_mixin.py:190} INFO - [2025-06-08T14:52:31.243+0000] {override.py:1911} INFO - Created Permission View: can read on DAG:example_complex
[2025-06-08T14:52:31.255+0000] {logging_mixin.py:190} INFO - [2025-06-08T14:52:31.254+0000] {override.py:1911} INFO - Created Permission View: can delete on DAG:example_complex
[2025-06-08T14:52:31.262+0000] {logging_mixin.py:190} INFO - [2025-06-08T14:52:31.261+0000] {override.py:1911} INFO - Created Permission View: can edit on DAG:example_complex
[2025-06-08T14:52:31.272+0000] {logging_mixin.py:190} INFO - [2025-06-08T14:52:31.271+0000] {override.py:1911} INFO - Created Permission View: can create on DAG Run:example_complex
[2025-06-08T14:52:31.279+0000] {logging_mixin.py:190} INFO - [2025-06-08T14:52:31.278+0000] {override.py:1911} INFO - Created Permission View: menu access on DAG Run:example_complex
[2025-06-08T14:52:31.285+0000] {logging_mixin.py:190} INFO - [2025-06-08T14:52:31.285+0000] {override.py:1911} INFO - Created Permission View: can read on DAG Run:example_complex
[2025-06-08T14:52:31.291+0000] {logging_mixin.py:190} INFO - [2025-06-08T14:52:31.290+0000] {override.py:1911} INFO - Created Permission View: can delete on DAG Run:example_complex
[2025-06-08T14:52:31.291+0000] {logging_mixin.py:190} INFO - [2025-06-08T14:52:31.291+0000] {dag.py:3239} INFO - Sync 1 DAGs
[2025-06-08T14:52:31.301+0000] {logging_mixin.py:190} INFO - [2025-06-08T14:52:31.301+0000] {dag.py:3262} INFO - Creating ORM DAG for example_complex
[2025-06-08T14:52:31.302+0000] {logging_mixin.py:190} INFO - [2025-06-08T14:52:31.302+0000] {dag.py:4180} INFO - Setting next_dagrun for example_complex to None, run_after=None
[2025-06-08T14:52:31.318+0000] {processor.py:208} INFO - Processing /home/airflow/.local/lib/python3.12/site-packages/airflow/example_dags/example_complex.py took 0.235 seconds
[2025-06-08T14:52:49.135+0000] {processor.py:186} INFO - Started process (PID=60) to work on /home/airflow/.local/lib/python3.12/site-packages/airflow/example_dags/example_complex.py
[2025-06-08T14:52:49.136+0000] {processor.py:914} INFO - Processing file /home/airflow/.local/lib/python3.12/site-packages/airflow/example_dags/example_complex.py for tasks to queue
[2025-06-08T14:52:49.138+0000] {logging_mixin.py:190} INFO - [2025-06-08T14:52:49.137+0000] {dagbag.py:588} INFO - Filling up the DagBag from /home/airflow/.local/lib/python3.12/site-packages/airflow/example_dags/example_complex.py
[2025-06-08T14:52:49.148+0000] {processor.py:925} INFO - DAG(s) 'example_complex' retrieved from /home/airflow/.local/lib/python3.12/site-packages/airflow/example_dags/example_complex.py
[2025-06-08T14:52:49.157+0000] {logging_mixin.py:190} INFO - [2025-06-08T14:52:49.157+0000] {dag.py:3239} INFO - Sync 1 DAGs
[2025-06-08T14:52:49.170+0000] {logging_mixin.py:190} INFO - [2025-06-08T14:52:49.170+0000] {dag.py:4180} INFO - Setting next_dagrun for example_complex to None, run_after=None
[2025-06-08T14:52:49.184+0000] {processor.py:208} INFO - Processing /home/airflow/.local/lib/python3.12/site-packages/airflow/example_dags/example_complex.py took 0.055 seconds
[2025-06-08T14:53:20.421+0000] {processor.py:186} INFO - Started process (PID=129) to work on /home/airflow/.local/lib/python3.12/site-packages/airflow/example_dags/example_complex.py
[2025-06-08T14:53:20.423+0000] {processor.py:914} INFO - Processing file /home/airflow/.local/lib/python3.12/site-packages/airflow/example_dags/example_complex.py for tasks to queue
[2025-06-08T14:53:20.428+0000] {logging_mixin.py:190} INFO - [2025-06-08T14:53:20.427+0000] {dagbag.py:588} INFO - Filling up the DagBag from /home/airflow/.local/lib/python3.12/site-packages/airflow/example_dags/example_complex.py
[2025-06-08T14:53:20.447+0000] {processor.py:925} INFO - DAG(s) 'example_complex' retrieved from /home/airflow/.local/lib/python3.12/site-packages/airflow/example_dags/example_complex.py
[2025-06-08T14:53:20.496+0000] {logging_mixin.py:190} INFO - [2025-06-08T14:53:20.495+0000] {dag.py:3239} INFO - Sync 1 DAGs
[2025-06-08T14:53:20.519+0000] {logging_mixin.py:190} INFO - [2025-06-08T14:53:20.518+0000] {dag.py:4180} INFO - Setting next_dagrun for example_complex to None, run_after=None
[2025-06-08T14:53:20.556+0000] {processor.py:208} INFO - Processing /home/airflow/.local/lib/python3.12/site-packages/airflow/example_dags/example_complex.py took 0.144 seconds
[2025-06-08T14:53:51.446+0000] {processor.py:186} INFO - Started process (PID=192) to work on /home/airflow/.local/lib/python3.12/site-packages/airflow/example_dags/example_complex.py
[2025-06-08T14:53:51.447+0000] {processor.py:914} INFO - Processing file /home/airflow/.local/lib/python3.12/site-packages/airflow/example_dags/example_complex.py for tasks to queue
[2025-06-08T14:53:51.450+0000] {logging_mixin.py:190} INFO - [2025-06-08T14:53:51.449+0000] {dagbag.py:588} INFO - Filling up the DagBag from /home/airflow/.local/lib/python3.12/site-packages/airflow/example_dags/example_complex.py
[2025-06-08T14:53:51.462+0000] {processor.py:925} INFO - DAG(s) 'example_complex' retrieved from /home/airflow/.local/lib/python3.12/site-packages/airflow/example_dags/example_complex.py
[2025-06-08T14:53:51.502+0000] {logging_mixin.py:190} INFO - [2025-06-08T14:53:51.501+0000] {dag.py:3239} INFO - Sync 1 DAGs
[2025-06-08T14:53:51.518+0000] {logging_mixin.py:190} INFO - [2025-06-08T14:53:51.518+0000] {dag.py:4180} INFO - Setting next_dagrun for example_complex to None, run_after=None
[2025-06-08T14:53:51.547+0000] {processor.py:208} INFO - Processing /home/airflow/.local/lib/python3.12/site-packages/airflow/example_dags/example_complex.py took 0.106 seconds
[2025-06-08T14:54:22.479+0000] {processor.py:186} INFO - Started process (PID=255) to work on /home/airflow/.local/lib/python3.12/site-packages/airflow/example_dags/example_complex.py
[2025-06-08T14:54:22.480+0000] {processor.py:914} INFO - Processing file /home/airflow/.local/lib/python3.12/site-packages/airflow/example_dags/example_complex.py for tasks to queue
[2025-06-08T14:54:22.481+0000] {logging_mixin.py:190} INFO - [2025-06-08T14:54:22.481+0000] {dagbag.py:588} INFO - Filling up the DagBag from /home/airflow/.local/lib/python3.12/site-packages/airflow/example_dags/example_complex.py
[2025-06-08T14:54:22.490+0000] {processor.py:925} INFO - DAG(s) 'example_complex' retrieved from /home/airflow/.local/lib/python3.12/site-packages/airflow/example_dags/example_complex.py
[2025-06-08T14:54:22.516+0000] {logging_mixin.py:190} INFO - [2025-06-08T14:54:22.515+0000] {dag.py:3239} INFO - Sync 1 DAGs
[2025-06-08T14:54:22.529+0000] {logging_mixin.py:190} INFO - [2025-06-08T14:54:22.529+0000] {dag.py:4180} INFO - Setting next_dagrun for example_complex to None, run_after=None
[2025-06-08T14:54:22.546+0000] {processor.py:208} INFO - Processing /home/airflow/.local/lib/python3.12/site-packages/airflow/example_dags/example_complex.py took 0.071 seconds
[2025-06-08T14:54:52.890+0000] {processor.py:186} INFO - Started process (PID=317) to work on /home/airflow/.local/lib/python3.12/site-packages/airflow/example_dags/example_complex.py
[2025-06-08T14:54:52.891+0000] {processor.py:914} INFO - Processing file /home/airflow/.local/lib/python3.12/site-packages/airflow/example_dags/example_complex.py for tasks to queue
[2025-06-08T14:54:52.893+0000] {logging_mixin.py:190} INFO - [2025-06-08T14:54:52.893+0000] {dagbag.py:588} INFO - Filling up the DagBag from /home/airflow/.local/lib/python3.12/site-packages/airflow/example_dags/example_complex.py
[2025-06-08T14:54:52.904+0000] {processor.py:925} INFO - DAG(s) 'example_complex' retrieved from /home/airflow/.local/lib/python3.12/site-packages/airflow/example_dags/example_complex.py
[2025-06-08T14:54:52.931+0000] {logging_mixin.py:190} INFO - [2025-06-08T14:54:52.931+0000] {dag.py:3239} INFO - Sync 1 DAGs
[2025-06-08T14:54:52.946+0000] {logging_mixin.py:190} INFO - [2025-06-08T14:54:52.946+0000] {dag.py:4180} INFO - Setting next_dagrun for example_complex to None, run_after=None
[2025-06-08T14:54:52.970+0000] {processor.py:208} INFO - Processing /home/airflow/.local/lib/python3.12/site-packages/airflow/example_dags/example_complex.py took 0.086 seconds
[2025-06-08T14:55:23.333+0000] {processor.py:186} INFO - Started process (PID=380) to work on /home/airflow/.local/lib/python3.12/site-packages/airflow/example_dags/example_complex.py
[2025-06-08T14:55:23.335+0000] {processor.py:914} INFO - Processing file /home/airflow/.local/lib/python3.12/site-packages/airflow/example_dags/example_complex.py for tasks to queue
[2025-06-08T14:55:23.338+0000] {logging_mixin.py:190} INFO - [2025-06-08T14:55:23.337+0000] {dagbag.py:588} INFO - Filling up the DagBag from /home/airflow/.local/lib/python3.12/site-packages/airflow/example_dags/example_complex.py
[2025-06-08T14:55:23.366+0000] {processor.py:925} INFO - DAG(s) 'example_complex' retrieved from /home/airflow/.local/lib/python3.12/site-packages/airflow/example_dags/example_complex.py
[2025-06-08T14:55:23.434+0000] {logging_mixin.py:190} INFO - [2025-06-08T14:55:23.433+0000] {dag.py:3239} INFO - Sync 1 DAGs
[2025-06-08T14:55:23.467+0000] {logging_mixin.py:190} INFO - [2025-06-08T14:55:23.467+0000] {dag.py:4180} INFO - Setting next_dagrun for example_complex to None, run_after=None
[2025-06-08T14:55:23.496+0000] {processor.py:208} INFO - Processing /home/airflow/.local/lib/python3.12/site-packages/airflow/example_dags/example_complex.py took 0.170 seconds
[2025-06-08T14:55:53.588+0000] {processor.py:186} INFO - Started process (PID=443) to work on /home/airflow/.local/lib/python3.12/site-packages/airflow/example_dags/example_complex.py
[2025-06-08T14:55:53.589+0000] {processor.py:914} INFO - Processing file /home/airflow/.local/lib/python3.12/site-packages/airflow/example_dags/example_complex.py for tasks to queue
[2025-06-08T14:55:53.591+0000] {logging_mixin.py:190} INFO - [2025-06-08T14:55:53.591+0000] {dagbag.py:588} INFO - Filling up the DagBag from /home/airflow/.local/lib/python3.12/site-packages/airflow/example_dags/example_complex.py
[2025-06-08T14:55:53.602+0000] {processor.py:925} INFO - DAG(s) 'example_complex' retrieved from /home/airflow/.local/lib/python3.12/site-packages/airflow/example_dags/example_complex.py
[2025-06-08T14:55:53.628+0000] {logging_mixin.py:190} INFO - [2025-06-08T14:55:53.628+0000] {dag.py:3239} INFO - Sync 1 DAGs
[2025-06-08T14:55:53.643+0000] {logging_mixin.py:190} INFO - [2025-06-08T14:55:53.642+0000] {dag.py:4180} INFO - Setting next_dagrun for example_complex to None, run_after=None
[2025-06-08T14:55:53.662+0000] {processor.py:208} INFO - Processing /home/airflow/.local/lib/python3.12/site-packages/airflow/example_dags/example_complex.py took 0.078 seconds
