[2025-06-08T14:52:52.102+0000] {processor.py:186} INFO - Started process (PID=87) to work on /home/airflow/.local/lib/python3.12/site-packages/airflow/example_dags/example_bash_decorator.py
[2025-06-08T14:52:52.104+0000] {processor.py:914} INFO - Processing file /home/airflow/.local/lib/python3.12/site-packages/airflow/example_dags/example_bash_decorator.py for tasks to queue
[2025-06-08T14:52:52.107+0000] {logging_mixin.py:190} INFO - [2025-06-08T14:52:52.106+0000] {dagbag.py:588} INFO - Filling up the DagBag from /home/airflow/.local/lib/python3.12/site-packages/airflow/example_dags/example_bash_decorator.py
[2025-06-08T14:52:52.126+0000] {processor.py:925} INFO - DAG(s) 'example_bash_decorator' retrieved from /home/airflow/.local/lib/python3.12/site-packages/airflow/example_dags/example_bash_decorator.py
[2025-06-08T14:52:52.259+0000] {logging_mixin.py:190} INFO - [2025-06-08T14:52:52.259+0000] {override.py:1911} INFO - Created Permission View: can edit on DAG:example_bash_decorator
[2025-06-08T14:52:52.273+0000] {logging_mixin.py:190} INFO - [2025-06-08T14:52:52.272+0000] {override.py:1911} INFO - Created Permission View: can read on DAG:example_bash_decorator
[2025-06-08T14:52:52.283+0000] {logging_mixin.py:190} INFO - [2025-06-08T14:52:52.283+0000] {override.py:1911} INFO - Created Permission View: can delete on DAG:example_bash_decorator
[2025-06-08T14:52:52.295+0000] {logging_mixin.py:190} INFO - [2025-06-08T14:52:52.295+0000] {override.py:1911} INFO - Created Permission View: can read on DAG Run:example_bash_decorator
[2025-06-08T14:52:52.304+0000] {logging_mixin.py:190} INFO - [2025-06-08T14:52:52.303+0000] {override.py:1911} INFO - Created Permission View: can delete on DAG Run:example_bash_decorator
[2025-06-08T14:52:52.312+0000] {logging_mixin.py:190} INFO - [2025-06-08T14:52:52.311+0000] {override.py:1911} INFO - Created Permission View: can create on DAG Run:example_bash_decorator
[2025-06-08T14:52:52.320+0000] {logging_mixin.py:190} INFO - [2025-06-08T14:52:52.319+0000] {override.py:1911} INFO - Created Permission View: menu access on DAG Run:example_bash_decorator
[2025-06-08T14:52:52.320+0000] {logging_mixin.py:190} INFO - [2025-06-08T14:52:52.320+0000] {dag.py:3239} INFO - Sync 1 DAGs
[2025-06-08T14:52:52.333+0000] {logging_mixin.py:190} INFO - [2025-06-08T14:52:52.333+0000] {dag.py:3262} INFO - Creating ORM DAG for example_bash_decorator
[2025-06-08T14:52:52.334+0000] {logging_mixin.py:190} INFO - [2025-06-08T14:52:52.334+0000] {dag.py:4180} INFO - Setting next_dagrun for example_bash_decorator to None, run_after=None
[2025-06-08T14:52:52.350+0000] {processor.py:208} INFO - Processing /home/airflow/.local/lib/python3.12/site-packages/airflow/example_dags/example_bash_decorator.py took 0.255 seconds
[2025-06-08T14:53:23.060+0000] {processor.py:186} INFO - Started process (PID=150) to work on /home/airflow/.local/lib/python3.12/site-packages/airflow/example_dags/example_bash_decorator.py
[2025-06-08T14:53:23.061+0000] {processor.py:914} INFO - Processing file /home/airflow/.local/lib/python3.12/site-packages/airflow/example_dags/example_bash_decorator.py for tasks to queue
[2025-06-08T14:53:23.063+0000] {logging_mixin.py:190} INFO - [2025-06-08T14:53:23.063+0000] {dagbag.py:588} INFO - Filling up the DagBag from /home/airflow/.local/lib/python3.12/site-packages/airflow/example_dags/example_bash_decorator.py
[2025-06-08T14:53:23.075+0000] {processor.py:925} INFO - DAG(s) 'example_bash_decorator' retrieved from /home/airflow/.local/lib/python3.12/site-packages/airflow/example_dags/example_bash_decorator.py
[2025-06-08T14:53:23.095+0000] {logging_mixin.py:190} INFO - [2025-06-08T14:53:23.094+0000] {dag.py:3239} INFO - Sync 1 DAGs
[2025-06-08T14:53:23.106+0000] {logging_mixin.py:190} INFO - [2025-06-08T14:53:23.106+0000] {dag.py:4180} INFO - Setting next_dagrun for example_bash_decorator to None, run_after=None
[2025-06-08T14:53:23.122+0000] {processor.py:208} INFO - Processing /home/airflow/.local/lib/python3.12/site-packages/airflow/example_dags/example_bash_decorator.py took 0.067 seconds
[2025-06-08T14:53:54.190+0000] {processor.py:186} INFO - Started process (PID=213) to work on /home/airflow/.local/lib/python3.12/site-packages/airflow/example_dags/example_bash_decorator.py
[2025-06-08T14:53:54.192+0000] {processor.py:914} INFO - Processing file /home/airflow/.local/lib/python3.12/site-packages/airflow/example_dags/example_bash_decorator.py for tasks to queue
[2025-06-08T14:53:54.195+0000] {logging_mixin.py:190} INFO - [2025-06-08T14:53:54.194+0000] {dagbag.py:588} INFO - Filling up the DagBag from /home/airflow/.local/lib/python3.12/site-packages/airflow/example_dags/example_bash_decorator.py
[2025-06-08T14:53:54.213+0000] {processor.py:925} INFO - DAG(s) 'example_bash_decorator' retrieved from /home/airflow/.local/lib/python3.12/site-packages/airflow/example_dags/example_bash_decorator.py
[2025-06-08T14:53:54.237+0000] {logging_mixin.py:190} INFO - [2025-06-08T14:53:54.237+0000] {dag.py:3239} INFO - Sync 1 DAGs
[2025-06-08T14:53:54.251+0000] {logging_mixin.py:190} INFO - [2025-06-08T14:53:54.251+0000] {dag.py:4180} INFO - Setting next_dagrun for example_bash_decorator to None, run_after=None
[2025-06-08T14:53:54.273+0000] {processor.py:208} INFO - Processing /home/airflow/.local/lib/python3.12/site-packages/airflow/example_dags/example_bash_decorator.py took 0.089 seconds
[2025-06-08T14:54:24.820+0000] {processor.py:186} INFO - Started process (PID=276) to work on /home/airflow/.local/lib/python3.12/site-packages/airflow/example_dags/example_bash_decorator.py
[2025-06-08T14:54:24.822+0000] {processor.py:914} INFO - Processing file /home/airflow/.local/lib/python3.12/site-packages/airflow/example_dags/example_bash_decorator.py for tasks to queue
[2025-06-08T14:54:24.824+0000] {logging_mixin.py:190} INFO - [2025-06-08T14:54:24.824+0000] {dagbag.py:588} INFO - Filling up the DagBag from /home/airflow/.local/lib/python3.12/site-packages/airflow/example_dags/example_bash_decorator.py
[2025-06-08T14:54:24.838+0000] {processor.py:925} INFO - DAG(s) 'example_bash_decorator' retrieved from /home/airflow/.local/lib/python3.12/site-packages/airflow/example_dags/example_bash_decorator.py
[2025-06-08T14:54:24.864+0000] {logging_mixin.py:190} INFO - [2025-06-08T14:54:24.863+0000] {dag.py:3239} INFO - Sync 1 DAGs
[2025-06-08T14:54:24.878+0000] {logging_mixin.py:190} INFO - [2025-06-08T14:54:24.877+0000] {dag.py:4180} INFO - Setting next_dagrun for example_bash_decorator to None, run_after=None
[2025-06-08T14:54:24.899+0000] {processor.py:208} INFO - Processing /home/airflow/.local/lib/python3.12/site-packages/airflow/example_dags/example_bash_decorator.py took 0.083 seconds
[2025-06-08T14:54:55.189+0000] {processor.py:186} INFO - Started process (PID=339) to work on /home/airflow/.local/lib/python3.12/site-packages/airflow/example_dags/example_bash_decorator.py
[2025-06-08T14:54:55.190+0000] {processor.py:914} INFO - Processing file /home/airflow/.local/lib/python3.12/site-packages/airflow/example_dags/example_bash_decorator.py for tasks to queue
[2025-06-08T14:54:55.193+0000] {logging_mixin.py:190} INFO - [2025-06-08T14:54:55.193+0000] {dagbag.py:588} INFO - Filling up the DagBag from /home/airflow/.local/lib/python3.12/site-packages/airflow/example_dags/example_bash_decorator.py
[2025-06-08T14:54:55.209+0000] {processor.py:925} INFO - DAG(s) 'example_bash_decorator' retrieved from /home/airflow/.local/lib/python3.12/site-packages/airflow/example_dags/example_bash_decorator.py
[2025-06-08T14:54:55.235+0000] {logging_mixin.py:190} INFO - [2025-06-08T14:54:55.234+0000] {dag.py:3239} INFO - Sync 1 DAGs
[2025-06-08T14:54:55.250+0000] {logging_mixin.py:190} INFO - [2025-06-08T14:54:55.250+0000] {dag.py:4180} INFO - Setting next_dagrun for example_bash_decorator to None, run_after=None
[2025-06-08T14:54:55.270+0000] {processor.py:208} INFO - Processing /home/airflow/.local/lib/python3.12/site-packages/airflow/example_dags/example_bash_decorator.py took 0.086 seconds
[2025-06-08T14:55:27.688+0000] {processor.py:186} INFO - Started process (PID=402) to work on /home/airflow/.local/lib/python3.12/site-packages/airflow/example_dags/example_bash_decorator.py
[2025-06-08T14:55:27.689+0000] {processor.py:914} INFO - Processing file /home/airflow/.local/lib/python3.12/site-packages/airflow/example_dags/example_bash_decorator.py for tasks to queue
[2025-06-08T14:55:27.692+0000] {logging_mixin.py:190} INFO - [2025-06-08T14:55:27.692+0000] {dagbag.py:588} INFO - Filling up the DagBag from /home/airflow/.local/lib/python3.12/site-packages/airflow/example_dags/example_bash_decorator.py
[2025-06-08T14:55:27.715+0000] {processor.py:925} INFO - DAG(s) 'example_bash_decorator' retrieved from /home/airflow/.local/lib/python3.12/site-packages/airflow/example_dags/example_bash_decorator.py
[2025-06-08T14:55:27.749+0000] {logging_mixin.py:190} INFO - [2025-06-08T14:55:27.749+0000] {dag.py:3239} INFO - Sync 1 DAGs
[2025-06-08T14:55:27.768+0000] {logging_mixin.py:190} INFO - [2025-06-08T14:55:27.768+0000] {dag.py:4180} INFO - Setting next_dagrun for example_bash_decorator to None, run_after=None
[2025-06-08T14:55:27.804+0000] {processor.py:208} INFO - Processing /home/airflow/.local/lib/python3.12/site-packages/airflow/example_dags/example_bash_decorator.py took 0.125 seconds
[2025-06-08T14:55:57.896+0000] {processor.py:186} INFO - Started process (PID=465) to work on /home/airflow/.local/lib/python3.12/site-packages/airflow/example_dags/example_bash_decorator.py
[2025-06-08T14:55:57.898+0000] {processor.py:914} INFO - Processing file /home/airflow/.local/lib/python3.12/site-packages/airflow/example_dags/example_bash_decorator.py for tasks to queue
[2025-06-08T14:55:57.904+0000] {logging_mixin.py:190} INFO - [2025-06-08T14:55:57.903+0000] {dagbag.py:588} INFO - Filling up the DagBag from /home/airflow/.local/lib/python3.12/site-packages/airflow/example_dags/example_bash_decorator.py
[2025-06-08T14:55:57.926+0000] {processor.py:925} INFO - DAG(s) 'example_bash_decorator' retrieved from /home/airflow/.local/lib/python3.12/site-packages/airflow/example_dags/example_bash_decorator.py
[2025-06-08T14:55:57.959+0000] {logging_mixin.py:190} INFO - [2025-06-08T14:55:57.959+0000] {dag.py:3239} INFO - Sync 1 DAGs
[2025-06-08T14:55:57.977+0000] {logging_mixin.py:190} INFO - [2025-06-08T14:55:57.977+0000] {dag.py:4180} INFO - Setting next_dagrun for example_bash_decorator to None, run_after=None
[2025-06-08T14:55:58.010+0000] {processor.py:208} INFO - Processing /home/airflow/.local/lib/python3.12/site-packages/airflow/example_dags/example_bash_decorator.py took 0.128 seconds
