[2025-06-08T14:52:31.851+0000] {processor.py:186} INFO - Started process (PID=94) to work on /home/airflow/.local/lib/python3.12/site-packages/airflow/example_dags/example_dataset_alias_with_no_taskflow.py
[2025-06-08T14:52:31.853+0000] {processor.py:914} INFO - Processing file /home/airflow/.local/lib/python3.12/site-packages/airflow/example_dags/example_dataset_alias_with_no_taskflow.py for tasks to queue
[2025-06-08T14:52:31.856+0000] {logging_mixin.py:190} INFO - [2025-06-08T14:52:31.855+0000] {dagbag.py:588} INFO - Filling up the DagBag from /home/airflow/.local/lib/python3.12/site-packages/airflow/example_dags/example_dataset_alias_with_no_taskflow.py
[2025-06-08T14:52:32.901+0000] {logging_mixin.py:190} INFO - [2025-06-08T14:52:32.900+0000] {process_utils.py:266} INFO - Waiting up to 5 seconds for processes to exit...
[2025-06-08T14:52:49.387+0000] {processor.py:186} INFO - Started process (PID=67) to work on /home/airflow/.local/lib/python3.12/site-packages/airflow/example_dags/example_dataset_alias_with_no_taskflow.py
[2025-06-08T14:52:49.388+0000] {processor.py:914} INFO - Processing file /home/airflow/.local/lib/python3.12/site-packages/airflow/example_dags/example_dataset_alias_with_no_taskflow.py for tasks to queue
[2025-06-08T14:52:49.390+0000] {logging_mixin.py:190} INFO - [2025-06-08T14:52:49.390+0000] {dagbag.py:588} INFO - Filling up the DagBag from /home/airflow/.local/lib/python3.12/site-packages/airflow/example_dags/example_dataset_alias_with_no_taskflow.py
[2025-06-08T14:52:49.934+0000] {processor.py:925} INFO - DAG(s) 'dataset_alias_example_alias_producer_with_no_taskflow', 'dataset_alias_example_alias_consumer_with_no_taskflow', 'dataset_s3_bucket_producer_with_no_taskflow', 'dataset_s3_bucket_consumer_with_no_taskflow' retrieved from /home/airflow/.local/lib/python3.12/site-packages/airflow/example_dags/example_dataset_alias_with_no_taskflow.py
[2025-06-08T14:52:50.048+0000] {logging_mixin.py:190} INFO - [2025-06-08T14:52:50.047+0000] {override.py:1911} INFO - Created Permission View: can edit on DAG:dataset_alias_example_alias_producer_with_no_taskflow
[2025-06-08T14:52:50.070+0000] {logging_mixin.py:190} INFO - [2025-06-08T14:52:50.069+0000] {override.py:1911} INFO - Created Permission View: can read on DAG:dataset_alias_example_alias_producer_with_no_taskflow
[2025-06-08T14:52:50.080+0000] {logging_mixin.py:190} INFO - [2025-06-08T14:52:50.079+0000] {override.py:1911} INFO - Created Permission View: can delete on DAG:dataset_alias_example_alias_producer_with_no_taskflow
[2025-06-08T14:52:50.090+0000] {logging_mixin.py:190} INFO - [2025-06-08T14:52:50.089+0000] {override.py:1911} INFO - Created Permission View: can read on DAG Run:dataset_alias_example_alias_producer_with_no_taskflow
[2025-06-08T14:52:50.097+0000] {logging_mixin.py:190} INFO - [2025-06-08T14:52:50.097+0000] {override.py:1911} INFO - Created Permission View: can delete on DAG Run:dataset_alias_example_alias_producer_with_no_taskflow
[2025-06-08T14:52:50.104+0000] {logging_mixin.py:190} INFO - [2025-06-08T14:52:50.104+0000] {override.py:1911} INFO - Created Permission View: can create on DAG Run:dataset_alias_example_alias_producer_with_no_taskflow
[2025-06-08T14:52:50.111+0000] {logging_mixin.py:190} INFO - [2025-06-08T14:52:50.111+0000] {override.py:1911} INFO - Created Permission View: menu access on DAG Run:dataset_alias_example_alias_producer_with_no_taskflow
[2025-06-08T14:52:50.124+0000] {logging_mixin.py:190} INFO - [2025-06-08T14:52:50.124+0000] {override.py:1911} INFO - Created Permission View: can edit on DAG:dataset_alias_example_alias_consumer_with_no_taskflow
[2025-06-08T14:52:50.131+0000] {logging_mixin.py:190} INFO - [2025-06-08T14:52:50.131+0000] {override.py:1911} INFO - Created Permission View: can read on DAG:dataset_alias_example_alias_consumer_with_no_taskflow
[2025-06-08T14:52:50.138+0000] {logging_mixin.py:190} INFO - [2025-06-08T14:52:50.137+0000] {override.py:1911} INFO - Created Permission View: can delete on DAG:dataset_alias_example_alias_consumer_with_no_taskflow
[2025-06-08T14:52:50.147+0000] {logging_mixin.py:190} INFO - [2025-06-08T14:52:50.147+0000] {override.py:1911} INFO - Created Permission View: can read on DAG Run:dataset_alias_example_alias_consumer_with_no_taskflow
[2025-06-08T14:52:50.156+0000] {logging_mixin.py:190} INFO - [2025-06-08T14:52:50.155+0000] {override.py:1911} INFO - Created Permission View: can delete on DAG Run:dataset_alias_example_alias_consumer_with_no_taskflow
[2025-06-08T14:52:50.167+0000] {logging_mixin.py:190} INFO - [2025-06-08T14:52:50.167+0000] {override.py:1911} INFO - Created Permission View: can create on DAG Run:dataset_alias_example_alias_consumer_with_no_taskflow
[2025-06-08T14:52:50.177+0000] {logging_mixin.py:190} INFO - [2025-06-08T14:52:50.176+0000] {override.py:1911} INFO - Created Permission View: menu access on DAG Run:dataset_alias_example_alias_consumer_with_no_taskflow
[2025-06-08T14:52:50.191+0000] {logging_mixin.py:190} INFO - [2025-06-08T14:52:50.191+0000] {override.py:1911} INFO - Created Permission View: can edit on DAG:dataset_s3_bucket_producer_with_no_taskflow
[2025-06-08T14:52:50.202+0000] {logging_mixin.py:190} INFO - [2025-06-08T14:52:50.202+0000] {override.py:1911} INFO - Created Permission View: can read on DAG:dataset_s3_bucket_producer_with_no_taskflow
[2025-06-08T14:52:50.212+0000] {logging_mixin.py:190} INFO - [2025-06-08T14:52:50.212+0000] {override.py:1911} INFO - Created Permission View: can delete on DAG:dataset_s3_bucket_producer_with_no_taskflow
[2025-06-08T14:52:50.222+0000] {logging_mixin.py:190} INFO - [2025-06-08T14:52:50.222+0000] {override.py:1911} INFO - Created Permission View: can read on DAG Run:dataset_s3_bucket_producer_with_no_taskflow
[2025-06-08T14:52:50.233+0000] {logging_mixin.py:190} INFO - [2025-06-08T14:52:50.233+0000] {override.py:1911} INFO - Created Permission View: can delete on DAG Run:dataset_s3_bucket_producer_with_no_taskflow
[2025-06-08T14:52:50.244+0000] {logging_mixin.py:190} INFO - [2025-06-08T14:52:50.243+0000] {override.py:1911} INFO - Created Permission View: can create on DAG Run:dataset_s3_bucket_producer_with_no_taskflow
[2025-06-08T14:52:50.255+0000] {logging_mixin.py:190} INFO - [2025-06-08T14:52:50.255+0000] {override.py:1911} INFO - Created Permission View: menu access on DAG Run:dataset_s3_bucket_producer_with_no_taskflow
[2025-06-08T14:52:50.276+0000] {logging_mixin.py:190} INFO - [2025-06-08T14:52:50.276+0000] {override.py:1911} INFO - Created Permission View: can edit on DAG:dataset_s3_bucket_consumer_with_no_taskflow
[2025-06-08T14:52:50.288+0000] {logging_mixin.py:190} INFO - [2025-06-08T14:52:50.287+0000] {override.py:1911} INFO - Created Permission View: can read on DAG:dataset_s3_bucket_consumer_with_no_taskflow
[2025-06-08T14:52:50.300+0000] {logging_mixin.py:190} INFO - [2025-06-08T14:52:50.300+0000] {override.py:1911} INFO - Created Permission View: can delete on DAG:dataset_s3_bucket_consumer_with_no_taskflow
[2025-06-08T14:52:50.312+0000] {logging_mixin.py:190} INFO - [2025-06-08T14:52:50.311+0000] {override.py:1911} INFO - Created Permission View: can read on DAG Run:dataset_s3_bucket_consumer_with_no_taskflow
[2025-06-08T14:52:50.323+0000] {logging_mixin.py:190} INFO - [2025-06-08T14:52:50.322+0000] {override.py:1911} INFO - Created Permission View: can delete on DAG Run:dataset_s3_bucket_consumer_with_no_taskflow
[2025-06-08T14:52:50.333+0000] {logging_mixin.py:190} INFO - [2025-06-08T14:52:50.333+0000] {override.py:1911} INFO - Created Permission View: can create on DAG Run:dataset_s3_bucket_consumer_with_no_taskflow
[2025-06-08T14:52:50.343+0000] {logging_mixin.py:190} INFO - [2025-06-08T14:52:50.342+0000] {override.py:1911} INFO - Created Permission View: menu access on DAG Run:dataset_s3_bucket_consumer_with_no_taskflow
[2025-06-08T14:52:50.344+0000] {logging_mixin.py:190} INFO - [2025-06-08T14:52:50.343+0000] {dag.py:3239} INFO - Sync 4 DAGs
[2025-06-08T14:52:50.357+0000] {logging_mixin.py:190} INFO - [2025-06-08T14:52:50.356+0000] {dag.py:3262} INFO - Creating ORM DAG for dataset_alias_example_alias_consumer_with_no_taskflow
[2025-06-08T14:52:50.358+0000] {logging_mixin.py:190} INFO - [2025-06-08T14:52:50.358+0000] {dag.py:3262} INFO - Creating ORM DAG for dataset_s3_bucket_producer_with_no_taskflow
[2025-06-08T14:52:50.360+0000] {logging_mixin.py:190} INFO - [2025-06-08T14:52:50.360+0000] {dag.py:3262} INFO - Creating ORM DAG for dataset_alias_example_alias_producer_with_no_taskflow
[2025-06-08T14:52:50.361+0000] {logging_mixin.py:190} INFO - [2025-06-08T14:52:50.361+0000] {dag.py:3262} INFO - Creating ORM DAG for dataset_s3_bucket_consumer_with_no_taskflow
[2025-06-08T14:52:50.373+0000] {logging_mixin.py:190} INFO - [2025-06-08T14:52:50.373+0000] {dag.py:4180} INFO - Setting next_dagrun for dataset_alias_example_alias_consumer_with_no_taskflow to None, run_after=None
[2025-06-08T14:52:50.374+0000] {logging_mixin.py:190} INFO - [2025-06-08T14:52:50.374+0000] {dag.py:4180} INFO - Setting next_dagrun for dataset_alias_example_alias_producer_with_no_taskflow to None, run_after=None
[2025-06-08T14:52:50.375+0000] {logging_mixin.py:190} INFO - [2025-06-08T14:52:50.375+0000] {dag.py:4180} INFO - Setting next_dagrun for dataset_s3_bucket_consumer_with_no_taskflow to None, run_after=None
[2025-06-08T14:52:50.376+0000] {logging_mixin.py:190} INFO - [2025-06-08T14:52:50.375+0000] {dag.py:4180} INFO - Setting next_dagrun for dataset_s3_bucket_producer_with_no_taskflow to None, run_after=None
[2025-06-08T14:52:50.404+0000] {processor.py:208} INFO - Processing /home/airflow/.local/lib/python3.12/site-packages/airflow/example_dags/example_dataset_alias_with_no_taskflow.py took 1.023 seconds
[2025-06-08T14:53:21.201+0000] {processor.py:186} INFO - Started process (PID=136) to work on /home/airflow/.local/lib/python3.12/site-packages/airflow/example_dags/example_dataset_alias_with_no_taskflow.py
[2025-06-08T14:53:21.203+0000] {processor.py:914} INFO - Processing file /home/airflow/.local/lib/python3.12/site-packages/airflow/example_dags/example_dataset_alias_with_no_taskflow.py for tasks to queue
[2025-06-08T14:53:21.205+0000] {logging_mixin.py:190} INFO - [2025-06-08T14:53:21.205+0000] {dagbag.py:588} INFO - Filling up the DagBag from /home/airflow/.local/lib/python3.12/site-packages/airflow/example_dags/example_dataset_alias_with_no_taskflow.py
[2025-06-08T14:53:21.905+0000] {processor.py:925} INFO - DAG(s) 'dataset_alias_example_alias_consumer_with_no_taskflow', 'dataset_s3_bucket_consumer_with_no_taskflow', 'dataset_s3_bucket_producer_with_no_taskflow', 'dataset_alias_example_alias_producer_with_no_taskflow' retrieved from /home/airflow/.local/lib/python3.12/site-packages/airflow/example_dags/example_dataset_alias_with_no_taskflow.py
[2025-06-08T14:53:21.943+0000] {logging_mixin.py:190} INFO - [2025-06-08T14:53:21.942+0000] {dag.py:3239} INFO - Sync 4 DAGs
[2025-06-08T14:53:21.971+0000] {logging_mixin.py:190} INFO - [2025-06-08T14:53:21.971+0000] {dag.py:4180} INFO - Setting next_dagrun for dataset_alias_example_alias_consumer_with_no_taskflow to None, run_after=None
[2025-06-08T14:53:21.974+0000] {logging_mixin.py:190} INFO - [2025-06-08T14:53:21.974+0000] {dag.py:4180} INFO - Setting next_dagrun for dataset_alias_example_alias_producer_with_no_taskflow to None, run_after=None
[2025-06-08T14:53:21.977+0000] {logging_mixin.py:190} INFO - [2025-06-08T14:53:21.976+0000] {dag.py:4180} INFO - Setting next_dagrun for dataset_s3_bucket_consumer_with_no_taskflow to None, run_after=None
[2025-06-08T14:53:21.979+0000] {logging_mixin.py:190} INFO - [2025-06-08T14:53:21.979+0000] {dag.py:4180} INFO - Setting next_dagrun for dataset_s3_bucket_producer_with_no_taskflow to None, run_after=None
[2025-06-08T14:53:22.014+0000] {processor.py:208} INFO - Processing /home/airflow/.local/lib/python3.12/site-packages/airflow/example_dags/example_dataset_alias_with_no_taskflow.py took 0.819 seconds
[2025-06-08T14:53:52.318+0000] {processor.py:186} INFO - Started process (PID=199) to work on /home/airflow/.local/lib/python3.12/site-packages/airflow/example_dags/example_dataset_alias_with_no_taskflow.py
[2025-06-08T14:53:52.320+0000] {processor.py:914} INFO - Processing file /home/airflow/.local/lib/python3.12/site-packages/airflow/example_dags/example_dataset_alias_with_no_taskflow.py for tasks to queue
[2025-06-08T14:53:52.322+0000] {logging_mixin.py:190} INFO - [2025-06-08T14:53:52.322+0000] {dagbag.py:588} INFO - Filling up the DagBag from /home/airflow/.local/lib/python3.12/site-packages/airflow/example_dags/example_dataset_alias_with_no_taskflow.py
[2025-06-08T14:53:53.104+0000] {processor.py:925} INFO - DAG(s) 'dataset_alias_example_alias_consumer_with_no_taskflow', 'dataset_s3_bucket_consumer_with_no_taskflow', 'dataset_s3_bucket_producer_with_no_taskflow', 'dataset_alias_example_alias_producer_with_no_taskflow' retrieved from /home/airflow/.local/lib/python3.12/site-packages/airflow/example_dags/example_dataset_alias_with_no_taskflow.py
[2025-06-08T14:53:53.132+0000] {logging_mixin.py:190} INFO - [2025-06-08T14:53:53.131+0000] {dag.py:3239} INFO - Sync 4 DAGs
[2025-06-08T14:53:53.160+0000] {logging_mixin.py:190} INFO - [2025-06-08T14:53:53.160+0000] {dag.py:4180} INFO - Setting next_dagrun for dataset_alias_example_alias_consumer_with_no_taskflow to None, run_after=None
[2025-06-08T14:53:53.163+0000] {logging_mixin.py:190} INFO - [2025-06-08T14:53:53.163+0000] {dag.py:4180} INFO - Setting next_dagrun for dataset_alias_example_alias_producer_with_no_taskflow to None, run_after=None
[2025-06-08T14:53:53.165+0000] {logging_mixin.py:190} INFO - [2025-06-08T14:53:53.165+0000] {dag.py:4180} INFO - Setting next_dagrun for dataset_s3_bucket_consumer_with_no_taskflow to None, run_after=None
[2025-06-08T14:53:53.168+0000] {logging_mixin.py:190} INFO - [2025-06-08T14:53:53.167+0000] {dag.py:4180} INFO - Setting next_dagrun for dataset_s3_bucket_producer_with_no_taskflow to None, run_after=None
[2025-06-08T14:53:53.192+0000] {processor.py:208} INFO - Processing /home/airflow/.local/lib/python3.12/site-packages/airflow/example_dags/example_dataset_alias_with_no_taskflow.py took 0.879 seconds
[2025-06-08T14:54:23.338+0000] {processor.py:186} INFO - Started process (PID=267) to work on /home/airflow/.local/lib/python3.12/site-packages/airflow/example_dags/example_dataset_alias_with_no_taskflow.py
[2025-06-08T14:54:23.339+0000] {processor.py:914} INFO - Processing file /home/airflow/.local/lib/python3.12/site-packages/airflow/example_dags/example_dataset_alias_with_no_taskflow.py for tasks to queue
[2025-06-08T14:54:23.341+0000] {logging_mixin.py:190} INFO - [2025-06-08T14:54:23.341+0000] {dagbag.py:588} INFO - Filling up the DagBag from /home/airflow/.local/lib/python3.12/site-packages/airflow/example_dags/example_dataset_alias_with_no_taskflow.py
[2025-06-08T14:54:23.840+0000] {processor.py:925} INFO - DAG(s) 'dataset_alias_example_alias_producer_with_no_taskflow', 'dataset_s3_bucket_consumer_with_no_taskflow', 'dataset_alias_example_alias_consumer_with_no_taskflow', 'dataset_s3_bucket_producer_with_no_taskflow' retrieved from /home/airflow/.local/lib/python3.12/site-packages/airflow/example_dags/example_dataset_alias_with_no_taskflow.py
[2025-06-08T14:54:23.865+0000] {logging_mixin.py:190} INFO - [2025-06-08T14:54:23.864+0000] {dag.py:3239} INFO - Sync 4 DAGs
[2025-06-08T14:54:23.885+0000] {logging_mixin.py:190} INFO - [2025-06-08T14:54:23.885+0000] {dag.py:4180} INFO - Setting next_dagrun for dataset_alias_example_alias_consumer_with_no_taskflow to None, run_after=None
[2025-06-08T14:54:23.889+0000] {logging_mixin.py:190} INFO - [2025-06-08T14:54:23.889+0000] {dag.py:4180} INFO - Setting next_dagrun for dataset_alias_example_alias_producer_with_no_taskflow to None, run_after=None
[2025-06-08T14:54:23.892+0000] {logging_mixin.py:190} INFO - [2025-06-08T14:54:23.891+0000] {dag.py:4180} INFO - Setting next_dagrun for dataset_s3_bucket_consumer_with_no_taskflow to None, run_after=None
[2025-06-08T14:54:23.893+0000] {logging_mixin.py:190} INFO - [2025-06-08T14:54:23.893+0000] {dag.py:4180} INFO - Setting next_dagrun for dataset_s3_bucket_producer_with_no_taskflow to None, run_after=None
[2025-06-08T14:54:23.916+0000] {processor.py:208} INFO - Processing /home/airflow/.local/lib/python3.12/site-packages/airflow/example_dags/example_dataset_alias_with_no_taskflow.py took 0.584 seconds
[2025-06-08T14:54:54.012+0000] {processor.py:186} INFO - Started process (PID=331) to work on /home/airflow/.local/lib/python3.12/site-packages/airflow/example_dags/example_dataset_alias_with_no_taskflow.py
[2025-06-08T14:54:54.013+0000] {processor.py:914} INFO - Processing file /home/airflow/.local/lib/python3.12/site-packages/airflow/example_dags/example_dataset_alias_with_no_taskflow.py for tasks to queue
[2025-06-08T14:54:54.015+0000] {logging_mixin.py:190} INFO - [2025-06-08T14:54:54.015+0000] {dagbag.py:588} INFO - Filling up the DagBag from /home/airflow/.local/lib/python3.12/site-packages/airflow/example_dags/example_dataset_alias_with_no_taskflow.py
[2025-06-08T14:54:54.522+0000] {processor.py:925} INFO - DAG(s) 'dataset_alias_example_alias_consumer_with_no_taskflow', 'dataset_s3_bucket_consumer_with_no_taskflow', 'dataset_alias_example_alias_producer_with_no_taskflow', 'dataset_s3_bucket_producer_with_no_taskflow' retrieved from /home/airflow/.local/lib/python3.12/site-packages/airflow/example_dags/example_dataset_alias_with_no_taskflow.py
[2025-06-08T14:54:54.542+0000] {logging_mixin.py:190} INFO - [2025-06-08T14:54:54.541+0000] {dag.py:3239} INFO - Sync 4 DAGs
[2025-06-08T14:54:54.559+0000] {logging_mixin.py:190} INFO - [2025-06-08T14:54:54.558+0000] {dag.py:4180} INFO - Setting next_dagrun for dataset_alias_example_alias_consumer_with_no_taskflow to None, run_after=None
[2025-06-08T14:54:54.561+0000] {logging_mixin.py:190} INFO - [2025-06-08T14:54:54.561+0000] {dag.py:4180} INFO - Setting next_dagrun for dataset_alias_example_alias_producer_with_no_taskflow to None, run_after=None
[2025-06-08T14:54:54.563+0000] {logging_mixin.py:190} INFO - [2025-06-08T14:54:54.563+0000] {dag.py:4180} INFO - Setting next_dagrun for dataset_s3_bucket_consumer_with_no_taskflow to None, run_after=None
[2025-06-08T14:54:54.564+0000] {logging_mixin.py:190} INFO - [2025-06-08T14:54:54.564+0000] {dag.py:4180} INFO - Setting next_dagrun for dataset_s3_bucket_producer_with_no_taskflow to None, run_after=None
[2025-06-08T14:54:54.588+0000] {processor.py:208} INFO - Processing /home/airflow/.local/lib/python3.12/site-packages/airflow/example_dags/example_dataset_alias_with_no_taskflow.py took 0.581 seconds
[2025-06-08T14:55:25.297+0000] {processor.py:186} INFO - Started process (PID=391) to work on /home/airflow/.local/lib/python3.12/site-packages/airflow/example_dags/example_dataset_alias_with_no_taskflow.py
[2025-06-08T14:55:25.298+0000] {processor.py:914} INFO - Processing file /home/airflow/.local/lib/python3.12/site-packages/airflow/example_dags/example_dataset_alias_with_no_taskflow.py for tasks to queue
[2025-06-08T14:55:25.302+0000] {logging_mixin.py:190} INFO - [2025-06-08T14:55:25.302+0000] {dagbag.py:588} INFO - Filling up the DagBag from /home/airflow/.local/lib/python3.12/site-packages/airflow/example_dags/example_dataset_alias_with_no_taskflow.py
[2025-06-08T14:55:26.448+0000] {processor.py:925} INFO - DAG(s) 'dataset_s3_bucket_producer_with_no_taskflow', 'dataset_s3_bucket_consumer_with_no_taskflow', 'dataset_alias_example_alias_producer_with_no_taskflow', 'dataset_alias_example_alias_consumer_with_no_taskflow' retrieved from /home/airflow/.local/lib/python3.12/site-packages/airflow/example_dags/example_dataset_alias_with_no_taskflow.py
[2025-06-08T14:55:26.482+0000] {logging_mixin.py:190} INFO - [2025-06-08T14:55:26.481+0000] {dag.py:3239} INFO - Sync 4 DAGs
[2025-06-08T14:55:26.522+0000] {logging_mixin.py:190} INFO - [2025-06-08T14:55:26.522+0000] {dag.py:4180} INFO - Setting next_dagrun for dataset_alias_example_alias_consumer_with_no_taskflow to None, run_after=None
[2025-06-08T14:55:26.525+0000] {logging_mixin.py:190} INFO - [2025-06-08T14:55:26.525+0000] {dag.py:4180} INFO - Setting next_dagrun for dataset_alias_example_alias_producer_with_no_taskflow to None, run_after=None
[2025-06-08T14:55:26.529+0000] {logging_mixin.py:190} INFO - [2025-06-08T14:55:26.528+0000] {dag.py:4180} INFO - Setting next_dagrun for dataset_s3_bucket_consumer_with_no_taskflow to None, run_after=None
[2025-06-08T14:55:26.531+0000] {logging_mixin.py:190} INFO - [2025-06-08T14:55:26.531+0000] {dag.py:4180} INFO - Setting next_dagrun for dataset_s3_bucket_producer_with_no_taskflow to None, run_after=None
[2025-06-08T14:55:26.574+0000] {processor.py:208} INFO - Processing /home/airflow/.local/lib/python3.12/site-packages/airflow/example_dags/example_dataset_alias_with_no_taskflow.py took 1.285 seconds
[2025-06-08T14:55:56.666+0000] {processor.py:186} INFO - Started process (PID=454) to work on /home/airflow/.local/lib/python3.12/site-packages/airflow/example_dags/example_dataset_alias_with_no_taskflow.py
[2025-06-08T14:55:56.667+0000] {processor.py:914} INFO - Processing file /home/airflow/.local/lib/python3.12/site-packages/airflow/example_dags/example_dataset_alias_with_no_taskflow.py for tasks to queue
[2025-06-08T14:55:56.669+0000] {logging_mixin.py:190} INFO - [2025-06-08T14:55:56.669+0000] {dagbag.py:588} INFO - Filling up the DagBag from /home/airflow/.local/lib/python3.12/site-packages/airflow/example_dags/example_dataset_alias_with_no_taskflow.py
[2025-06-08T14:55:57.213+0000] {processor.py:925} INFO - DAG(s) 'dataset_s3_bucket_consumer_with_no_taskflow', 'dataset_alias_example_alias_consumer_with_no_taskflow', 'dataset_s3_bucket_producer_with_no_taskflow', 'dataset_alias_example_alias_producer_with_no_taskflow' retrieved from /home/airflow/.local/lib/python3.12/site-packages/airflow/example_dags/example_dataset_alias_with_no_taskflow.py
[2025-06-08T14:55:57.241+0000] {logging_mixin.py:190} INFO - [2025-06-08T14:55:57.241+0000] {dag.py:3239} INFO - Sync 4 DAGs
[2025-06-08T14:55:57.278+0000] {logging_mixin.py:190} INFO - [2025-06-08T14:55:57.277+0000] {dag.py:4180} INFO - Setting next_dagrun for dataset_alias_example_alias_consumer_with_no_taskflow to None, run_after=None
[2025-06-08T14:55:57.283+0000] {logging_mixin.py:190} INFO - [2025-06-08T14:55:57.282+0000] {dag.py:4180} INFO - Setting next_dagrun for dataset_alias_example_alias_producer_with_no_taskflow to None, run_after=None
[2025-06-08T14:55:57.285+0000] {logging_mixin.py:190} INFO - [2025-06-08T14:55:57.285+0000] {dag.py:4180} INFO - Setting next_dagrun for dataset_s3_bucket_consumer_with_no_taskflow to None, run_after=None
[2025-06-08T14:55:57.287+0000] {logging_mixin.py:190} INFO - [2025-06-08T14:55:57.287+0000] {dag.py:4180} INFO - Setting next_dagrun for dataset_s3_bucket_producer_with_no_taskflow to None, run_after=None
[2025-06-08T14:55:57.326+0000] {processor.py:208} INFO - Processing /home/airflow/.local/lib/python3.12/site-packages/airflow/example_dags/example_dataset_alias_with_no_taskflow.py took 0.665 seconds
