[2025-06-08T14:52:54.123+0000] {processor.py:186} INFO - Started process (PID=98) to work on /home/airflow/.local/lib/python3.12/site-packages/airflow/example_dags/example_python_decorator.py
[2025-06-08T14:52:54.124+0000] {processor.py:914} INFO - Processing file /home/airflow/.local/lib/python3.12/site-packages/airflow/example_dags/example_python_decorator.py for tasks to queue
[2025-06-08T14:52:54.127+0000] {logging_mixin.py:190} INFO - [2025-06-08T14:52:54.126+0000] {dagbag.py:588} INFO - Filling up the DagBag from /home/airflow/.local/lib/python3.12/site-packages/airflow/example_dags/example_python_decorator.py
[2025-06-08T14:52:54.143+0000] {processor.py:925} INFO - DAG(s) 'example_python_decorator' retrieved from /home/airflow/.local/lib/python3.12/site-packages/airflow/example_dags/example_python_decorator.py
[2025-06-08T14:52:54.253+0000] {logging_mixin.py:190} INFO - [2025-06-08T14:52:54.253+0000] {override.py:1911} INFO - Created Permission View: can edit on DAG:example_python_decorator
[2025-06-08T14:52:54.264+0000] {logging_mixin.py:190} INFO - [2025-06-08T14:52:54.263+0000] {override.py:1911} INFO - Created Permission View: can read on DAG:example_python_decorator
[2025-06-08T14:52:54.273+0000] {logging_mixin.py:190} INFO - [2025-06-08T14:52:54.273+0000] {override.py:1911} INFO - Created Permission View: can delete on DAG:example_python_decorator
[2025-06-08T14:52:54.282+0000] {logging_mixin.py:190} INFO - [2025-06-08T14:52:54.281+0000] {override.py:1911} INFO - Created Permission View: can read on DAG Run:example_python_decorator
[2025-06-08T14:52:54.289+0000] {logging_mixin.py:190} INFO - [2025-06-08T14:52:54.289+0000] {override.py:1911} INFO - Created Permission View: can delete on DAG Run:example_python_decorator
[2025-06-08T14:52:54.296+0000] {logging_mixin.py:190} INFO - [2025-06-08T14:52:54.295+0000] {override.py:1911} INFO - Created Permission View: can create on DAG Run:example_python_decorator
[2025-06-08T14:52:54.302+0000] {logging_mixin.py:190} INFO - [2025-06-08T14:52:54.302+0000] {override.py:1911} INFO - Created Permission View: menu access on DAG Run:example_python_decorator
[2025-06-08T14:52:54.303+0000] {logging_mixin.py:190} INFO - [2025-06-08T14:52:54.303+0000] {dag.py:3239} INFO - Sync 1 DAGs
[2025-06-08T14:52:54.315+0000] {logging_mixin.py:190} INFO - [2025-06-08T14:52:54.315+0000] {dag.py:3262} INFO - Creating ORM DAG for example_python_decorator
[2025-06-08T14:52:54.316+0000] {logging_mixin.py:190} INFO - [2025-06-08T14:52:54.316+0000] {dag.py:4180} INFO - Setting next_dagrun for example_python_decorator to None, run_after=None
[2025-06-08T14:52:54.338+0000] {processor.py:208} INFO - Processing /home/airflow/.local/lib/python3.12/site-packages/airflow/example_dags/example_python_decorator.py took 0.219 seconds
[2025-06-08T14:53:24.870+0000] {processor.py:186} INFO - Started process (PID=161) to work on /home/airflow/.local/lib/python3.12/site-packages/airflow/example_dags/example_python_decorator.py
[2025-06-08T14:53:24.871+0000] {processor.py:914} INFO - Processing file /home/airflow/.local/lib/python3.12/site-packages/airflow/example_dags/example_python_decorator.py for tasks to queue
[2025-06-08T14:53:24.873+0000] {logging_mixin.py:190} INFO - [2025-06-08T14:53:24.873+0000] {dagbag.py:588} INFO - Filling up the DagBag from /home/airflow/.local/lib/python3.12/site-packages/airflow/example_dags/example_python_decorator.py
[2025-06-08T14:53:24.885+0000] {processor.py:925} INFO - DAG(s) 'example_python_decorator' retrieved from /home/airflow/.local/lib/python3.12/site-packages/airflow/example_dags/example_python_decorator.py
[2025-06-08T14:53:24.911+0000] {logging_mixin.py:190} INFO - [2025-06-08T14:53:24.910+0000] {dag.py:3239} INFO - Sync 1 DAGs
[2025-06-08T14:53:24.925+0000] {logging_mixin.py:190} INFO - [2025-06-08T14:53:24.925+0000] {dag.py:4180} INFO - Setting next_dagrun for example_python_decorator to None, run_after=None
[2025-06-08T14:53:24.950+0000] {processor.py:208} INFO - Processing /home/airflow/.local/lib/python3.12/site-packages/airflow/example_dags/example_python_decorator.py took 0.085 seconds
[2025-06-08T14:53:55.934+0000] {processor.py:186} INFO - Started process (PID=224) to work on /home/airflow/.local/lib/python3.12/site-packages/airflow/example_dags/example_python_decorator.py
[2025-06-08T14:53:55.935+0000] {processor.py:914} INFO - Processing file /home/airflow/.local/lib/python3.12/site-packages/airflow/example_dags/example_python_decorator.py for tasks to queue
[2025-06-08T14:53:55.937+0000] {logging_mixin.py:190} INFO - [2025-06-08T14:53:55.937+0000] {dagbag.py:588} INFO - Filling up the DagBag from /home/airflow/.local/lib/python3.12/site-packages/airflow/example_dags/example_python_decorator.py
[2025-06-08T14:53:55.949+0000] {processor.py:925} INFO - DAG(s) 'example_python_decorator' retrieved from /home/airflow/.local/lib/python3.12/site-packages/airflow/example_dags/example_python_decorator.py
[2025-06-08T14:53:55.968+0000] {logging_mixin.py:190} INFO - [2025-06-08T14:53:55.967+0000] {dag.py:3239} INFO - Sync 1 DAGs
[2025-06-08T14:53:55.980+0000] {logging_mixin.py:190} INFO - [2025-06-08T14:53:55.980+0000] {dag.py:4180} INFO - Setting next_dagrun for example_python_decorator to None, run_after=None
[2025-06-08T14:53:55.998+0000] {processor.py:208} INFO - Processing /home/airflow/.local/lib/python3.12/site-packages/airflow/example_dags/example_python_decorator.py took 0.069 seconds
[2025-06-08T14:54:26.716+0000] {processor.py:186} INFO - Started process (PID=287) to work on /home/airflow/.local/lib/python3.12/site-packages/airflow/example_dags/example_python_decorator.py
[2025-06-08T14:54:26.717+0000] {processor.py:914} INFO - Processing file /home/airflow/.local/lib/python3.12/site-packages/airflow/example_dags/example_python_decorator.py for tasks to queue
[2025-06-08T14:54:26.720+0000] {logging_mixin.py:190} INFO - [2025-06-08T14:54:26.720+0000] {dagbag.py:588} INFO - Filling up the DagBag from /home/airflow/.local/lib/python3.12/site-packages/airflow/example_dags/example_python_decorator.py
[2025-06-08T14:54:26.741+0000] {processor.py:925} INFO - DAG(s) 'example_python_decorator' retrieved from /home/airflow/.local/lib/python3.12/site-packages/airflow/example_dags/example_python_decorator.py
[2025-06-08T14:54:26.774+0000] {logging_mixin.py:190} INFO - [2025-06-08T14:54:26.774+0000] {dag.py:3239} INFO - Sync 1 DAGs
[2025-06-08T14:54:26.793+0000] {logging_mixin.py:190} INFO - [2025-06-08T14:54:26.793+0000] {dag.py:4180} INFO - Setting next_dagrun for example_python_decorator to None, run_after=None
[2025-06-08T14:54:26.820+0000] {processor.py:208} INFO - Processing /home/airflow/.local/lib/python3.12/site-packages/airflow/example_dags/example_python_decorator.py took 0.111 seconds
[2025-06-08T14:54:57.773+0000] {processor.py:186} INFO - Started process (PID=350) to work on /home/airflow/.local/lib/python3.12/site-packages/airflow/example_dags/example_python_decorator.py
[2025-06-08T14:54:57.774+0000] {processor.py:914} INFO - Processing file /home/airflow/.local/lib/python3.12/site-packages/airflow/example_dags/example_python_decorator.py for tasks to queue
[2025-06-08T14:54:57.776+0000] {logging_mixin.py:190} INFO - [2025-06-08T14:54:57.776+0000] {dagbag.py:588} INFO - Filling up the DagBag from /home/airflow/.local/lib/python3.12/site-packages/airflow/example_dags/example_python_decorator.py
[2025-06-08T14:54:57.788+0000] {processor.py:925} INFO - DAG(s) 'example_python_decorator' retrieved from /home/airflow/.local/lib/python3.12/site-packages/airflow/example_dags/example_python_decorator.py
[2025-06-08T14:54:57.806+0000] {logging_mixin.py:190} INFO - [2025-06-08T14:54:57.806+0000] {dag.py:3239} INFO - Sync 1 DAGs
[2025-06-08T14:54:57.819+0000] {logging_mixin.py:190} INFO - [2025-06-08T14:54:57.819+0000] {dag.py:4180} INFO - Setting next_dagrun for example_python_decorator to None, run_after=None
[2025-06-08T14:54:57.836+0000] {processor.py:208} INFO - Processing /home/airflow/.local/lib/python3.12/site-packages/airflow/example_dags/example_python_decorator.py took 0.067 seconds
[2025-06-08T14:55:28.597+0000] {processor.py:186} INFO - Started process (PID=413) to work on /home/airflow/.local/lib/python3.12/site-packages/airflow/example_dags/example_python_decorator.py
[2025-06-08T14:55:28.599+0000] {processor.py:914} INFO - Processing file /home/airflow/.local/lib/python3.12/site-packages/airflow/example_dags/example_python_decorator.py for tasks to queue
[2025-06-08T14:55:28.602+0000] {logging_mixin.py:190} INFO - [2025-06-08T14:55:28.602+0000] {dagbag.py:588} INFO - Filling up the DagBag from /home/airflow/.local/lib/python3.12/site-packages/airflow/example_dags/example_python_decorator.py
[2025-06-08T14:55:28.621+0000] {processor.py:925} INFO - DAG(s) 'example_python_decorator' retrieved from /home/airflow/.local/lib/python3.12/site-packages/airflow/example_dags/example_python_decorator.py
[2025-06-08T14:55:28.647+0000] {logging_mixin.py:190} INFO - [2025-06-08T14:55:28.647+0000] {dag.py:3239} INFO - Sync 1 DAGs
[2025-06-08T14:55:28.667+0000] {logging_mixin.py:190} INFO - [2025-06-08T14:55:28.666+0000] {dag.py:4180} INFO - Setting next_dagrun for example_python_decorator to None, run_after=None
[2025-06-08T14:55:28.689+0000] {processor.py:208} INFO - Processing /home/airflow/.local/lib/python3.12/site-packages/airflow/example_dags/example_python_decorator.py took 0.099 seconds
[2025-06-08T14:55:58.764+0000] {processor.py:186} INFO - Started process (PID=475) to work on /home/airflow/.local/lib/python3.12/site-packages/airflow/example_dags/example_python_decorator.py
[2025-06-08T14:55:58.766+0000] {processor.py:914} INFO - Processing file /home/airflow/.local/lib/python3.12/site-packages/airflow/example_dags/example_python_decorator.py for tasks to queue
[2025-06-08T14:55:58.768+0000] {logging_mixin.py:190} INFO - [2025-06-08T14:55:58.768+0000] {dagbag.py:588} INFO - Filling up the DagBag from /home/airflow/.local/lib/python3.12/site-packages/airflow/example_dags/example_python_decorator.py
[2025-06-08T14:55:58.788+0000] {processor.py:925} INFO - DAG(s) 'example_python_decorator' retrieved from /home/airflow/.local/lib/python3.12/site-packages/airflow/example_dags/example_python_decorator.py
[2025-06-08T14:55:58.817+0000] {logging_mixin.py:190} INFO - [2025-06-08T14:55:58.816+0000] {dag.py:3239} INFO - Sync 1 DAGs
[2025-06-08T14:55:58.835+0000] {logging_mixin.py:190} INFO - [2025-06-08T14:55:58.834+0000] {dag.py:4180} INFO - Setting next_dagrun for example_python_decorator to None, run_after=None
[2025-06-08T14:55:58.859+0000] {processor.py:208} INFO - Processing /home/airflow/.local/lib/python3.12/site-packages/airflow/example_dags/example_python_decorator.py took 0.102 seconds
