[2025-06-08T14:52:53.416+0000] {processor.py:186} INFO - Started process (PID=92) to work on /home/airflow/.local/lib/python3.12/site-packages/airflow/example_dags/example_subdag_operator.py
[2025-06-08T14:52:53.417+0000] {processor.py:914} INFO - Processing file /home/airflow/.local/lib/python3.12/site-packages/airflow/example_dags/example_subdag_operator.py for tasks to queue
[2025-06-08T14:52:53.420+0000] {logging_mixin.py:190} INFO - [2025-06-08T14:52:53.419+0000] {dagbag.py:588} INFO - Filling up the DagBag from /home/airflow/.local/lib/python3.12/site-packages/airflow/example_dags/example_subdag_operator.py
[2025-06-08T14:52:53.443+0000] {processor.py:925} INFO - DAG(s) 'example_subdag_operator.section-1', 'example_subdag_operator.section-2', 'example_subdag_operator' retrieved from /home/airflow/.local/lib/python3.12/site-packages/airflow/example_dags/example_subdag_operator.py
[2025-06-08T14:52:53.537+0000] {logging_mixin.py:190} INFO - [2025-06-08T14:52:53.536+0000] {override.py:1911} INFO - Created Permission View: can edit on DAG:example_subdag_operator
[2025-06-08T14:52:53.548+0000] {logging_mixin.py:190} INFO - [2025-06-08T14:52:53.547+0000] {override.py:1911} INFO - Created Permission View: can read on DAG:example_subdag_operator
[2025-06-08T14:52:53.554+0000] {logging_mixin.py:190} INFO - [2025-06-08T14:52:53.554+0000] {override.py:1911} INFO - Created Permission View: can delete on DAG:example_subdag_operator
[2025-06-08T14:52:53.564+0000] {logging_mixin.py:190} INFO - [2025-06-08T14:52:53.564+0000] {override.py:1911} INFO - Created Permission View: can read on DAG Run:example_subdag_operator
[2025-06-08T14:52:53.571+0000] {logging_mixin.py:190} INFO - [2025-06-08T14:52:53.571+0000] {override.py:1911} INFO - Created Permission View: can delete on DAG Run:example_subdag_operator
[2025-06-08T14:52:53.578+0000] {logging_mixin.py:190} INFO - [2025-06-08T14:52:53.578+0000] {override.py:1911} INFO - Created Permission View: can create on DAG Run:example_subdag_operator
[2025-06-08T14:52:53.585+0000] {logging_mixin.py:190} INFO - [2025-06-08T14:52:53.584+0000] {override.py:1911} INFO - Created Permission View: menu access on DAG Run:example_subdag_operator
[2025-06-08T14:52:53.585+0000] {logging_mixin.py:190} INFO - [2025-06-08T14:52:53.585+0000] {dag.py:3239} INFO - Sync 3 DAGs
[2025-06-08T14:52:53.596+0000] {logging_mixin.py:190} INFO - [2025-06-08T14:52:53.596+0000] {dag.py:3262} INFO - Creating ORM DAG for example_subdag_operator
[2025-06-08T14:52:53.597+0000] {logging_mixin.py:190} INFO - [2025-06-08T14:52:53.597+0000] {dag.py:3262} INFO - Creating ORM DAG for example_subdag_operator.section-1
[2025-06-08T14:52:53.598+0000] {logging_mixin.py:190} INFO - [2025-06-08T14:52:53.598+0000] {dag.py:3262} INFO - Creating ORM DAG for example_subdag_operator.section-2
[2025-06-08T14:52:53.606+0000] {logging_mixin.py:190} INFO - [2025-06-08T14:52:53.606+0000] {dag.py:4180} INFO - Setting next_dagrun for example_subdag_operator to 2022-01-01 00:00:00+00:00, run_after=2022-01-01 00:00:00+00:00
[2025-06-08T14:52:53.607+0000] {logging_mixin.py:190} INFO - [2025-06-08T14:52:53.607+0000] {dag.py:4180} INFO - Setting next_dagrun for example_subdag_operator.section-1 to None, run_after=None
[2025-06-08T14:52:53.608+0000] {logging_mixin.py:190} INFO - [2025-06-08T14:52:53.608+0000] {dag.py:4180} INFO - Setting next_dagrun for example_subdag_operator.section-2 to None, run_after=None
[2025-06-08T14:52:53.623+0000] {logging_mixin.py:190} INFO - [2025-06-08T14:52:53.623+0000] {dag.py:3239} INFO - Sync 2 DAGs
[2025-06-08T14:52:53.630+0000] {logging_mixin.py:190} INFO - [2025-06-08T14:52:53.630+0000] {dag.py:4180} INFO - Setting next_dagrun for example_subdag_operator.section-1 to None, run_after=None
[2025-06-08T14:52:53.634+0000] {logging_mixin.py:190} INFO - [2025-06-08T14:52:53.633+0000] {dag.py:4180} INFO - Setting next_dagrun for example_subdag_operator.section-2 to None, run_after=None
[2025-06-08T14:52:53.651+0000] {processor.py:208} INFO - Processing /home/airflow/.local/lib/python3.12/site-packages/airflow/example_dags/example_subdag_operator.py took 0.241 seconds
[2025-06-08T14:53:24.290+0000] {processor.py:186} INFO - Started process (PID=155) to work on /home/airflow/.local/lib/python3.12/site-packages/airflow/example_dags/example_subdag_operator.py
[2025-06-08T14:53:24.291+0000] {processor.py:914} INFO - Processing file /home/airflow/.local/lib/python3.12/site-packages/airflow/example_dags/example_subdag_operator.py for tasks to queue
[2025-06-08T14:53:24.294+0000] {logging_mixin.py:190} INFO - [2025-06-08T14:53:24.294+0000] {dagbag.py:588} INFO - Filling up the DagBag from /home/airflow/.local/lib/python3.12/site-packages/airflow/example_dags/example_subdag_operator.py
[2025-06-08T14:53:24.318+0000] {processor.py:925} INFO - DAG(s) 'example_subdag_operator.section-1', 'example_subdag_operator.section-2', 'example_subdag_operator' retrieved from /home/airflow/.local/lib/python3.12/site-packages/airflow/example_dags/example_subdag_operator.py
[2025-06-08T14:53:24.333+0000] {logging_mixin.py:190} INFO - [2025-06-08T14:53:24.333+0000] {dag.py:3239} INFO - Sync 3 DAGs
[2025-06-08T14:53:24.357+0000] {logging_mixin.py:190} INFO - [2025-06-08T14:53:24.357+0000] {dag.py:4180} INFO - Setting next_dagrun for example_subdag_operator to 2022-01-01 00:00:00+00:00, run_after=2022-01-01 00:00:00+00:00
[2025-06-08T14:53:24.361+0000] {logging_mixin.py:190} INFO - [2025-06-08T14:53:24.361+0000] {dag.py:4180} INFO - Setting next_dagrun for example_subdag_operator.section-1 to None, run_after=None
[2025-06-08T14:53:24.363+0000] {logging_mixin.py:190} INFO - [2025-06-08T14:53:24.363+0000] {dag.py:4180} INFO - Setting next_dagrun for example_subdag_operator.section-2 to None, run_after=None
[2025-06-08T14:53:24.371+0000] {logging_mixin.py:190} INFO - [2025-06-08T14:53:24.371+0000] {dag.py:3239} INFO - Sync 2 DAGs
[2025-06-08T14:53:24.380+0000] {logging_mixin.py:190} INFO - [2025-06-08T14:53:24.379+0000] {dag.py:4180} INFO - Setting next_dagrun for example_subdag_operator.section-1 to None, run_after=None
[2025-06-08T14:53:24.380+0000] {logging_mixin.py:190} INFO - [2025-06-08T14:53:24.380+0000] {dag.py:4180} INFO - Setting next_dagrun for example_subdag_operator.section-2 to None, run_after=None
[2025-06-08T14:53:24.394+0000] {processor.py:208} INFO - Processing /home/airflow/.local/lib/python3.12/site-packages/airflow/example_dags/example_subdag_operator.py took 0.109 seconds
[2025-06-08T14:53:54.514+0000] {processor.py:186} INFO - Started process (PID=217) to work on /home/airflow/.local/lib/python3.12/site-packages/airflow/example_dags/example_subdag_operator.py
[2025-06-08T14:53:54.515+0000] {processor.py:914} INFO - Processing file /home/airflow/.local/lib/python3.12/site-packages/airflow/example_dags/example_subdag_operator.py for tasks to queue
[2025-06-08T14:53:54.517+0000] {logging_mixin.py:190} INFO - [2025-06-08T14:53:54.517+0000] {dagbag.py:588} INFO - Filling up the DagBag from /home/airflow/.local/lib/python3.12/site-packages/airflow/example_dags/example_subdag_operator.py
[2025-06-08T14:53:54.541+0000] {processor.py:925} INFO - DAG(s) 'example_subdag_operator.section-1', 'example_subdag_operator.section-2', 'example_subdag_operator' retrieved from /home/airflow/.local/lib/python3.12/site-packages/airflow/example_dags/example_subdag_operator.py
[2025-06-08T14:53:54.556+0000] {logging_mixin.py:190} INFO - [2025-06-08T14:53:54.556+0000] {dag.py:3239} INFO - Sync 3 DAGs
[2025-06-08T14:53:54.578+0000] {logging_mixin.py:190} INFO - [2025-06-08T14:53:54.578+0000] {dag.py:4180} INFO - Setting next_dagrun for example_subdag_operator to 2022-01-01 00:00:00+00:00, run_after=2022-01-01 00:00:00+00:00
[2025-06-08T14:53:54.582+0000] {logging_mixin.py:190} INFO - [2025-06-08T14:53:54.582+0000] {dag.py:4180} INFO - Setting next_dagrun for example_subdag_operator.section-1 to None, run_after=None
[2025-06-08T14:53:54.584+0000] {logging_mixin.py:190} INFO - [2025-06-08T14:53:54.584+0000] {dag.py:4180} INFO - Setting next_dagrun for example_subdag_operator.section-2 to None, run_after=None
[2025-06-08T14:53:54.590+0000] {logging_mixin.py:190} INFO - [2025-06-08T14:53:54.590+0000] {dag.py:3239} INFO - Sync 2 DAGs
[2025-06-08T14:53:54.596+0000] {logging_mixin.py:190} INFO - [2025-06-08T14:53:54.596+0000] {dag.py:4180} INFO - Setting next_dagrun for example_subdag_operator.section-1 to None, run_after=None
[2025-06-08T14:53:54.597+0000] {logging_mixin.py:190} INFO - [2025-06-08T14:53:54.596+0000] {dag.py:4180} INFO - Setting next_dagrun for example_subdag_operator.section-2 to None, run_after=None
[2025-06-08T14:53:54.606+0000] {processor.py:208} INFO - Processing /home/airflow/.local/lib/python3.12/site-packages/airflow/example_dags/example_subdag_operator.py took 0.097 seconds
[2025-06-08T14:54:25.128+0000] {processor.py:186} INFO - Started process (PID=280) to work on /home/airflow/.local/lib/python3.12/site-packages/airflow/example_dags/example_subdag_operator.py
[2025-06-08T14:54:25.139+0000] {processor.py:914} INFO - Processing file /home/airflow/.local/lib/python3.12/site-packages/airflow/example_dags/example_subdag_operator.py for tasks to queue
[2025-06-08T14:54:25.144+0000] {logging_mixin.py:190} INFO - [2025-06-08T14:54:25.143+0000] {dagbag.py:588} INFO - Filling up the DagBag from /home/airflow/.local/lib/python3.12/site-packages/airflow/example_dags/example_subdag_operator.py
[2025-06-08T14:54:25.195+0000] {processor.py:925} INFO - DAG(s) 'example_subdag_operator.section-1', 'example_subdag_operator.section-2', 'example_subdag_operator' retrieved from /home/airflow/.local/lib/python3.12/site-packages/airflow/example_dags/example_subdag_operator.py
[2025-06-08T14:54:25.217+0000] {logging_mixin.py:190} INFO - [2025-06-08T14:54:25.217+0000] {dag.py:3239} INFO - Sync 3 DAGs
[2025-06-08T14:54:25.241+0000] {logging_mixin.py:190} INFO - [2025-06-08T14:54:25.241+0000] {dag.py:4180} INFO - Setting next_dagrun for example_subdag_operator to 2022-01-01 00:00:00+00:00, run_after=2022-01-01 00:00:00+00:00
[2025-06-08T14:54:25.245+0000] {logging_mixin.py:190} INFO - [2025-06-08T14:54:25.245+0000] {dag.py:4180} INFO - Setting next_dagrun for example_subdag_operator.section-1 to None, run_after=None
[2025-06-08T14:54:25.247+0000] {logging_mixin.py:190} INFO - [2025-06-08T14:54:25.247+0000] {dag.py:4180} INFO - Setting next_dagrun for example_subdag_operator.section-2 to None, run_after=None
[2025-06-08T14:54:25.253+0000] {logging_mixin.py:190} INFO - [2025-06-08T14:54:25.253+0000] {dag.py:3239} INFO - Sync 2 DAGs
[2025-06-08T14:54:25.260+0000] {logging_mixin.py:190} INFO - [2025-06-08T14:54:25.259+0000] {dag.py:4180} INFO - Setting next_dagrun for example_subdag_operator.section-1 to None, run_after=None
[2025-06-08T14:54:25.261+0000] {logging_mixin.py:190} INFO - [2025-06-08T14:54:25.260+0000] {dag.py:4180} INFO - Setting next_dagrun for example_subdag_operator.section-2 to None, run_after=None
[2025-06-08T14:54:25.271+0000] {processor.py:208} INFO - Processing /home/airflow/.local/lib/python3.12/site-packages/airflow/example_dags/example_subdag_operator.py took 0.153 seconds
[2025-06-08T14:54:55.425+0000] {processor.py:186} INFO - Started process (PID=343) to work on /home/airflow/.local/lib/python3.12/site-packages/airflow/example_dags/example_subdag_operator.py
[2025-06-08T14:54:55.426+0000] {processor.py:914} INFO - Processing file /home/airflow/.local/lib/python3.12/site-packages/airflow/example_dags/example_subdag_operator.py for tasks to queue
[2025-06-08T14:54:55.429+0000] {logging_mixin.py:190} INFO - [2025-06-08T14:54:55.428+0000] {dagbag.py:588} INFO - Filling up the DagBag from /home/airflow/.local/lib/python3.12/site-packages/airflow/example_dags/example_subdag_operator.py
[2025-06-08T14:54:55.452+0000] {processor.py:925} INFO - DAG(s) 'example_subdag_operator.section-1', 'example_subdag_operator.section-2', 'example_subdag_operator' retrieved from /home/airflow/.local/lib/python3.12/site-packages/airflow/example_dags/example_subdag_operator.py
[2025-06-08T14:54:55.466+0000] {logging_mixin.py:190} INFO - [2025-06-08T14:54:55.465+0000] {dag.py:3239} INFO - Sync 3 DAGs
[2025-06-08T14:54:55.486+0000] {logging_mixin.py:190} INFO - [2025-06-08T14:54:55.486+0000] {dag.py:4180} INFO - Setting next_dagrun for example_subdag_operator to 2022-01-01 00:00:00+00:00, run_after=2022-01-01 00:00:00+00:00
[2025-06-08T14:54:55.490+0000] {logging_mixin.py:190} INFO - [2025-06-08T14:54:55.490+0000] {dag.py:4180} INFO - Setting next_dagrun for example_subdag_operator.section-1 to None, run_after=None
[2025-06-08T14:54:55.491+0000] {logging_mixin.py:190} INFO - [2025-06-08T14:54:55.491+0000] {dag.py:4180} INFO - Setting next_dagrun for example_subdag_operator.section-2 to None, run_after=None
[2025-06-08T14:54:55.498+0000] {logging_mixin.py:190} INFO - [2025-06-08T14:54:55.498+0000] {dag.py:3239} INFO - Sync 2 DAGs
[2025-06-08T14:54:55.503+0000] {logging_mixin.py:190} INFO - [2025-06-08T14:54:55.503+0000] {dag.py:4180} INFO - Setting next_dagrun for example_subdag_operator.section-1 to None, run_after=None
[2025-06-08T14:54:55.504+0000] {logging_mixin.py:190} INFO - [2025-06-08T14:54:55.504+0000] {dag.py:4180} INFO - Setting next_dagrun for example_subdag_operator.section-2 to None, run_after=None
[2025-06-08T14:54:55.515+0000] {processor.py:208} INFO - Processing /home/airflow/.local/lib/python3.12/site-packages/airflow/example_dags/example_subdag_operator.py took 0.096 seconds
[2025-06-08T14:55:27.976+0000] {processor.py:186} INFO - Started process (PID=406) to work on /home/airflow/.local/lib/python3.12/site-packages/airflow/example_dags/example_subdag_operator.py
[2025-06-08T14:55:27.977+0000] {processor.py:914} INFO - Processing file /home/airflow/.local/lib/python3.12/site-packages/airflow/example_dags/example_subdag_operator.py for tasks to queue
[2025-06-08T14:55:27.981+0000] {logging_mixin.py:190} INFO - [2025-06-08T14:55:27.980+0000] {dagbag.py:588} INFO - Filling up the DagBag from /home/airflow/.local/lib/python3.12/site-packages/airflow/example_dags/example_subdag_operator.py
[2025-06-08T14:55:28.009+0000] {processor.py:925} INFO - DAG(s) 'example_subdag_operator.section-1', 'example_subdag_operator.section-2', 'example_subdag_operator' retrieved from /home/airflow/.local/lib/python3.12/site-packages/airflow/example_dags/example_subdag_operator.py
[2025-06-08T14:55:28.028+0000] {logging_mixin.py:190} INFO - [2025-06-08T14:55:28.028+0000] {dag.py:3239} INFO - Sync 3 DAGs
[2025-06-08T14:55:28.056+0000] {logging_mixin.py:190} INFO - [2025-06-08T14:55:28.056+0000] {dag.py:4180} INFO - Setting next_dagrun for example_subdag_operator to 2022-01-01 00:00:00+00:00, run_after=2022-01-01 00:00:00+00:00
[2025-06-08T14:55:28.061+0000] {logging_mixin.py:190} INFO - [2025-06-08T14:55:28.061+0000] {dag.py:4180} INFO - Setting next_dagrun for example_subdag_operator.section-1 to None, run_after=None
[2025-06-08T14:55:28.064+0000] {logging_mixin.py:190} INFO - [2025-06-08T14:55:28.064+0000] {dag.py:4180} INFO - Setting next_dagrun for example_subdag_operator.section-2 to None, run_after=None
[2025-06-08T14:55:28.071+0000] {logging_mixin.py:190} INFO - [2025-06-08T14:55:28.071+0000] {dag.py:3239} INFO - Sync 2 DAGs
[2025-06-08T14:55:28.078+0000] {logging_mixin.py:190} INFO - [2025-06-08T14:55:28.077+0000] {dag.py:4180} INFO - Setting next_dagrun for example_subdag_operator.section-1 to None, run_after=None
[2025-06-08T14:55:28.078+0000] {logging_mixin.py:190} INFO - [2025-06-08T14:55:28.078+0000] {dag.py:4180} INFO - Setting next_dagrun for example_subdag_operator.section-2 to None, run_after=None
[2025-06-08T14:55:28.099+0000] {processor.py:208} INFO - Processing /home/airflow/.local/lib/python3.12/site-packages/airflow/example_dags/example_subdag_operator.py took 0.130 seconds
[2025-06-08T14:55:58.240+0000] {processor.py:186} INFO - Started process (PID=469) to work on /home/airflow/.local/lib/python3.12/site-packages/airflow/example_dags/example_subdag_operator.py
[2025-06-08T14:55:58.242+0000] {processor.py:914} INFO - Processing file /home/airflow/.local/lib/python3.12/site-packages/airflow/example_dags/example_subdag_operator.py for tasks to queue
[2025-06-08T14:55:58.246+0000] {logging_mixin.py:190} INFO - [2025-06-08T14:55:58.245+0000] {dagbag.py:588} INFO - Filling up the DagBag from /home/airflow/.local/lib/python3.12/site-packages/airflow/example_dags/example_subdag_operator.py
[2025-06-08T14:55:58.280+0000] {processor.py:925} INFO - DAG(s) 'example_subdag_operator.section-1', 'example_subdag_operator.section-2', 'example_subdag_operator' retrieved from /home/airflow/.local/lib/python3.12/site-packages/airflow/example_dags/example_subdag_operator.py
[2025-06-08T14:55:58.299+0000] {logging_mixin.py:190} INFO - [2025-06-08T14:55:58.298+0000] {dag.py:3239} INFO - Sync 3 DAGs
[2025-06-08T14:55:58.328+0000] {logging_mixin.py:190} INFO - [2025-06-08T14:55:58.328+0000] {dag.py:4180} INFO - Setting next_dagrun for example_subdag_operator to 2022-01-01 00:00:00+00:00, run_after=2022-01-01 00:00:00+00:00
[2025-06-08T14:55:58.333+0000] {logging_mixin.py:190} INFO - [2025-06-08T14:55:58.332+0000] {dag.py:4180} INFO - Setting next_dagrun for example_subdag_operator.section-1 to None, run_after=None
[2025-06-08T14:55:58.335+0000] {logging_mixin.py:190} INFO - [2025-06-08T14:55:58.335+0000] {dag.py:4180} INFO - Setting next_dagrun for example_subdag_operator.section-2 to None, run_after=None
[2025-06-08T14:55:58.344+0000] {logging_mixin.py:190} INFO - [2025-06-08T14:55:58.344+0000] {dag.py:3239} INFO - Sync 2 DAGs
[2025-06-08T14:55:58.353+0000] {logging_mixin.py:190} INFO - [2025-06-08T14:55:58.353+0000] {dag.py:4180} INFO - Setting next_dagrun for example_subdag_operator.section-1 to None, run_after=None
[2025-06-08T14:55:58.354+0000] {logging_mixin.py:190} INFO - [2025-06-08T14:55:58.354+0000] {dag.py:4180} INFO - Setting next_dagrun for example_subdag_operator.section-2 to None, run_after=None
[2025-06-08T14:55:58.368+0000] {processor.py:208} INFO - Processing /home/airflow/.local/lib/python3.12/site-packages/airflow/example_dags/example_subdag_operator.py took 0.137 seconds
