[2025-06-08T14:52:51.911+0000] {processor.py:186} INFO - Started process (PID=86) to work on /home/airflow/.local/lib/python3.12/site-packages/airflow/example_dags/example_dag_decorator.py
[2025-06-08T14:52:51.912+0000] {processor.py:914} INFO - Processing file /home/airflow/.local/lib/python3.12/site-packages/airflow/example_dags/example_dag_decorator.py for tasks to queue
[2025-06-08T14:52:51.915+0000] {logging_mixin.py:190} INFO - [2025-06-08T14:52:51.915+0000] {dagbag.py:588} INFO - Filling up the DagBag from /home/airflow/.local/lib/python3.12/site-packages/airflow/example_dags/example_dag_decorator.py
[2025-06-08T14:52:51.928+0000] {processor.py:925} INFO - DAG(s) 'example_dag_decorator' retrieved from /home/airflow/.local/lib/python3.12/site-packages/airflow/example_dags/example_dag_decorator.py
[2025-06-08T14:52:52.039+0000] {logging_mixin.py:190} INFO - [2025-06-08T14:52:52.039+0000] {override.py:1911} INFO - Created Permission View: can edit on DAG:example_dag_decorator
[2025-06-08T14:52:52.048+0000] {logging_mixin.py:190} INFO - [2025-06-08T14:52:52.048+0000] {override.py:1911} INFO - Created Permission View: can read on DAG:example_dag_decorator
[2025-06-08T14:52:52.054+0000] {logging_mixin.py:190} INFO - [2025-06-08T14:52:52.054+0000] {override.py:1911} INFO - Created Permission View: can delete on DAG:example_dag_decorator
[2025-06-08T14:52:52.061+0000] {logging_mixin.py:190} INFO - [2025-06-08T14:52:52.060+0000] {override.py:1911} INFO - Created Permission View: can read on DAG Run:example_dag_decorator
[2025-06-08T14:52:52.066+0000] {logging_mixin.py:190} INFO - [2025-06-08T14:52:52.066+0000] {override.py:1911} INFO - Created Permission View: can delete on DAG Run:example_dag_decorator
[2025-06-08T14:52:52.072+0000] {logging_mixin.py:190} INFO - [2025-06-08T14:52:52.072+0000] {override.py:1911} INFO - Created Permission View: can create on DAG Run:example_dag_decorator
[2025-06-08T14:52:52.079+0000] {logging_mixin.py:190} INFO - [2025-06-08T14:52:52.079+0000] {override.py:1911} INFO - Created Permission View: menu access on DAG Run:example_dag_decorator
[2025-06-08T14:52:52.080+0000] {logging_mixin.py:190} INFO - [2025-06-08T14:52:52.079+0000] {dag.py:3239} INFO - Sync 1 DAGs
[2025-06-08T14:52:52.093+0000] {logging_mixin.py:190} INFO - [2025-06-08T14:52:52.093+0000] {dag.py:3262} INFO - Creating ORM DAG for example_dag_decorator
[2025-06-08T14:52:52.094+0000] {logging_mixin.py:190} INFO - [2025-06-08T14:52:52.094+0000] {dag.py:4180} INFO - Setting next_dagrun for example_dag_decorator to None, run_after=None
[2025-06-08T14:52:52.116+0000] {processor.py:208} INFO - Processing /home/airflow/.local/lib/python3.12/site-packages/airflow/example_dags/example_dag_decorator.py took 0.213 seconds
[2025-06-08T14:53:23.004+0000] {processor.py:186} INFO - Started process (PID=149) to work on /home/airflow/.local/lib/python3.12/site-packages/airflow/example_dags/example_dag_decorator.py
[2025-06-08T14:53:23.005+0000] {processor.py:914} INFO - Processing file /home/airflow/.local/lib/python3.12/site-packages/airflow/example_dags/example_dag_decorator.py for tasks to queue
[2025-06-08T14:53:23.007+0000] {logging_mixin.py:190} INFO - [2025-06-08T14:53:23.007+0000] {dagbag.py:588} INFO - Filling up the DagBag from /home/airflow/.local/lib/python3.12/site-packages/airflow/example_dags/example_dag_decorator.py
[2025-06-08T14:53:23.019+0000] {processor.py:925} INFO - DAG(s) 'example_dag_decorator' retrieved from /home/airflow/.local/lib/python3.12/site-packages/airflow/example_dags/example_dag_decorator.py
[2025-06-08T14:53:23.038+0000] {logging_mixin.py:190} INFO - [2025-06-08T14:53:23.038+0000] {dag.py:3239} INFO - Sync 1 DAGs
[2025-06-08T14:53:23.051+0000] {logging_mixin.py:190} INFO - [2025-06-08T14:53:23.050+0000] {dag.py:4180} INFO - Setting next_dagrun for example_dag_decorator to None, run_after=None
[2025-06-08T14:53:23.067+0000] {processor.py:208} INFO - Processing /home/airflow/.local/lib/python3.12/site-packages/airflow/example_dags/example_dag_decorator.py took 0.068 seconds
[2025-06-08T14:53:54.177+0000] {processor.py:186} INFO - Started process (PID=212) to work on /home/airflow/.local/lib/python3.12/site-packages/airflow/example_dags/example_dag_decorator.py
[2025-06-08T14:53:54.178+0000] {processor.py:914} INFO - Processing file /home/airflow/.local/lib/python3.12/site-packages/airflow/example_dags/example_dag_decorator.py for tasks to queue
[2025-06-08T14:53:54.181+0000] {logging_mixin.py:190} INFO - [2025-06-08T14:53:54.181+0000] {dagbag.py:588} INFO - Filling up the DagBag from /home/airflow/.local/lib/python3.12/site-packages/airflow/example_dags/example_dag_decorator.py
[2025-06-08T14:53:54.195+0000] {processor.py:925} INFO - DAG(s) 'example_dag_decorator' retrieved from /home/airflow/.local/lib/python3.12/site-packages/airflow/example_dags/example_dag_decorator.py
[2025-06-08T14:53:54.219+0000] {logging_mixin.py:190} INFO - [2025-06-08T14:53:54.219+0000] {dag.py:3239} INFO - Sync 1 DAGs
[2025-06-08T14:53:54.234+0000] {logging_mixin.py:190} INFO - [2025-06-08T14:53:54.233+0000] {dag.py:4180} INFO - Setting next_dagrun for example_dag_decorator to None, run_after=None
[2025-06-08T14:53:54.254+0000] {processor.py:208} INFO - Processing /home/airflow/.local/lib/python3.12/site-packages/airflow/example_dags/example_dag_decorator.py took 0.084 seconds
[2025-06-08T14:54:24.805+0000] {processor.py:186} INFO - Started process (PID=275) to work on /home/airflow/.local/lib/python3.12/site-packages/airflow/example_dags/example_dag_decorator.py
[2025-06-08T14:54:24.806+0000] {processor.py:914} INFO - Processing file /home/airflow/.local/lib/python3.12/site-packages/airflow/example_dags/example_dag_decorator.py for tasks to queue
[2025-06-08T14:54:24.809+0000] {logging_mixin.py:190} INFO - [2025-06-08T14:54:24.809+0000] {dagbag.py:588} INFO - Filling up the DagBag from /home/airflow/.local/lib/python3.12/site-packages/airflow/example_dags/example_dag_decorator.py
[2025-06-08T14:54:24.821+0000] {processor.py:925} INFO - DAG(s) 'example_dag_decorator' retrieved from /home/airflow/.local/lib/python3.12/site-packages/airflow/example_dags/example_dag_decorator.py
[2025-06-08T14:54:24.842+0000] {logging_mixin.py:190} INFO - [2025-06-08T14:54:24.841+0000] {dag.py:3239} INFO - Sync 1 DAGs
[2025-06-08T14:54:24.857+0000] {logging_mixin.py:190} INFO - [2025-06-08T14:54:24.856+0000] {dag.py:4180} INFO - Setting next_dagrun for example_dag_decorator to None, run_after=None
[2025-06-08T14:54:24.878+0000] {processor.py:208} INFO - Processing /home/airflow/.local/lib/python3.12/site-packages/airflow/example_dags/example_dag_decorator.py took 0.078 seconds
[2025-06-08T14:54:55.084+0000] {processor.py:186} INFO - Started process (PID=338) to work on /home/airflow/.local/lib/python3.12/site-packages/airflow/example_dags/example_dag_decorator.py
[2025-06-08T14:54:55.085+0000] {processor.py:914} INFO - Processing file /home/airflow/.local/lib/python3.12/site-packages/airflow/example_dags/example_dag_decorator.py for tasks to queue
[2025-06-08T14:54:55.088+0000] {logging_mixin.py:190} INFO - [2025-06-08T14:54:55.087+0000] {dagbag.py:588} INFO - Filling up the DagBag from /home/airflow/.local/lib/python3.12/site-packages/airflow/example_dags/example_dag_decorator.py
[2025-06-08T14:54:55.098+0000] {processor.py:925} INFO - DAG(s) 'example_dag_decorator' retrieved from /home/airflow/.local/lib/python3.12/site-packages/airflow/example_dags/example_dag_decorator.py
[2025-06-08T14:54:55.122+0000] {logging_mixin.py:190} INFO - [2025-06-08T14:54:55.122+0000] {dag.py:3239} INFO - Sync 1 DAGs
[2025-06-08T14:54:55.138+0000] {logging_mixin.py:190} INFO - [2025-06-08T14:54:55.138+0000] {dag.py:4180} INFO - Setting next_dagrun for example_dag_decorator to None, run_after=None
[2025-06-08T14:54:55.158+0000] {processor.py:208} INFO - Processing /home/airflow/.local/lib/python3.12/site-packages/airflow/example_dags/example_dag_decorator.py took 0.079 seconds
[2025-06-08T14:55:27.523+0000] {processor.py:186} INFO - Started process (PID=401) to work on /home/airflow/.local/lib/python3.12/site-packages/airflow/example_dags/example_dag_decorator.py
[2025-06-08T14:55:27.525+0000] {processor.py:914} INFO - Processing file /home/airflow/.local/lib/python3.12/site-packages/airflow/example_dags/example_dag_decorator.py for tasks to queue
[2025-06-08T14:55:27.533+0000] {logging_mixin.py:190} INFO - [2025-06-08T14:55:27.531+0000] {dagbag.py:588} INFO - Filling up the DagBag from /home/airflow/.local/lib/python3.12/site-packages/airflow/example_dags/example_dag_decorator.py
[2025-06-08T14:55:27.564+0000] {processor.py:925} INFO - DAG(s) 'example_dag_decorator' retrieved from /home/airflow/.local/lib/python3.12/site-packages/airflow/example_dags/example_dag_decorator.py
[2025-06-08T14:55:27.616+0000] {logging_mixin.py:190} INFO - [2025-06-08T14:55:27.615+0000] {dag.py:3239} INFO - Sync 1 DAGs
[2025-06-08T14:55:27.634+0000] {logging_mixin.py:190} INFO - [2025-06-08T14:55:27.634+0000] {dag.py:4180} INFO - Setting next_dagrun for example_dag_decorator to None, run_after=None
[2025-06-08T14:55:27.682+0000] {processor.py:208} INFO - Processing /home/airflow/.local/lib/python3.12/site-packages/airflow/example_dags/example_dag_decorator.py took 0.172 seconds
[2025-06-08T14:55:57.843+0000] {processor.py:186} INFO - Started process (PID=464) to work on /home/airflow/.local/lib/python3.12/site-packages/airflow/example_dags/example_dag_decorator.py
[2025-06-08T14:55:57.843+0000] {processor.py:914} INFO - Processing file /home/airflow/.local/lib/python3.12/site-packages/airflow/example_dags/example_dag_decorator.py for tasks to queue
[2025-06-08T14:55:57.846+0000] {logging_mixin.py:190} INFO - [2025-06-08T14:55:57.846+0000] {dagbag.py:588} INFO - Filling up the DagBag from /home/airflow/.local/lib/python3.12/site-packages/airflow/example_dags/example_dag_decorator.py
[2025-06-08T14:55:57.856+0000] {processor.py:925} INFO - DAG(s) 'example_dag_decorator' retrieved from /home/airflow/.local/lib/python3.12/site-packages/airflow/example_dags/example_dag_decorator.py
[2025-06-08T14:55:57.878+0000] {logging_mixin.py:190} INFO - [2025-06-08T14:55:57.877+0000] {dag.py:3239} INFO - Sync 1 DAGs
[2025-06-08T14:55:57.910+0000] {logging_mixin.py:190} INFO - [2025-06-08T14:55:57.909+0000] {dag.py:4180} INFO - Setting next_dagrun for example_dag_decorator to None, run_after=None
[2025-06-08T14:55:57.942+0000] {processor.py:208} INFO - Processing /home/airflow/.local/lib/python3.12/site-packages/airflow/example_dags/example_dag_decorator.py took 0.104 seconds
