[2025-06-08T14:52:55.033+0000] {processor.py:186} INFO - Started process (PID=105) to work on /home/airflow/.local/lib/python3.12/site-packages/airflow/example_dags/example_latest_only.py
[2025-06-08T14:52:55.034+0000] {processor.py:914} INFO - Processing file /home/airflow/.local/lib/python3.12/site-packages/airflow/example_dags/example_latest_only.py for tasks to queue
[2025-06-08T14:52:55.036+0000] {logging_mixin.py:190} INFO - [2025-06-08T14:52:55.036+0000] {dagbag.py:588} INFO - Filling up the DagBag from /home/airflow/.local/lib/python3.12/site-packages/airflow/example_dags/example_latest_only.py
[2025-06-08T14:52:55.044+0000] {processor.py:925} INFO - DAG(s) 'latest_only' retrieved from /home/airflow/.local/lib/python3.12/site-packages/airflow/example_dags/example_latest_only.py
[2025-06-08T14:52:55.124+0000] {logging_mixin.py:190} INFO - [2025-06-08T14:52:55.123+0000] {override.py:1911} INFO - Created Permission View: can edit on DAG:latest_only
[2025-06-08T14:52:55.133+0000] {logging_mixin.py:190} INFO - [2025-06-08T14:52:55.132+0000] {override.py:1911} INFO - Created Permission View: can read on DAG:latest_only
[2025-06-08T14:52:55.138+0000] {logging_mixin.py:190} INFO - [2025-06-08T14:52:55.138+0000] {override.py:1911} INFO - Created Permission View: can delete on DAG:latest_only
[2025-06-08T14:52:55.144+0000] {logging_mixin.py:190} INFO - [2025-06-08T14:52:55.144+0000] {override.py:1911} INFO - Created Permission View: can read on DAG Run:latest_only
[2025-06-08T14:52:55.150+0000] {logging_mixin.py:190} INFO - [2025-06-08T14:52:55.150+0000] {override.py:1911} INFO - Created Permission View: can delete on DAG Run:latest_only
[2025-06-08T14:52:55.156+0000] {logging_mixin.py:190} INFO - [2025-06-08T14:52:55.156+0000] {override.py:1911} INFO - Created Permission View: can create on DAG Run:latest_only
[2025-06-08T14:52:55.161+0000] {logging_mixin.py:190} INFO - [2025-06-08T14:52:55.161+0000] {override.py:1911} INFO - Created Permission View: menu access on DAG Run:latest_only
[2025-06-08T14:52:55.162+0000] {logging_mixin.py:190} INFO - [2025-06-08T14:52:55.161+0000] {dag.py:3239} INFO - Sync 1 DAGs
[2025-06-08T14:52:55.174+0000] {logging_mixin.py:190} INFO - [2025-06-08T14:52:55.173+0000] {dag.py:3262} INFO - Creating ORM DAG for latest_only
[2025-06-08T14:52:55.183+0000] {logging_mixin.py:190} INFO - [2025-06-08T14:52:55.183+0000] {dag.py:4180} INFO - Setting next_dagrun for latest_only to 2025-06-08 08:00:00+00:00, run_after=2025-06-08 12:00:00+00:00
[2025-06-08T14:52:55.200+0000] {processor.py:208} INFO - Processing /home/airflow/.local/lib/python3.12/site-packages/airflow/example_dags/example_latest_only.py took 0.172 seconds
[2025-06-08T14:53:25.277+0000] {processor.py:186} INFO - Started process (PID=168) to work on /home/airflow/.local/lib/python3.12/site-packages/airflow/example_dags/example_latest_only.py
[2025-06-08T14:53:25.278+0000] {processor.py:914} INFO - Processing file /home/airflow/.local/lib/python3.12/site-packages/airflow/example_dags/example_latest_only.py for tasks to queue
[2025-06-08T14:53:25.280+0000] {logging_mixin.py:190} INFO - [2025-06-08T14:53:25.280+0000] {dagbag.py:588} INFO - Filling up the DagBag from /home/airflow/.local/lib/python3.12/site-packages/airflow/example_dags/example_latest_only.py
[2025-06-08T14:53:25.287+0000] {processor.py:925} INFO - DAG(s) 'latest_only' retrieved from /home/airflow/.local/lib/python3.12/site-packages/airflow/example_dags/example_latest_only.py
[2025-06-08T14:53:25.304+0000] {logging_mixin.py:190} INFO - [2025-06-08T14:53:25.303+0000] {dag.py:3239} INFO - Sync 1 DAGs
[2025-06-08T14:53:25.324+0000] {logging_mixin.py:190} INFO - [2025-06-08T14:53:25.324+0000] {dag.py:4180} INFO - Setting next_dagrun for latest_only to 2025-06-08 08:00:00+00:00, run_after=2025-06-08 12:00:00+00:00
[2025-06-08T14:53:25.340+0000] {processor.py:208} INFO - Processing /home/airflow/.local/lib/python3.12/site-packages/airflow/example_dags/example_latest_only.py took 0.068 seconds
[2025-06-08T14:53:56.469+0000] {processor.py:186} INFO - Started process (PID=231) to work on /home/airflow/.local/lib/python3.12/site-packages/airflow/example_dags/example_latest_only.py
[2025-06-08T14:53:56.470+0000] {processor.py:914} INFO - Processing file /home/airflow/.local/lib/python3.12/site-packages/airflow/example_dags/example_latest_only.py for tasks to queue
[2025-06-08T14:53:56.472+0000] {logging_mixin.py:190} INFO - [2025-06-08T14:53:56.472+0000] {dagbag.py:588} INFO - Filling up the DagBag from /home/airflow/.local/lib/python3.12/site-packages/airflow/example_dags/example_latest_only.py
[2025-06-08T14:53:56.478+0000] {processor.py:925} INFO - DAG(s) 'latest_only' retrieved from /home/airflow/.local/lib/python3.12/site-packages/airflow/example_dags/example_latest_only.py
[2025-06-08T14:53:56.493+0000] {logging_mixin.py:190} INFO - [2025-06-08T14:53:56.492+0000] {dag.py:3239} INFO - Sync 1 DAGs
[2025-06-08T14:53:56.513+0000] {logging_mixin.py:190} INFO - [2025-06-08T14:53:56.512+0000] {dag.py:4180} INFO - Setting next_dagrun for latest_only to 2025-06-08 08:00:00+00:00, run_after=2025-06-08 12:00:00+00:00
[2025-06-08T14:53:56.530+0000] {processor.py:208} INFO - Processing /home/airflow/.local/lib/python3.12/site-packages/airflow/example_dags/example_latest_only.py took 0.065 seconds
[2025-06-08T14:54:27.499+0000] {processor.py:186} INFO - Started process (PID=294) to work on /home/airflow/.local/lib/python3.12/site-packages/airflow/example_dags/example_latest_only.py
[2025-06-08T14:54:27.500+0000] {processor.py:914} INFO - Processing file /home/airflow/.local/lib/python3.12/site-packages/airflow/example_dags/example_latest_only.py for tasks to queue
[2025-06-08T14:54:27.501+0000] {logging_mixin.py:190} INFO - [2025-06-08T14:54:27.501+0000] {dagbag.py:588} INFO - Filling up the DagBag from /home/airflow/.local/lib/python3.12/site-packages/airflow/example_dags/example_latest_only.py
[2025-06-08T14:54:27.508+0000] {processor.py:925} INFO - DAG(s) 'latest_only' retrieved from /home/airflow/.local/lib/python3.12/site-packages/airflow/example_dags/example_latest_only.py
[2025-06-08T14:54:27.524+0000] {logging_mixin.py:190} INFO - [2025-06-08T14:54:27.524+0000] {dag.py:3239} INFO - Sync 1 DAGs
[2025-06-08T14:54:27.545+0000] {logging_mixin.py:190} INFO - [2025-06-08T14:54:27.545+0000] {dag.py:4180} INFO - Setting next_dagrun for latest_only to 2025-06-08 08:00:00+00:00, run_after=2025-06-08 12:00:00+00:00
[2025-06-08T14:54:27.563+0000] {processor.py:208} INFO - Processing /home/airflow/.local/lib/python3.12/site-packages/airflow/example_dags/example_latest_only.py took 0.069 seconds
[2025-06-08T14:54:58.414+0000] {processor.py:186} INFO - Started process (PID=357) to work on /home/airflow/.local/lib/python3.12/site-packages/airflow/example_dags/example_latest_only.py
[2025-06-08T14:54:58.415+0000] {processor.py:914} INFO - Processing file /home/airflow/.local/lib/python3.12/site-packages/airflow/example_dags/example_latest_only.py for tasks to queue
[2025-06-08T14:54:58.417+0000] {logging_mixin.py:190} INFO - [2025-06-08T14:54:58.417+0000] {dagbag.py:588} INFO - Filling up the DagBag from /home/airflow/.local/lib/python3.12/site-packages/airflow/example_dags/example_latest_only.py
[2025-06-08T14:54:58.424+0000] {processor.py:925} INFO - DAG(s) 'latest_only' retrieved from /home/airflow/.local/lib/python3.12/site-packages/airflow/example_dags/example_latest_only.py
[2025-06-08T14:54:58.440+0000] {logging_mixin.py:190} INFO - [2025-06-08T14:54:58.440+0000] {dag.py:3239} INFO - Sync 1 DAGs
[2025-06-08T14:54:58.460+0000] {logging_mixin.py:190} INFO - [2025-06-08T14:54:58.459+0000] {dag.py:4180} INFO - Setting next_dagrun for latest_only to 2025-06-08 08:00:00+00:00, run_after=2025-06-08 12:00:00+00:00
[2025-06-08T14:54:58.476+0000] {processor.py:208} INFO - Processing /home/airflow/.local/lib/python3.12/site-packages/airflow/example_dags/example_latest_only.py took 0.066 seconds
[2025-06-08T14:55:29.463+0000] {processor.py:186} INFO - Started process (PID=420) to work on /home/airflow/.local/lib/python3.12/site-packages/airflow/example_dags/example_latest_only.py
[2025-06-08T14:55:29.465+0000] {processor.py:914} INFO - Processing file /home/airflow/.local/lib/python3.12/site-packages/airflow/example_dags/example_latest_only.py for tasks to queue
[2025-06-08T14:55:29.469+0000] {logging_mixin.py:190} INFO - [2025-06-08T14:55:29.468+0000] {dagbag.py:588} INFO - Filling up the DagBag from /home/airflow/.local/lib/python3.12/site-packages/airflow/example_dags/example_latest_only.py
[2025-06-08T14:55:29.477+0000] {processor.py:925} INFO - DAG(s) 'latest_only' retrieved from /home/airflow/.local/lib/python3.12/site-packages/airflow/example_dags/example_latest_only.py
[2025-06-08T14:55:29.502+0000] {logging_mixin.py:190} INFO - [2025-06-08T14:55:29.502+0000] {dag.py:3239} INFO - Sync 1 DAGs
[2025-06-08T14:55:29.535+0000] {logging_mixin.py:190} INFO - [2025-06-08T14:55:29.535+0000] {dag.py:4180} INFO - Setting next_dagrun for latest_only to 2025-06-08 08:00:00+00:00, run_after=2025-06-08 12:00:00+00:00
[2025-06-08T14:55:29.577+0000] {processor.py:208} INFO - Processing /home/airflow/.local/lib/python3.12/site-packages/airflow/example_dags/example_latest_only.py took 0.121 seconds
[2025-06-08T14:56:00.712+0000] {processor.py:186} INFO - Started process (PID=483) to work on /home/airflow/.local/lib/python3.12/site-packages/airflow/example_dags/example_latest_only.py
[2025-06-08T14:56:00.716+0000] {processor.py:914} INFO - Processing file /home/airflow/.local/lib/python3.12/site-packages/airflow/example_dags/example_latest_only.py for tasks to queue
[2025-06-08T14:56:00.726+0000] {logging_mixin.py:190} INFO - [2025-06-08T14:56:00.724+0000] {dagbag.py:588} INFO - Filling up the DagBag from /home/airflow/.local/lib/python3.12/site-packages/airflow/example_dags/example_latest_only.py
[2025-06-08T14:56:00.758+0000] {processor.py:925} INFO - DAG(s) 'latest_only' retrieved from /home/airflow/.local/lib/python3.12/site-packages/airflow/example_dags/example_latest_only.py
[2025-06-08T14:56:00.820+0000] {logging_mixin.py:190} INFO - [2025-06-08T14:56:00.820+0000] {dag.py:3239} INFO - Sync 1 DAGs
[2025-06-08T14:56:00.893+0000] {logging_mixin.py:190} INFO - [2025-06-08T14:56:00.892+0000] {dag.py:4180} INFO - Setting next_dagrun for latest_only to 2025-06-08 08:00:00+00:00, run_after=2025-06-08 12:00:00+00:00
[2025-06-08T14:56:00.939+0000] {processor.py:208} INFO - Processing /home/airflow/.local/lib/python3.12/site-packages/airflow/example_dags/example_latest_only.py took 0.255 seconds
