[2025-06-08T14:52:53.713+0000] {processor.py:186} INFO - Started process (PID=94) to work on /home/airflow/.local/lib/python3.12/site-packages/airflow/example_dags/example_local_kubernetes_executor.py
[2025-06-08T14:52:53.715+0000] {processor.py:914} INFO - Processing file /home/airflow/.local/lib/python3.12/site-packages/airflow/example_dags/example_local_kubernetes_executor.py for tasks to queue
[2025-06-08T14:52:53.717+0000] {logging_mixin.py:190} INFO - [2025-06-08T14:52:53.717+0000] {dagbag.py:588} INFO - Filling up the DagBag from /home/airflow/.local/lib/python3.12/site-packages/airflow/example_dags/example_local_kubernetes_executor.py
[2025-06-08T14:52:53.728+0000] {processor.py:925} INFO - DAG(s) 'example_local_kubernetes_executor' retrieved from /home/airflow/.local/lib/python3.12/site-packages/airflow/example_dags/example_local_kubernetes_executor.py
[2025-06-08T14:52:53.820+0000] {logging_mixin.py:190} INFO - [2025-06-08T14:52:53.820+0000] {override.py:1911} INFO - Created Permission View: can edit on DAG:example_local_kubernetes_executor
[2025-06-08T14:52:53.829+0000] {logging_mixin.py:190} INFO - [2025-06-08T14:52:53.829+0000] {override.py:1911} INFO - Created Permission View: can read on DAG:example_local_kubernetes_executor
[2025-06-08T14:52:53.834+0000] {logging_mixin.py:190} INFO - [2025-06-08T14:52:53.834+0000] {override.py:1911} INFO - Created Permission View: can delete on DAG:example_local_kubernetes_executor
[2025-06-08T14:52:53.840+0000] {logging_mixin.py:190} INFO - [2025-06-08T14:52:53.840+0000] {override.py:1911} INFO - Created Permission View: can read on DAG Run:example_local_kubernetes_executor
[2025-06-08T14:52:53.845+0000] {logging_mixin.py:190} INFO - [2025-06-08T14:52:53.845+0000] {override.py:1911} INFO - Created Permission View: can delete on DAG Run:example_local_kubernetes_executor
[2025-06-08T14:52:53.851+0000] {logging_mixin.py:190} INFO - [2025-06-08T14:52:53.851+0000] {override.py:1911} INFO - Created Permission View: can create on DAG Run:example_local_kubernetes_executor
[2025-06-08T14:52:53.856+0000] {logging_mixin.py:190} INFO - [2025-06-08T14:52:53.856+0000] {override.py:1911} INFO - Created Permission View: menu access on DAG Run:example_local_kubernetes_executor
[2025-06-08T14:52:53.856+0000] {logging_mixin.py:190} INFO - [2025-06-08T14:52:53.856+0000] {dag.py:3239} INFO - Sync 1 DAGs
[2025-06-08T14:52:53.867+0000] {logging_mixin.py:190} INFO - [2025-06-08T14:52:53.866+0000] {dag.py:3262} INFO - Creating ORM DAG for example_local_kubernetes_executor
[2025-06-08T14:52:53.867+0000] {logging_mixin.py:190} INFO - [2025-06-08T14:52:53.867+0000] {dag.py:4180} INFO - Setting next_dagrun for example_local_kubernetes_executor to None, run_after=None
[2025-06-08T14:52:53.881+0000] {processor.py:208} INFO - Processing /home/airflow/.local/lib/python3.12/site-packages/airflow/example_dags/example_local_kubernetes_executor.py took 0.173 seconds
[2025-06-08T14:53:24.531+0000] {processor.py:186} INFO - Started process (PID=157) to work on /home/airflow/.local/lib/python3.12/site-packages/airflow/example_dags/example_local_kubernetes_executor.py
[2025-06-08T14:53:24.533+0000] {processor.py:914} INFO - Processing file /home/airflow/.local/lib/python3.12/site-packages/airflow/example_dags/example_local_kubernetes_executor.py for tasks to queue
[2025-06-08T14:53:24.536+0000] {logging_mixin.py:190} INFO - [2025-06-08T14:53:24.536+0000] {dagbag.py:588} INFO - Filling up the DagBag from /home/airflow/.local/lib/python3.12/site-packages/airflow/example_dags/example_local_kubernetes_executor.py
[2025-06-08T14:53:24.547+0000] {processor.py:925} INFO - DAG(s) 'example_local_kubernetes_executor' retrieved from /home/airflow/.local/lib/python3.12/site-packages/airflow/example_dags/example_local_kubernetes_executor.py
[2025-06-08T14:53:24.569+0000] {logging_mixin.py:190} INFO - [2025-06-08T14:53:24.568+0000] {dag.py:3239} INFO - Sync 1 DAGs
[2025-06-08T14:53:24.583+0000] {logging_mixin.py:190} INFO - [2025-06-08T14:53:24.583+0000] {dag.py:4180} INFO - Setting next_dagrun for example_local_kubernetes_executor to None, run_after=None
[2025-06-08T14:53:24.602+0000] {processor.py:208} INFO - Processing /home/airflow/.local/lib/python3.12/site-packages/airflow/example_dags/example_local_kubernetes_executor.py took 0.078 seconds
[2025-06-08T14:53:54.639+0000] {processor.py:186} INFO - Started process (PID=219) to work on /home/airflow/.local/lib/python3.12/site-packages/airflow/example_dags/example_local_kubernetes_executor.py
[2025-06-08T14:53:54.640+0000] {processor.py:914} INFO - Processing file /home/airflow/.local/lib/python3.12/site-packages/airflow/example_dags/example_local_kubernetes_executor.py for tasks to queue
[2025-06-08T14:53:54.642+0000] {logging_mixin.py:190} INFO - [2025-06-08T14:53:54.642+0000] {dagbag.py:588} INFO - Filling up the DagBag from /home/airflow/.local/lib/python3.12/site-packages/airflow/example_dags/example_local_kubernetes_executor.py
[2025-06-08T14:53:54.651+0000] {processor.py:925} INFO - DAG(s) 'example_local_kubernetes_executor' retrieved from /home/airflow/.local/lib/python3.12/site-packages/airflow/example_dags/example_local_kubernetes_executor.py
[2025-06-08T14:53:54.669+0000] {logging_mixin.py:190} INFO - [2025-06-08T14:53:54.669+0000] {dag.py:3239} INFO - Sync 1 DAGs
[2025-06-08T14:53:54.682+0000] {logging_mixin.py:190} INFO - [2025-06-08T14:53:54.682+0000] {dag.py:4180} INFO - Setting next_dagrun for example_local_kubernetes_executor to None, run_after=None
[2025-06-08T14:53:54.700+0000] {processor.py:208} INFO - Processing /home/airflow/.local/lib/python3.12/site-packages/airflow/example_dags/example_local_kubernetes_executor.py took 0.065 seconds
[2025-06-08T14:54:25.301+0000] {processor.py:186} INFO - Started process (PID=282) to work on /home/airflow/.local/lib/python3.12/site-packages/airflow/example_dags/example_local_kubernetes_executor.py
[2025-06-08T14:54:25.303+0000] {processor.py:914} INFO - Processing file /home/airflow/.local/lib/python3.12/site-packages/airflow/example_dags/example_local_kubernetes_executor.py for tasks to queue
[2025-06-08T14:54:25.307+0000] {logging_mixin.py:190} INFO - [2025-06-08T14:54:25.306+0000] {dagbag.py:588} INFO - Filling up the DagBag from /home/airflow/.local/lib/python3.12/site-packages/airflow/example_dags/example_local_kubernetes_executor.py
[2025-06-08T14:54:25.317+0000] {processor.py:925} INFO - DAG(s) 'example_local_kubernetes_executor' retrieved from /home/airflow/.local/lib/python3.12/site-packages/airflow/example_dags/example_local_kubernetes_executor.py
[2025-06-08T14:54:25.336+0000] {logging_mixin.py:190} INFO - [2025-06-08T14:54:25.336+0000] {dag.py:3239} INFO - Sync 1 DAGs
[2025-06-08T14:54:25.350+0000] {logging_mixin.py:190} INFO - [2025-06-08T14:54:25.349+0000] {dag.py:4180} INFO - Setting next_dagrun for example_local_kubernetes_executor to None, run_after=None
[2025-06-08T14:54:25.366+0000] {processor.py:208} INFO - Processing /home/airflow/.local/lib/python3.12/site-packages/airflow/example_dags/example_local_kubernetes_executor.py took 0.071 seconds
[2025-06-08T14:54:55.546+0000] {processor.py:186} INFO - Started process (PID=345) to work on /home/airflow/.local/lib/python3.12/site-packages/airflow/example_dags/example_local_kubernetes_executor.py
[2025-06-08T14:54:55.547+0000] {processor.py:914} INFO - Processing file /home/airflow/.local/lib/python3.12/site-packages/airflow/example_dags/example_local_kubernetes_executor.py for tasks to queue
[2025-06-08T14:54:55.550+0000] {logging_mixin.py:190} INFO - [2025-06-08T14:54:55.549+0000] {dagbag.py:588} INFO - Filling up the DagBag from /home/airflow/.local/lib/python3.12/site-packages/airflow/example_dags/example_local_kubernetes_executor.py
[2025-06-08T14:54:55.559+0000] {processor.py:925} INFO - DAG(s) 'example_local_kubernetes_executor' retrieved from /home/airflow/.local/lib/python3.12/site-packages/airflow/example_dags/example_local_kubernetes_executor.py
[2025-06-08T14:54:55.578+0000] {logging_mixin.py:190} INFO - [2025-06-08T14:54:55.578+0000] {dag.py:3239} INFO - Sync 1 DAGs
[2025-06-08T14:54:55.592+0000] {logging_mixin.py:190} INFO - [2025-06-08T14:54:55.591+0000] {dag.py:4180} INFO - Setting next_dagrun for example_local_kubernetes_executor to None, run_after=None
[2025-06-08T14:54:55.613+0000] {processor.py:208} INFO - Processing /home/airflow/.local/lib/python3.12/site-packages/airflow/example_dags/example_local_kubernetes_executor.py took 0.072 seconds
[2025-06-08T14:55:28.135+0000] {processor.py:186} INFO - Started process (PID=408) to work on /home/airflow/.local/lib/python3.12/site-packages/airflow/example_dags/example_local_kubernetes_executor.py
[2025-06-08T14:55:28.137+0000] {processor.py:914} INFO - Processing file /home/airflow/.local/lib/python3.12/site-packages/airflow/example_dags/example_local_kubernetes_executor.py for tasks to queue
[2025-06-08T14:55:28.140+0000] {logging_mixin.py:190} INFO - [2025-06-08T14:55:28.140+0000] {dagbag.py:588} INFO - Filling up the DagBag from /home/airflow/.local/lib/python3.12/site-packages/airflow/example_dags/example_local_kubernetes_executor.py
[2025-06-08T14:55:28.154+0000] {processor.py:925} INFO - DAG(s) 'example_local_kubernetes_executor' retrieved from /home/airflow/.local/lib/python3.12/site-packages/airflow/example_dags/example_local_kubernetes_executor.py
[2025-06-08T14:55:28.180+0000] {logging_mixin.py:190} INFO - [2025-06-08T14:55:28.180+0000] {dag.py:3239} INFO - Sync 1 DAGs
[2025-06-08T14:55:28.197+0000] {logging_mixin.py:190} INFO - [2025-06-08T14:55:28.197+0000] {dag.py:4180} INFO - Setting next_dagrun for example_local_kubernetes_executor to None, run_after=None
[2025-06-08T14:55:28.238+0000] {processor.py:208} INFO - Processing /home/airflow/.local/lib/python3.12/site-packages/airflow/example_dags/example_local_kubernetes_executor.py took 0.110 seconds
[2025-06-08T14:55:58.404+0000] {processor.py:186} INFO - Started process (PID=471) to work on /home/airflow/.local/lib/python3.12/site-packages/airflow/example_dags/example_local_kubernetes_executor.py
[2025-06-08T14:55:58.405+0000] {processor.py:914} INFO - Processing file /home/airflow/.local/lib/python3.12/site-packages/airflow/example_dags/example_local_kubernetes_executor.py for tasks to queue
[2025-06-08T14:55:58.408+0000] {logging_mixin.py:190} INFO - [2025-06-08T14:55:58.407+0000] {dagbag.py:588} INFO - Filling up the DagBag from /home/airflow/.local/lib/python3.12/site-packages/airflow/example_dags/example_local_kubernetes_executor.py
[2025-06-08T14:55:58.420+0000] {processor.py:925} INFO - DAG(s) 'example_local_kubernetes_executor' retrieved from /home/airflow/.local/lib/python3.12/site-packages/airflow/example_dags/example_local_kubernetes_executor.py
[2025-06-08T14:55:58.452+0000] {logging_mixin.py:190} INFO - [2025-06-08T14:55:58.452+0000] {dag.py:3239} INFO - Sync 1 DAGs
[2025-06-08T14:55:58.473+0000] {logging_mixin.py:190} INFO - [2025-06-08T14:55:58.473+0000] {dag.py:4180} INFO - Setting next_dagrun for example_local_kubernetes_executor to None, run_after=None
[2025-06-08T14:55:58.498+0000] {processor.py:208} INFO - Processing /home/airflow/.local/lib/python3.12/site-packages/airflow/example_dags/example_local_kubernetes_executor.py took 0.100 seconds
