[2025-06-08T14:52:30.607+0000] {processor.py:186} INFO - Started process (PID=77) to work on /home/airflow/.local/lib/python3.12/site-packages/airflow/example_dags/example_branch_day_of_week_operator.py
[2025-06-08T14:52:30.608+0000] {processor.py:914} INFO - Processing file /home/airflow/.local/lib/python3.12/site-packages/airflow/example_dags/example_branch_day_of_week_operator.py for tasks to queue
[2025-06-08T14:52:30.611+0000] {logging_mixin.py:190} INFO - [2025-06-08T14:52:30.611+0000] {dagbag.py:588} INFO - Filling up the DagBag from /home/airflow/.local/lib/python3.12/site-packages/airflow/example_dags/example_branch_day_of_week_operator.py
[2025-06-08T14:52:30.624+0000] {processor.py:925} INFO - DAG(s) 'example_weekday_branch_operator' retrieved from /home/airflow/.local/lib/python3.12/site-packages/airflow/example_dags/example_branch_day_of_week_operator.py
[2025-06-08T14:52:30.764+0000] {logging_mixin.py:190} INFO - [2025-06-08T14:52:30.762+0000] {override.py:1911} INFO - Created Permission View: can read on DAG:example_weekday_branch_operator
[2025-06-08T14:52:30.775+0000] {logging_mixin.py:190} INFO - [2025-06-08T14:52:30.775+0000] {override.py:1911} INFO - Created Permission View: can delete on DAG:example_weekday_branch_operator
[2025-06-08T14:52:30.783+0000] {logging_mixin.py:190} INFO - [2025-06-08T14:52:30.782+0000] {override.py:1911} INFO - Created Permission View: can edit on DAG:example_weekday_branch_operator
[2025-06-08T14:52:30.791+0000] {logging_mixin.py:190} INFO - [2025-06-08T14:52:30.791+0000] {override.py:1911} INFO - Created Permission View: can create on DAG Run:example_weekday_branch_operator
[2025-06-08T14:52:30.798+0000] {logging_mixin.py:190} INFO - [2025-06-08T14:52:30.798+0000] {override.py:1911} INFO - Created Permission View: menu access on DAG Run:example_weekday_branch_operator
[2025-06-08T14:52:30.806+0000] {logging_mixin.py:190} INFO - [2025-06-08T14:52:30.806+0000] {override.py:1911} INFO - Created Permission View: can read on DAG Run:example_weekday_branch_operator
[2025-06-08T14:52:30.814+0000] {logging_mixin.py:190} INFO - [2025-06-08T14:52:30.814+0000] {override.py:1911} INFO - Created Permission View: can delete on DAG Run:example_weekday_branch_operator
[2025-06-08T14:52:30.815+0000] {logging_mixin.py:190} INFO - [2025-06-08T14:52:30.815+0000] {dag.py:3239} INFO - Sync 1 DAGs
[2025-06-08T14:52:30.829+0000] {logging_mixin.py:190} INFO - [2025-06-08T14:52:30.828+0000] {dag.py:3262} INFO - Creating ORM DAG for example_weekday_branch_operator
[2025-06-08T14:52:30.841+0000] {logging_mixin.py:190} INFO - [2025-06-08T14:52:30.840+0000] {dag.py:4180} INFO - Setting next_dagrun for example_weekday_branch_operator to 2025-06-07 00:00:00+00:00, run_after=2025-06-08 00:00:00+00:00
[2025-06-08T14:52:30.858+0000] {processor.py:208} INFO - Processing /home/airflow/.local/lib/python3.12/site-packages/airflow/example_dags/example_branch_day_of_week_operator.py took 0.257 seconds
[2025-06-08T14:52:48.978+0000] {processor.py:186} INFO - Started process (PID=57) to work on /home/airflow/.local/lib/python3.12/site-packages/airflow/example_dags/example_branch_day_of_week_operator.py
[2025-06-08T14:52:48.979+0000] {processor.py:914} INFO - Processing file /home/airflow/.local/lib/python3.12/site-packages/airflow/example_dags/example_branch_day_of_week_operator.py for tasks to queue
[2025-06-08T14:52:48.981+0000] {logging_mixin.py:190} INFO - [2025-06-08T14:52:48.981+0000] {dagbag.py:588} INFO - Filling up the DagBag from /home/airflow/.local/lib/python3.12/site-packages/airflow/example_dags/example_branch_day_of_week_operator.py
[2025-06-08T14:52:48.989+0000] {processor.py:925} INFO - DAG(s) 'example_weekday_branch_operator' retrieved from /home/airflow/.local/lib/python3.12/site-packages/airflow/example_dags/example_branch_day_of_week_operator.py
[2025-06-08T14:52:48.998+0000] {logging_mixin.py:190} INFO - [2025-06-08T14:52:48.998+0000] {dag.py:3239} INFO - Sync 1 DAGs
[2025-06-08T14:52:49.020+0000] {logging_mixin.py:190} INFO - [2025-06-08T14:52:49.020+0000] {dag.py:4180} INFO - Setting next_dagrun for example_weekday_branch_operator to 2025-06-07 00:00:00+00:00, run_after=2025-06-08 00:00:00+00:00
[2025-06-08T14:52:49.036+0000] {processor.py:208} INFO - Processing /home/airflow/.local/lib/python3.12/site-packages/airflow/example_dags/example_branch_day_of_week_operator.py took 0.063 seconds
[2025-06-08T14:53:19.815+0000] {processor.py:186} INFO - Started process (PID=120) to work on /home/airflow/.local/lib/python3.12/site-packages/airflow/example_dags/example_branch_day_of_week_operator.py
[2025-06-08T14:53:19.817+0000] {processor.py:914} INFO - Processing file /home/airflow/.local/lib/python3.12/site-packages/airflow/example_dags/example_branch_day_of_week_operator.py for tasks to queue
[2025-06-08T14:53:19.822+0000] {logging_mixin.py:190} INFO - [2025-06-08T14:53:19.821+0000] {dagbag.py:588} INFO - Filling up the DagBag from /home/airflow/.local/lib/python3.12/site-packages/airflow/example_dags/example_branch_day_of_week_operator.py
[2025-06-08T14:53:19.840+0000] {processor.py:925} INFO - DAG(s) 'example_weekday_branch_operator' retrieved from /home/airflow/.local/lib/python3.12/site-packages/airflow/example_dags/example_branch_day_of_week_operator.py
[2025-06-08T14:53:19.874+0000] {logging_mixin.py:190} INFO - [2025-06-08T14:53:19.873+0000] {dag.py:3239} INFO - Sync 1 DAGs
[2025-06-08T14:53:19.922+0000] {logging_mixin.py:190} INFO - [2025-06-08T14:53:19.921+0000] {dag.py:4180} INFO - Setting next_dagrun for example_weekday_branch_operator to 2025-06-07 00:00:00+00:00, run_after=2025-06-08 00:00:00+00:00
[2025-06-08T14:53:19.961+0000] {processor.py:208} INFO - Processing /home/airflow/.local/lib/python3.12/site-packages/airflow/example_dags/example_branch_day_of_week_operator.py took 0.156 seconds
[2025-06-08T14:53:50.117+0000] {processor.py:186} INFO - Started process (PID=182) to work on /home/airflow/.local/lib/python3.12/site-packages/airflow/example_dags/example_branch_day_of_week_operator.py
[2025-06-08T14:53:50.118+0000] {processor.py:914} INFO - Processing file /home/airflow/.local/lib/python3.12/site-packages/airflow/example_dags/example_branch_day_of_week_operator.py for tasks to queue
[2025-06-08T14:53:50.121+0000] {logging_mixin.py:190} INFO - [2025-06-08T14:53:50.121+0000] {dagbag.py:588} INFO - Filling up the DagBag from /home/airflow/.local/lib/python3.12/site-packages/airflow/example_dags/example_branch_day_of_week_operator.py
[2025-06-08T14:53:50.135+0000] {processor.py:925} INFO - DAG(s) 'example_weekday_branch_operator' retrieved from /home/airflow/.local/lib/python3.12/site-packages/airflow/example_dags/example_branch_day_of_week_operator.py
[2025-06-08T14:53:50.161+0000] {logging_mixin.py:190} INFO - [2025-06-08T14:53:50.160+0000] {dag.py:3239} INFO - Sync 1 DAGs
[2025-06-08T14:53:50.184+0000] {logging_mixin.py:190} INFO - [2025-06-08T14:53:50.184+0000] {dag.py:4180} INFO - Setting next_dagrun for example_weekday_branch_operator to 2025-06-07 00:00:00+00:00, run_after=2025-06-08 00:00:00+00:00
[2025-06-08T14:53:50.206+0000] {processor.py:208} INFO - Processing /home/airflow/.local/lib/python3.12/site-packages/airflow/example_dags/example_branch_day_of_week_operator.py took 0.093 seconds
[2025-06-08T14:54:20.239+0000] {processor.py:186} INFO - Started process (PID=250) to work on /home/airflow/.local/lib/python3.12/site-packages/airflow/example_dags/example_branch_day_of_week_operator.py
[2025-06-08T14:54:20.240+0000] {processor.py:914} INFO - Processing file /home/airflow/.local/lib/python3.12/site-packages/airflow/example_dags/example_branch_day_of_week_operator.py for tasks to queue
[2025-06-08T14:54:20.242+0000] {logging_mixin.py:190} INFO - [2025-06-08T14:54:20.242+0000] {dagbag.py:588} INFO - Filling up the DagBag from /home/airflow/.local/lib/python3.12/site-packages/airflow/example_dags/example_branch_day_of_week_operator.py
[2025-06-08T14:54:20.252+0000] {processor.py:925} INFO - DAG(s) 'example_weekday_branch_operator' retrieved from /home/airflow/.local/lib/python3.12/site-packages/airflow/example_dags/example_branch_day_of_week_operator.py
[2025-06-08T14:54:20.272+0000] {logging_mixin.py:190} INFO - [2025-06-08T14:54:20.272+0000] {dag.py:3239} INFO - Sync 1 DAGs
[2025-06-08T14:54:20.295+0000] {logging_mixin.py:190} INFO - [2025-06-08T14:54:20.295+0000] {dag.py:4180} INFO - Setting next_dagrun for example_weekday_branch_operator to 2025-06-07 00:00:00+00:00, run_after=2025-06-08 00:00:00+00:00
[2025-06-08T14:54:20.312+0000] {processor.py:208} INFO - Processing /home/airflow/.local/lib/python3.12/site-packages/airflow/example_dags/example_branch_day_of_week_operator.py took 0.079 seconds
[2025-06-08T14:54:51.160+0000] {processor.py:186} INFO - Started process (PID=313) to work on /home/airflow/.local/lib/python3.12/site-packages/airflow/example_dags/example_branch_day_of_week_operator.py
[2025-06-08T14:54:51.161+0000] {processor.py:914} INFO - Processing file /home/airflow/.local/lib/python3.12/site-packages/airflow/example_dags/example_branch_day_of_week_operator.py for tasks to queue
[2025-06-08T14:54:51.163+0000] {logging_mixin.py:190} INFO - [2025-06-08T14:54:51.163+0000] {dagbag.py:588} INFO - Filling up the DagBag from /home/airflow/.local/lib/python3.12/site-packages/airflow/example_dags/example_branch_day_of_week_operator.py
[2025-06-08T14:54:51.171+0000] {processor.py:925} INFO - DAG(s) 'example_weekday_branch_operator' retrieved from /home/airflow/.local/lib/python3.12/site-packages/airflow/example_dags/example_branch_day_of_week_operator.py
[2025-06-08T14:54:51.187+0000] {logging_mixin.py:190} INFO - [2025-06-08T14:54:51.187+0000] {dag.py:3239} INFO - Sync 1 DAGs
[2025-06-08T14:54:51.206+0000] {logging_mixin.py:190} INFO - [2025-06-08T14:54:51.206+0000] {dag.py:4180} INFO - Setting next_dagrun for example_weekday_branch_operator to 2025-06-07 00:00:00+00:00, run_after=2025-06-08 00:00:00+00:00
[2025-06-08T14:54:51.223+0000] {processor.py:208} INFO - Processing /home/airflow/.local/lib/python3.12/site-packages/airflow/example_dags/example_branch_day_of_week_operator.py took 0.067 seconds
[2025-06-08T14:55:22.033+0000] {processor.py:186} INFO - Started process (PID=376) to work on /home/airflow/.local/lib/python3.12/site-packages/airflow/example_dags/example_branch_day_of_week_operator.py
[2025-06-08T14:55:22.034+0000] {processor.py:914} INFO - Processing file /home/airflow/.local/lib/python3.12/site-packages/airflow/example_dags/example_branch_day_of_week_operator.py for tasks to queue
[2025-06-08T14:55:22.036+0000] {logging_mixin.py:190} INFO - [2025-06-08T14:55:22.036+0000] {dagbag.py:588} INFO - Filling up the DagBag from /home/airflow/.local/lib/python3.12/site-packages/airflow/example_dags/example_branch_day_of_week_operator.py
[2025-06-08T14:55:22.045+0000] {processor.py:925} INFO - DAG(s) 'example_weekday_branch_operator' retrieved from /home/airflow/.local/lib/python3.12/site-packages/airflow/example_dags/example_branch_day_of_week_operator.py
[2025-06-08T14:55:22.063+0000] {logging_mixin.py:190} INFO - [2025-06-08T14:55:22.063+0000] {dag.py:3239} INFO - Sync 1 DAGs
[2025-06-08T14:55:22.085+0000] {logging_mixin.py:190} INFO - [2025-06-08T14:55:22.084+0000] {dag.py:4180} INFO - Setting next_dagrun for example_weekday_branch_operator to 2025-06-07 00:00:00+00:00, run_after=2025-06-08 00:00:00+00:00
[2025-06-08T14:55:22.104+0000] {processor.py:208} INFO - Processing /home/airflow/.local/lib/python3.12/site-packages/airflow/example_dags/example_branch_day_of_week_operator.py took 0.075 seconds
[2025-06-08T14:55:52.314+0000] {processor.py:186} INFO - Started process (PID=439) to work on /home/airflow/.local/lib/python3.12/site-packages/airflow/example_dags/example_branch_day_of_week_operator.py
[2025-06-08T14:55:52.315+0000] {processor.py:914} INFO - Processing file /home/airflow/.local/lib/python3.12/site-packages/airflow/example_dags/example_branch_day_of_week_operator.py for tasks to queue
[2025-06-08T14:55:52.317+0000] {logging_mixin.py:190} INFO - [2025-06-08T14:55:52.317+0000] {dagbag.py:588} INFO - Filling up the DagBag from /home/airflow/.local/lib/python3.12/site-packages/airflow/example_dags/example_branch_day_of_week_operator.py
[2025-06-08T14:55:52.325+0000] {processor.py:925} INFO - DAG(s) 'example_weekday_branch_operator' retrieved from /home/airflow/.local/lib/python3.12/site-packages/airflow/example_dags/example_branch_day_of_week_operator.py
[2025-06-08T14:55:52.343+0000] {logging_mixin.py:190} INFO - [2025-06-08T14:55:52.343+0000] {dag.py:3239} INFO - Sync 1 DAGs
[2025-06-08T14:55:52.364+0000] {logging_mixin.py:190} INFO - [2025-06-08T14:55:52.364+0000] {dag.py:4180} INFO - Setting next_dagrun for example_weekday_branch_operator to 2025-06-07 00:00:00+00:00, run_after=2025-06-08 00:00:00+00:00
[2025-06-08T14:55:52.381+0000] {processor.py:208} INFO - Processing /home/airflow/.local/lib/python3.12/site-packages/airflow/example_dags/example_branch_day_of_week_operator.py took 0.072 seconds
