[2025-06-08T14:52:51.358+0000] {processor.py:186} INFO - Started process (PID=82) to work on /home/airflow/.local/lib/python3.12/site-packages/airflow/example_dags/example_trigger_target_dag.py
[2025-06-08T14:52:51.359+0000] {processor.py:914} INFO - Processing file /home/airflow/.local/lib/python3.12/site-packages/airflow/example_dags/example_trigger_target_dag.py for tasks to queue
[2025-06-08T14:52:51.362+0000] {logging_mixin.py:190} INFO - [2025-06-08T14:52:51.362+0000] {dagbag.py:588} INFO - Filling up the DagBag from /home/airflow/.local/lib/python3.12/site-packages/airflow/example_dags/example_trigger_target_dag.py
[2025-06-08T14:52:51.375+0000] {processor.py:925} INFO - DAG(s) 'example_trigger_target_dag' retrieved from /home/airflow/.local/lib/python3.12/site-packages/airflow/example_dags/example_trigger_target_dag.py
[2025-06-08T14:52:51.493+0000] {logging_mixin.py:190} INFO - [2025-06-08T14:52:51.492+0000] {override.py:1911} INFO - Created Permission View: can edit on DAG:example_trigger_target_dag
[2025-06-08T14:52:51.501+0000] {logging_mixin.py:190} INFO - [2025-06-08T14:52:51.501+0000] {override.py:1911} INFO - Created Permission View: can read on DAG:example_trigger_target_dag
[2025-06-08T14:52:51.507+0000] {logging_mixin.py:190} INFO - [2025-06-08T14:52:51.507+0000] {override.py:1911} INFO - Created Permission View: can delete on DAG:example_trigger_target_dag
[2025-06-08T14:52:51.513+0000] {logging_mixin.py:190} INFO - [2025-06-08T14:52:51.513+0000] {override.py:1911} INFO - Created Permission View: can read on DAG Run:example_trigger_target_dag
[2025-06-08T14:52:51.519+0000] {logging_mixin.py:190} INFO - [2025-06-08T14:52:51.518+0000] {override.py:1911} INFO - Created Permission View: can delete on DAG Run:example_trigger_target_dag
[2025-06-08T14:52:51.524+0000] {logging_mixin.py:190} INFO - [2025-06-08T14:52:51.524+0000] {override.py:1911} INFO - Created Permission View: can create on DAG Run:example_trigger_target_dag
[2025-06-08T14:52:51.529+0000] {logging_mixin.py:190} INFO - [2025-06-08T14:52:51.529+0000] {override.py:1911} INFO - Created Permission View: menu access on DAG Run:example_trigger_target_dag
[2025-06-08T14:52:51.530+0000] {logging_mixin.py:190} INFO - [2025-06-08T14:52:51.530+0000] {dag.py:3239} INFO - Sync 1 DAGs
[2025-06-08T14:52:51.541+0000] {logging_mixin.py:190} INFO - [2025-06-08T14:52:51.540+0000] {dag.py:3262} INFO - Creating ORM DAG for example_trigger_target_dag
[2025-06-08T14:52:51.541+0000] {logging_mixin.py:190} INFO - [2025-06-08T14:52:51.541+0000] {dag.py:4180} INFO - Setting next_dagrun for example_trigger_target_dag to None, run_after=None
[2025-06-08T14:52:51.557+0000] {processor.py:208} INFO - Processing /home/airflow/.local/lib/python3.12/site-packages/airflow/example_dags/example_trigger_target_dag.py took 0.207 seconds
[2025-06-08T14:53:22.682+0000] {processor.py:186} INFO - Started process (PID=145) to work on /home/airflow/.local/lib/python3.12/site-packages/airflow/example_dags/example_trigger_target_dag.py
[2025-06-08T14:53:22.683+0000] {processor.py:914} INFO - Processing file /home/airflow/.local/lib/python3.12/site-packages/airflow/example_dags/example_trigger_target_dag.py for tasks to queue
[2025-06-08T14:53:22.685+0000] {logging_mixin.py:190} INFO - [2025-06-08T14:53:22.685+0000] {dagbag.py:588} INFO - Filling up the DagBag from /home/airflow/.local/lib/python3.12/site-packages/airflow/example_dags/example_trigger_target_dag.py
[2025-06-08T14:53:22.692+0000] {processor.py:925} INFO - DAG(s) 'example_trigger_target_dag' retrieved from /home/airflow/.local/lib/python3.12/site-packages/airflow/example_dags/example_trigger_target_dag.py
[2025-06-08T14:53:22.708+0000] {logging_mixin.py:190} INFO - [2025-06-08T14:53:22.708+0000] {dag.py:3239} INFO - Sync 1 DAGs
[2025-06-08T14:53:22.722+0000] {logging_mixin.py:190} INFO - [2025-06-08T14:53:22.722+0000] {dag.py:4180} INFO - Setting next_dagrun for example_trigger_target_dag to None, run_after=None
[2025-06-08T14:53:22.740+0000] {processor.py:208} INFO - Processing /home/airflow/.local/lib/python3.12/site-packages/airflow/example_dags/example_trigger_target_dag.py took 0.063 seconds
[2025-06-08T14:53:53.876+0000] {processor.py:186} INFO - Started process (PID=208) to work on /home/airflow/.local/lib/python3.12/site-packages/airflow/example_dags/example_trigger_target_dag.py
[2025-06-08T14:53:53.877+0000] {processor.py:914} INFO - Processing file /home/airflow/.local/lib/python3.12/site-packages/airflow/example_dags/example_trigger_target_dag.py for tasks to queue
[2025-06-08T14:53:53.879+0000] {logging_mixin.py:190} INFO - [2025-06-08T14:53:53.879+0000] {dagbag.py:588} INFO - Filling up the DagBag from /home/airflow/.local/lib/python3.12/site-packages/airflow/example_dags/example_trigger_target_dag.py
[2025-06-08T14:53:53.885+0000] {processor.py:925} INFO - DAG(s) 'example_trigger_target_dag' retrieved from /home/airflow/.local/lib/python3.12/site-packages/airflow/example_dags/example_trigger_target_dag.py
[2025-06-08T14:53:53.904+0000] {logging_mixin.py:190} INFO - [2025-06-08T14:53:53.903+0000] {dag.py:3239} INFO - Sync 1 DAGs
[2025-06-08T14:53:53.915+0000] {logging_mixin.py:190} INFO - [2025-06-08T14:53:53.915+0000] {dag.py:4180} INFO - Setting next_dagrun for example_trigger_target_dag to None, run_after=None
[2025-06-08T14:53:53.934+0000] {processor.py:208} INFO - Processing /home/airflow/.local/lib/python3.12/site-packages/airflow/example_dags/example_trigger_target_dag.py took 0.063 seconds
[2025-06-08T14:54:24.602+0000] {processor.py:186} INFO - Started process (PID=271) to work on /home/airflow/.local/lib/python3.12/site-packages/airflow/example_dags/example_trigger_target_dag.py
[2025-06-08T14:54:24.602+0000] {processor.py:914} INFO - Processing file /home/airflow/.local/lib/python3.12/site-packages/airflow/example_dags/example_trigger_target_dag.py for tasks to queue
[2025-06-08T14:54:24.604+0000] {logging_mixin.py:190} INFO - [2025-06-08T14:54:24.604+0000] {dagbag.py:588} INFO - Filling up the DagBag from /home/airflow/.local/lib/python3.12/site-packages/airflow/example_dags/example_trigger_target_dag.py
[2025-06-08T14:54:24.612+0000] {processor.py:925} INFO - DAG(s) 'example_trigger_target_dag' retrieved from /home/airflow/.local/lib/python3.12/site-packages/airflow/example_dags/example_trigger_target_dag.py
[2025-06-08T14:54:24.628+0000] {logging_mixin.py:190} INFO - [2025-06-08T14:54:24.628+0000] {dag.py:3239} INFO - Sync 1 DAGs
[2025-06-08T14:54:24.640+0000] {logging_mixin.py:190} INFO - [2025-06-08T14:54:24.640+0000] {dag.py:4180} INFO - Setting next_dagrun for example_trigger_target_dag to None, run_after=None
[2025-06-08T14:54:24.656+0000] {processor.py:208} INFO - Processing /home/airflow/.local/lib/python3.12/site-packages/airflow/example_dags/example_trigger_target_dag.py took 0.059 seconds
[2025-06-08T14:54:54.704+0000] {processor.py:186} INFO - Started process (PID=334) to work on /home/airflow/.local/lib/python3.12/site-packages/airflow/example_dags/example_trigger_target_dag.py
[2025-06-08T14:54:54.705+0000] {processor.py:914} INFO - Processing file /home/airflow/.local/lib/python3.12/site-packages/airflow/example_dags/example_trigger_target_dag.py for tasks to queue
[2025-06-08T14:54:54.707+0000] {logging_mixin.py:190} INFO - [2025-06-08T14:54:54.707+0000] {dagbag.py:588} INFO - Filling up the DagBag from /home/airflow/.local/lib/python3.12/site-packages/airflow/example_dags/example_trigger_target_dag.py
[2025-06-08T14:54:54.714+0000] {processor.py:925} INFO - DAG(s) 'example_trigger_target_dag' retrieved from /home/airflow/.local/lib/python3.12/site-packages/airflow/example_dags/example_trigger_target_dag.py
[2025-06-08T14:54:54.732+0000] {logging_mixin.py:190} INFO - [2025-06-08T14:54:54.731+0000] {dag.py:3239} INFO - Sync 1 DAGs
[2025-06-08T14:54:54.744+0000] {logging_mixin.py:190} INFO - [2025-06-08T14:54:54.744+0000] {dag.py:4180} INFO - Setting next_dagrun for example_trigger_target_dag to None, run_after=None
[2025-06-08T14:54:54.761+0000] {processor.py:208} INFO - Processing /home/airflow/.local/lib/python3.12/site-packages/airflow/example_dags/example_trigger_target_dag.py took 0.062 seconds
[2025-06-08T14:55:27.056+0000] {processor.py:186} INFO - Started process (PID=397) to work on /home/airflow/.local/lib/python3.12/site-packages/airflow/example_dags/example_trigger_target_dag.py
[2025-06-08T14:55:27.058+0000] {processor.py:914} INFO - Processing file /home/airflow/.local/lib/python3.12/site-packages/airflow/example_dags/example_trigger_target_dag.py for tasks to queue
[2025-06-08T14:55:27.061+0000] {logging_mixin.py:190} INFO - [2025-06-08T14:55:27.060+0000] {dagbag.py:588} INFO - Filling up the DagBag from /home/airflow/.local/lib/python3.12/site-packages/airflow/example_dags/example_trigger_target_dag.py
[2025-06-08T14:55:27.073+0000] {processor.py:925} INFO - DAG(s) 'example_trigger_target_dag' retrieved from /home/airflow/.local/lib/python3.12/site-packages/airflow/example_dags/example_trigger_target_dag.py
[2025-06-08T14:55:27.101+0000] {logging_mixin.py:190} INFO - [2025-06-08T14:55:27.100+0000] {dag.py:3239} INFO - Sync 1 DAGs
[2025-06-08T14:55:27.121+0000] {logging_mixin.py:190} INFO - [2025-06-08T14:55:27.120+0000] {dag.py:4180} INFO - Setting next_dagrun for example_trigger_target_dag to None, run_after=None
[2025-06-08T14:55:27.159+0000] {processor.py:208} INFO - Processing /home/airflow/.local/lib/python3.12/site-packages/airflow/example_dags/example_trigger_target_dag.py took 0.110 seconds
[2025-06-08T14:55:57.661+0000] {processor.py:186} INFO - Started process (PID=460) to work on /home/airflow/.local/lib/python3.12/site-packages/airflow/example_dags/example_trigger_target_dag.py
[2025-06-08T14:55:57.662+0000] {processor.py:914} INFO - Processing file /home/airflow/.local/lib/python3.12/site-packages/airflow/example_dags/example_trigger_target_dag.py for tasks to queue
[2025-06-08T14:55:57.664+0000] {logging_mixin.py:190} INFO - [2025-06-08T14:55:57.664+0000] {dagbag.py:588} INFO - Filling up the DagBag from /home/airflow/.local/lib/python3.12/site-packages/airflow/example_dags/example_trigger_target_dag.py
[2025-06-08T14:55:57.672+0000] {processor.py:925} INFO - DAG(s) 'example_trigger_target_dag' retrieved from /home/airflow/.local/lib/python3.12/site-packages/airflow/example_dags/example_trigger_target_dag.py
[2025-06-08T14:55:57.688+0000] {logging_mixin.py:190} INFO - [2025-06-08T14:55:57.688+0000] {dag.py:3239} INFO - Sync 1 DAGs
[2025-06-08T14:55:57.702+0000] {logging_mixin.py:190} INFO - [2025-06-08T14:55:57.702+0000] {dag.py:4180} INFO - Setting next_dagrun for example_trigger_target_dag to None, run_after=None
[2025-06-08T14:55:57.717+0000] {processor.py:208} INFO - Processing /home/airflow/.local/lib/python3.12/site-packages/airflow/example_dags/example_trigger_target_dag.py took 0.061 seconds
