[2025-06-08T14:52:29.974+0000] {processor.py:186} INFO - Started process (PID=74) to work on /home/airflow/.local/lib/python3.12/site-packages/airflow/example_dags/example_display_name.py
[2025-06-08T14:52:29.975+0000] {processor.py:914} INFO - Processing file /home/airflow/.local/lib/python3.12/site-packages/airflow/example_dags/example_display_name.py for tasks to queue
[2025-06-08T14:52:29.978+0000] {logging_mixin.py:190} INFO - [2025-06-08T14:52:29.978+0000] {dagbag.py:588} INFO - Filling up the DagBag from /home/airflow/.local/lib/python3.12/site-packages/airflow/example_dags/example_display_name.py
[2025-06-08T14:52:29.989+0000] {processor.py:925} INFO - DAG(s) 'example_display_name' retrieved from /home/airflow/.local/lib/python3.12/site-packages/airflow/example_dags/example_display_name.py
[2025-06-08T14:52:30.108+0000] {logging_mixin.py:190} INFO - [2025-06-08T14:52:30.107+0000] {override.py:1911} INFO - Created Permission View: can read on DAG:example_display_name
[2025-06-08T14:52:30.123+0000] {logging_mixin.py:190} INFO - [2025-06-08T14:52:30.122+0000] {override.py:1911} INFO - Created Permission View: can delete on DAG:example_display_name
[2025-06-08T14:52:30.135+0000] {logging_mixin.py:190} INFO - [2025-06-08T14:52:30.134+0000] {override.py:1911} INFO - Created Permission View: can edit on DAG:example_display_name
[2025-06-08T14:52:30.147+0000] {logging_mixin.py:190} INFO - [2025-06-08T14:52:30.146+0000] {override.py:1911} INFO - Created Permission View: can create on DAG Run:example_display_name
[2025-06-08T14:52:30.157+0000] {logging_mixin.py:190} INFO - [2025-06-08T14:52:30.156+0000] {override.py:1911} INFO - Created Permission View: menu access on DAG Run:example_display_name
[2025-06-08T14:52:30.166+0000] {logging_mixin.py:190} INFO - [2025-06-08T14:52:30.166+0000] {override.py:1911} INFO - Created Permission View: can read on DAG Run:example_display_name
[2025-06-08T14:52:30.173+0000] {logging_mixin.py:190} INFO - [2025-06-08T14:52:30.173+0000] {override.py:1911} INFO - Created Permission View: can delete on DAG Run:example_display_name
[2025-06-08T14:52:30.174+0000] {logging_mixin.py:190} INFO - [2025-06-08T14:52:30.174+0000] {dag.py:3239} INFO - Sync 1 DAGs
[2025-06-08T14:52:30.186+0000] {logging_mixin.py:190} INFO - [2025-06-08T14:52:30.186+0000] {dag.py:3262} INFO - Creating ORM DAG for example_display_name
[2025-06-08T14:52:30.188+0000] {logging_mixin.py:190} INFO - [2025-06-08T14:52:30.187+0000] {dag.py:4180} INFO - Setting next_dagrun for example_display_name to None, run_after=None
[2025-06-08T14:52:30.210+0000] {processor.py:208} INFO - Processing /home/airflow/.local/lib/python3.12/site-packages/airflow/example_dags/example_display_name.py took 0.241 seconds
[2025-06-08T14:52:48.812+0000] {processor.py:186} INFO - Started process (PID=54) to work on /home/airflow/.local/lib/python3.12/site-packages/airflow/example_dags/example_display_name.py
[2025-06-08T14:52:48.813+0000] {processor.py:914} INFO - Processing file /home/airflow/.local/lib/python3.12/site-packages/airflow/example_dags/example_display_name.py for tasks to queue
[2025-06-08T14:52:48.815+0000] {logging_mixin.py:190} INFO - [2025-06-08T14:52:48.815+0000] {dagbag.py:588} INFO - Filling up the DagBag from /home/airflow/.local/lib/python3.12/site-packages/airflow/example_dags/example_display_name.py
[2025-06-08T14:52:48.822+0000] {processor.py:925} INFO - DAG(s) 'example_display_name' retrieved from /home/airflow/.local/lib/python3.12/site-packages/airflow/example_dags/example_display_name.py
[2025-06-08T14:52:48.831+0000] {logging_mixin.py:190} INFO - [2025-06-08T14:52:48.831+0000] {dag.py:3239} INFO - Sync 1 DAGs
[2025-06-08T14:52:48.843+0000] {logging_mixin.py:190} INFO - [2025-06-08T14:52:48.843+0000] {dag.py:4180} INFO - Setting next_dagrun for example_display_name to None, run_after=None
[2025-06-08T14:52:48.863+0000] {processor.py:208} INFO - Processing /home/airflow/.local/lib/python3.12/site-packages/airflow/example_dags/example_display_name.py took 0.055 seconds
[2025-06-08T14:53:19.480+0000] {processor.py:186} INFO - Started process (PID=117) to work on /home/airflow/.local/lib/python3.12/site-packages/airflow/example_dags/example_display_name.py
[2025-06-08T14:53:19.481+0000] {processor.py:914} INFO - Processing file /home/airflow/.local/lib/python3.12/site-packages/airflow/example_dags/example_display_name.py for tasks to queue
[2025-06-08T14:53:19.483+0000] {logging_mixin.py:190} INFO - [2025-06-08T14:53:19.483+0000] {dagbag.py:588} INFO - Filling up the DagBag from /home/airflow/.local/lib/python3.12/site-packages/airflow/example_dags/example_display_name.py
[2025-06-08T14:53:19.489+0000] {processor.py:925} INFO - DAG(s) 'example_display_name' retrieved from /home/airflow/.local/lib/python3.12/site-packages/airflow/example_dags/example_display_name.py
[2025-06-08T14:53:19.510+0000] {logging_mixin.py:190} INFO - [2025-06-08T14:53:19.509+0000] {dag.py:3239} INFO - Sync 1 DAGs
[2025-06-08T14:53:19.522+0000] {logging_mixin.py:190} INFO - [2025-06-08T14:53:19.522+0000] {dag.py:4180} INFO - Setting next_dagrun for example_display_name to None, run_after=None
[2025-06-08T14:53:19.543+0000] {processor.py:208} INFO - Processing /home/airflow/.local/lib/python3.12/site-packages/airflow/example_dags/example_display_name.py took 0.068 seconds
[2025-06-08T14:53:49.822+0000] {processor.py:186} INFO - Started process (PID=179) to work on /home/airflow/.local/lib/python3.12/site-packages/airflow/example_dags/example_display_name.py
[2025-06-08T14:53:49.823+0000] {processor.py:914} INFO - Processing file /home/airflow/.local/lib/python3.12/site-packages/airflow/example_dags/example_display_name.py for tasks to queue
[2025-06-08T14:53:49.825+0000] {logging_mixin.py:190} INFO - [2025-06-08T14:53:49.825+0000] {dagbag.py:588} INFO - Filling up the DagBag from /home/airflow/.local/lib/python3.12/site-packages/airflow/example_dags/example_display_name.py
[2025-06-08T14:53:49.832+0000] {processor.py:925} INFO - DAG(s) 'example_display_name' retrieved from /home/airflow/.local/lib/python3.12/site-packages/airflow/example_dags/example_display_name.py
[2025-06-08T14:53:49.851+0000] {logging_mixin.py:190} INFO - [2025-06-08T14:53:49.851+0000] {dag.py:3239} INFO - Sync 1 DAGs
[2025-06-08T14:53:49.864+0000] {logging_mixin.py:190} INFO - [2025-06-08T14:53:49.863+0000] {dag.py:4180} INFO - Setting next_dagrun for example_display_name to None, run_after=None
[2025-06-08T14:53:49.882+0000] {processor.py:208} INFO - Processing /home/airflow/.local/lib/python3.12/site-packages/airflow/example_dags/example_display_name.py took 0.065 seconds
[2025-06-08T14:54:19.963+0000] {processor.py:186} INFO - Started process (PID=241) to work on /home/airflow/.local/lib/python3.12/site-packages/airflow/example_dags/example_display_name.py
[2025-06-08T14:54:19.964+0000] {processor.py:914} INFO - Processing file /home/airflow/.local/lib/python3.12/site-packages/airflow/example_dags/example_display_name.py for tasks to queue
[2025-06-08T14:54:19.966+0000] {logging_mixin.py:190} INFO - [2025-06-08T14:54:19.966+0000] {dagbag.py:588} INFO - Filling up the DagBag from /home/airflow/.local/lib/python3.12/site-packages/airflow/example_dags/example_display_name.py
[2025-06-08T14:54:19.972+0000] {processor.py:925} INFO - DAG(s) 'example_display_name' retrieved from /home/airflow/.local/lib/python3.12/site-packages/airflow/example_dags/example_display_name.py
[2025-06-08T14:54:19.988+0000] {logging_mixin.py:190} INFO - [2025-06-08T14:54:19.988+0000] {dag.py:3239} INFO - Sync 1 DAGs
[2025-06-08T14:54:20.000+0000] {logging_mixin.py:190} INFO - [2025-06-08T14:54:20.000+0000] {dag.py:4180} INFO - Setting next_dagrun for example_display_name to None, run_after=None
[2025-06-08T14:54:20.020+0000] {processor.py:208} INFO - Processing /home/airflow/.local/lib/python3.12/site-packages/airflow/example_dags/example_display_name.py took 0.061 seconds
[2025-06-08T14:54:50.975+0000] {processor.py:186} INFO - Started process (PID=310) to work on /home/airflow/.local/lib/python3.12/site-packages/airflow/example_dags/example_display_name.py
[2025-06-08T14:54:50.976+0000] {processor.py:914} INFO - Processing file /home/airflow/.local/lib/python3.12/site-packages/airflow/example_dags/example_display_name.py for tasks to queue
[2025-06-08T14:54:50.979+0000] {logging_mixin.py:190} INFO - [2025-06-08T14:54:50.978+0000] {dagbag.py:588} INFO - Filling up the DagBag from /home/airflow/.local/lib/python3.12/site-packages/airflow/example_dags/example_display_name.py
[2025-06-08T14:54:50.987+0000] {processor.py:925} INFO - DAG(s) 'example_display_name' retrieved from /home/airflow/.local/lib/python3.12/site-packages/airflow/example_dags/example_display_name.py
[2025-06-08T14:54:51.009+0000] {logging_mixin.py:190} INFO - [2025-06-08T14:54:51.008+0000] {dag.py:3239} INFO - Sync 1 DAGs
[2025-06-08T14:54:51.026+0000] {logging_mixin.py:190} INFO - [2025-06-08T14:54:51.026+0000] {dag.py:4180} INFO - Setting next_dagrun for example_display_name to None, run_after=None
[2025-06-08T14:54:51.046+0000] {processor.py:208} INFO - Processing /home/airflow/.local/lib/python3.12/site-packages/airflow/example_dags/example_display_name.py took 0.076 seconds
[2025-06-08T14:55:21.846+0000] {processor.py:186} INFO - Started process (PID=373) to work on /home/airflow/.local/lib/python3.12/site-packages/airflow/example_dags/example_display_name.py
[2025-06-08T14:55:21.847+0000] {processor.py:914} INFO - Processing file /home/airflow/.local/lib/python3.12/site-packages/airflow/example_dags/example_display_name.py for tasks to queue
[2025-06-08T14:55:21.850+0000] {logging_mixin.py:190} INFO - [2025-06-08T14:55:21.849+0000] {dagbag.py:588} INFO - Filling up the DagBag from /home/airflow/.local/lib/python3.12/site-packages/airflow/example_dags/example_display_name.py
[2025-06-08T14:55:21.856+0000] {processor.py:925} INFO - DAG(s) 'example_display_name' retrieved from /home/airflow/.local/lib/python3.12/site-packages/airflow/example_dags/example_display_name.py
[2025-06-08T14:55:21.873+0000] {logging_mixin.py:190} INFO - [2025-06-08T14:55:21.873+0000] {dag.py:3239} INFO - Sync 1 DAGs
[2025-06-08T14:55:21.886+0000] {logging_mixin.py:190} INFO - [2025-06-08T14:55:21.885+0000] {dag.py:4180} INFO - Setting next_dagrun for example_display_name to None, run_after=None
[2025-06-08T14:55:21.907+0000] {processor.py:208} INFO - Processing /home/airflow/.local/lib/python3.12/site-packages/airflow/example_dags/example_display_name.py took 0.065 seconds
[2025-06-08T14:55:52.115+0000] {processor.py:186} INFO - Started process (PID=436) to work on /home/airflow/.local/lib/python3.12/site-packages/airflow/example_dags/example_display_name.py
[2025-06-08T14:55:52.116+0000] {processor.py:914} INFO - Processing file /home/airflow/.local/lib/python3.12/site-packages/airflow/example_dags/example_display_name.py for tasks to queue
[2025-06-08T14:55:52.118+0000] {logging_mixin.py:190} INFO - [2025-06-08T14:55:52.118+0000] {dagbag.py:588} INFO - Filling up the DagBag from /home/airflow/.local/lib/python3.12/site-packages/airflow/example_dags/example_display_name.py
[2025-06-08T14:55:52.127+0000] {processor.py:925} INFO - DAG(s) 'example_display_name' retrieved from /home/airflow/.local/lib/python3.12/site-packages/airflow/example_dags/example_display_name.py
[2025-06-08T14:55:52.150+0000] {logging_mixin.py:190} INFO - [2025-06-08T14:55:52.150+0000] {dag.py:3239} INFO - Sync 1 DAGs
[2025-06-08T14:55:52.165+0000] {logging_mixin.py:190} INFO - [2025-06-08T14:55:52.164+0000] {dag.py:4180} INFO - Setting next_dagrun for example_display_name to None, run_after=None
[2025-06-08T14:55:52.187+0000] {processor.py:208} INFO - Processing /home/airflow/.local/lib/python3.12/site-packages/airflow/example_dags/example_display_name.py took 0.078 seconds
