[2025-06-08T14:52:52.517+0000] {processor.py:186} INFO - Started process (PID=90) to work on /home/airflow/.local/lib/python3.12/site-packages/airflow/example_dags/example_task_group_decorator.py
[2025-06-08T14:52:52.519+0000] {processor.py:914} INFO - Processing file /home/airflow/.local/lib/python3.12/site-packages/airflow/example_dags/example_task_group_decorator.py for tasks to queue
[2025-06-08T14:52:52.522+0000] {logging_mixin.py:190} INFO - [2025-06-08T14:52:52.522+0000] {dagbag.py:588} INFO - Filling up the DagBag from /home/airflow/.local/lib/python3.12/site-packages/airflow/example_dags/example_task_group_decorator.py
[2025-06-08T14:52:52.545+0000] {processor.py:925} INFO - DAG(s) 'example_task_group_decorator' retrieved from /home/airflow/.local/lib/python3.12/site-packages/airflow/example_dags/example_task_group_decorator.py
[2025-06-08T14:52:52.706+0000] {logging_mixin.py:190} INFO - [2025-06-08T14:52:52.705+0000] {override.py:1911} INFO - Created Permission View: can edit on DAG:example_task_group_decorator
[2025-06-08T14:52:52.720+0000] {logging_mixin.py:190} INFO - [2025-06-08T14:52:52.720+0000] {override.py:1911} INFO - Created Permission View: can read on DAG:example_task_group_decorator
[2025-06-08T14:52:52.732+0000] {logging_mixin.py:190} INFO - [2025-06-08T14:52:52.731+0000] {override.py:1911} INFO - Created Permission View: can delete on DAG:example_task_group_decorator
[2025-06-08T14:52:52.748+0000] {logging_mixin.py:190} INFO - [2025-06-08T14:52:52.747+0000] {override.py:1911} INFO - Created Permission View: can read on DAG Run:example_task_group_decorator
[2025-06-08T14:52:52.760+0000] {logging_mixin.py:190} INFO - [2025-06-08T14:52:52.760+0000] {override.py:1911} INFO - Created Permission View: can delete on DAG Run:example_task_group_decorator
[2025-06-08T14:52:52.770+0000] {logging_mixin.py:190} INFO - [2025-06-08T14:52:52.770+0000] {override.py:1911} INFO - Created Permission View: can create on DAG Run:example_task_group_decorator
[2025-06-08T14:52:52.782+0000] {logging_mixin.py:190} INFO - [2025-06-08T14:52:52.781+0000] {override.py:1911} INFO - Created Permission View: menu access on DAG Run:example_task_group_decorator
[2025-06-08T14:52:52.783+0000] {logging_mixin.py:190} INFO - [2025-06-08T14:52:52.783+0000] {dag.py:3239} INFO - Sync 1 DAGs
[2025-06-08T14:52:52.804+0000] {logging_mixin.py:190} INFO - [2025-06-08T14:52:52.803+0000] {dag.py:3262} INFO - Creating ORM DAG for example_task_group_decorator
[2025-06-08T14:52:52.805+0000] {logging_mixin.py:190} INFO - [2025-06-08T14:52:52.805+0000] {dag.py:4180} INFO - Setting next_dagrun for example_task_group_decorator to None, run_after=None
[2025-06-08T14:52:52.836+0000] {processor.py:208} INFO - Processing /home/airflow/.local/lib/python3.12/site-packages/airflow/example_dags/example_task_group_decorator.py took 0.327 seconds
[2025-06-08T14:53:23.150+0000] {processor.py:186} INFO - Started process (PID=152) to work on /home/airflow/.local/lib/python3.12/site-packages/airflow/example_dags/example_task_group_decorator.py
[2025-06-08T14:53:23.151+0000] {processor.py:914} INFO - Processing file /home/airflow/.local/lib/python3.12/site-packages/airflow/example_dags/example_task_group_decorator.py for tasks to queue
[2025-06-08T14:53:23.153+0000] {logging_mixin.py:190} INFO - [2025-06-08T14:53:23.152+0000] {dagbag.py:588} INFO - Filling up the DagBag from /home/airflow/.local/lib/python3.12/site-packages/airflow/example_dags/example_task_group_decorator.py
[2025-06-08T14:53:23.166+0000] {processor.py:925} INFO - DAG(s) 'example_task_group_decorator' retrieved from /home/airflow/.local/lib/python3.12/site-packages/airflow/example_dags/example_task_group_decorator.py
[2025-06-08T14:53:23.187+0000] {logging_mixin.py:190} INFO - [2025-06-08T14:53:23.187+0000] {dag.py:3239} INFO - Sync 1 DAGs
[2025-06-08T14:53:23.199+0000] {logging_mixin.py:190} INFO - [2025-06-08T14:53:23.199+0000] {dag.py:4180} INFO - Setting next_dagrun for example_task_group_decorator to None, run_after=None
[2025-06-08T14:53:23.214+0000] {processor.py:208} INFO - Processing /home/airflow/.local/lib/python3.12/site-packages/airflow/example_dags/example_task_group_decorator.py took 0.071 seconds
[2025-06-08T14:53:54.306+0000] {processor.py:186} INFO - Started process (PID=215) to work on /home/airflow/.local/lib/python3.12/site-packages/airflow/example_dags/example_task_group_decorator.py
[2025-06-08T14:53:54.308+0000] {processor.py:914} INFO - Processing file /home/airflow/.local/lib/python3.12/site-packages/airflow/example_dags/example_task_group_decorator.py for tasks to queue
[2025-06-08T14:53:54.311+0000] {logging_mixin.py:190} INFO - [2025-06-08T14:53:54.310+0000] {dagbag.py:588} INFO - Filling up the DagBag from /home/airflow/.local/lib/python3.12/site-packages/airflow/example_dags/example_task_group_decorator.py
[2025-06-08T14:53:54.326+0000] {processor.py:925} INFO - DAG(s) 'example_task_group_decorator' retrieved from /home/airflow/.local/lib/python3.12/site-packages/airflow/example_dags/example_task_group_decorator.py
[2025-06-08T14:53:54.354+0000] {logging_mixin.py:190} INFO - [2025-06-08T14:53:54.354+0000] {dag.py:3239} INFO - Sync 1 DAGs
[2025-06-08T14:53:54.371+0000] {logging_mixin.py:190} INFO - [2025-06-08T14:53:54.371+0000] {dag.py:4180} INFO - Setting next_dagrun for example_task_group_decorator to None, run_after=None
[2025-06-08T14:53:54.393+0000] {processor.py:208} INFO - Processing /home/airflow/.local/lib/python3.12/site-packages/airflow/example_dags/example_task_group_decorator.py took 0.092 seconds
[2025-06-08T14:54:24.933+0000] {processor.py:186} INFO - Started process (PID=278) to work on /home/airflow/.local/lib/python3.12/site-packages/airflow/example_dags/example_task_group_decorator.py
[2025-06-08T14:54:24.934+0000] {processor.py:914} INFO - Processing file /home/airflow/.local/lib/python3.12/site-packages/airflow/example_dags/example_task_group_decorator.py for tasks to queue
[2025-06-08T14:54:24.937+0000] {logging_mixin.py:190} INFO - [2025-06-08T14:54:24.936+0000] {dagbag.py:588} INFO - Filling up the DagBag from /home/airflow/.local/lib/python3.12/site-packages/airflow/example_dags/example_task_group_decorator.py
[2025-06-08T14:54:24.949+0000] {processor.py:925} INFO - DAG(s) 'example_task_group_decorator' retrieved from /home/airflow/.local/lib/python3.12/site-packages/airflow/example_dags/example_task_group_decorator.py
[2025-06-08T14:54:24.972+0000] {logging_mixin.py:190} INFO - [2025-06-08T14:54:24.972+0000] {dag.py:3239} INFO - Sync 1 DAGs
[2025-06-08T14:54:24.988+0000] {logging_mixin.py:190} INFO - [2025-06-08T14:54:24.988+0000] {dag.py:4180} INFO - Setting next_dagrun for example_task_group_decorator to None, run_after=None
[2025-06-08T14:54:25.030+0000] {processor.py:208} INFO - Processing /home/airflow/.local/lib/python3.12/site-packages/airflow/example_dags/example_task_group_decorator.py took 0.102 seconds
[2025-06-08T14:54:55.300+0000] {processor.py:186} INFO - Started process (PID=341) to work on /home/airflow/.local/lib/python3.12/site-packages/airflow/example_dags/example_task_group_decorator.py
[2025-06-08T14:54:55.301+0000] {processor.py:914} INFO - Processing file /home/airflow/.local/lib/python3.12/site-packages/airflow/example_dags/example_task_group_decorator.py for tasks to queue
[2025-06-08T14:54:55.303+0000] {logging_mixin.py:190} INFO - [2025-06-08T14:54:55.303+0000] {dagbag.py:588} INFO - Filling up the DagBag from /home/airflow/.local/lib/python3.12/site-packages/airflow/example_dags/example_task_group_decorator.py
[2025-06-08T14:54:55.317+0000] {processor.py:925} INFO - DAG(s) 'example_task_group_decorator' retrieved from /home/airflow/.local/lib/python3.12/site-packages/airflow/example_dags/example_task_group_decorator.py
[2025-06-08T14:54:55.349+0000] {logging_mixin.py:190} INFO - [2025-06-08T14:54:55.348+0000] {dag.py:3239} INFO - Sync 1 DAGs
[2025-06-08T14:54:55.371+0000] {logging_mixin.py:190} INFO - [2025-06-08T14:54:55.370+0000] {dag.py:4180} INFO - Setting next_dagrun for example_task_group_decorator to None, run_after=None
[2025-06-08T14:54:55.395+0000] {processor.py:208} INFO - Processing /home/airflow/.local/lib/python3.12/site-packages/airflow/example_dags/example_task_group_decorator.py took 0.102 seconds
[2025-06-08T14:55:27.841+0000] {processor.py:186} INFO - Started process (PID=404) to work on /home/airflow/.local/lib/python3.12/site-packages/airflow/example_dags/example_task_group_decorator.py
[2025-06-08T14:55:27.842+0000] {processor.py:914} INFO - Processing file /home/airflow/.local/lib/python3.12/site-packages/airflow/example_dags/example_task_group_decorator.py for tasks to queue
[2025-06-08T14:55:27.845+0000] {logging_mixin.py:190} INFO - [2025-06-08T14:55:27.844+0000] {dagbag.py:588} INFO - Filling up the DagBag from /home/airflow/.local/lib/python3.12/site-packages/airflow/example_dags/example_task_group_decorator.py
[2025-06-08T14:55:27.866+0000] {processor.py:925} INFO - DAG(s) 'example_task_group_decorator' retrieved from /home/airflow/.local/lib/python3.12/site-packages/airflow/example_dags/example_task_group_decorator.py
[2025-06-08T14:55:27.898+0000] {logging_mixin.py:190} INFO - [2025-06-08T14:55:27.897+0000] {dag.py:3239} INFO - Sync 1 DAGs
[2025-06-08T14:55:27.915+0000] {logging_mixin.py:190} INFO - [2025-06-08T14:55:27.914+0000] {dag.py:4180} INFO - Setting next_dagrun for example_task_group_decorator to None, run_after=None
[2025-06-08T14:55:27.940+0000] {processor.py:208} INFO - Processing /home/airflow/.local/lib/python3.12/site-packages/airflow/example_dags/example_task_group_decorator.py took 0.106 seconds
[2025-06-08T14:55:58.057+0000] {processor.py:186} INFO - Started process (PID=467) to work on /home/airflow/.local/lib/python3.12/site-packages/airflow/example_dags/example_task_group_decorator.py
[2025-06-08T14:55:58.058+0000] {processor.py:914} INFO - Processing file /home/airflow/.local/lib/python3.12/site-packages/airflow/example_dags/example_task_group_decorator.py for tasks to queue
[2025-06-08T14:55:58.063+0000] {logging_mixin.py:190} INFO - [2025-06-08T14:55:58.062+0000] {dagbag.py:588} INFO - Filling up the DagBag from /home/airflow/.local/lib/python3.12/site-packages/airflow/example_dags/example_task_group_decorator.py
[2025-06-08T14:55:58.089+0000] {processor.py:925} INFO - DAG(s) 'example_task_group_decorator' retrieved from /home/airflow/.local/lib/python3.12/site-packages/airflow/example_dags/example_task_group_decorator.py
[2025-06-08T14:55:58.139+0000] {logging_mixin.py:190} INFO - [2025-06-08T14:55:58.139+0000] {dag.py:3239} INFO - Sync 1 DAGs
[2025-06-08T14:55:58.162+0000] {logging_mixin.py:190} INFO - [2025-06-08T14:55:58.161+0000] {dag.py:4180} INFO - Setting next_dagrun for example_task_group_decorator to None, run_after=None
[2025-06-08T14:55:58.190+0000] {processor.py:208} INFO - Processing /home/airflow/.local/lib/python3.12/site-packages/airflow/example_dags/example_task_group_decorator.py took 0.141 seconds
