[2025-06-08T14:52:53.682+0000] {processor.py:186} INFO - Started process (PID=93) to work on /home/airflow/.local/lib/python3.12/site-packages/airflow/example_dags/example_setup_teardown.py
[2025-06-08T14:52:53.683+0000] {processor.py:914} INFO - Processing file /home/airflow/.local/lib/python3.12/site-packages/airflow/example_dags/example_setup_teardown.py for tasks to queue
[2025-06-08T14:52:53.685+0000] {logging_mixin.py:190} INFO - [2025-06-08T14:52:53.685+0000] {dagbag.py:588} INFO - Filling up the DagBag from /home/airflow/.local/lib/python3.12/site-packages/airflow/example_dags/example_setup_teardown.py
[2025-06-08T14:52:53.695+0000] {processor.py:925} INFO - DAG(s) 'example_setup_teardown' retrieved from /home/airflow/.local/lib/python3.12/site-packages/airflow/example_dags/example_setup_teardown.py
[2025-06-08T14:52:53.794+0000] {logging_mixin.py:190} INFO - [2025-06-08T14:52:53.793+0000] {override.py:1911} INFO - Created Permission View: can edit on DAG:example_setup_teardown
[2025-06-08T14:52:53.803+0000] {logging_mixin.py:190} INFO - [2025-06-08T14:52:53.803+0000] {override.py:1911} INFO - Created Permission View: can read on DAG:example_setup_teardown
[2025-06-08T14:52:53.810+0000] {logging_mixin.py:190} INFO - [2025-06-08T14:52:53.809+0000] {override.py:1911} INFO - Created Permission View: can delete on DAG:example_setup_teardown
[2025-06-08T14:52:53.817+0000] {logging_mixin.py:190} INFO - [2025-06-08T14:52:53.817+0000] {override.py:1911} INFO - Created Permission View: can read on DAG Run:example_setup_teardown
[2025-06-08T14:52:53.823+0000] {logging_mixin.py:190} INFO - [2025-06-08T14:52:53.823+0000] {override.py:1911} INFO - Created Permission View: can delete on DAG Run:example_setup_teardown
[2025-06-08T14:52:53.828+0000] {logging_mixin.py:190} INFO - [2025-06-08T14:52:53.828+0000] {override.py:1911} INFO - Created Permission View: can create on DAG Run:example_setup_teardown
[2025-06-08T14:52:53.833+0000] {logging_mixin.py:190} INFO - [2025-06-08T14:52:53.833+0000] {override.py:1911} INFO - Created Permission View: menu access on DAG Run:example_setup_teardown
[2025-06-08T14:52:53.834+0000] {logging_mixin.py:190} INFO - [2025-06-08T14:52:53.834+0000] {dag.py:3239} INFO - Sync 1 DAGs
[2025-06-08T14:52:53.844+0000] {logging_mixin.py:190} INFO - [2025-06-08T14:52:53.843+0000] {dag.py:3262} INFO - Creating ORM DAG for example_setup_teardown
[2025-06-08T14:52:53.845+0000] {logging_mixin.py:190} INFO - [2025-06-08T14:52:53.844+0000] {dag.py:4180} INFO - Setting next_dagrun for example_setup_teardown to None, run_after=None
[2025-06-08T14:52:53.857+0000] {processor.py:208} INFO - Processing /home/airflow/.local/lib/python3.12/site-packages/airflow/example_dags/example_setup_teardown.py took 0.181 seconds
[2025-06-08T14:53:24.427+0000] {processor.py:186} INFO - Started process (PID=156) to work on /home/airflow/.local/lib/python3.12/site-packages/airflow/example_dags/example_setup_teardown.py
[2025-06-08T14:53:24.428+0000] {processor.py:914} INFO - Processing file /home/airflow/.local/lib/python3.12/site-packages/airflow/example_dags/example_setup_teardown.py for tasks to queue
[2025-06-08T14:53:24.431+0000] {logging_mixin.py:190} INFO - [2025-06-08T14:53:24.430+0000] {dagbag.py:588} INFO - Filling up the DagBag from /home/airflow/.local/lib/python3.12/site-packages/airflow/example_dags/example_setup_teardown.py
[2025-06-08T14:53:24.440+0000] {processor.py:925} INFO - DAG(s) 'example_setup_teardown' retrieved from /home/airflow/.local/lib/python3.12/site-packages/airflow/example_dags/example_setup_teardown.py
[2025-06-08T14:53:24.462+0000] {logging_mixin.py:190} INFO - [2025-06-08T14:53:24.462+0000] {dag.py:3239} INFO - Sync 1 DAGs
[2025-06-08T14:53:24.478+0000] {logging_mixin.py:190} INFO - [2025-06-08T14:53:24.478+0000] {dag.py:4180} INFO - Setting next_dagrun for example_setup_teardown to None, run_after=None
[2025-06-08T14:53:24.499+0000] {processor.py:208} INFO - Processing /home/airflow/.local/lib/python3.12/site-packages/airflow/example_dags/example_setup_teardown.py took 0.078 seconds
[2025-06-08T14:53:54.637+0000] {processor.py:186} INFO - Started process (PID=218) to work on /home/airflow/.local/lib/python3.12/site-packages/airflow/example_dags/example_setup_teardown.py
[2025-06-08T14:53:54.638+0000] {processor.py:914} INFO - Processing file /home/airflow/.local/lib/python3.12/site-packages/airflow/example_dags/example_setup_teardown.py for tasks to queue
[2025-06-08T14:53:54.640+0000] {logging_mixin.py:190} INFO - [2025-06-08T14:53:54.640+0000] {dagbag.py:588} INFO - Filling up the DagBag from /home/airflow/.local/lib/python3.12/site-packages/airflow/example_dags/example_setup_teardown.py
[2025-06-08T14:53:54.648+0000] {processor.py:925} INFO - DAG(s) 'example_setup_teardown' retrieved from /home/airflow/.local/lib/python3.12/site-packages/airflow/example_dags/example_setup_teardown.py
[2025-06-08T14:53:54.667+0000] {logging_mixin.py:190} INFO - [2025-06-08T14:53:54.667+0000] {dag.py:3239} INFO - Sync 1 DAGs
[2025-06-08T14:53:54.679+0000] {logging_mixin.py:190} INFO - [2025-06-08T14:53:54.679+0000] {dag.py:4180} INFO - Setting next_dagrun for example_setup_teardown to None, run_after=None
[2025-06-08T14:53:54.698+0000] {processor.py:208} INFO - Processing /home/airflow/.local/lib/python3.12/site-packages/airflow/example_dags/example_setup_teardown.py took 0.065 seconds
[2025-06-08T14:54:25.267+0000] {processor.py:186} INFO - Started process (PID=281) to work on /home/airflow/.local/lib/python3.12/site-packages/airflow/example_dags/example_setup_teardown.py
[2025-06-08T14:54:25.269+0000] {processor.py:914} INFO - Processing file /home/airflow/.local/lib/python3.12/site-packages/airflow/example_dags/example_setup_teardown.py for tasks to queue
[2025-06-08T14:54:25.271+0000] {logging_mixin.py:190} INFO - [2025-06-08T14:54:25.271+0000] {dagbag.py:588} INFO - Filling up the DagBag from /home/airflow/.local/lib/python3.12/site-packages/airflow/example_dags/example_setup_teardown.py
[2025-06-08T14:54:25.279+0000] {processor.py:925} INFO - DAG(s) 'example_setup_teardown' retrieved from /home/airflow/.local/lib/python3.12/site-packages/airflow/example_dags/example_setup_teardown.py
[2025-06-08T14:54:25.298+0000] {logging_mixin.py:190} INFO - [2025-06-08T14:54:25.297+0000] {dag.py:3239} INFO - Sync 1 DAGs
[2025-06-08T14:54:25.313+0000] {logging_mixin.py:190} INFO - [2025-06-08T14:54:25.312+0000] {dag.py:4180} INFO - Setting next_dagrun for example_setup_teardown to None, run_after=None
[2025-06-08T14:54:25.331+0000] {processor.py:208} INFO - Processing /home/airflow/.local/lib/python3.12/site-packages/airflow/example_dags/example_setup_teardown.py took 0.068 seconds
[2025-06-08T14:54:55.484+0000] {processor.py:186} INFO - Started process (PID=344) to work on /home/airflow/.local/lib/python3.12/site-packages/airflow/example_dags/example_setup_teardown.py
[2025-06-08T14:54:55.485+0000] {processor.py:914} INFO - Processing file /home/airflow/.local/lib/python3.12/site-packages/airflow/example_dags/example_setup_teardown.py for tasks to queue
[2025-06-08T14:54:55.487+0000] {logging_mixin.py:190} INFO - [2025-06-08T14:54:55.487+0000] {dagbag.py:588} INFO - Filling up the DagBag from /home/airflow/.local/lib/python3.12/site-packages/airflow/example_dags/example_setup_teardown.py
[2025-06-08T14:54:55.495+0000] {processor.py:925} INFO - DAG(s) 'example_setup_teardown' retrieved from /home/airflow/.local/lib/python3.12/site-packages/airflow/example_dags/example_setup_teardown.py
[2025-06-08T14:54:55.513+0000] {logging_mixin.py:190} INFO - [2025-06-08T14:54:55.513+0000] {dag.py:3239} INFO - Sync 1 DAGs
[2025-06-08T14:54:55.527+0000] {logging_mixin.py:190} INFO - [2025-06-08T14:54:55.527+0000] {dag.py:4180} INFO - Setting next_dagrun for example_setup_teardown to None, run_after=None
[2025-06-08T14:54:55.546+0000] {processor.py:208} INFO - Processing /home/airflow/.local/lib/python3.12/site-packages/airflow/example_dags/example_setup_teardown.py took 0.067 seconds
[2025-06-08T14:55:28.030+0000] {processor.py:186} INFO - Started process (PID=407) to work on /home/airflow/.local/lib/python3.12/site-packages/airflow/example_dags/example_setup_teardown.py
[2025-06-08T14:55:28.031+0000] {processor.py:914} INFO - Processing file /home/airflow/.local/lib/python3.12/site-packages/airflow/example_dags/example_setup_teardown.py for tasks to queue
[2025-06-08T14:55:28.033+0000] {logging_mixin.py:190} INFO - [2025-06-08T14:55:28.033+0000] {dagbag.py:588} INFO - Filling up the DagBag from /home/airflow/.local/lib/python3.12/site-packages/airflow/example_dags/example_setup_teardown.py
[2025-06-08T14:55:28.043+0000] {processor.py:925} INFO - DAG(s) 'example_setup_teardown' retrieved from /home/airflow/.local/lib/python3.12/site-packages/airflow/example_dags/example_setup_teardown.py
[2025-06-08T14:55:28.066+0000] {logging_mixin.py:190} INFO - [2025-06-08T14:55:28.066+0000] {dag.py:3239} INFO - Sync 1 DAGs
[2025-06-08T14:55:28.079+0000] {logging_mixin.py:190} INFO - [2025-06-08T14:55:28.079+0000] {dag.py:4180} INFO - Setting next_dagrun for example_setup_teardown to None, run_after=None
[2025-06-08T14:55:28.115+0000] {processor.py:208} INFO - Processing /home/airflow/.local/lib/python3.12/site-packages/airflow/example_dags/example_setup_teardown.py took 0.093 seconds
[2025-06-08T14:55:58.339+0000] {processor.py:186} INFO - Started process (PID=470) to work on /home/airflow/.local/lib/python3.12/site-packages/airflow/example_dags/example_setup_teardown.py
[2025-06-08T14:55:58.340+0000] {processor.py:914} INFO - Processing file /home/airflow/.local/lib/python3.12/site-packages/airflow/example_dags/example_setup_teardown.py for tasks to queue
[2025-06-08T14:55:58.343+0000] {logging_mixin.py:190} INFO - [2025-06-08T14:55:58.342+0000] {dagbag.py:588} INFO - Filling up the DagBag from /home/airflow/.local/lib/python3.12/site-packages/airflow/example_dags/example_setup_teardown.py
[2025-06-08T14:55:58.355+0000] {processor.py:925} INFO - DAG(s) 'example_setup_teardown' retrieved from /home/airflow/.local/lib/python3.12/site-packages/airflow/example_dags/example_setup_teardown.py
[2025-06-08T14:55:58.382+0000] {logging_mixin.py:190} INFO - [2025-06-08T14:55:58.381+0000] {dag.py:3239} INFO - Sync 1 DAGs
[2025-06-08T14:55:58.397+0000] {logging_mixin.py:190} INFO - [2025-06-08T14:55:58.397+0000] {dag.py:4180} INFO - Setting next_dagrun for example_setup_teardown to None, run_after=None
[2025-06-08T14:55:58.420+0000] {processor.py:208} INFO - Processing /home/airflow/.local/lib/python3.12/site-packages/airflow/example_dags/example_setup_teardown.py took 0.088 seconds
