[2025-06-08T14:52:30.895+0000] {processor.py:186} INFO - Started process (PID=79) to work on /home/airflow/.local/lib/python3.12/site-packages/airflow/example_dags/example_sensor_decorator.py
[2025-06-08T14:52:30.896+0000] {processor.py:914} INFO - Processing file /home/airflow/.local/lib/python3.12/site-packages/airflow/example_dags/example_sensor_decorator.py for tasks to queue
[2025-06-08T14:52:30.899+0000] {logging_mixin.py:190} INFO - [2025-06-08T14:52:30.899+0000] {dagbag.py:588} INFO - Filling up the DagBag from /home/airflow/.local/lib/python3.12/site-packages/airflow/example_dags/example_sensor_decorator.py
[2025-06-08T14:52:30.909+0000] {processor.py:925} INFO - DAG(s) 'example_sensor_decorator' retrieved from /home/airflow/.local/lib/python3.12/site-packages/airflow/example_dags/example_sensor_decorator.py
[2025-06-08T14:52:31.012+0000] {logging_mixin.py:190} INFO - [2025-06-08T14:52:31.011+0000] {override.py:1911} INFO - Created Permission View: can read on DAG:example_sensor_decorator
[2025-06-08T14:52:31.024+0000] {logging_mixin.py:190} INFO - [2025-06-08T14:52:31.024+0000] {override.py:1911} INFO - Created Permission View: can delete on DAG:example_sensor_decorator
[2025-06-08T14:52:31.031+0000] {logging_mixin.py:190} INFO - [2025-06-08T14:52:31.031+0000] {override.py:1911} INFO - Created Permission View: can edit on DAG:example_sensor_decorator
[2025-06-08T14:52:31.038+0000] {logging_mixin.py:190} INFO - [2025-06-08T14:52:31.038+0000] {override.py:1911} INFO - Created Permission View: can create on DAG Run:example_sensor_decorator
[2025-06-08T14:52:31.045+0000] {logging_mixin.py:190} INFO - [2025-06-08T14:52:31.044+0000] {override.py:1911} INFO - Created Permission View: menu access on DAG Run:example_sensor_decorator
[2025-06-08T14:52:31.051+0000] {logging_mixin.py:190} INFO - [2025-06-08T14:52:31.051+0000] {override.py:1911} INFO - Created Permission View: can read on DAG Run:example_sensor_decorator
[2025-06-08T14:52:31.058+0000] {logging_mixin.py:190} INFO - [2025-06-08T14:52:31.057+0000] {override.py:1911} INFO - Created Permission View: can delete on DAG Run:example_sensor_decorator
[2025-06-08T14:52:31.059+0000] {logging_mixin.py:190} INFO - [2025-06-08T14:52:31.058+0000] {dag.py:3239} INFO - Sync 1 DAGs
[2025-06-08T14:52:31.072+0000] {logging_mixin.py:190} INFO - [2025-06-08T14:52:31.072+0000] {dag.py:3262} INFO - Creating ORM DAG for example_sensor_decorator
[2025-06-08T14:52:31.074+0000] {logging_mixin.py:190} INFO - [2025-06-08T14:52:31.073+0000] {dag.py:4180} INFO - Setting next_dagrun for example_sensor_decorator to None, run_after=None
[2025-06-08T14:52:31.096+0000] {processor.py:208} INFO - Processing /home/airflow/.local/lib/python3.12/site-packages/airflow/example_dags/example_sensor_decorator.py took 0.207 seconds
[2025-06-08T14:52:49.068+0000] {processor.py:186} INFO - Started process (PID=59) to work on /home/airflow/.local/lib/python3.12/site-packages/airflow/example_dags/example_sensor_decorator.py
[2025-06-08T14:52:49.069+0000] {processor.py:914} INFO - Processing file /home/airflow/.local/lib/python3.12/site-packages/airflow/example_dags/example_sensor_decorator.py for tasks to queue
[2025-06-08T14:52:49.072+0000] {logging_mixin.py:190} INFO - [2025-06-08T14:52:49.072+0000] {dagbag.py:588} INFO - Filling up the DagBag from /home/airflow/.local/lib/python3.12/site-packages/airflow/example_dags/example_sensor_decorator.py
[2025-06-08T14:52:49.080+0000] {processor.py:925} INFO - DAG(s) 'example_sensor_decorator' retrieved from /home/airflow/.local/lib/python3.12/site-packages/airflow/example_dags/example_sensor_decorator.py
[2025-06-08T14:52:49.092+0000] {logging_mixin.py:190} INFO - [2025-06-08T14:52:49.092+0000] {dag.py:3239} INFO - Sync 1 DAGs
[2025-06-08T14:52:49.107+0000] {logging_mixin.py:190} INFO - [2025-06-08T14:52:49.107+0000] {dag.py:4180} INFO - Setting next_dagrun for example_sensor_decorator to None, run_after=None
[2025-06-08T14:52:49.124+0000] {processor.py:208} INFO - Processing /home/airflow/.local/lib/python3.12/site-packages/airflow/example_dags/example_sensor_decorator.py took 0.062 seconds
[2025-06-08T14:53:20.192+0000] {processor.py:186} INFO - Started process (PID=128) to work on /home/airflow/.local/lib/python3.12/site-packages/airflow/example_dags/example_sensor_decorator.py
[2025-06-08T14:53:20.194+0000] {processor.py:914} INFO - Processing file /home/airflow/.local/lib/python3.12/site-packages/airflow/example_dags/example_sensor_decorator.py for tasks to queue
[2025-06-08T14:53:20.201+0000] {logging_mixin.py:190} INFO - [2025-06-08T14:53:20.198+0000] {dagbag.py:588} INFO - Filling up the DagBag from /home/airflow/.local/lib/python3.12/site-packages/airflow/example_dags/example_sensor_decorator.py
[2025-06-08T14:53:20.218+0000] {processor.py:925} INFO - DAG(s) 'example_sensor_decorator' retrieved from /home/airflow/.local/lib/python3.12/site-packages/airflow/example_dags/example_sensor_decorator.py
[2025-06-08T14:53:20.253+0000] {logging_mixin.py:190} INFO - [2025-06-08T14:53:20.252+0000] {dag.py:3239} INFO - Sync 1 DAGs
[2025-06-08T14:53:20.281+0000] {logging_mixin.py:190} INFO - [2025-06-08T14:53:20.280+0000] {dag.py:4180} INFO - Setting next_dagrun for example_sensor_decorator to None, run_after=None
[2025-06-08T14:53:20.363+0000] {processor.py:208} INFO - Processing /home/airflow/.local/lib/python3.12/site-packages/airflow/example_dags/example_sensor_decorator.py took 0.184 seconds
[2025-06-08T14:53:51.355+0000] {processor.py:186} INFO - Started process (PID=191) to work on /home/airflow/.local/lib/python3.12/site-packages/airflow/example_dags/example_sensor_decorator.py
[2025-06-08T14:53:51.356+0000] {processor.py:914} INFO - Processing file /home/airflow/.local/lib/python3.12/site-packages/airflow/example_dags/example_sensor_decorator.py for tasks to queue
[2025-06-08T14:53:51.358+0000] {logging_mixin.py:190} INFO - [2025-06-08T14:53:51.358+0000] {dagbag.py:588} INFO - Filling up the DagBag from /home/airflow/.local/lib/python3.12/site-packages/airflow/example_dags/example_sensor_decorator.py
[2025-06-08T14:53:51.366+0000] {processor.py:925} INFO - DAG(s) 'example_sensor_decorator' retrieved from /home/airflow/.local/lib/python3.12/site-packages/airflow/example_dags/example_sensor_decorator.py
[2025-06-08T14:53:51.382+0000] {logging_mixin.py:190} INFO - [2025-06-08T14:53:51.382+0000] {dag.py:3239} INFO - Sync 1 DAGs
[2025-06-08T14:53:51.398+0000] {logging_mixin.py:190} INFO - [2025-06-08T14:53:51.398+0000] {dag.py:4180} INFO - Setting next_dagrun for example_sensor_decorator to None, run_after=None
[2025-06-08T14:53:51.415+0000] {processor.py:208} INFO - Processing /home/airflow/.local/lib/python3.12/site-packages/airflow/example_dags/example_sensor_decorator.py took 0.066 seconds
[2025-06-08T14:54:21.463+0000] {processor.py:186} INFO - Started process (PID=253) to work on /home/airflow/.local/lib/python3.12/site-packages/airflow/example_dags/example_sensor_decorator.py
[2025-06-08T14:54:21.464+0000] {processor.py:914} INFO - Processing file /home/airflow/.local/lib/python3.12/site-packages/airflow/example_dags/example_sensor_decorator.py for tasks to queue
[2025-06-08T14:54:21.466+0000] {logging_mixin.py:190} INFO - [2025-06-08T14:54:21.465+0000] {dagbag.py:588} INFO - Filling up the DagBag from /home/airflow/.local/lib/python3.12/site-packages/airflow/example_dags/example_sensor_decorator.py
[2025-06-08T14:54:21.472+0000] {processor.py:925} INFO - DAG(s) 'example_sensor_decorator' retrieved from /home/airflow/.local/lib/python3.12/site-packages/airflow/example_dags/example_sensor_decorator.py
[2025-06-08T14:54:21.488+0000] {logging_mixin.py:190} INFO - [2025-06-08T14:54:21.488+0000] {dag.py:3239} INFO - Sync 1 DAGs
[2025-06-08T14:54:21.500+0000] {logging_mixin.py:190} INFO - [2025-06-08T14:54:21.499+0000] {dag.py:4180} INFO - Setting next_dagrun for example_sensor_decorator to None, run_after=None
[2025-06-08T14:54:21.519+0000] {processor.py:208} INFO - Processing /home/airflow/.local/lib/python3.12/site-packages/airflow/example_dags/example_sensor_decorator.py took 0.061 seconds
[2025-06-08T14:54:51.877+0000] {processor.py:186} INFO - Started process (PID=316) to work on /home/airflow/.local/lib/python3.12/site-packages/airflow/example_dags/example_sensor_decorator.py
[2025-06-08T14:54:51.878+0000] {processor.py:914} INFO - Processing file /home/airflow/.local/lib/python3.12/site-packages/airflow/example_dags/example_sensor_decorator.py for tasks to queue
[2025-06-08T14:54:51.880+0000] {logging_mixin.py:190} INFO - [2025-06-08T14:54:51.880+0000] {dagbag.py:588} INFO - Filling up the DagBag from /home/airflow/.local/lib/python3.12/site-packages/airflow/example_dags/example_sensor_decorator.py
[2025-06-08T14:54:51.888+0000] {processor.py:925} INFO - DAG(s) 'example_sensor_decorator' retrieved from /home/airflow/.local/lib/python3.12/site-packages/airflow/example_dags/example_sensor_decorator.py
[2025-06-08T14:54:51.905+0000] {logging_mixin.py:190} INFO - [2025-06-08T14:54:51.905+0000] {dag.py:3239} INFO - Sync 1 DAGs
[2025-06-08T14:54:51.919+0000] {logging_mixin.py:190} INFO - [2025-06-08T14:54:51.919+0000] {dag.py:4180} INFO - Setting next_dagrun for example_sensor_decorator to None, run_after=None
[2025-06-08T14:54:51.938+0000] {processor.py:208} INFO - Processing /home/airflow/.local/lib/python3.12/site-packages/airflow/example_dags/example_sensor_decorator.py took 0.066 seconds
[2025-06-08T14:55:22.229+0000] {processor.py:186} INFO - Started process (PID=379) to work on /home/airflow/.local/lib/python3.12/site-packages/airflow/example_dags/example_sensor_decorator.py
[2025-06-08T14:55:22.230+0000] {processor.py:914} INFO - Processing file /home/airflow/.local/lib/python3.12/site-packages/airflow/example_dags/example_sensor_decorator.py for tasks to queue
[2025-06-08T14:55:22.232+0000] {logging_mixin.py:190} INFO - [2025-06-08T14:55:22.232+0000] {dagbag.py:588} INFO - Filling up the DagBag from /home/airflow/.local/lib/python3.12/site-packages/airflow/example_dags/example_sensor_decorator.py
[2025-06-08T14:55:22.239+0000] {processor.py:925} INFO - DAG(s) 'example_sensor_decorator' retrieved from /home/airflow/.local/lib/python3.12/site-packages/airflow/example_dags/example_sensor_decorator.py
[2025-06-08T14:55:22.256+0000] {logging_mixin.py:190} INFO - [2025-06-08T14:55:22.255+0000] {dag.py:3239} INFO - Sync 1 DAGs
[2025-06-08T14:55:22.270+0000] {logging_mixin.py:190} INFO - [2025-06-08T14:55:22.270+0000] {dag.py:4180} INFO - Setting next_dagrun for example_sensor_decorator to None, run_after=None
[2025-06-08T14:55:22.290+0000] {processor.py:208} INFO - Processing /home/airflow/.local/lib/python3.12/site-packages/airflow/example_dags/example_sensor_decorator.py took 0.065 seconds
[2025-06-08T14:55:52.501+0000] {processor.py:186} INFO - Started process (PID=441) to work on /home/airflow/.local/lib/python3.12/site-packages/airflow/example_dags/example_sensor_decorator.py
[2025-06-08T14:55:52.502+0000] {processor.py:914} INFO - Processing file /home/airflow/.local/lib/python3.12/site-packages/airflow/example_dags/example_sensor_decorator.py for tasks to queue
[2025-06-08T14:55:52.504+0000] {logging_mixin.py:190} INFO - [2025-06-08T14:55:52.504+0000] {dagbag.py:588} INFO - Filling up the DagBag from /home/airflow/.local/lib/python3.12/site-packages/airflow/example_dags/example_sensor_decorator.py
[2025-06-08T14:55:52.512+0000] {processor.py:925} INFO - DAG(s) 'example_sensor_decorator' retrieved from /home/airflow/.local/lib/python3.12/site-packages/airflow/example_dags/example_sensor_decorator.py
[2025-06-08T14:55:52.529+0000] {logging_mixin.py:190} INFO - [2025-06-08T14:55:52.528+0000] {dag.py:3239} INFO - Sync 1 DAGs
[2025-06-08T14:55:52.540+0000] {logging_mixin.py:190} INFO - [2025-06-08T14:55:52.540+0000] {dag.py:4180} INFO - Setting next_dagrun for example_sensor_decorator to None, run_after=None
[2025-06-08T14:55:52.555+0000] {processor.py:208} INFO - Processing /home/airflow/.local/lib/python3.12/site-packages/airflow/example_dags/example_sensor_decorator.py took 0.059 seconds
