[2025-06-08T14:52:27.726+0000] {processor.py:186} INFO - Started process (PID=73) to work on /home/airflow/.local/lib/python3.12/site-packages/airflow/example_dags/example_datasets.py
[2025-06-08T14:52:27.728+0000] {processor.py:914} INFO - Processing file /home/airflow/.local/lib/python3.12/site-packages/airflow/example_dags/example_datasets.py for tasks to queue
[2025-06-08T14:52:27.732+0000] {logging_mixin.py:190} INFO - [2025-06-08T14:52:27.732+0000] {dagbag.py:588} INFO - Filling up the DagBag from /home/airflow/.local/lib/python3.12/site-packages/airflow/example_dags/example_datasets.py
[2025-06-08T14:52:29.619+0000] {processor.py:925} INFO - DAG(s) 'consume_1_or_2_with_dataset_expressions', 'dataset_produces_1', 'dataset_consumes_1_and_2', 'consume_1_or_both_2_and_3_with_dataset_expressions', 'conditional_dataset_and_time_based_timetable', 'dataset_consumes_1', 'dataset_consumes_unknown_never_scheduled', 'consume_1_and_2_with_dataset_expressions', 'dataset_consumes_1_never_scheduled', 'dataset_produces_2' retrieved from /home/airflow/.local/lib/python3.12/site-packages/airflow/example_dags/example_datasets.py
[2025-06-08T14:52:29.742+0000] {logging_mixin.py:190} INFO - [2025-06-08T14:52:29.741+0000] {override.py:1911} INFO - Created Permission View: can read on DAG:consume_1_or_2_with_dataset_expressions
[2025-06-08T14:52:29.753+0000] {logging_mixin.py:190} INFO - [2025-06-08T14:52:29.753+0000] {override.py:1911} INFO - Created Permission View: can delete on DAG:consume_1_or_2_with_dataset_expressions
[2025-06-08T14:52:29.760+0000] {logging_mixin.py:190} INFO - [2025-06-08T14:52:29.760+0000] {override.py:1911} INFO - Created Permission View: can edit on DAG:consume_1_or_2_with_dataset_expressions
[2025-06-08T14:52:29.768+0000] {logging_mixin.py:190} INFO - [2025-06-08T14:52:29.767+0000] {override.py:1911} INFO - Created Permission View: can create on DAG Run:consume_1_or_2_with_dataset_expressions
[2025-06-08T14:52:29.774+0000] {logging_mixin.py:190} INFO - [2025-06-08T14:52:29.774+0000] {override.py:1911} INFO - Created Permission View: menu access on DAG Run:consume_1_or_2_with_dataset_expressions
[2025-06-08T14:52:29.781+0000] {logging_mixin.py:190} INFO - [2025-06-08T14:52:29.780+0000] {override.py:1911} INFO - Created Permission View: can read on DAG Run:consume_1_or_2_with_dataset_expressions
[2025-06-08T14:52:29.788+0000] {logging_mixin.py:190} INFO - [2025-06-08T14:52:29.788+0000] {override.py:1911} INFO - Created Permission View: can delete on DAG Run:consume_1_or_2_with_dataset_expressions
[2025-06-08T14:52:29.802+0000] {logging_mixin.py:190} INFO - [2025-06-08T14:52:29.802+0000] {override.py:1911} INFO - Created Permission View: can read on DAG:dataset_produces_1
[2025-06-08T14:52:29.810+0000] {logging_mixin.py:190} INFO - [2025-06-08T14:52:29.809+0000] {override.py:1911} INFO - Created Permission View: can delete on DAG:dataset_produces_1
[2025-06-08T14:52:29.817+0000] {logging_mixin.py:190} INFO - [2025-06-08T14:52:29.817+0000] {override.py:1911} INFO - Created Permission View: can edit on DAG:dataset_produces_1
[2025-06-08T14:52:29.828+0000] {logging_mixin.py:190} INFO - [2025-06-08T14:52:29.828+0000] {override.py:1911} INFO - Created Permission View: can create on DAG Run:dataset_produces_1
[2025-06-08T14:52:29.838+0000] {logging_mixin.py:190} INFO - [2025-06-08T14:52:29.837+0000] {override.py:1911} INFO - Created Permission View: menu access on DAG Run:dataset_produces_1
[2025-06-08T14:52:29.847+0000] {logging_mixin.py:190} INFO - [2025-06-08T14:52:29.847+0000] {override.py:1911} INFO - Created Permission View: can read on DAG Run:dataset_produces_1
[2025-06-08T14:52:29.858+0000] {logging_mixin.py:190} INFO - [2025-06-08T14:52:29.858+0000] {override.py:1911} INFO - Created Permission View: can delete on DAG Run:dataset_produces_1
[2025-06-08T14:52:29.873+0000] {logging_mixin.py:190} INFO - [2025-06-08T14:52:29.872+0000] {override.py:1911} INFO - Created Permission View: can read on DAG:dataset_consumes_1_and_2
[2025-06-08T14:52:29.881+0000] {logging_mixin.py:190} INFO - [2025-06-08T14:52:29.880+0000] {override.py:1911} INFO - Created Permission View: can delete on DAG:dataset_consumes_1_and_2
[2025-06-08T14:52:29.891+0000] {logging_mixin.py:190} INFO - [2025-06-08T14:52:29.891+0000] {override.py:1911} INFO - Created Permission View: can edit on DAG:dataset_consumes_1_and_2
[2025-06-08T14:52:29.901+0000] {logging_mixin.py:190} INFO - [2025-06-08T14:52:29.900+0000] {override.py:1911} INFO - Created Permission View: can create on DAG Run:dataset_consumes_1_and_2
[2025-06-08T14:52:29.909+0000] {logging_mixin.py:190} INFO - [2025-06-08T14:52:29.908+0000] {override.py:1911} INFO - Created Permission View: menu access on DAG Run:dataset_consumes_1_and_2
[2025-06-08T14:52:29.919+0000] {logging_mixin.py:190} INFO - [2025-06-08T14:52:29.919+0000] {override.py:1911} INFO - Created Permission View: can read on DAG Run:dataset_consumes_1_and_2
[2025-06-08T14:52:29.928+0000] {logging_mixin.py:190} INFO - [2025-06-08T14:52:29.927+0000] {override.py:1911} INFO - Created Permission View: can delete on DAG Run:dataset_consumes_1_and_2
[2025-06-08T14:52:29.946+0000] {logging_mixin.py:190} INFO - [2025-06-08T14:52:29.945+0000] {override.py:1911} INFO - Created Permission View: can read on DAG:consume_1_or_both_2_and_3_with_dataset_expressions
[2025-06-08T14:52:29.955+0000] {logging_mixin.py:190} INFO - [2025-06-08T14:52:29.955+0000] {override.py:1911} INFO - Created Permission View: can delete on DAG:consume_1_or_both_2_and_3_with_dataset_expressions
[2025-06-08T14:52:29.963+0000] {logging_mixin.py:190} INFO - [2025-06-08T14:52:29.963+0000] {override.py:1911} INFO - Created Permission View: can edit on DAG:consume_1_or_both_2_and_3_with_dataset_expressions
[2025-06-08T14:52:29.971+0000] {logging_mixin.py:190} INFO - [2025-06-08T14:52:29.971+0000] {override.py:1911} INFO - Created Permission View: can create on DAG Run:consume_1_or_both_2_and_3_with_dataset_expressions
[2025-06-08T14:52:29.978+0000] {logging_mixin.py:190} INFO - [2025-06-08T14:52:29.978+0000] {override.py:1911} INFO - Created Permission View: menu access on DAG Run:consume_1_or_both_2_and_3_with_dataset_expressions
[2025-06-08T14:52:29.986+0000] {logging_mixin.py:190} INFO - [2025-06-08T14:52:29.985+0000] {override.py:1911} INFO - Created Permission View: can read on DAG Run:consume_1_or_both_2_and_3_with_dataset_expressions
[2025-06-08T14:52:29.995+0000] {logging_mixin.py:190} INFO - [2025-06-08T14:52:29.995+0000] {override.py:1911} INFO - Created Permission View: can delete on DAG Run:consume_1_or_both_2_and_3_with_dataset_expressions
[2025-06-08T14:52:30.007+0000] {logging_mixin.py:190} INFO - [2025-06-08T14:52:30.007+0000] {override.py:1911} INFO - Created Permission View: can read on DAG:conditional_dataset_and_time_based_timetable
[2025-06-08T14:52:30.015+0000] {logging_mixin.py:190} INFO - [2025-06-08T14:52:30.014+0000] {override.py:1911} INFO - Created Permission View: can delete on DAG:conditional_dataset_and_time_based_timetable
[2025-06-08T14:52:30.021+0000] {logging_mixin.py:190} INFO - [2025-06-08T14:52:30.021+0000] {override.py:1911} INFO - Created Permission View: can edit on DAG:conditional_dataset_and_time_based_timetable
[2025-06-08T14:52:30.032+0000] {logging_mixin.py:190} INFO - [2025-06-08T14:52:30.031+0000] {override.py:1911} INFO - Created Permission View: can create on DAG Run:conditional_dataset_and_time_based_timetable
[2025-06-08T14:52:30.039+0000] {logging_mixin.py:190} INFO - [2025-06-08T14:52:30.039+0000] {override.py:1911} INFO - Created Permission View: menu access on DAG Run:conditional_dataset_and_time_based_timetable
[2025-06-08T14:52:30.049+0000] {logging_mixin.py:190} INFO - [2025-06-08T14:52:30.049+0000] {override.py:1911} INFO - Created Permission View: can read on DAG Run:conditional_dataset_and_time_based_timetable
[2025-06-08T14:52:30.059+0000] {logging_mixin.py:190} INFO - [2025-06-08T14:52:30.059+0000] {override.py:1911} INFO - Created Permission View: can delete on DAG Run:conditional_dataset_and_time_based_timetable
[2025-06-08T14:52:30.075+0000] {logging_mixin.py:190} INFO - [2025-06-08T14:52:30.075+0000] {override.py:1911} INFO - Created Permission View: can read on DAG:dataset_consumes_1
[2025-06-08T14:52:30.084+0000] {logging_mixin.py:190} INFO - [2025-06-08T14:52:30.084+0000] {override.py:1911} INFO - Created Permission View: can delete on DAG:dataset_consumes_1
[2025-06-08T14:52:30.096+0000] {logging_mixin.py:190} INFO - [2025-06-08T14:52:30.096+0000] {override.py:1911} INFO - Created Permission View: can edit on DAG:dataset_consumes_1
[2025-06-08T14:52:30.104+0000] {logging_mixin.py:190} INFO - [2025-06-08T14:52:30.104+0000] {override.py:1911} INFO - Created Permission View: can create on DAG Run:dataset_consumes_1
[2025-06-08T14:52:30.111+0000] {logging_mixin.py:190} INFO - [2025-06-08T14:52:30.111+0000] {override.py:1911} INFO - Created Permission View: menu access on DAG Run:dataset_consumes_1
[2025-06-08T14:52:30.121+0000] {logging_mixin.py:190} INFO - [2025-06-08T14:52:30.121+0000] {override.py:1911} INFO - Created Permission View: can read on DAG Run:dataset_consumes_1
[2025-06-08T14:52:30.136+0000] {logging_mixin.py:190} INFO - [2025-06-08T14:52:30.136+0000] {override.py:1911} INFO - Created Permission View: can delete on DAG Run:dataset_consumes_1
[2025-06-08T14:52:30.154+0000] {logging_mixin.py:190} INFO - [2025-06-08T14:52:30.154+0000] {override.py:1911} INFO - Created Permission View: can read on DAG:dataset_consumes_unknown_never_scheduled
[2025-06-08T14:52:30.166+0000] {logging_mixin.py:190} INFO - [2025-06-08T14:52:30.165+0000] {override.py:1911} INFO - Created Permission View: can delete on DAG:dataset_consumes_unknown_never_scheduled
[2025-06-08T14:52:30.174+0000] {logging_mixin.py:190} INFO - [2025-06-08T14:52:30.174+0000] {override.py:1911} INFO - Created Permission View: can edit on DAG:dataset_consumes_unknown_never_scheduled
[2025-06-08T14:52:30.182+0000] {logging_mixin.py:190} INFO - [2025-06-08T14:52:30.181+0000] {override.py:1911} INFO - Created Permission View: can create on DAG Run:dataset_consumes_unknown_never_scheduled
[2025-06-08T14:52:30.191+0000] {logging_mixin.py:190} INFO - [2025-06-08T14:52:30.191+0000] {override.py:1911} INFO - Created Permission View: menu access on DAG Run:dataset_consumes_unknown_never_scheduled
[2025-06-08T14:52:30.199+0000] {logging_mixin.py:190} INFO - [2025-06-08T14:52:30.199+0000] {override.py:1911} INFO - Created Permission View: can read on DAG Run:dataset_consumes_unknown_never_scheduled
[2025-06-08T14:52:30.209+0000] {logging_mixin.py:190} INFO - [2025-06-08T14:52:30.209+0000] {override.py:1911} INFO - Created Permission View: can delete on DAG Run:dataset_consumes_unknown_never_scheduled
[2025-06-08T14:52:30.229+0000] {logging_mixin.py:190} INFO - [2025-06-08T14:52:30.228+0000] {override.py:1911} INFO - Created Permission View: can read on DAG:consume_1_and_2_with_dataset_expressions
[2025-06-08T14:52:30.237+0000] {logging_mixin.py:190} INFO - [2025-06-08T14:52:30.237+0000] {override.py:1911} INFO - Created Permission View: can delete on DAG:consume_1_and_2_with_dataset_expressions
[2025-06-08T14:52:30.246+0000] {logging_mixin.py:190} INFO - [2025-06-08T14:52:30.246+0000] {override.py:1911} INFO - Created Permission View: can edit on DAG:consume_1_and_2_with_dataset_expressions
[2025-06-08T14:52:30.255+0000] {logging_mixin.py:190} INFO - [2025-06-08T14:52:30.254+0000] {override.py:1911} INFO - Created Permission View: can create on DAG Run:consume_1_and_2_with_dataset_expressions
[2025-06-08T14:52:30.267+0000] {logging_mixin.py:190} INFO - [2025-06-08T14:52:30.267+0000] {override.py:1911} INFO - Created Permission View: menu access on DAG Run:consume_1_and_2_with_dataset_expressions
[2025-06-08T14:52:30.276+0000] {logging_mixin.py:190} INFO - [2025-06-08T14:52:30.275+0000] {override.py:1911} INFO - Created Permission View: can read on DAG Run:consume_1_and_2_with_dataset_expressions
[2025-06-08T14:52:30.283+0000] {logging_mixin.py:190} INFO - [2025-06-08T14:52:30.282+0000] {override.py:1911} INFO - Created Permission View: can delete on DAG Run:consume_1_and_2_with_dataset_expressions
[2025-06-08T14:52:30.299+0000] {logging_mixin.py:190} INFO - [2025-06-08T14:52:30.299+0000] {override.py:1911} INFO - Created Permission View: can read on DAG:dataset_consumes_1_never_scheduled
[2025-06-08T14:52:30.309+0000] {logging_mixin.py:190} INFO - [2025-06-08T14:52:30.308+0000] {override.py:1911} INFO - Created Permission View: can delete on DAG:dataset_consumes_1_never_scheduled
[2025-06-08T14:52:30.318+0000] {logging_mixin.py:190} INFO - [2025-06-08T14:52:30.318+0000] {override.py:1911} INFO - Created Permission View: can edit on DAG:dataset_consumes_1_never_scheduled
[2025-06-08T14:52:30.331+0000] {logging_mixin.py:190} INFO - [2025-06-08T14:52:30.330+0000] {override.py:1911} INFO - Created Permission View: can create on DAG Run:dataset_consumes_1_never_scheduled
[2025-06-08T14:52:30.342+0000] {logging_mixin.py:190} INFO - [2025-06-08T14:52:30.341+0000] {override.py:1911} INFO - Created Permission View: menu access on DAG Run:dataset_consumes_1_never_scheduled
[2025-06-08T14:52:30.351+0000] {logging_mixin.py:190} INFO - [2025-06-08T14:52:30.351+0000] {override.py:1911} INFO - Created Permission View: can read on DAG Run:dataset_consumes_1_never_scheduled
[2025-06-08T14:52:30.363+0000] {logging_mixin.py:190} INFO - [2025-06-08T14:52:30.363+0000] {override.py:1911} INFO - Created Permission View: can delete on DAG Run:dataset_consumes_1_never_scheduled
[2025-06-08T14:52:30.383+0000] {logging_mixin.py:190} INFO - [2025-06-08T14:52:30.382+0000] {override.py:1911} INFO - Created Permission View: can read on DAG:dataset_produces_2
[2025-06-08T14:52:30.390+0000] {logging_mixin.py:190} INFO - [2025-06-08T14:52:30.389+0000] {override.py:1911} INFO - Created Permission View: can delete on DAG:dataset_produces_2
[2025-06-08T14:52:30.399+0000] {logging_mixin.py:190} INFO - [2025-06-08T14:52:30.399+0000] {override.py:1911} INFO - Created Permission View: can edit on DAG:dataset_produces_2
[2025-06-08T14:52:30.408+0000] {logging_mixin.py:190} INFO - [2025-06-08T14:52:30.408+0000] {override.py:1911} INFO - Created Permission View: can create on DAG Run:dataset_produces_2
[2025-06-08T14:52:30.420+0000] {logging_mixin.py:190} INFO - [2025-06-08T14:52:30.420+0000] {override.py:1911} INFO - Created Permission View: menu access on DAG Run:dataset_produces_2
[2025-06-08T14:52:30.427+0000] {logging_mixin.py:190} INFO - [2025-06-08T14:52:30.427+0000] {override.py:1911} INFO - Created Permission View: can read on DAG Run:dataset_produces_2
[2025-06-08T14:52:30.435+0000] {logging_mixin.py:190} INFO - [2025-06-08T14:52:30.434+0000] {override.py:1911} INFO - Created Permission View: can delete on DAG Run:dataset_produces_2
[2025-06-08T14:52:30.436+0000] {logging_mixin.py:190} INFO - [2025-06-08T14:52:30.435+0000] {dag.py:3239} INFO - Sync 10 DAGs
[2025-06-08T14:52:30.457+0000] {logging_mixin.py:190} INFO - [2025-06-08T14:52:30.456+0000] {dag.py:3262} INFO - Creating ORM DAG for dataset_consumes_1
[2025-06-08T14:52:30.459+0000] {logging_mixin.py:190} INFO - [2025-06-08T14:52:30.458+0000] {dag.py:3262} INFO - Creating ORM DAG for dataset_consumes_unknown_never_scheduled
[2025-06-08T14:52:30.460+0000] {logging_mixin.py:190} INFO - [2025-06-08T14:52:30.460+0000] {dag.py:3262} INFO - Creating ORM DAG for dataset_produces_2
[2025-06-08T14:52:30.461+0000] {logging_mixin.py:190} INFO - [2025-06-08T14:52:30.461+0000] {dag.py:3262} INFO - Creating ORM DAG for consume_1_and_2_with_dataset_expressions
[2025-06-08T14:52:30.463+0000] {logging_mixin.py:190} INFO - [2025-06-08T14:52:30.462+0000] {dag.py:3262} INFO - Creating ORM DAG for dataset_produces_1
[2025-06-08T14:52:30.464+0000] {logging_mixin.py:190} INFO - [2025-06-08T14:52:30.464+0000] {dag.py:3262} INFO - Creating ORM DAG for consume_1_or_both_2_and_3_with_dataset_expressions
[2025-06-08T14:52:30.465+0000] {logging_mixin.py:190} INFO - [2025-06-08T14:52:30.465+0000] {dag.py:3262} INFO - Creating ORM DAG for dataset_consumes_1_never_scheduled
[2025-06-08T14:52:30.466+0000] {logging_mixin.py:190} INFO - [2025-06-08T14:52:30.466+0000] {dag.py:3262} INFO - Creating ORM DAG for consume_1_or_2_with_dataset_expressions
[2025-06-08T14:52:30.467+0000] {logging_mixin.py:190} INFO - [2025-06-08T14:52:30.467+0000] {dag.py:3262} INFO - Creating ORM DAG for conditional_dataset_and_time_based_timetable
[2025-06-08T14:52:30.468+0000] {logging_mixin.py:190} INFO - [2025-06-08T14:52:30.468+0000] {dag.py:3262} INFO - Creating ORM DAG for dataset_consumes_1_and_2
[2025-06-08T14:52:30.484+0000] {logging_mixin.py:190} INFO - [2025-06-08T14:52:30.484+0000] {dag.py:4180} INFO - Setting next_dagrun for conditional_dataset_and_time_based_timetable to 2025-06-04 01:00:00+00:00, run_after=2025-06-04 01:00:00+00:00
[2025-06-08T14:52:30.486+0000] {logging_mixin.py:190} INFO - [2025-06-08T14:52:30.485+0000] {dag.py:4180} INFO - Setting next_dagrun for consume_1_and_2_with_dataset_expressions to None, run_after=None
[2025-06-08T14:52:30.486+0000] {logging_mixin.py:190} INFO - [2025-06-08T14:52:30.486+0000] {dag.py:4180} INFO - Setting next_dagrun for consume_1_or_2_with_dataset_expressions to None, run_after=None
[2025-06-08T14:52:30.487+0000] {logging_mixin.py:190} INFO - [2025-06-08T14:52:30.487+0000] {dag.py:4180} INFO - Setting next_dagrun for consume_1_or_both_2_and_3_with_dataset_expressions to None, run_after=None
[2025-06-08T14:52:30.489+0000] {logging_mixin.py:190} INFO - [2025-06-08T14:52:30.488+0000] {dag.py:4180} INFO - Setting next_dagrun for dataset_consumes_1 to None, run_after=None
[2025-06-08T14:52:30.490+0000] {logging_mixin.py:190} INFO - [2025-06-08T14:52:30.490+0000] {dag.py:4180} INFO - Setting next_dagrun for dataset_consumes_1_and_2 to None, run_after=None
[2025-06-08T14:52:30.491+0000] {logging_mixin.py:190} INFO - [2025-06-08T14:52:30.491+0000] {dag.py:4180} INFO - Setting next_dagrun for dataset_consumes_1_never_scheduled to None, run_after=None
[2025-06-08T14:52:30.492+0000] {logging_mixin.py:190} INFO - [2025-06-08T14:52:30.492+0000] {dag.py:4180} INFO - Setting next_dagrun for dataset_consumes_unknown_never_scheduled to None, run_after=None
[2025-06-08T14:52:30.495+0000] {logging_mixin.py:190} INFO - [2025-06-08T14:52:30.495+0000] {dag.py:4180} INFO - Setting next_dagrun for dataset_produces_1 to 2025-06-07 00:00:00+00:00, run_after=2025-06-08 00:00:00+00:00
[2025-06-08T14:52:30.497+0000] {logging_mixin.py:190} INFO - [2025-06-08T14:52:30.496+0000] {dag.py:4180} INFO - Setting next_dagrun for dataset_produces_2 to None, run_after=None
[2025-06-08T14:52:30.557+0000] {processor.py:208} INFO - Processing /home/airflow/.local/lib/python3.12/site-packages/airflow/example_dags/example_datasets.py took 2.842 seconds
[2025-06-08T14:52:48.119+0000] {processor.py:186} INFO - Started process (PID=53) to work on /home/airflow/.local/lib/python3.12/site-packages/airflow/example_dags/example_datasets.py
[2025-06-08T14:52:48.120+0000] {processor.py:914} INFO - Processing file /home/airflow/.local/lib/python3.12/site-packages/airflow/example_dags/example_datasets.py for tasks to queue
[2025-06-08T14:52:48.123+0000] {logging_mixin.py:190} INFO - [2025-06-08T14:52:48.122+0000] {dagbag.py:588} INFO - Filling up the DagBag from /home/airflow/.local/lib/python3.12/site-packages/airflow/example_dags/example_datasets.py
[2025-06-08T14:52:48.854+0000] {processor.py:925} INFO - DAG(s) 'dataset_produces_2', 'dataset_produces_1', 'consume_1_and_2_with_dataset_expressions', 'dataset_consumes_1_never_scheduled', 'dataset_consumes_unknown_never_scheduled', 'dataset_consumes_1_and_2', 'consume_1_or_both_2_and_3_with_dataset_expressions', 'consume_1_or_2_with_dataset_expressions', 'dataset_consumes_1', 'conditional_dataset_and_time_based_timetable' retrieved from /home/airflow/.local/lib/python3.12/site-packages/airflow/example_dags/example_datasets.py
[2025-06-08T14:52:48.868+0000] {logging_mixin.py:190} INFO - [2025-06-08T14:52:48.868+0000] {dag.py:3239} INFO - Sync 10 DAGs
[2025-06-08T14:52:48.893+0000] {logging_mixin.py:190} INFO - [2025-06-08T14:52:48.892+0000] {dag.py:4180} INFO - Setting next_dagrun for conditional_dataset_and_time_based_timetable to 2025-06-04 01:00:00+00:00, run_after=2025-06-04 01:00:00+00:00
[2025-06-08T14:52:48.896+0000] {logging_mixin.py:190} INFO - [2025-06-08T14:52:48.896+0000] {dag.py:4180} INFO - Setting next_dagrun for consume_1_and_2_with_dataset_expressions to None, run_after=None
[2025-06-08T14:52:48.898+0000] {logging_mixin.py:190} INFO - [2025-06-08T14:52:48.898+0000] {dag.py:4180} INFO - Setting next_dagrun for consume_1_or_2_with_dataset_expressions to None, run_after=None
[2025-06-08T14:52:48.899+0000] {logging_mixin.py:190} INFO - [2025-06-08T14:52:48.899+0000] {dag.py:4180} INFO - Setting next_dagrun for consume_1_or_both_2_and_3_with_dataset_expressions to None, run_after=None
[2025-06-08T14:52:48.900+0000] {logging_mixin.py:190} INFO - [2025-06-08T14:52:48.900+0000] {dag.py:4180} INFO - Setting next_dagrun for dataset_consumes_1 to None, run_after=None
[2025-06-08T14:52:48.902+0000] {logging_mixin.py:190} INFO - [2025-06-08T14:52:48.902+0000] {dag.py:4180} INFO - Setting next_dagrun for dataset_consumes_1_and_2 to None, run_after=None
[2025-06-08T14:52:48.903+0000] {logging_mixin.py:190} INFO - [2025-06-08T14:52:48.903+0000] {dag.py:4180} INFO - Setting next_dagrun for dataset_consumes_1_never_scheduled to None, run_after=None
[2025-06-08T14:52:48.904+0000] {logging_mixin.py:190} INFO - [2025-06-08T14:52:48.903+0000] {dag.py:4180} INFO - Setting next_dagrun for dataset_consumes_unknown_never_scheduled to None, run_after=None
[2025-06-08T14:52:48.906+0000] {logging_mixin.py:190} INFO - [2025-06-08T14:52:48.905+0000] {dag.py:4180} INFO - Setting next_dagrun for dataset_produces_1 to 2025-06-07 00:00:00+00:00, run_after=2025-06-08 00:00:00+00:00
[2025-06-08T14:52:48.907+0000] {logging_mixin.py:190} INFO - [2025-06-08T14:52:48.907+0000] {dag.py:4180} INFO - Setting next_dagrun for dataset_produces_2 to None, run_after=None
[2025-06-08T14:52:48.933+0000] {processor.py:208} INFO - Processing /home/airflow/.local/lib/python3.12/site-packages/airflow/example_dags/example_datasets.py took 0.819 seconds
[2025-06-08T14:53:19.477+0000] {processor.py:186} INFO - Started process (PID=116) to work on /home/airflow/.local/lib/python3.12/site-packages/airflow/example_dags/example_datasets.py
[2025-06-08T14:53:19.479+0000] {processor.py:914} INFO - Processing file /home/airflow/.local/lib/python3.12/site-packages/airflow/example_dags/example_datasets.py for tasks to queue
[2025-06-08T14:53:19.481+0000] {logging_mixin.py:190} INFO - [2025-06-08T14:53:19.480+0000] {dagbag.py:588} INFO - Filling up the DagBag from /home/airflow/.local/lib/python3.12/site-packages/airflow/example_dags/example_datasets.py
[2025-06-08T14:53:20.266+0000] {processor.py:925} INFO - DAG(s) 'dataset_consumes_1', 'dataset_consumes_1_never_scheduled', 'dataset_consumes_unknown_never_scheduled', 'dataset_produces_1', 'conditional_dataset_and_time_based_timetable', 'consume_1_and_2_with_dataset_expressions', 'dataset_produces_2', 'consume_1_or_2_with_dataset_expressions', 'consume_1_or_both_2_and_3_with_dataset_expressions', 'dataset_consumes_1_and_2' retrieved from /home/airflow/.local/lib/python3.12/site-packages/airflow/example_dags/example_datasets.py
[2025-06-08T14:53:20.392+0000] {logging_mixin.py:190} INFO - [2025-06-08T14:53:20.391+0000] {dag.py:3239} INFO - Sync 10 DAGs
[2025-06-08T14:53:20.441+0000] {logging_mixin.py:190} INFO - [2025-06-08T14:53:20.440+0000] {dag.py:4180} INFO - Setting next_dagrun for conditional_dataset_and_time_based_timetable to 2025-06-04 01:00:00+00:00, run_after=2025-06-04 01:00:00+00:00
[2025-06-08T14:53:20.449+0000] {logging_mixin.py:190} INFO - [2025-06-08T14:53:20.448+0000] {dag.py:4180} INFO - Setting next_dagrun for consume_1_and_2_with_dataset_expressions to None, run_after=None
[2025-06-08T14:53:20.453+0000] {logging_mixin.py:190} INFO - [2025-06-08T14:53:20.453+0000] {dag.py:4180} INFO - Setting next_dagrun for consume_1_or_2_with_dataset_expressions to None, run_after=None
[2025-06-08T14:53:20.457+0000] {logging_mixin.py:190} INFO - [2025-06-08T14:53:20.456+0000] {dag.py:4180} INFO - Setting next_dagrun for consume_1_or_both_2_and_3_with_dataset_expressions to None, run_after=None
[2025-06-08T14:53:20.460+0000] {logging_mixin.py:190} INFO - [2025-06-08T14:53:20.460+0000] {dag.py:4180} INFO - Setting next_dagrun for dataset_consumes_1 to None, run_after=None
[2025-06-08T14:53:20.464+0000] {logging_mixin.py:190} INFO - [2025-06-08T14:53:20.463+0000] {dag.py:4180} INFO - Setting next_dagrun for dataset_consumes_1_and_2 to None, run_after=None
[2025-06-08T14:53:20.466+0000] {logging_mixin.py:190} INFO - [2025-06-08T14:53:20.466+0000] {dag.py:4180} INFO - Setting next_dagrun for dataset_consumes_1_never_scheduled to None, run_after=None
[2025-06-08T14:53:20.469+0000] {logging_mixin.py:190} INFO - [2025-06-08T14:53:20.468+0000] {dag.py:4180} INFO - Setting next_dagrun for dataset_consumes_unknown_never_scheduled to None, run_after=None
[2025-06-08T14:53:20.474+0000] {logging_mixin.py:190} INFO - [2025-06-08T14:53:20.474+0000] {dag.py:4180} INFO - Setting next_dagrun for dataset_produces_1 to 2025-06-07 00:00:00+00:00, run_after=2025-06-08 00:00:00+00:00
[2025-06-08T14:53:20.477+0000] {logging_mixin.py:190} INFO - [2025-06-08T14:53:20.476+0000] {dag.py:4180} INFO - Setting next_dagrun for dataset_produces_2 to None, run_after=None
[2025-06-08T14:53:20.536+0000] {processor.py:208} INFO - Processing /home/airflow/.local/lib/python3.12/site-packages/airflow/example_dags/example_datasets.py took 1.066 seconds
[2025-06-08T14:53:51.354+0000] {processor.py:186} INFO - Started process (PID=190) to work on /home/airflow/.local/lib/python3.12/site-packages/airflow/example_dags/example_datasets.py
[2025-06-08T14:53:51.355+0000] {processor.py:914} INFO - Processing file /home/airflow/.local/lib/python3.12/site-packages/airflow/example_dags/example_datasets.py for tasks to queue
[2025-06-08T14:53:51.357+0000] {logging_mixin.py:190} INFO - [2025-06-08T14:53:51.357+0000] {dagbag.py:588} INFO - Filling up the DagBag from /home/airflow/.local/lib/python3.12/site-packages/airflow/example_dags/example_datasets.py
[2025-06-08T14:53:52.037+0000] {processor.py:925} INFO - DAG(s) 'consume_1_and_2_with_dataset_expressions', 'dataset_produces_1', 'consume_1_or_both_2_and_3_with_dataset_expressions', 'dataset_consumes_1_never_scheduled', 'dataset_produces_2', 'conditional_dataset_and_time_based_timetable', 'consume_1_or_2_with_dataset_expressions', 'dataset_consumes_1_and_2', 'dataset_consumes_1', 'dataset_consumes_unknown_never_scheduled' retrieved from /home/airflow/.local/lib/python3.12/site-packages/airflow/example_dags/example_datasets.py
[2025-06-08T14:53:52.082+0000] {logging_mixin.py:190} INFO - [2025-06-08T14:53:52.082+0000] {dag.py:3239} INFO - Sync 10 DAGs
[2025-06-08T14:53:52.109+0000] {logging_mixin.py:190} INFO - [2025-06-08T14:53:52.109+0000] {dag.py:4180} INFO - Setting next_dagrun for conditional_dataset_and_time_based_timetable to 2025-06-04 01:00:00+00:00, run_after=2025-06-04 01:00:00+00:00
[2025-06-08T14:53:52.114+0000] {logging_mixin.py:190} INFO - [2025-06-08T14:53:52.114+0000] {dag.py:4180} INFO - Setting next_dagrun for consume_1_and_2_with_dataset_expressions to None, run_after=None
[2025-06-08T14:53:52.116+0000] {logging_mixin.py:190} INFO - [2025-06-08T14:53:52.116+0000] {dag.py:4180} INFO - Setting next_dagrun for consume_1_or_2_with_dataset_expressions to None, run_after=None
[2025-06-08T14:53:52.117+0000] {logging_mixin.py:190} INFO - [2025-06-08T14:53:52.117+0000] {dag.py:4180} INFO - Setting next_dagrun for consume_1_or_both_2_and_3_with_dataset_expressions to None, run_after=None
[2025-06-08T14:53:52.118+0000] {logging_mixin.py:190} INFO - [2025-06-08T14:53:52.118+0000] {dag.py:4180} INFO - Setting next_dagrun for dataset_consumes_1 to None, run_after=None
[2025-06-08T14:53:52.120+0000] {logging_mixin.py:190} INFO - [2025-06-08T14:53:52.120+0000] {dag.py:4180} INFO - Setting next_dagrun for dataset_consumes_1_and_2 to None, run_after=None
[2025-06-08T14:53:52.121+0000] {logging_mixin.py:190} INFO - [2025-06-08T14:53:52.121+0000] {dag.py:4180} INFO - Setting next_dagrun for dataset_consumes_1_never_scheduled to None, run_after=None
[2025-06-08T14:53:52.122+0000] {logging_mixin.py:190} INFO - [2025-06-08T14:53:52.122+0000] {dag.py:4180} INFO - Setting next_dagrun for dataset_consumes_unknown_never_scheduled to None, run_after=None
[2025-06-08T14:53:52.126+0000] {logging_mixin.py:190} INFO - [2025-06-08T14:53:52.126+0000] {dag.py:4180} INFO - Setting next_dagrun for dataset_produces_1 to 2025-06-07 00:00:00+00:00, run_after=2025-06-08 00:00:00+00:00
[2025-06-08T14:53:52.127+0000] {logging_mixin.py:190} INFO - [2025-06-08T14:53:52.127+0000] {dag.py:4180} INFO - Setting next_dagrun for dataset_produces_2 to None, run_after=None
[2025-06-08T14:53:52.157+0000] {processor.py:208} INFO - Processing /home/airflow/.local/lib/python3.12/site-packages/airflow/example_dags/example_datasets.py took 0.809 seconds
[2025-06-08T14:54:22.477+0000] {processor.py:186} INFO - Started process (PID=254) to work on /home/airflow/.local/lib/python3.12/site-packages/airflow/example_dags/example_datasets.py
[2025-06-08T14:54:22.478+0000] {processor.py:914} INFO - Processing file /home/airflow/.local/lib/python3.12/site-packages/airflow/example_dags/example_datasets.py for tasks to queue
[2025-06-08T14:54:22.480+0000] {logging_mixin.py:190} INFO - [2025-06-08T14:54:22.480+0000] {dagbag.py:588} INFO - Filling up the DagBag from /home/airflow/.local/lib/python3.12/site-packages/airflow/example_dags/example_datasets.py
[2025-06-08T14:54:22.974+0000] {processor.py:925} INFO - DAG(s) 'dataset_consumes_1_never_scheduled', 'consume_1_or_2_with_dataset_expressions', 'dataset_produces_2', 'dataset_consumes_1', 'conditional_dataset_and_time_based_timetable', 'dataset_produces_1', 'consume_1_or_both_2_and_3_with_dataset_expressions', 'dataset_consumes_1_and_2', 'dataset_consumes_unknown_never_scheduled', 'consume_1_and_2_with_dataset_expressions' retrieved from /home/airflow/.local/lib/python3.12/site-packages/airflow/example_dags/example_datasets.py
[2025-06-08T14:54:23.016+0000] {logging_mixin.py:190} INFO - [2025-06-08T14:54:23.015+0000] {dag.py:3239} INFO - Sync 10 DAGs
[2025-06-08T14:54:23.039+0000] {logging_mixin.py:190} INFO - [2025-06-08T14:54:23.038+0000] {dag.py:4180} INFO - Setting next_dagrun for conditional_dataset_and_time_based_timetable to 2025-06-04 01:00:00+00:00, run_after=2025-06-04 01:00:00+00:00
[2025-06-08T14:54:23.042+0000] {logging_mixin.py:190} INFO - [2025-06-08T14:54:23.042+0000] {dag.py:4180} INFO - Setting next_dagrun for consume_1_and_2_with_dataset_expressions to None, run_after=None
[2025-06-08T14:54:23.044+0000] {logging_mixin.py:190} INFO - [2025-06-08T14:54:23.044+0000] {dag.py:4180} INFO - Setting next_dagrun for consume_1_or_2_with_dataset_expressions to None, run_after=None
[2025-06-08T14:54:23.046+0000] {logging_mixin.py:190} INFO - [2025-06-08T14:54:23.046+0000] {dag.py:4180} INFO - Setting next_dagrun for consume_1_or_both_2_and_3_with_dataset_expressions to None, run_after=None
[2025-06-08T14:54:23.047+0000] {logging_mixin.py:190} INFO - [2025-06-08T14:54:23.047+0000] {dag.py:4180} INFO - Setting next_dagrun for dataset_consumes_1 to None, run_after=None
[2025-06-08T14:54:23.049+0000] {logging_mixin.py:190} INFO - [2025-06-08T14:54:23.049+0000] {dag.py:4180} INFO - Setting next_dagrun for dataset_consumes_1_and_2 to None, run_after=None
[2025-06-08T14:54:23.050+0000] {logging_mixin.py:190} INFO - [2025-06-08T14:54:23.050+0000] {dag.py:4180} INFO - Setting next_dagrun for dataset_consumes_1_never_scheduled to None, run_after=None
[2025-06-08T14:54:23.052+0000] {logging_mixin.py:190} INFO - [2025-06-08T14:54:23.052+0000] {dag.py:4180} INFO - Setting next_dagrun for dataset_consumes_unknown_never_scheduled to None, run_after=None
[2025-06-08T14:54:23.054+0000] {logging_mixin.py:190} INFO - [2025-06-08T14:54:23.054+0000] {dag.py:4180} INFO - Setting next_dagrun for dataset_produces_1 to 2025-06-07 00:00:00+00:00, run_after=2025-06-08 00:00:00+00:00
[2025-06-08T14:54:23.055+0000] {logging_mixin.py:190} INFO - [2025-06-08T14:54:23.055+0000] {dag.py:4180} INFO - Setting next_dagrun for dataset_produces_2 to None, run_after=None
[2025-06-08T14:54:23.088+0000] {processor.py:208} INFO - Processing /home/airflow/.local/lib/python3.12/site-packages/airflow/example_dags/example_datasets.py took 0.616 seconds
[2025-06-08T14:54:53.185+0000] {processor.py:186} INFO - Started process (PID=321) to work on /home/airflow/.local/lib/python3.12/site-packages/airflow/example_dags/example_datasets.py
[2025-06-08T14:54:53.186+0000] {processor.py:914} INFO - Processing file /home/airflow/.local/lib/python3.12/site-packages/airflow/example_dags/example_datasets.py for tasks to queue
[2025-06-08T14:54:53.188+0000] {logging_mixin.py:190} INFO - [2025-06-08T14:54:53.188+0000] {dagbag.py:588} INFO - Filling up the DagBag from /home/airflow/.local/lib/python3.12/site-packages/airflow/example_dags/example_datasets.py
[2025-06-08T14:54:53.709+0000] {processor.py:925} INFO - DAG(s) 'conditional_dataset_and_time_based_timetable', 'dataset_consumes_1_never_scheduled', 'dataset_produces_1', 'dataset_consumes_1', 'consume_1_or_2_with_dataset_expressions', 'dataset_consumes_unknown_never_scheduled', 'consume_1_or_both_2_and_3_with_dataset_expressions', 'consume_1_and_2_with_dataset_expressions', 'dataset_consumes_1_and_2', 'dataset_produces_2' retrieved from /home/airflow/.local/lib/python3.12/site-packages/airflow/example_dags/example_datasets.py
[2025-06-08T14:54:53.756+0000] {logging_mixin.py:190} INFO - [2025-06-08T14:54:53.755+0000] {dag.py:3239} INFO - Sync 10 DAGs
[2025-06-08T14:54:53.787+0000] {logging_mixin.py:190} INFO - [2025-06-08T14:54:53.787+0000] {dag.py:4180} INFO - Setting next_dagrun for conditional_dataset_and_time_based_timetable to 2025-06-04 01:00:00+00:00, run_after=2025-06-04 01:00:00+00:00
[2025-06-08T14:54:53.791+0000] {logging_mixin.py:190} INFO - [2025-06-08T14:54:53.791+0000] {dag.py:4180} INFO - Setting next_dagrun for consume_1_and_2_with_dataset_expressions to None, run_after=None
[2025-06-08T14:54:53.793+0000] {logging_mixin.py:190} INFO - [2025-06-08T14:54:53.792+0000] {dag.py:4180} INFO - Setting next_dagrun for consume_1_or_2_with_dataset_expressions to None, run_after=None
[2025-06-08T14:54:53.794+0000] {logging_mixin.py:190} INFO - [2025-06-08T14:54:53.794+0000] {dag.py:4180} INFO - Setting next_dagrun for consume_1_or_both_2_and_3_with_dataset_expressions to None, run_after=None
[2025-06-08T14:54:53.796+0000] {logging_mixin.py:190} INFO - [2025-06-08T14:54:53.796+0000] {dag.py:4180} INFO - Setting next_dagrun for dataset_consumes_1 to None, run_after=None
[2025-06-08T14:54:53.798+0000] {logging_mixin.py:190} INFO - [2025-06-08T14:54:53.798+0000] {dag.py:4180} INFO - Setting next_dagrun for dataset_consumes_1_and_2 to None, run_after=None
[2025-06-08T14:54:53.800+0000] {logging_mixin.py:190} INFO - [2025-06-08T14:54:53.800+0000] {dag.py:4180} INFO - Setting next_dagrun for dataset_consumes_1_never_scheduled to None, run_after=None
[2025-06-08T14:54:53.801+0000] {logging_mixin.py:190} INFO - [2025-06-08T14:54:53.801+0000] {dag.py:4180} INFO - Setting next_dagrun for dataset_consumes_unknown_never_scheduled to None, run_after=None
[2025-06-08T14:54:53.804+0000] {logging_mixin.py:190} INFO - [2025-06-08T14:54:53.803+0000] {dag.py:4180} INFO - Setting next_dagrun for dataset_produces_1 to 2025-06-07 00:00:00+00:00, run_after=2025-06-08 00:00:00+00:00
[2025-06-08T14:54:53.805+0000] {logging_mixin.py:190} INFO - [2025-06-08T14:54:53.805+0000] {dag.py:4180} INFO - Setting next_dagrun for dataset_produces_2 to None, run_after=None
[2025-06-08T14:54:53.843+0000] {processor.py:208} INFO - Processing /home/airflow/.local/lib/python3.12/site-packages/airflow/example_dags/example_datasets.py took 0.663 seconds
[2025-06-08T14:55:23.888+0000] {processor.py:186} INFO - Started process (PID=385) to work on /home/airflow/.local/lib/python3.12/site-packages/airflow/example_dags/example_datasets.py
[2025-06-08T14:55:23.889+0000] {processor.py:914} INFO - Processing file /home/airflow/.local/lib/python3.12/site-packages/airflow/example_dags/example_datasets.py for tasks to queue
[2025-06-08T14:55:23.891+0000] {logging_mixin.py:190} INFO - [2025-06-08T14:55:23.891+0000] {dagbag.py:588} INFO - Filling up the DagBag from /home/airflow/.local/lib/python3.12/site-packages/airflow/example_dags/example_datasets.py
[2025-06-08T14:55:24.750+0000] {processor.py:925} INFO - DAG(s) 'dataset_consumes_unknown_never_scheduled', 'dataset_consumes_1_and_2', 'conditional_dataset_and_time_based_timetable', 'dataset_consumes_1', 'dataset_consumes_1_never_scheduled', 'consume_1_or_both_2_and_3_with_dataset_expressions', 'consume_1_or_2_with_dataset_expressions', 'dataset_produces_2', 'dataset_produces_1', 'consume_1_and_2_with_dataset_expressions' retrieved from /home/airflow/.local/lib/python3.12/site-packages/airflow/example_dags/example_datasets.py
[2025-06-08T14:55:24.817+0000] {logging_mixin.py:190} INFO - [2025-06-08T14:55:24.816+0000] {dag.py:3239} INFO - Sync 10 DAGs
[2025-06-08T14:55:24.857+0000] {logging_mixin.py:190} INFO - [2025-06-08T14:55:24.857+0000] {dag.py:4180} INFO - Setting next_dagrun for conditional_dataset_and_time_based_timetable to 2025-06-04 01:00:00+00:00, run_after=2025-06-04 01:00:00+00:00
[2025-06-08T14:55:24.862+0000] {logging_mixin.py:190} INFO - [2025-06-08T14:55:24.862+0000] {dag.py:4180} INFO - Setting next_dagrun for consume_1_and_2_with_dataset_expressions to None, run_after=None
[2025-06-08T14:55:24.864+0000] {logging_mixin.py:190} INFO - [2025-06-08T14:55:24.864+0000] {dag.py:4180} INFO - Setting next_dagrun for consume_1_or_2_with_dataset_expressions to None, run_after=None
[2025-06-08T14:55:24.865+0000] {logging_mixin.py:190} INFO - [2025-06-08T14:55:24.865+0000] {dag.py:4180} INFO - Setting next_dagrun for consume_1_or_both_2_and_3_with_dataset_expressions to None, run_after=None
[2025-06-08T14:55:24.867+0000] {logging_mixin.py:190} INFO - [2025-06-08T14:55:24.867+0000] {dag.py:4180} INFO - Setting next_dagrun for dataset_consumes_1 to None, run_after=None
[2025-06-08T14:55:24.868+0000] {logging_mixin.py:190} INFO - [2025-06-08T14:55:24.868+0000] {dag.py:4180} INFO - Setting next_dagrun for dataset_consumes_1_and_2 to None, run_after=None
[2025-06-08T14:55:24.870+0000] {logging_mixin.py:190} INFO - [2025-06-08T14:55:24.870+0000] {dag.py:4180} INFO - Setting next_dagrun for dataset_consumes_1_never_scheduled to None, run_after=None
[2025-06-08T14:55:24.872+0000] {logging_mixin.py:190} INFO - [2025-06-08T14:55:24.872+0000] {dag.py:4180} INFO - Setting next_dagrun for dataset_consumes_unknown_never_scheduled to None, run_after=None
[2025-06-08T14:55:24.874+0000] {logging_mixin.py:190} INFO - [2025-06-08T14:55:24.874+0000] {dag.py:4180} INFO - Setting next_dagrun for dataset_produces_1 to 2025-06-07 00:00:00+00:00, run_after=2025-06-08 00:00:00+00:00
[2025-06-08T14:55:24.876+0000] {logging_mixin.py:190} INFO - [2025-06-08T14:55:24.875+0000] {dag.py:4180} INFO - Setting next_dagrun for dataset_produces_2 to None, run_after=None
[2025-06-08T14:55:24.913+0000] {processor.py:208} INFO - Processing /home/airflow/.local/lib/python3.12/site-packages/airflow/example_dags/example_datasets.py took 1.031 seconds
[2025-06-08T14:55:55.157+0000] {processor.py:186} INFO - Started process (PID=448) to work on /home/airflow/.local/lib/python3.12/site-packages/airflow/example_dags/example_datasets.py
[2025-06-08T14:55:55.158+0000] {processor.py:914} INFO - Processing file /home/airflow/.local/lib/python3.12/site-packages/airflow/example_dags/example_datasets.py for tasks to queue
[2025-06-08T14:55:55.160+0000] {logging_mixin.py:190} INFO - [2025-06-08T14:55:55.160+0000] {dagbag.py:588} INFO - Filling up the DagBag from /home/airflow/.local/lib/python3.12/site-packages/airflow/example_dags/example_datasets.py
[2025-06-08T14:55:55.681+0000] {processor.py:925} INFO - DAG(s) 'dataset_consumes_1', 'dataset_produces_1', 'conditional_dataset_and_time_based_timetable', 'consume_1_or_both_2_and_3_with_dataset_expressions', 'dataset_consumes_unknown_never_scheduled', 'consume_1_and_2_with_dataset_expressions', 'consume_1_or_2_with_dataset_expressions', 'dataset_consumes_1_and_2', 'dataset_consumes_1_never_scheduled', 'dataset_produces_2' retrieved from /home/airflow/.local/lib/python3.12/site-packages/airflow/example_dags/example_datasets.py
[2025-06-08T14:55:55.717+0000] {logging_mixin.py:190} INFO - [2025-06-08T14:55:55.717+0000] {dag.py:3239} INFO - Sync 10 DAGs
[2025-06-08T14:55:55.737+0000] {logging_mixin.py:190} INFO - [2025-06-08T14:55:55.736+0000] {dag.py:4180} INFO - Setting next_dagrun for conditional_dataset_and_time_based_timetable to 2025-06-04 01:00:00+00:00, run_after=2025-06-04 01:00:00+00:00
[2025-06-08T14:55:55.740+0000] {logging_mixin.py:190} INFO - [2025-06-08T14:55:55.740+0000] {dag.py:4180} INFO - Setting next_dagrun for consume_1_and_2_with_dataset_expressions to None, run_after=None
[2025-06-08T14:55:55.742+0000] {logging_mixin.py:190} INFO - [2025-06-08T14:55:55.741+0000] {dag.py:4180} INFO - Setting next_dagrun for consume_1_or_2_with_dataset_expressions to None, run_after=None
[2025-06-08T14:55:55.743+0000] {logging_mixin.py:190} INFO - [2025-06-08T14:55:55.743+0000] {dag.py:4180} INFO - Setting next_dagrun for consume_1_or_both_2_and_3_with_dataset_expressions to None, run_after=None
[2025-06-08T14:55:55.744+0000] {logging_mixin.py:190} INFO - [2025-06-08T14:55:55.743+0000] {dag.py:4180} INFO - Setting next_dagrun for dataset_consumes_1 to None, run_after=None
[2025-06-08T14:55:55.745+0000] {logging_mixin.py:190} INFO - [2025-06-08T14:55:55.744+0000] {dag.py:4180} INFO - Setting next_dagrun for dataset_consumes_1_and_2 to None, run_after=None
[2025-06-08T14:55:55.746+0000] {logging_mixin.py:190} INFO - [2025-06-08T14:55:55.745+0000] {dag.py:4180} INFO - Setting next_dagrun for dataset_consumes_1_never_scheduled to None, run_after=None
[2025-06-08T14:55:55.747+0000] {logging_mixin.py:190} INFO - [2025-06-08T14:55:55.746+0000] {dag.py:4180} INFO - Setting next_dagrun for dataset_consumes_unknown_never_scheduled to None, run_after=None
[2025-06-08T14:55:55.749+0000] {logging_mixin.py:190} INFO - [2025-06-08T14:55:55.748+0000] {dag.py:4180} INFO - Setting next_dagrun for dataset_produces_1 to 2025-06-07 00:00:00+00:00, run_after=2025-06-08 00:00:00+00:00
[2025-06-08T14:55:55.750+0000] {logging_mixin.py:190} INFO - [2025-06-08T14:55:55.750+0000] {dag.py:4180} INFO - Setting next_dagrun for dataset_produces_2 to None, run_after=None
[2025-06-08T14:55:55.774+0000] {processor.py:208} INFO - Processing /home/airflow/.local/lib/python3.12/site-packages/airflow/example_dags/example_datasets.py took 0.623 seconds
