[2025-06-08T14:52:51.322+0000] {processor.py:186} INFO - Started process (PID=81) to work on /home/airflow/.local/lib/python3.12/site-packages/airflow/example_dags/example_dynamic_task_mapping.py
[2025-06-08T14:52:51.324+0000] {processor.py:914} INFO - Processing file /home/airflow/.local/lib/python3.12/site-packages/airflow/example_dags/example_dynamic_task_mapping.py for tasks to queue
[2025-06-08T14:52:51.328+0000] {logging_mixin.py:190} INFO - [2025-06-08T14:52:51.327+0000] {dagbag.py:588} INFO - Filling up the DagBag from /home/airflow/.local/lib/python3.12/site-packages/airflow/example_dags/example_dynamic_task_mapping.py
[2025-06-08T14:52:51.343+0000] {processor.py:925} INFO - DAG(s) 'example_dynamic_task_mapping' retrieved from /home/airflow/.local/lib/python3.12/site-packages/airflow/example_dags/example_dynamic_task_mapping.py
[2025-06-08T14:52:51.464+0000] {logging_mixin.py:190} INFO - [2025-06-08T14:52:51.463+0000] {override.py:1911} INFO - Created Permission View: can edit on DAG:example_dynamic_task_mapping
[2025-06-08T14:52:51.476+0000] {logging_mixin.py:190} INFO - [2025-06-08T14:52:51.475+0000] {override.py:1911} INFO - Created Permission View: can read on DAG:example_dynamic_task_mapping
[2025-06-08T14:52:51.483+0000] {logging_mixin.py:190} INFO - [2025-06-08T14:52:51.482+0000] {override.py:1911} INFO - Created Permission View: can delete on DAG:example_dynamic_task_mapping
[2025-06-08T14:52:51.491+0000] {logging_mixin.py:190} INFO - [2025-06-08T14:52:51.491+0000] {override.py:1911} INFO - Created Permission View: can read on DAG Run:example_dynamic_task_mapping
[2025-06-08T14:52:51.496+0000] {logging_mixin.py:190} INFO - [2025-06-08T14:52:51.496+0000] {override.py:1911} INFO - Created Permission View: can delete on DAG Run:example_dynamic_task_mapping
[2025-06-08T14:52:51.502+0000] {logging_mixin.py:190} INFO - [2025-06-08T14:52:51.502+0000] {override.py:1911} INFO - Created Permission View: can create on DAG Run:example_dynamic_task_mapping
[2025-06-08T14:52:51.507+0000] {logging_mixin.py:190} INFO - [2025-06-08T14:52:51.507+0000] {override.py:1911} INFO - Created Permission View: menu access on DAG Run:example_dynamic_task_mapping
[2025-06-08T14:52:51.508+0000] {logging_mixin.py:190} INFO - [2025-06-08T14:52:51.508+0000] {dag.py:3239} INFO - Sync 1 DAGs
[2025-06-08T14:52:51.518+0000] {logging_mixin.py:190} INFO - [2025-06-08T14:52:51.518+0000] {dag.py:3262} INFO - Creating ORM DAG for example_dynamic_task_mapping
[2025-06-08T14:52:51.519+0000] {logging_mixin.py:190} INFO - [2025-06-08T14:52:51.519+0000] {dag.py:4180} INFO - Setting next_dagrun for example_dynamic_task_mapping to None, run_after=None
[2025-06-08T14:52:51.530+0000] {processor.py:208} INFO - Processing /home/airflow/.local/lib/python3.12/site-packages/airflow/example_dags/example_dynamic_task_mapping.py took 0.215 seconds
[2025-06-08T14:53:22.596+0000] {processor.py:186} INFO - Started process (PID=144) to work on /home/airflow/.local/lib/python3.12/site-packages/airflow/example_dags/example_dynamic_task_mapping.py
[2025-06-08T14:53:22.597+0000] {processor.py:914} INFO - Processing file /home/airflow/.local/lib/python3.12/site-packages/airflow/example_dags/example_dynamic_task_mapping.py for tasks to queue
[2025-06-08T14:53:22.599+0000] {logging_mixin.py:190} INFO - [2025-06-08T14:53:22.599+0000] {dagbag.py:588} INFO - Filling up the DagBag from /home/airflow/.local/lib/python3.12/site-packages/airflow/example_dags/example_dynamic_task_mapping.py
[2025-06-08T14:53:22.607+0000] {processor.py:925} INFO - DAG(s) 'example_dynamic_task_mapping' retrieved from /home/airflow/.local/lib/python3.12/site-packages/airflow/example_dags/example_dynamic_task_mapping.py
[2025-06-08T14:53:22.629+0000] {logging_mixin.py:190} INFO - [2025-06-08T14:53:22.629+0000] {dag.py:3239} INFO - Sync 1 DAGs
[2025-06-08T14:53:22.642+0000] {logging_mixin.py:190} INFO - [2025-06-08T14:53:22.642+0000] {dag.py:4180} INFO - Setting next_dagrun for example_dynamic_task_mapping to None, run_after=None
[2025-06-08T14:53:22.657+0000] {processor.py:208} INFO - Processing /home/airflow/.local/lib/python3.12/site-packages/airflow/example_dags/example_dynamic_task_mapping.py took 0.066 seconds
[2025-06-08T14:53:53.875+0000] {processor.py:186} INFO - Started process (PID=207) to work on /home/airflow/.local/lib/python3.12/site-packages/airflow/example_dags/example_dynamic_task_mapping.py
[2025-06-08T14:53:53.876+0000] {processor.py:914} INFO - Processing file /home/airflow/.local/lib/python3.12/site-packages/airflow/example_dags/example_dynamic_task_mapping.py for tasks to queue
[2025-06-08T14:53:53.878+0000] {logging_mixin.py:190} INFO - [2025-06-08T14:53:53.878+0000] {dagbag.py:588} INFO - Filling up the DagBag from /home/airflow/.local/lib/python3.12/site-packages/airflow/example_dags/example_dynamic_task_mapping.py
[2025-06-08T14:53:53.885+0000] {processor.py:925} INFO - DAG(s) 'example_dynamic_task_mapping' retrieved from /home/airflow/.local/lib/python3.12/site-packages/airflow/example_dags/example_dynamic_task_mapping.py
[2025-06-08T14:53:53.904+0000] {logging_mixin.py:190} INFO - [2025-06-08T14:53:53.903+0000] {dag.py:3239} INFO - Sync 1 DAGs
[2025-06-08T14:53:53.915+0000] {logging_mixin.py:190} INFO - [2025-06-08T14:53:53.915+0000] {dag.py:4180} INFO - Setting next_dagrun for example_dynamic_task_mapping to None, run_after=None
[2025-06-08T14:53:53.934+0000] {processor.py:208} INFO - Processing /home/airflow/.local/lib/python3.12/site-packages/airflow/example_dags/example_dynamic_task_mapping.py took 0.063 seconds
[2025-06-08T14:54:24.519+0000] {processor.py:186} INFO - Started process (PID=270) to work on /home/airflow/.local/lib/python3.12/site-packages/airflow/example_dags/example_dynamic_task_mapping.py
[2025-06-08T14:54:24.520+0000] {processor.py:914} INFO - Processing file /home/airflow/.local/lib/python3.12/site-packages/airflow/example_dags/example_dynamic_task_mapping.py for tasks to queue
[2025-06-08T14:54:24.522+0000] {logging_mixin.py:190} INFO - [2025-06-08T14:54:24.522+0000] {dagbag.py:588} INFO - Filling up the DagBag from /home/airflow/.local/lib/python3.12/site-packages/airflow/example_dags/example_dynamic_task_mapping.py
[2025-06-08T14:54:24.529+0000] {processor.py:925} INFO - DAG(s) 'example_dynamic_task_mapping' retrieved from /home/airflow/.local/lib/python3.12/site-packages/airflow/example_dags/example_dynamic_task_mapping.py
[2025-06-08T14:54:24.545+0000] {logging_mixin.py:190} INFO - [2025-06-08T14:54:24.545+0000] {dag.py:3239} INFO - Sync 1 DAGs
[2025-06-08T14:54:24.557+0000] {logging_mixin.py:190} INFO - [2025-06-08T14:54:24.557+0000] {dag.py:4180} INFO - Setting next_dagrun for example_dynamic_task_mapping to None, run_after=None
[2025-06-08T14:54:24.572+0000] {processor.py:208} INFO - Processing /home/airflow/.local/lib/python3.12/site-packages/airflow/example_dags/example_dynamic_task_mapping.py took 0.058 seconds
[2025-06-08T14:54:54.622+0000] {processor.py:186} INFO - Started process (PID=333) to work on /home/airflow/.local/lib/python3.12/site-packages/airflow/example_dags/example_dynamic_task_mapping.py
[2025-06-08T14:54:54.623+0000] {processor.py:914} INFO - Processing file /home/airflow/.local/lib/python3.12/site-packages/airflow/example_dags/example_dynamic_task_mapping.py for tasks to queue
[2025-06-08T14:54:54.625+0000] {logging_mixin.py:190} INFO - [2025-06-08T14:54:54.625+0000] {dagbag.py:588} INFO - Filling up the DagBag from /home/airflow/.local/lib/python3.12/site-packages/airflow/example_dags/example_dynamic_task_mapping.py
[2025-06-08T14:54:54.632+0000] {processor.py:925} INFO - DAG(s) 'example_dynamic_task_mapping' retrieved from /home/airflow/.local/lib/python3.12/site-packages/airflow/example_dags/example_dynamic_task_mapping.py
[2025-06-08T14:54:54.648+0000] {logging_mixin.py:190} INFO - [2025-06-08T14:54:54.647+0000] {dag.py:3239} INFO - Sync 1 DAGs
[2025-06-08T14:54:54.659+0000] {logging_mixin.py:190} INFO - [2025-06-08T14:54:54.659+0000] {dag.py:4180} INFO - Setting next_dagrun for example_dynamic_task_mapping to None, run_after=None
[2025-06-08T14:54:54.676+0000] {processor.py:208} INFO - Processing /home/airflow/.local/lib/python3.12/site-packages/airflow/example_dags/example_dynamic_task_mapping.py took 0.059 seconds
[2025-06-08T14:55:26.919+0000] {processor.py:186} INFO - Started process (PID=396) to work on /home/airflow/.local/lib/python3.12/site-packages/airflow/example_dags/example_dynamic_task_mapping.py
[2025-06-08T14:55:26.921+0000] {processor.py:914} INFO - Processing file /home/airflow/.local/lib/python3.12/site-packages/airflow/example_dags/example_dynamic_task_mapping.py for tasks to queue
[2025-06-08T14:55:26.923+0000] {logging_mixin.py:190} INFO - [2025-06-08T14:55:26.923+0000] {dagbag.py:588} INFO - Filling up the DagBag from /home/airflow/.local/lib/python3.12/site-packages/airflow/example_dags/example_dynamic_task_mapping.py
[2025-06-08T14:55:26.934+0000] {processor.py:925} INFO - DAG(s) 'example_dynamic_task_mapping' retrieved from /home/airflow/.local/lib/python3.12/site-packages/airflow/example_dags/example_dynamic_task_mapping.py
[2025-06-08T14:55:26.957+0000] {logging_mixin.py:190} INFO - [2025-06-08T14:55:26.957+0000] {dag.py:3239} INFO - Sync 1 DAGs
[2025-06-08T14:55:26.977+0000] {logging_mixin.py:190} INFO - [2025-06-08T14:55:26.977+0000] {dag.py:4180} INFO - Setting next_dagrun for example_dynamic_task_mapping to None, run_after=None
[2025-06-08T14:55:27.005+0000] {processor.py:208} INFO - Processing /home/airflow/.local/lib/python3.12/site-packages/airflow/example_dags/example_dynamic_task_mapping.py took 0.093 seconds
[2025-06-08T14:55:57.623+0000] {processor.py:186} INFO - Started process (PID=459) to work on /home/airflow/.local/lib/python3.12/site-packages/airflow/example_dags/example_dynamic_task_mapping.py
[2025-06-08T14:55:57.624+0000] {processor.py:914} INFO - Processing file /home/airflow/.local/lib/python3.12/site-packages/airflow/example_dags/example_dynamic_task_mapping.py for tasks to queue
[2025-06-08T14:55:57.626+0000] {logging_mixin.py:190} INFO - [2025-06-08T14:55:57.626+0000] {dagbag.py:588} INFO - Filling up the DagBag from /home/airflow/.local/lib/python3.12/site-packages/airflow/example_dags/example_dynamic_task_mapping.py
[2025-06-08T14:55:57.635+0000] {processor.py:925} INFO - DAG(s) 'example_dynamic_task_mapping' retrieved from /home/airflow/.local/lib/python3.12/site-packages/airflow/example_dags/example_dynamic_task_mapping.py
[2025-06-08T14:55:57.654+0000] {logging_mixin.py:190} INFO - [2025-06-08T14:55:57.654+0000] {dag.py:3239} INFO - Sync 1 DAGs
[2025-06-08T14:55:57.667+0000] {logging_mixin.py:190} INFO - [2025-06-08T14:55:57.667+0000] {dag.py:4180} INFO - Setting next_dagrun for example_dynamic_task_mapping to None, run_after=None
[2025-06-08T14:55:57.682+0000] {processor.py:208} INFO - Processing /home/airflow/.local/lib/python3.12/site-packages/airflow/example_dags/example_dynamic_task_mapping.py took 0.065 seconds
