[2025-06-08T14:52:31.354+0000] {processor.py:186} INFO - Started process (PID=89) to work on /home/airflow/.local/lib/python3.12/site-packages/airflow/example_dags/example_setup_teardown_taskflow.py
[2025-06-08T14:52:31.355+0000] {processor.py:914} INFO - Processing file /home/airflow/.local/lib/python3.12/site-packages/airflow/example_dags/example_setup_teardown_taskflow.py for tasks to queue
[2025-06-08T14:52:31.359+0000] {logging_mixin.py:190} INFO - [2025-06-08T14:52:31.359+0000] {dagbag.py:588} INFO - Filling up the DagBag from /home/airflow/.local/lib/python3.12/site-packages/airflow/example_dags/example_setup_teardown_taskflow.py
[2025-06-08T14:52:31.371+0000] {processor.py:925} INFO - DAG(s) 'example_setup_teardown_taskflow' retrieved from /home/airflow/.local/lib/python3.12/site-packages/airflow/example_dags/example_setup_teardown_taskflow.py
[2025-06-08T14:52:31.476+0000] {logging_mixin.py:190} INFO - [2025-06-08T14:52:31.475+0000] {override.py:1911} INFO - Created Permission View: can read on DAG:example_setup_teardown_taskflow
[2025-06-08T14:52:31.487+0000] {logging_mixin.py:190} INFO - [2025-06-08T14:52:31.486+0000] {override.py:1911} INFO - Created Permission View: can delete on DAG:example_setup_teardown_taskflow
[2025-06-08T14:52:31.495+0000] {logging_mixin.py:190} INFO - [2025-06-08T14:52:31.494+0000] {override.py:1911} INFO - Created Permission View: can edit on DAG:example_setup_teardown_taskflow
[2025-06-08T14:52:31.503+0000] {logging_mixin.py:190} INFO - [2025-06-08T14:52:31.503+0000] {override.py:1911} INFO - Created Permission View: can create on DAG Run:example_setup_teardown_taskflow
[2025-06-08T14:52:31.509+0000] {logging_mixin.py:190} INFO - [2025-06-08T14:52:31.509+0000] {override.py:1911} INFO - Created Permission View: menu access on DAG Run:example_setup_teardown_taskflow
[2025-06-08T14:52:31.515+0000] {logging_mixin.py:190} INFO - [2025-06-08T14:52:31.515+0000] {override.py:1911} INFO - Created Permission View: can read on DAG Run:example_setup_teardown_taskflow
[2025-06-08T14:52:31.520+0000] {logging_mixin.py:190} INFO - [2025-06-08T14:52:31.520+0000] {override.py:1911} INFO - Created Permission View: can delete on DAG Run:example_setup_teardown_taskflow
[2025-06-08T14:52:31.521+0000] {logging_mixin.py:190} INFO - [2025-06-08T14:52:31.520+0000] {dag.py:3239} INFO - Sync 1 DAGs
[2025-06-08T14:52:31.531+0000] {logging_mixin.py:190} INFO - [2025-06-08T14:52:31.531+0000] {dag.py:3262} INFO - Creating ORM DAG for example_setup_teardown_taskflow
[2025-06-08T14:52:31.532+0000] {logging_mixin.py:190} INFO - [2025-06-08T14:52:31.532+0000] {dag.py:4180} INFO - Setting next_dagrun for example_setup_teardown_taskflow to None, run_after=None
[2025-06-08T14:52:31.546+0000] {processor.py:208} INFO - Processing /home/airflow/.local/lib/python3.12/site-packages/airflow/example_dags/example_setup_teardown_taskflow.py took 0.199 seconds
[2025-06-08T14:52:49.210+0000] {processor.py:186} INFO - Started process (PID=62) to work on /home/airflow/.local/lib/python3.12/site-packages/airflow/example_dags/example_setup_teardown_taskflow.py
[2025-06-08T14:52:49.211+0000] {processor.py:914} INFO - Processing file /home/airflow/.local/lib/python3.12/site-packages/airflow/example_dags/example_setup_teardown_taskflow.py for tasks to queue
[2025-06-08T14:52:49.213+0000] {logging_mixin.py:190} INFO - [2025-06-08T14:52:49.213+0000] {dagbag.py:588} INFO - Filling up the DagBag from /home/airflow/.local/lib/python3.12/site-packages/airflow/example_dags/example_setup_teardown_taskflow.py
[2025-06-08T14:52:49.222+0000] {processor.py:925} INFO - DAG(s) 'example_setup_teardown_taskflow' retrieved from /home/airflow/.local/lib/python3.12/site-packages/airflow/example_dags/example_setup_teardown_taskflow.py
[2025-06-08T14:52:49.232+0000] {logging_mixin.py:190} INFO - [2025-06-08T14:52:49.232+0000] {dag.py:3239} INFO - Sync 1 DAGs
[2025-06-08T14:52:49.246+0000] {logging_mixin.py:190} INFO - [2025-06-08T14:52:49.246+0000] {dag.py:4180} INFO - Setting next_dagrun for example_setup_teardown_taskflow to None, run_after=None
[2025-06-08T14:52:49.261+0000] {processor.py:208} INFO - Processing /home/airflow/.local/lib/python3.12/site-packages/airflow/example_dags/example_setup_teardown_taskflow.py took 0.056 seconds
[2025-06-08T14:53:20.780+0000] {processor.py:186} INFO - Started process (PID=131) to work on /home/airflow/.local/lib/python3.12/site-packages/airflow/example_dags/example_setup_teardown_taskflow.py
[2025-06-08T14:53:20.782+0000] {processor.py:914} INFO - Processing file /home/airflow/.local/lib/python3.12/site-packages/airflow/example_dags/example_setup_teardown_taskflow.py for tasks to queue
[2025-06-08T14:53:20.786+0000] {logging_mixin.py:190} INFO - [2025-06-08T14:53:20.785+0000] {dagbag.py:588} INFO - Filling up the DagBag from /home/airflow/.local/lib/python3.12/site-packages/airflow/example_dags/example_setup_teardown_taskflow.py
[2025-06-08T14:53:20.810+0000] {processor.py:925} INFO - DAG(s) 'example_setup_teardown_taskflow' retrieved from /home/airflow/.local/lib/python3.12/site-packages/airflow/example_dags/example_setup_teardown_taskflow.py
[2025-06-08T14:53:20.847+0000] {logging_mixin.py:190} INFO - [2025-06-08T14:53:20.846+0000] {dag.py:3239} INFO - Sync 1 DAGs
[2025-06-08T14:53:20.867+0000] {logging_mixin.py:190} INFO - [2025-06-08T14:53:20.867+0000] {dag.py:4180} INFO - Setting next_dagrun for example_setup_teardown_taskflow to None, run_after=None
[2025-06-08T14:53:20.895+0000] {processor.py:208} INFO - Processing /home/airflow/.local/lib/python3.12/site-packages/airflow/example_dags/example_setup_teardown_taskflow.py took 0.125 seconds
[2025-06-08T14:53:51.698+0000] {processor.py:186} INFO - Started process (PID=194) to work on /home/airflow/.local/lib/python3.12/site-packages/airflow/example_dags/example_setup_teardown_taskflow.py
[2025-06-08T14:53:51.699+0000] {processor.py:914} INFO - Processing file /home/airflow/.local/lib/python3.12/site-packages/airflow/example_dags/example_setup_teardown_taskflow.py for tasks to queue
[2025-06-08T14:53:51.701+0000] {logging_mixin.py:190} INFO - [2025-06-08T14:53:51.701+0000] {dagbag.py:588} INFO - Filling up the DagBag from /home/airflow/.local/lib/python3.12/site-packages/airflow/example_dags/example_setup_teardown_taskflow.py
[2025-06-08T14:53:51.714+0000] {processor.py:925} INFO - DAG(s) 'example_setup_teardown_taskflow' retrieved from /home/airflow/.local/lib/python3.12/site-packages/airflow/example_dags/example_setup_teardown_taskflow.py
[2025-06-08T14:53:51.744+0000] {logging_mixin.py:190} INFO - [2025-06-08T14:53:51.743+0000] {dag.py:3239} INFO - Sync 1 DAGs
[2025-06-08T14:53:51.772+0000] {logging_mixin.py:190} INFO - [2025-06-08T14:53:51.771+0000] {dag.py:4180} INFO - Setting next_dagrun for example_setup_teardown_taskflow to None, run_after=None
[2025-06-08T14:53:51.806+0000] {processor.py:208} INFO - Processing /home/airflow/.local/lib/python3.12/site-packages/airflow/example_dags/example_setup_teardown_taskflow.py took 0.115 seconds
[2025-06-08T14:54:22.658+0000] {processor.py:186} INFO - Started process (PID=257) to work on /home/airflow/.local/lib/python3.12/site-packages/airflow/example_dags/example_setup_teardown_taskflow.py
[2025-06-08T14:54:22.659+0000] {processor.py:914} INFO - Processing file /home/airflow/.local/lib/python3.12/site-packages/airflow/example_dags/example_setup_teardown_taskflow.py for tasks to queue
[2025-06-08T14:54:22.661+0000] {logging_mixin.py:190} INFO - [2025-06-08T14:54:22.661+0000] {dagbag.py:588} INFO - Filling up the DagBag from /home/airflow/.local/lib/python3.12/site-packages/airflow/example_dags/example_setup_teardown_taskflow.py
[2025-06-08T14:54:22.670+0000] {processor.py:925} INFO - DAG(s) 'example_setup_teardown_taskflow' retrieved from /home/airflow/.local/lib/python3.12/site-packages/airflow/example_dags/example_setup_teardown_taskflow.py
[2025-06-08T14:54:22.689+0000] {logging_mixin.py:190} INFO - [2025-06-08T14:54:22.689+0000] {dag.py:3239} INFO - Sync 1 DAGs
[2025-06-08T14:54:22.703+0000] {logging_mixin.py:190} INFO - [2025-06-08T14:54:22.702+0000] {dag.py:4180} INFO - Setting next_dagrun for example_setup_teardown_taskflow to None, run_after=None
[2025-06-08T14:54:22.718+0000] {processor.py:208} INFO - Processing /home/airflow/.local/lib/python3.12/site-packages/airflow/example_dags/example_setup_teardown_taskflow.py took 0.065 seconds
[2025-06-08T14:54:53.001+0000] {processor.py:186} INFO - Started process (PID=319) to work on /home/airflow/.local/lib/python3.12/site-packages/airflow/example_dags/example_setup_teardown_taskflow.py
[2025-06-08T14:54:53.002+0000] {processor.py:914} INFO - Processing file /home/airflow/.local/lib/python3.12/site-packages/airflow/example_dags/example_setup_teardown_taskflow.py for tasks to queue
[2025-06-08T14:54:53.005+0000] {logging_mixin.py:190} INFO - [2025-06-08T14:54:53.005+0000] {dagbag.py:588} INFO - Filling up the DagBag from /home/airflow/.local/lib/python3.12/site-packages/airflow/example_dags/example_setup_teardown_taskflow.py
[2025-06-08T14:54:53.018+0000] {processor.py:925} INFO - DAG(s) 'example_setup_teardown_taskflow' retrieved from /home/airflow/.local/lib/python3.12/site-packages/airflow/example_dags/example_setup_teardown_taskflow.py
[2025-06-08T14:54:53.041+0000] {logging_mixin.py:190} INFO - [2025-06-08T14:54:53.040+0000] {dag.py:3239} INFO - Sync 1 DAGs
[2025-06-08T14:54:53.054+0000] {logging_mixin.py:190} INFO - [2025-06-08T14:54:53.054+0000] {dag.py:4180} INFO - Setting next_dagrun for example_setup_teardown_taskflow to None, run_after=None
[2025-06-08T14:54:53.071+0000] {processor.py:208} INFO - Processing /home/airflow/.local/lib/python3.12/site-packages/airflow/example_dags/example_setup_teardown_taskflow.py took 0.077 seconds
[2025-06-08T14:55:23.530+0000] {processor.py:186} INFO - Started process (PID=382) to work on /home/airflow/.local/lib/python3.12/site-packages/airflow/example_dags/example_setup_teardown_taskflow.py
[2025-06-08T14:55:23.533+0000] {processor.py:914} INFO - Processing file /home/airflow/.local/lib/python3.12/site-packages/airflow/example_dags/example_setup_teardown_taskflow.py for tasks to queue
[2025-06-08T14:55:23.537+0000] {logging_mixin.py:190} INFO - [2025-06-08T14:55:23.537+0000] {dagbag.py:588} INFO - Filling up the DagBag from /home/airflow/.local/lib/python3.12/site-packages/airflow/example_dags/example_setup_teardown_taskflow.py
[2025-06-08T14:55:23.560+0000] {processor.py:925} INFO - DAG(s) 'example_setup_teardown_taskflow' retrieved from /home/airflow/.local/lib/python3.12/site-packages/airflow/example_dags/example_setup_teardown_taskflow.py
[2025-06-08T14:55:23.599+0000] {logging_mixin.py:190} INFO - [2025-06-08T14:55:23.599+0000] {dag.py:3239} INFO - Sync 1 DAGs
[2025-06-08T14:55:23.627+0000] {logging_mixin.py:190} INFO - [2025-06-08T14:55:23.626+0000] {dag.py:4180} INFO - Setting next_dagrun for example_setup_teardown_taskflow to None, run_after=None
[2025-06-08T14:55:23.660+0000] {processor.py:208} INFO - Processing /home/airflow/.local/lib/python3.12/site-packages/airflow/example_dags/example_setup_teardown_taskflow.py took 0.138 seconds
[2025-06-08T14:55:53.775+0000] {processor.py:186} INFO - Started process (PID=445) to work on /home/airflow/.local/lib/python3.12/site-packages/airflow/example_dags/example_setup_teardown_taskflow.py
[2025-06-08T14:55:53.776+0000] {processor.py:914} INFO - Processing file /home/airflow/.local/lib/python3.12/site-packages/airflow/example_dags/example_setup_teardown_taskflow.py for tasks to queue
[2025-06-08T14:55:53.779+0000] {logging_mixin.py:190} INFO - [2025-06-08T14:55:53.778+0000] {dagbag.py:588} INFO - Filling up the DagBag from /home/airflow/.local/lib/python3.12/site-packages/airflow/example_dags/example_setup_teardown_taskflow.py
[2025-06-08T14:55:53.789+0000] {processor.py:925} INFO - DAG(s) 'example_setup_teardown_taskflow' retrieved from /home/airflow/.local/lib/python3.12/site-packages/airflow/example_dags/example_setup_teardown_taskflow.py
[2025-06-08T14:55:53.811+0000] {logging_mixin.py:190} INFO - [2025-06-08T14:55:53.810+0000] {dag.py:3239} INFO - Sync 1 DAGs
[2025-06-08T14:55:53.826+0000] {logging_mixin.py:190} INFO - [2025-06-08T14:55:53.826+0000] {dag.py:4180} INFO - Setting next_dagrun for example_setup_teardown_taskflow to None, run_after=None
[2025-06-08T14:55:53.845+0000] {processor.py:208} INFO - Processing /home/airflow/.local/lib/python3.12/site-packages/airflow/example_dags/example_setup_teardown_taskflow.py took 0.075 seconds
