[2025-06-08T14:52:31.817+0000] {processor.py:186} INFO - Started process (PID=93) to work on /home/airflow/.local/lib/python3.12/site-packages/airflow/example_dags/example_sensors.py
[2025-06-08T14:52:31.818+0000] {processor.py:914} INFO - Processing file /home/airflow/.local/lib/python3.12/site-packages/airflow/example_dags/example_sensors.py for tasks to queue
[2025-06-08T14:52:31.821+0000] {logging_mixin.py:190} INFO - [2025-06-08T14:52:31.821+0000] {dagbag.py:588} INFO - Filling up the DagBag from /home/airflow/.local/lib/python3.12/site-packages/airflow/example_dags/example_sensors.py
[2025-06-08T14:52:31.843+0000] {processor.py:925} INFO - DAG(s) 'example_sensors' retrieved from /home/airflow/.local/lib/python3.12/site-packages/airflow/example_dags/example_sensors.py
[2025-06-08T14:52:31.952+0000] {logging_mixin.py:190} INFO - [2025-06-08T14:52:31.951+0000] {override.py:1911} INFO - Created Permission View: can read on DAG:example_sensors
[2025-06-08T14:52:31.962+0000] {logging_mixin.py:190} INFO - [2025-06-08T14:52:31.962+0000] {override.py:1911} INFO - Created Permission View: can delete on DAG:example_sensors
[2025-06-08T14:52:31.969+0000] {logging_mixin.py:190} INFO - [2025-06-08T14:52:31.969+0000] {override.py:1911} INFO - Created Permission View: can edit on DAG:example_sensors
[2025-06-08T14:52:31.976+0000] {logging_mixin.py:190} INFO - [2025-06-08T14:52:31.976+0000] {override.py:1911} INFO - Created Permission View: can create on DAG Run:example_sensors
[2025-06-08T14:52:31.982+0000] {logging_mixin.py:190} INFO - [2025-06-08T14:52:31.982+0000] {override.py:1911} INFO - Created Permission View: menu access on DAG Run:example_sensors
[2025-06-08T14:52:31.988+0000] {logging_mixin.py:190} INFO - [2025-06-08T14:52:31.988+0000] {override.py:1911} INFO - Created Permission View: can read on DAG Run:example_sensors
[2025-06-08T14:52:31.995+0000] {logging_mixin.py:190} INFO - [2025-06-08T14:52:31.994+0000] {override.py:1911} INFO - Created Permission View: can delete on DAG Run:example_sensors
[2025-06-08T14:52:31.995+0000] {logging_mixin.py:190} INFO - [2025-06-08T14:52:31.995+0000] {dag.py:3239} INFO - Sync 1 DAGs
[2025-06-08T14:52:32.007+0000] {logging_mixin.py:190} INFO - [2025-06-08T14:52:32.006+0000] {dag.py:3262} INFO - Creating ORM DAG for example_sensors
[2025-06-08T14:52:32.008+0000] {logging_mixin.py:190} INFO - [2025-06-08T14:52:32.008+0000] {dag.py:4180} INFO - Setting next_dagrun for example_sensors to None, run_after=None
[2025-06-08T14:52:32.030+0000] {processor.py:208} INFO - Processing /home/airflow/.local/lib/python3.12/site-packages/airflow/example_dags/example_sensors.py took 0.221 seconds
[2025-06-08T14:52:49.373+0000] {processor.py:186} INFO - Started process (PID=66) to work on /home/airflow/.local/lib/python3.12/site-packages/airflow/example_dags/example_sensors.py
[2025-06-08T14:52:49.374+0000] {processor.py:914} INFO - Processing file /home/airflow/.local/lib/python3.12/site-packages/airflow/example_dags/example_sensors.py for tasks to queue
[2025-06-08T14:52:49.376+0000] {logging_mixin.py:190} INFO - [2025-06-08T14:52:49.376+0000] {dagbag.py:588} INFO - Filling up the DagBag from /home/airflow/.local/lib/python3.12/site-packages/airflow/example_dags/example_sensors.py
[2025-06-08T14:52:49.387+0000] {processor.py:925} INFO - DAG(s) 'example_sensors' retrieved from /home/airflow/.local/lib/python3.12/site-packages/airflow/example_dags/example_sensors.py
[2025-06-08T14:52:49.396+0000] {logging_mixin.py:190} INFO - [2025-06-08T14:52:49.396+0000] {dag.py:3239} INFO - Sync 1 DAGs
[2025-06-08T14:52:49.408+0000] {logging_mixin.py:190} INFO - [2025-06-08T14:52:49.408+0000] {dag.py:4180} INFO - Setting next_dagrun for example_sensors to None, run_after=None
[2025-06-08T14:52:49.424+0000] {processor.py:208} INFO - Processing /home/airflow/.local/lib/python3.12/site-packages/airflow/example_dags/example_sensors.py took 0.055 seconds
[2025-06-08T14:53:21.074+0000] {processor.py:186} INFO - Started process (PID=135) to work on /home/airflow/.local/lib/python3.12/site-packages/airflow/example_dags/example_sensors.py
[2025-06-08T14:53:21.076+0000] {processor.py:914} INFO - Processing file /home/airflow/.local/lib/python3.12/site-packages/airflow/example_dags/example_sensors.py for tasks to queue
[2025-06-08T14:53:21.079+0000] {logging_mixin.py:190} INFO - [2025-06-08T14:53:21.078+0000] {dagbag.py:588} INFO - Filling up the DagBag from /home/airflow/.local/lib/python3.12/site-packages/airflow/example_dags/example_sensors.py
[2025-06-08T14:53:21.091+0000] {processor.py:925} INFO - DAG(s) 'example_sensors' retrieved from /home/airflow/.local/lib/python3.12/site-packages/airflow/example_dags/example_sensors.py
[2025-06-08T14:53:21.123+0000] {logging_mixin.py:190} INFO - [2025-06-08T14:53:21.122+0000] {dag.py:3239} INFO - Sync 1 DAGs
[2025-06-08T14:53:21.142+0000] {logging_mixin.py:190} INFO - [2025-06-08T14:53:21.142+0000] {dag.py:4180} INFO - Setting next_dagrun for example_sensors to None, run_after=None
[2025-06-08T14:53:21.166+0000] {processor.py:208} INFO - Processing /home/airflow/.local/lib/python3.12/site-packages/airflow/example_dags/example_sensors.py took 0.097 seconds
[2025-06-08T14:53:52.192+0000] {processor.py:186} INFO - Started process (PID=198) to work on /home/airflow/.local/lib/python3.12/site-packages/airflow/example_dags/example_sensors.py
[2025-06-08T14:53:52.193+0000] {processor.py:914} INFO - Processing file /home/airflow/.local/lib/python3.12/site-packages/airflow/example_dags/example_sensors.py for tasks to queue
[2025-06-08T14:53:52.196+0000] {logging_mixin.py:190} INFO - [2025-06-08T14:53:52.196+0000] {dagbag.py:588} INFO - Filling up the DagBag from /home/airflow/.local/lib/python3.12/site-packages/airflow/example_dags/example_sensors.py
[2025-06-08T14:53:52.207+0000] {processor.py:925} INFO - DAG(s) 'example_sensors' retrieved from /home/airflow/.local/lib/python3.12/site-packages/airflow/example_dags/example_sensors.py
[2025-06-08T14:53:52.233+0000] {logging_mixin.py:190} INFO - [2025-06-08T14:53:52.233+0000] {dag.py:3239} INFO - Sync 1 DAGs
[2025-06-08T14:53:52.251+0000] {logging_mixin.py:190} INFO - [2025-06-08T14:53:52.251+0000] {dag.py:4180} INFO - Setting next_dagrun for example_sensors to None, run_after=None
[2025-06-08T14:53:52.278+0000] {processor.py:208} INFO - Processing /home/airflow/.local/lib/python3.12/site-packages/airflow/example_dags/example_sensors.py took 0.091 seconds
[2025-06-08T14:54:23.003+0000] {processor.py:186} INFO - Started process (PID=261) to work on /home/airflow/.local/lib/python3.12/site-packages/airflow/example_dags/example_sensors.py
[2025-06-08T14:54:23.004+0000] {processor.py:914} INFO - Processing file /home/airflow/.local/lib/python3.12/site-packages/airflow/example_dags/example_sensors.py for tasks to queue
[2025-06-08T14:54:23.006+0000] {logging_mixin.py:190} INFO - [2025-06-08T14:54:23.006+0000] {dagbag.py:588} INFO - Filling up the DagBag from /home/airflow/.local/lib/python3.12/site-packages/airflow/example_dags/example_sensors.py
[2025-06-08T14:54:23.015+0000] {processor.py:925} INFO - DAG(s) 'example_sensors' retrieved from /home/airflow/.local/lib/python3.12/site-packages/airflow/example_dags/example_sensors.py
[2025-06-08T14:54:23.038+0000] {logging_mixin.py:190} INFO - [2025-06-08T14:54:23.037+0000] {dag.py:3239} INFO - Sync 1 DAGs
[2025-06-08T14:54:23.052+0000] {logging_mixin.py:190} INFO - [2025-06-08T14:54:23.051+0000] {dag.py:4180} INFO - Setting next_dagrun for example_sensors to None, run_after=None
[2025-06-08T14:54:23.069+0000] {processor.py:208} INFO - Processing /home/airflow/.local/lib/python3.12/site-packages/airflow/example_dags/example_sensors.py took 0.072 seconds
[2025-06-08T14:54:53.374+0000] {processor.py:186} INFO - Started process (PID=324) to work on /home/airflow/.local/lib/python3.12/site-packages/airflow/example_dags/example_sensors.py
[2025-06-08T14:54:53.375+0000] {processor.py:914} INFO - Processing file /home/airflow/.local/lib/python3.12/site-packages/airflow/example_dags/example_sensors.py for tasks to queue
[2025-06-08T14:54:53.377+0000] {logging_mixin.py:190} INFO - [2025-06-08T14:54:53.377+0000] {dagbag.py:588} INFO - Filling up the DagBag from /home/airflow/.local/lib/python3.12/site-packages/airflow/example_dags/example_sensors.py
[2025-06-08T14:54:53.386+0000] {processor.py:925} INFO - DAG(s) 'example_sensors' retrieved from /home/airflow/.local/lib/python3.12/site-packages/airflow/example_dags/example_sensors.py
[2025-06-08T14:54:53.407+0000] {logging_mixin.py:190} INFO - [2025-06-08T14:54:53.407+0000] {dag.py:3239} INFO - Sync 1 DAGs
[2025-06-08T14:54:53.423+0000] {logging_mixin.py:190} INFO - [2025-06-08T14:54:53.423+0000] {dag.py:4180} INFO - Setting next_dagrun for example_sensors to None, run_after=None
[2025-06-08T14:54:53.443+0000] {processor.py:208} INFO - Processing /home/airflow/.local/lib/python3.12/site-packages/airflow/example_dags/example_sensors.py took 0.074 seconds
[2025-06-08T14:55:24.960+0000] {processor.py:186} INFO - Started process (PID=387) to work on /home/airflow/.local/lib/python3.12/site-packages/airflow/example_dags/example_sensors.py
[2025-06-08T14:55:24.962+0000] {processor.py:914} INFO - Processing file /home/airflow/.local/lib/python3.12/site-packages/airflow/example_dags/example_sensors.py for tasks to queue
[2025-06-08T14:55:24.964+0000] {logging_mixin.py:190} INFO - [2025-06-08T14:55:24.964+0000] {dagbag.py:588} INFO - Filling up the DagBag from /home/airflow/.local/lib/python3.12/site-packages/airflow/example_dags/example_sensors.py
[2025-06-08T14:55:24.975+0000] {processor.py:925} INFO - DAG(s) 'example_sensors' retrieved from /home/airflow/.local/lib/python3.12/site-packages/airflow/example_dags/example_sensors.py
[2025-06-08T14:55:25.003+0000] {logging_mixin.py:190} INFO - [2025-06-08T14:55:25.003+0000] {dag.py:3239} INFO - Sync 1 DAGs
[2025-06-08T14:55:25.023+0000] {logging_mixin.py:190} INFO - [2025-06-08T14:55:25.023+0000] {dag.py:4180} INFO - Setting next_dagrun for example_sensors to None, run_after=None
[2025-06-08T14:55:25.049+0000] {processor.py:208} INFO - Processing /home/airflow/.local/lib/python3.12/site-packages/airflow/example_dags/example_sensors.py took 0.096 seconds
[2025-06-08T14:55:55.265+0000] {processor.py:186} INFO - Started process (PID=450) to work on /home/airflow/.local/lib/python3.12/site-packages/airflow/example_dags/example_sensors.py
[2025-06-08T14:55:55.266+0000] {processor.py:914} INFO - Processing file /home/airflow/.local/lib/python3.12/site-packages/airflow/example_dags/example_sensors.py for tasks to queue
[2025-06-08T14:55:55.268+0000] {logging_mixin.py:190} INFO - [2025-06-08T14:55:55.268+0000] {dagbag.py:588} INFO - Filling up the DagBag from /home/airflow/.local/lib/python3.12/site-packages/airflow/example_dags/example_sensors.py
[2025-06-08T14:55:55.281+0000] {processor.py:925} INFO - DAG(s) 'example_sensors' retrieved from /home/airflow/.local/lib/python3.12/site-packages/airflow/example_dags/example_sensors.py
[2025-06-08T14:55:55.305+0000] {logging_mixin.py:190} INFO - [2025-06-08T14:55:55.304+0000] {dag.py:3239} INFO - Sync 1 DAGs
[2025-06-08T14:55:55.320+0000] {logging_mixin.py:190} INFO - [2025-06-08T14:55:55.320+0000] {dag.py:4180} INFO - Setting next_dagrun for example_sensors to None, run_after=None
[2025-06-08T14:55:55.341+0000] {processor.py:208} INFO - Processing /home/airflow/.local/lib/python3.12/site-packages/airflow/example_dags/example_sensors.py took 0.083 seconds
