[2025-06-08T14:52:31.137+0000] {processor.py:186} INFO - Started process (PID=88) to work on /home/airflow/.local/lib/python3.12/site-packages/airflow/example_dags/example_task_group.py
[2025-06-08T14:52:31.138+0000] {processor.py:914} INFO - Processing file /home/airflow/.local/lib/python3.12/site-packages/airflow/example_dags/example_task_group.py for tasks to queue
[2025-06-08T14:52:31.141+0000] {logging_mixin.py:190} INFO - [2025-06-08T14:52:31.140+0000] {dagbag.py:588} INFO - Filling up the DagBag from /home/airflow/.local/lib/python3.12/site-packages/airflow/example_dags/example_task_group.py
[2025-06-08T14:52:31.160+0000] {processor.py:925} INFO - DAG(s) 'example_task_group' retrieved from /home/airflow/.local/lib/python3.12/site-packages/airflow/example_dags/example_task_group.py
[2025-06-08T14:52:31.281+0000] {logging_mixin.py:190} INFO - [2025-06-08T14:52:31.280+0000] {override.py:1911} INFO - Created Permission View: can read on DAG:example_task_group
[2025-06-08T14:52:31.289+0000] {logging_mixin.py:190} INFO - [2025-06-08T14:52:31.289+0000] {override.py:1911} INFO - Created Permission View: can delete on DAG:example_task_group
[2025-06-08T14:52:31.295+0000] {logging_mixin.py:190} INFO - [2025-06-08T14:52:31.295+0000] {override.py:1911} INFO - Created Permission View: can edit on DAG:example_task_group
[2025-06-08T14:52:31.301+0000] {logging_mixin.py:190} INFO - [2025-06-08T14:52:31.301+0000] {override.py:1911} INFO - Created Permission View: can create on DAG Run:example_task_group
[2025-06-08T14:52:31.307+0000] {logging_mixin.py:190} INFO - [2025-06-08T14:52:31.306+0000] {override.py:1911} INFO - Created Permission View: menu access on DAG Run:example_task_group
[2025-06-08T14:52:31.313+0000] {logging_mixin.py:190} INFO - [2025-06-08T14:52:31.312+0000] {override.py:1911} INFO - Created Permission View: can read on DAG Run:example_task_group
[2025-06-08T14:52:31.319+0000] {logging_mixin.py:190} INFO - [2025-06-08T14:52:31.319+0000] {override.py:1911} INFO - Created Permission View: can delete on DAG Run:example_task_group
[2025-06-08T14:52:31.320+0000] {logging_mixin.py:190} INFO - [2025-06-08T14:52:31.320+0000] {dag.py:3239} INFO - Sync 1 DAGs
[2025-06-08T14:52:31.334+0000] {logging_mixin.py:190} INFO - [2025-06-08T14:52:31.333+0000] {dag.py:3262} INFO - Creating ORM DAG for example_task_group
[2025-06-08T14:52:31.335+0000] {logging_mixin.py:190} INFO - [2025-06-08T14:52:31.334+0000] {dag.py:4180} INFO - Setting next_dagrun for example_task_group to None, run_after=None
[2025-06-08T14:52:31.354+0000] {processor.py:208} INFO - Processing /home/airflow/.local/lib/python3.12/site-packages/airflow/example_dags/example_task_group.py took 0.224 seconds
[2025-06-08T14:52:49.153+0000] {processor.py:186} INFO - Started process (PID=61) to work on /home/airflow/.local/lib/python3.12/site-packages/airflow/example_dags/example_task_group.py
[2025-06-08T14:52:49.154+0000] {processor.py:914} INFO - Processing file /home/airflow/.local/lib/python3.12/site-packages/airflow/example_dags/example_task_group.py for tasks to queue
[2025-06-08T14:52:49.156+0000] {logging_mixin.py:190} INFO - [2025-06-08T14:52:49.155+0000] {dagbag.py:588} INFO - Filling up the DagBag from /home/airflow/.local/lib/python3.12/site-packages/airflow/example_dags/example_task_group.py
[2025-06-08T14:52:49.163+0000] {processor.py:925} INFO - DAG(s) 'example_task_group' retrieved from /home/airflow/.local/lib/python3.12/site-packages/airflow/example_dags/example_task_group.py
[2025-06-08T14:52:49.172+0000] {logging_mixin.py:190} INFO - [2025-06-08T14:52:49.172+0000] {dag.py:3239} INFO - Sync 1 DAGs
[2025-06-08T14:52:49.185+0000] {logging_mixin.py:190} INFO - [2025-06-08T14:52:49.185+0000] {dag.py:4180} INFO - Setting next_dagrun for example_task_group to None, run_after=None
[2025-06-08T14:52:49.202+0000] {processor.py:208} INFO - Processing /home/airflow/.local/lib/python3.12/site-packages/airflow/example_dags/example_task_group.py took 0.054 seconds
[2025-06-08T14:53:20.621+0000] {processor.py:186} INFO - Started process (PID=130) to work on /home/airflow/.local/lib/python3.12/site-packages/airflow/example_dags/example_task_group.py
[2025-06-08T14:53:20.622+0000] {processor.py:914} INFO - Processing file /home/airflow/.local/lib/python3.12/site-packages/airflow/example_dags/example_task_group.py for tasks to queue
[2025-06-08T14:53:20.627+0000] {logging_mixin.py:190} INFO - [2025-06-08T14:53:20.627+0000] {dagbag.py:588} INFO - Filling up the DagBag from /home/airflow/.local/lib/python3.12/site-packages/airflow/example_dags/example_task_group.py
[2025-06-08T14:53:20.643+0000] {processor.py:925} INFO - DAG(s) 'example_task_group' retrieved from /home/airflow/.local/lib/python3.12/site-packages/airflow/example_dags/example_task_group.py
[2025-06-08T14:53:20.672+0000] {logging_mixin.py:190} INFO - [2025-06-08T14:53:20.672+0000] {dag.py:3239} INFO - Sync 1 DAGs
[2025-06-08T14:53:20.689+0000] {logging_mixin.py:190} INFO - [2025-06-08T14:53:20.688+0000] {dag.py:4180} INFO - Setting next_dagrun for example_task_group to None, run_after=None
[2025-06-08T14:53:20.718+0000] {processor.py:208} INFO - Processing /home/airflow/.local/lib/python3.12/site-packages/airflow/example_dags/example_task_group.py took 0.106 seconds
[2025-06-08T14:53:51.584+0000] {processor.py:186} INFO - Started process (PID=193) to work on /home/airflow/.local/lib/python3.12/site-packages/airflow/example_dags/example_task_group.py
[2025-06-08T14:53:51.585+0000] {processor.py:914} INFO - Processing file /home/airflow/.local/lib/python3.12/site-packages/airflow/example_dags/example_task_group.py for tasks to queue
[2025-06-08T14:53:51.588+0000] {logging_mixin.py:190} INFO - [2025-06-08T14:53:51.587+0000] {dagbag.py:588} INFO - Filling up the DagBag from /home/airflow/.local/lib/python3.12/site-packages/airflow/example_dags/example_task_group.py
[2025-06-08T14:53:51.598+0000] {processor.py:925} INFO - DAG(s) 'example_task_group' retrieved from /home/airflow/.local/lib/python3.12/site-packages/airflow/example_dags/example_task_group.py
[2025-06-08T14:53:51.621+0000] {logging_mixin.py:190} INFO - [2025-06-08T14:53:51.621+0000] {dag.py:3239} INFO - Sync 1 DAGs
[2025-06-08T14:53:51.641+0000] {logging_mixin.py:190} INFO - [2025-06-08T14:53:51.641+0000] {dag.py:4180} INFO - Setting next_dagrun for example_task_group to None, run_after=None
[2025-06-08T14:53:51.666+0000] {processor.py:208} INFO - Processing /home/airflow/.local/lib/python3.12/site-packages/airflow/example_dags/example_task_group.py took 0.088 seconds
[2025-06-08T14:54:22.572+0000] {processor.py:186} INFO - Started process (PID=256) to work on /home/airflow/.local/lib/python3.12/site-packages/airflow/example_dags/example_task_group.py
[2025-06-08T14:54:22.573+0000] {processor.py:914} INFO - Processing file /home/airflow/.local/lib/python3.12/site-packages/airflow/example_dags/example_task_group.py for tasks to queue
[2025-06-08T14:54:22.574+0000] {logging_mixin.py:190} INFO - [2025-06-08T14:54:22.574+0000] {dagbag.py:588} INFO - Filling up the DagBag from /home/airflow/.local/lib/python3.12/site-packages/airflow/example_dags/example_task_group.py
[2025-06-08T14:54:22.581+0000] {processor.py:925} INFO - DAG(s) 'example_task_group' retrieved from /home/airflow/.local/lib/python3.12/site-packages/airflow/example_dags/example_task_group.py
[2025-06-08T14:54:22.600+0000] {logging_mixin.py:190} INFO - [2025-06-08T14:54:22.600+0000] {dag.py:3239} INFO - Sync 1 DAGs
[2025-06-08T14:54:22.613+0000] {logging_mixin.py:190} INFO - [2025-06-08T14:54:22.613+0000] {dag.py:4180} INFO - Setting next_dagrun for example_task_group to None, run_after=None
[2025-06-08T14:54:22.632+0000] {processor.py:208} INFO - Processing /home/airflow/.local/lib/python3.12/site-packages/airflow/example_dags/example_task_group.py took 0.066 seconds
[2025-06-08T14:54:52.893+0000] {processor.py:186} INFO - Started process (PID=318) to work on /home/airflow/.local/lib/python3.12/site-packages/airflow/example_dags/example_task_group.py
[2025-06-08T14:54:52.894+0000] {processor.py:914} INFO - Processing file /home/airflow/.local/lib/python3.12/site-packages/airflow/example_dags/example_task_group.py for tasks to queue
[2025-06-08T14:54:52.896+0000] {logging_mixin.py:190} INFO - [2025-06-08T14:54:52.896+0000] {dagbag.py:588} INFO - Filling up the DagBag from /home/airflow/.local/lib/python3.12/site-packages/airflow/example_dags/example_task_group.py
[2025-06-08T14:54:52.904+0000] {processor.py:925} INFO - DAG(s) 'example_task_group' retrieved from /home/airflow/.local/lib/python3.12/site-packages/airflow/example_dags/example_task_group.py
[2025-06-08T14:54:52.923+0000] {logging_mixin.py:190} INFO - [2025-06-08T14:54:52.923+0000] {dag.py:3239} INFO - Sync 1 DAGs
[2025-06-08T14:54:52.938+0000] {logging_mixin.py:190} INFO - [2025-06-08T14:54:52.937+0000] {dag.py:4180} INFO - Setting next_dagrun for example_task_group to None, run_after=None
[2025-06-08T14:54:52.958+0000] {processor.py:208} INFO - Processing /home/airflow/.local/lib/python3.12/site-packages/airflow/example_dags/example_task_group.py took 0.071 seconds
[2025-06-08T14:55:23.335+0000] {processor.py:186} INFO - Started process (PID=381) to work on /home/airflow/.local/lib/python3.12/site-packages/airflow/example_dags/example_task_group.py
[2025-06-08T14:55:23.336+0000] {processor.py:914} INFO - Processing file /home/airflow/.local/lib/python3.12/site-packages/airflow/example_dags/example_task_group.py for tasks to queue
[2025-06-08T14:55:23.340+0000] {logging_mixin.py:190} INFO - [2025-06-08T14:55:23.339+0000] {dagbag.py:588} INFO - Filling up the DagBag from /home/airflow/.local/lib/python3.12/site-packages/airflow/example_dags/example_task_group.py
[2025-06-08T14:55:23.367+0000] {processor.py:925} INFO - DAG(s) 'example_task_group' retrieved from /home/airflow/.local/lib/python3.12/site-packages/airflow/example_dags/example_task_group.py
[2025-06-08T14:55:23.421+0000] {logging_mixin.py:190} INFO - [2025-06-08T14:55:23.420+0000] {dag.py:3239} INFO - Sync 1 DAGs
[2025-06-08T14:55:23.454+0000] {logging_mixin.py:190} INFO - [2025-06-08T14:55:23.454+0000] {dag.py:4180} INFO - Setting next_dagrun for example_task_group to None, run_after=None
[2025-06-08T14:55:23.489+0000] {processor.py:208} INFO - Processing /home/airflow/.local/lib/python3.12/site-packages/airflow/example_dags/example_task_group.py took 0.162 seconds
[2025-06-08T14:55:53.688+0000] {processor.py:186} INFO - Started process (PID=444) to work on /home/airflow/.local/lib/python3.12/site-packages/airflow/example_dags/example_task_group.py
[2025-06-08T14:55:53.689+0000] {processor.py:914} INFO - Processing file /home/airflow/.local/lib/python3.12/site-packages/airflow/example_dags/example_task_group.py for tasks to queue
[2025-06-08T14:55:53.691+0000] {logging_mixin.py:190} INFO - [2025-06-08T14:55:53.691+0000] {dagbag.py:588} INFO - Filling up the DagBag from /home/airflow/.local/lib/python3.12/site-packages/airflow/example_dags/example_task_group.py
[2025-06-08T14:55:53.698+0000] {processor.py:925} INFO - DAG(s) 'example_task_group' retrieved from /home/airflow/.local/lib/python3.12/site-packages/airflow/example_dags/example_task_group.py
[2025-06-08T14:55:53.716+0000] {logging_mixin.py:190} INFO - [2025-06-08T14:55:53.716+0000] {dag.py:3239} INFO - Sync 1 DAGs
[2025-06-08T14:55:53.730+0000] {logging_mixin.py:190} INFO - [2025-06-08T14:55:53.730+0000] {dag.py:4180} INFO - Setting next_dagrun for example_task_group to None, run_after=None
[2025-06-08T14:55:53.748+0000] {processor.py:208} INFO - Processing /home/airflow/.local/lib/python3.12/site-packages/airflow/example_dags/example_task_group.py took 0.065 seconds
