[2025-06-08T14:52:53.908+0000] {processor.py:186} INFO - Started process (PID=96) to work on /home/airflow/.local/lib/python3.12/site-packages/airflow/example_dags/example_nested_branch_dag.py
[2025-06-08T14:52:53.909+0000] {processor.py:914} INFO - Processing file /home/airflow/.local/lib/python3.12/site-packages/airflow/example_dags/example_nested_branch_dag.py for tasks to queue
[2025-06-08T14:52:53.911+0000] {logging_mixin.py:190} INFO - [2025-06-08T14:52:53.911+0000] {dagbag.py:588} INFO - Filling up the DagBag from /home/airflow/.local/lib/python3.12/site-packages/airflow/example_dags/example_nested_branch_dag.py
[2025-06-08T14:52:53.922+0000] {processor.py:925} INFO - DAG(s) 'example_nested_branch_dag' retrieved from /home/airflow/.local/lib/python3.12/site-packages/airflow/example_dags/example_nested_branch_dag.py
[2025-06-08T14:52:54.019+0000] {logging_mixin.py:190} INFO - [2025-06-08T14:52:54.018+0000] {override.py:1911} INFO - Created Permission View: can edit on DAG:example_nested_branch_dag
[2025-06-08T14:52:54.026+0000] {logging_mixin.py:190} INFO - [2025-06-08T14:52:54.026+0000] {override.py:1911} INFO - Created Permission View: can read on DAG:example_nested_branch_dag
[2025-06-08T14:52:54.032+0000] {logging_mixin.py:190} INFO - [2025-06-08T14:52:54.032+0000] {override.py:1911} INFO - Created Permission View: can delete on DAG:example_nested_branch_dag
[2025-06-08T14:52:54.038+0000] {logging_mixin.py:190} INFO - [2025-06-08T14:52:54.038+0000] {override.py:1911} INFO - Created Permission View: can read on DAG Run:example_nested_branch_dag
[2025-06-08T14:52:54.044+0000] {logging_mixin.py:190} INFO - [2025-06-08T14:52:54.043+0000] {override.py:1911} INFO - Created Permission View: can delete on DAG Run:example_nested_branch_dag
[2025-06-08T14:52:54.050+0000] {logging_mixin.py:190} INFO - [2025-06-08T14:52:54.050+0000] {override.py:1911} INFO - Created Permission View: can create on DAG Run:example_nested_branch_dag
[2025-06-08T14:52:54.056+0000] {logging_mixin.py:190} INFO - [2025-06-08T14:52:54.056+0000] {override.py:1911} INFO - Created Permission View: menu access on DAG Run:example_nested_branch_dag
[2025-06-08T14:52:54.057+0000] {logging_mixin.py:190} INFO - [2025-06-08T14:52:54.057+0000] {dag.py:3239} INFO - Sync 1 DAGs
[2025-06-08T14:52:54.068+0000] {logging_mixin.py:190} INFO - [2025-06-08T14:52:54.068+0000] {dag.py:3262} INFO - Creating ORM DAG for example_nested_branch_dag
[2025-06-08T14:52:54.077+0000] {logging_mixin.py:190} INFO - [2025-06-08T14:52:54.077+0000] {dag.py:4180} INFO - Setting next_dagrun for example_nested_branch_dag to 2025-06-07 00:00:00+00:00, run_after=2025-06-08 00:00:00+00:00
[2025-06-08T14:52:54.093+0000] {processor.py:208} INFO - Processing /home/airflow/.local/lib/python3.12/site-packages/airflow/example_dags/example_nested_branch_dag.py took 0.189 seconds
[2025-06-08T14:53:24.727+0000] {processor.py:186} INFO - Started process (PID=159) to work on /home/airflow/.local/lib/python3.12/site-packages/airflow/example_dags/example_nested_branch_dag.py
[2025-06-08T14:53:24.728+0000] {processor.py:914} INFO - Processing file /home/airflow/.local/lib/python3.12/site-packages/airflow/example_dags/example_nested_branch_dag.py for tasks to queue
[2025-06-08T14:53:24.730+0000] {logging_mixin.py:190} INFO - [2025-06-08T14:53:24.730+0000] {dagbag.py:588} INFO - Filling up the DagBag from /home/airflow/.local/lib/python3.12/site-packages/airflow/example_dags/example_nested_branch_dag.py
[2025-06-08T14:53:24.741+0000] {processor.py:925} INFO - DAG(s) 'example_nested_branch_dag' retrieved from /home/airflow/.local/lib/python3.12/site-packages/airflow/example_dags/example_nested_branch_dag.py
[2025-06-08T14:53:24.762+0000] {logging_mixin.py:190} INFO - [2025-06-08T14:53:24.762+0000] {dag.py:3239} INFO - Sync 1 DAGs
[2025-06-08T14:53:24.787+0000] {logging_mixin.py:190} INFO - [2025-06-08T14:53:24.787+0000] {dag.py:4180} INFO - Setting next_dagrun for example_nested_branch_dag to 2025-06-07 00:00:00+00:00, run_after=2025-06-08 00:00:00+00:00
[2025-06-08T14:53:24.806+0000] {processor.py:208} INFO - Processing /home/airflow/.local/lib/python3.12/site-packages/airflow/example_dags/example_nested_branch_dag.py took 0.084 seconds
[2025-06-08T14:53:55.746+0000] {processor.py:186} INFO - Started process (PID=222) to work on /home/airflow/.local/lib/python3.12/site-packages/airflow/example_dags/example_nested_branch_dag.py
[2025-06-08T14:53:55.747+0000] {processor.py:914} INFO - Processing file /home/airflow/.local/lib/python3.12/site-packages/airflow/example_dags/example_nested_branch_dag.py for tasks to queue
[2025-06-08T14:53:55.750+0000] {logging_mixin.py:190} INFO - [2025-06-08T14:53:55.750+0000] {dagbag.py:588} INFO - Filling up the DagBag from /home/airflow/.local/lib/python3.12/site-packages/airflow/example_dags/example_nested_branch_dag.py
[2025-06-08T14:53:55.759+0000] {processor.py:925} INFO - DAG(s) 'example_nested_branch_dag' retrieved from /home/airflow/.local/lib/python3.12/site-packages/airflow/example_dags/example_nested_branch_dag.py
[2025-06-08T14:53:55.778+0000] {logging_mixin.py:190} INFO - [2025-06-08T14:53:55.777+0000] {dag.py:3239} INFO - Sync 1 DAGs
[2025-06-08T14:53:55.798+0000] {logging_mixin.py:190} INFO - [2025-06-08T14:53:55.798+0000] {dag.py:4180} INFO - Setting next_dagrun for example_nested_branch_dag to 2025-06-07 00:00:00+00:00, run_after=2025-06-08 00:00:00+00:00
[2025-06-08T14:53:55.814+0000] {processor.py:208} INFO - Processing /home/airflow/.local/lib/python3.12/site-packages/airflow/example_dags/example_nested_branch_dag.py took 0.073 seconds
[2025-06-08T14:54:26.469+0000] {processor.py:186} INFO - Started process (PID=285) to work on /home/airflow/.local/lib/python3.12/site-packages/airflow/example_dags/example_nested_branch_dag.py
[2025-06-08T14:54:26.470+0000] {processor.py:914} INFO - Processing file /home/airflow/.local/lib/python3.12/site-packages/airflow/example_dags/example_nested_branch_dag.py for tasks to queue
[2025-06-08T14:54:26.472+0000] {logging_mixin.py:190} INFO - [2025-06-08T14:54:26.472+0000] {dagbag.py:588} INFO - Filling up the DagBag from /home/airflow/.local/lib/python3.12/site-packages/airflow/example_dags/example_nested_branch_dag.py
[2025-06-08T14:54:26.482+0000] {processor.py:925} INFO - DAG(s) 'example_nested_branch_dag' retrieved from /home/airflow/.local/lib/python3.12/site-packages/airflow/example_dags/example_nested_branch_dag.py
[2025-06-08T14:54:26.505+0000] {logging_mixin.py:190} INFO - [2025-06-08T14:54:26.505+0000] {dag.py:3239} INFO - Sync 1 DAGs
[2025-06-08T14:54:26.532+0000] {logging_mixin.py:190} INFO - [2025-06-08T14:54:26.531+0000] {dag.py:4180} INFO - Setting next_dagrun for example_nested_branch_dag to 2025-06-07 00:00:00+00:00, run_after=2025-06-08 00:00:00+00:00
[2025-06-08T14:54:26.553+0000] {processor.py:208} INFO - Processing /home/airflow/.local/lib/python3.12/site-packages/airflow/example_dags/example_nested_branch_dag.py took 0.090 seconds
[2025-06-08T14:54:56.586+0000] {processor.py:186} INFO - Started process (PID=347) to work on /home/airflow/.local/lib/python3.12/site-packages/airflow/example_dags/example_nested_branch_dag.py
[2025-06-08T14:54:56.587+0000] {processor.py:914} INFO - Processing file /home/airflow/.local/lib/python3.12/site-packages/airflow/example_dags/example_nested_branch_dag.py for tasks to queue
[2025-06-08T14:54:56.589+0000] {logging_mixin.py:190} INFO - [2025-06-08T14:54:56.589+0000] {dagbag.py:588} INFO - Filling up the DagBag from /home/airflow/.local/lib/python3.12/site-packages/airflow/example_dags/example_nested_branch_dag.py
[2025-06-08T14:54:56.599+0000] {processor.py:925} INFO - DAG(s) 'example_nested_branch_dag' retrieved from /home/airflow/.local/lib/python3.12/site-packages/airflow/example_dags/example_nested_branch_dag.py
[2025-06-08T14:54:56.616+0000] {logging_mixin.py:190} INFO - [2025-06-08T14:54:56.616+0000] {dag.py:3239} INFO - Sync 1 DAGs
[2025-06-08T14:54:56.638+0000] {logging_mixin.py:190} INFO - [2025-06-08T14:54:56.638+0000] {dag.py:4180} INFO - Setting next_dagrun for example_nested_branch_dag to 2025-06-07 00:00:00+00:00, run_after=2025-06-08 00:00:00+00:00
[2025-06-08T14:54:56.654+0000] {processor.py:208} INFO - Processing /home/airflow/.local/lib/python3.12/site-packages/airflow/example_dags/example_nested_branch_dag.py took 0.073 seconds
[2025-06-08T14:55:28.277+0000] {processor.py:186} INFO - Started process (PID=410) to work on /home/airflow/.local/lib/python3.12/site-packages/airflow/example_dags/example_nested_branch_dag.py
[2025-06-08T14:55:28.278+0000] {processor.py:914} INFO - Processing file /home/airflow/.local/lib/python3.12/site-packages/airflow/example_dags/example_nested_branch_dag.py for tasks to queue
[2025-06-08T14:55:28.281+0000] {logging_mixin.py:190} INFO - [2025-06-08T14:55:28.280+0000] {dagbag.py:588} INFO - Filling up the DagBag from /home/airflow/.local/lib/python3.12/site-packages/airflow/example_dags/example_nested_branch_dag.py
[2025-06-08T14:55:28.296+0000] {processor.py:925} INFO - DAG(s) 'example_nested_branch_dag' retrieved from /home/airflow/.local/lib/python3.12/site-packages/airflow/example_dags/example_nested_branch_dag.py
[2025-06-08T14:55:28.323+0000] {logging_mixin.py:190} INFO - [2025-06-08T14:55:28.323+0000] {dag.py:3239} INFO - Sync 1 DAGs
[2025-06-08T14:55:28.371+0000] {logging_mixin.py:190} INFO - [2025-06-08T14:55:28.370+0000] {dag.py:4180} INFO - Setting next_dagrun for example_nested_branch_dag to 2025-06-07 00:00:00+00:00, run_after=2025-06-08 00:00:00+00:00
[2025-06-08T14:55:28.415+0000] {processor.py:208} INFO - Processing /home/airflow/.local/lib/python3.12/site-packages/airflow/example_dags/example_nested_branch_dag.py took 0.145 seconds
[2025-06-08T14:55:58.535+0000] {processor.py:186} INFO - Started process (PID=473) to work on /home/airflow/.local/lib/python3.12/site-packages/airflow/example_dags/example_nested_branch_dag.py
[2025-06-08T14:55:58.537+0000] {processor.py:914} INFO - Processing file /home/airflow/.local/lib/python3.12/site-packages/airflow/example_dags/example_nested_branch_dag.py for tasks to queue
[2025-06-08T14:55:58.540+0000] {logging_mixin.py:190} INFO - [2025-06-08T14:55:58.540+0000] {dagbag.py:588} INFO - Filling up the DagBag from /home/airflow/.local/lib/python3.12/site-packages/airflow/example_dags/example_nested_branch_dag.py
[2025-06-08T14:55:58.555+0000] {processor.py:925} INFO - DAG(s) 'example_nested_branch_dag' retrieved from /home/airflow/.local/lib/python3.12/site-packages/airflow/example_dags/example_nested_branch_dag.py
[2025-06-08T14:55:58.584+0000] {logging_mixin.py:190} INFO - [2025-06-08T14:55:58.583+0000] {dag.py:3239} INFO - Sync 1 DAGs
[2025-06-08T14:55:58.627+0000] {logging_mixin.py:190} INFO - [2025-06-08T14:55:58.626+0000] {dag.py:4180} INFO - Setting next_dagrun for example_nested_branch_dag to 2025-06-07 00:00:00+00:00, run_after=2025-06-08 00:00:00+00:00
[2025-06-08T14:55:58.652+0000] {processor.py:208} INFO - Processing /home/airflow/.local/lib/python3.12/site-packages/airflow/example_dags/example_nested_branch_dag.py took 0.122 seconds
