[2025-06-08T14:52:52.385+0000] {processor.py:186} INFO - Started process (PID=89) to work on /home/airflow/.local/lib/python3.12/site-packages/airflow/example_dags/example_dataset_alias.py
[2025-06-08T14:52:52.386+0000] {processor.py:914} INFO - Processing file /home/airflow/.local/lib/python3.12/site-packages/airflow/example_dags/example_dataset_alias.py for tasks to queue
[2025-06-08T14:52:52.389+0000] {logging_mixin.py:190} INFO - [2025-06-08T14:52:52.388+0000] {dagbag.py:588} INFO - Filling up the DagBag from /home/airflow/.local/lib/python3.12/site-packages/airflow/example_dags/example_dataset_alias.py
[2025-06-08T14:52:53.276+0000] {processor.py:925} INFO - DAG(s) 'dataset_alias_example_alias_consumer', 'dataset_alias_example_alias_producer', 'dataset_s3_bucket_consumer', 'dataset_s3_bucket_producer' retrieved from /home/airflow/.local/lib/python3.12/site-packages/airflow/example_dags/example_dataset_alias.py
[2025-06-08T14:52:53.380+0000] {logging_mixin.py:190} INFO - [2025-06-08T14:52:53.379+0000] {override.py:1911} INFO - Created Permission View: can edit on DAG:dataset_alias_example_alias_consumer
[2025-06-08T14:52:53.393+0000] {logging_mixin.py:190} INFO - [2025-06-08T14:52:53.392+0000] {override.py:1911} INFO - Created Permission View: can read on DAG:dataset_alias_example_alias_consumer
[2025-06-08T14:52:53.401+0000] {logging_mixin.py:190} INFO - [2025-06-08T14:52:53.401+0000] {override.py:1911} INFO - Created Permission View: can delete on DAG:dataset_alias_example_alias_consumer
[2025-06-08T14:52:53.410+0000] {logging_mixin.py:190} INFO - [2025-06-08T14:52:53.410+0000] {override.py:1911} INFO - Created Permission View: can read on DAG Run:dataset_alias_example_alias_consumer
[2025-06-08T14:52:53.418+0000] {logging_mixin.py:190} INFO - [2025-06-08T14:52:53.417+0000] {override.py:1911} INFO - Created Permission View: can delete on DAG Run:dataset_alias_example_alias_consumer
[2025-06-08T14:52:53.424+0000] {logging_mixin.py:190} INFO - [2025-06-08T14:52:53.424+0000] {override.py:1911} INFO - Created Permission View: can create on DAG Run:dataset_alias_example_alias_consumer
[2025-06-08T14:52:53.430+0000] {logging_mixin.py:190} INFO - [2025-06-08T14:52:53.430+0000] {override.py:1911} INFO - Created Permission View: menu access on DAG Run:dataset_alias_example_alias_consumer
[2025-06-08T14:52:53.444+0000] {logging_mixin.py:190} INFO - [2025-06-08T14:52:53.444+0000] {override.py:1911} INFO - Created Permission View: can edit on DAG:dataset_alias_example_alias_producer
[2025-06-08T14:52:53.452+0000] {logging_mixin.py:190} INFO - [2025-06-08T14:52:53.452+0000] {override.py:1911} INFO - Created Permission View: can read on DAG:dataset_alias_example_alias_producer
[2025-06-08T14:52:53.459+0000] {logging_mixin.py:190} INFO - [2025-06-08T14:52:53.458+0000] {override.py:1911} INFO - Created Permission View: can delete on DAG:dataset_alias_example_alias_producer
[2025-06-08T14:52:53.467+0000] {logging_mixin.py:190} INFO - [2025-06-08T14:52:53.467+0000] {override.py:1911} INFO - Created Permission View: can read on DAG Run:dataset_alias_example_alias_producer
[2025-06-08T14:52:53.474+0000] {logging_mixin.py:190} INFO - [2025-06-08T14:52:53.474+0000] {override.py:1911} INFO - Created Permission View: can delete on DAG Run:dataset_alias_example_alias_producer
[2025-06-08T14:52:53.481+0000] {logging_mixin.py:190} INFO - [2025-06-08T14:52:53.480+0000] {override.py:1911} INFO - Created Permission View: can create on DAG Run:dataset_alias_example_alias_producer
[2025-06-08T14:52:53.488+0000] {logging_mixin.py:190} INFO - [2025-06-08T14:52:53.487+0000] {override.py:1911} INFO - Created Permission View: menu access on DAG Run:dataset_alias_example_alias_producer
[2025-06-08T14:52:53.503+0000] {logging_mixin.py:190} INFO - [2025-06-08T14:52:53.503+0000] {override.py:1911} INFO - Created Permission View: can edit on DAG:dataset_s3_bucket_consumer
[2025-06-08T14:52:53.510+0000] {logging_mixin.py:190} INFO - [2025-06-08T14:52:53.509+0000] {override.py:1911} INFO - Created Permission View: can read on DAG:dataset_s3_bucket_consumer
[2025-06-08T14:52:53.516+0000] {logging_mixin.py:190} INFO - [2025-06-08T14:52:53.516+0000] {override.py:1911} INFO - Created Permission View: can delete on DAG:dataset_s3_bucket_consumer
[2025-06-08T14:52:53.524+0000] {logging_mixin.py:190} INFO - [2025-06-08T14:52:53.524+0000] {override.py:1911} INFO - Created Permission View: can read on DAG Run:dataset_s3_bucket_consumer
[2025-06-08T14:52:53.532+0000] {logging_mixin.py:190} INFO - [2025-06-08T14:52:53.531+0000] {override.py:1911} INFO - Created Permission View: can delete on DAG Run:dataset_s3_bucket_consumer
[2025-06-08T14:52:53.539+0000] {logging_mixin.py:190} INFO - [2025-06-08T14:52:53.539+0000] {override.py:1911} INFO - Created Permission View: can create on DAG Run:dataset_s3_bucket_consumer
[2025-06-08T14:52:53.546+0000] {logging_mixin.py:190} INFO - [2025-06-08T14:52:53.546+0000] {override.py:1911} INFO - Created Permission View: menu access on DAG Run:dataset_s3_bucket_consumer
[2025-06-08T14:52:53.560+0000] {logging_mixin.py:190} INFO - [2025-06-08T14:52:53.559+0000] {override.py:1911} INFO - Created Permission View: can edit on DAG:dataset_s3_bucket_producer
[2025-06-08T14:52:53.567+0000] {logging_mixin.py:190} INFO - [2025-06-08T14:52:53.567+0000] {override.py:1911} INFO - Created Permission View: can read on DAG:dataset_s3_bucket_producer
[2025-06-08T14:52:53.575+0000] {logging_mixin.py:190} INFO - [2025-06-08T14:52:53.574+0000] {override.py:1911} INFO - Created Permission View: can delete on DAG:dataset_s3_bucket_producer
[2025-06-08T14:52:53.582+0000] {logging_mixin.py:190} INFO - [2025-06-08T14:52:53.582+0000] {override.py:1911} INFO - Created Permission View: can read on DAG Run:dataset_s3_bucket_producer
[2025-06-08T14:52:53.589+0000] {logging_mixin.py:190} INFO - [2025-06-08T14:52:53.589+0000] {override.py:1911} INFO - Created Permission View: can delete on DAG Run:dataset_s3_bucket_producer
[2025-06-08T14:52:53.595+0000] {logging_mixin.py:190} INFO - [2025-06-08T14:52:53.595+0000] {override.py:1911} INFO - Created Permission View: can create on DAG Run:dataset_s3_bucket_producer
[2025-06-08T14:52:53.602+0000] {logging_mixin.py:190} INFO - [2025-06-08T14:52:53.602+0000] {override.py:1911} INFO - Created Permission View: menu access on DAG Run:dataset_s3_bucket_producer
[2025-06-08T14:52:53.603+0000] {logging_mixin.py:190} INFO - [2025-06-08T14:52:53.602+0000] {dag.py:3239} INFO - Sync 4 DAGs
[2025-06-08T14:52:53.618+0000] {logging_mixin.py:190} INFO - [2025-06-08T14:52:53.617+0000] {dag.py:3262} INFO - Creating ORM DAG for dataset_s3_bucket_consumer
[2025-06-08T14:52:53.620+0000] {logging_mixin.py:190} INFO - [2025-06-08T14:52:53.620+0000] {dag.py:3262} INFO - Creating ORM DAG for dataset_alias_example_alias_producer
[2025-06-08T14:52:53.621+0000] {logging_mixin.py:190} INFO - [2025-06-08T14:52:53.621+0000] {dag.py:3262} INFO - Creating ORM DAG for dataset_alias_example_alias_consumer
[2025-06-08T14:52:53.622+0000] {logging_mixin.py:190} INFO - [2025-06-08T14:52:53.622+0000] {dag.py:3262} INFO - Creating ORM DAG for dataset_s3_bucket_producer
[2025-06-08T14:52:53.633+0000] {logging_mixin.py:190} INFO - [2025-06-08T14:52:53.632+0000] {dag.py:4180} INFO - Setting next_dagrun for dataset_alias_example_alias_consumer to None, run_after=None
[2025-06-08T14:52:53.634+0000] {logging_mixin.py:190} INFO - [2025-06-08T14:52:53.633+0000] {dag.py:4180} INFO - Setting next_dagrun for dataset_alias_example_alias_producer to None, run_after=None
[2025-06-08T14:52:53.635+0000] {logging_mixin.py:190} INFO - [2025-06-08T14:52:53.635+0000] {dag.py:4180} INFO - Setting next_dagrun for dataset_s3_bucket_consumer to None, run_after=None
[2025-06-08T14:52:53.636+0000] {logging_mixin.py:190} INFO - [2025-06-08T14:52:53.635+0000] {dag.py:4180} INFO - Setting next_dagrun for dataset_s3_bucket_producer to None, run_after=None
[2025-06-08T14:52:53.672+0000] {processor.py:208} INFO - Processing /home/airflow/.local/lib/python3.12/site-packages/airflow/example_dags/example_dataset_alias.py took 1.294 seconds
[2025-06-08T14:53:24.188+0000] {processor.py:186} INFO - Started process (PID=153) to work on /home/airflow/.local/lib/python3.12/site-packages/airflow/example_dags/example_dataset_alias.py
[2025-06-08T14:53:24.189+0000] {processor.py:914} INFO - Processing file /home/airflow/.local/lib/python3.12/site-packages/airflow/example_dags/example_dataset_alias.py for tasks to queue
[2025-06-08T14:53:24.191+0000] {logging_mixin.py:190} INFO - [2025-06-08T14:53:24.191+0000] {dagbag.py:588} INFO - Filling up the DagBag from /home/airflow/.local/lib/python3.12/site-packages/airflow/example_dags/example_dataset_alias.py
[2025-06-08T14:53:24.770+0000] {processor.py:925} INFO - DAG(s) 'dataset_alias_example_alias_consumer', 'dataset_alias_example_alias_producer', 'dataset_s3_bucket_producer', 'dataset_s3_bucket_consumer' retrieved from /home/airflow/.local/lib/python3.12/site-packages/airflow/example_dags/example_dataset_alias.py
[2025-06-08T14:53:24.795+0000] {logging_mixin.py:190} INFO - [2025-06-08T14:53:24.794+0000] {dag.py:3239} INFO - Sync 4 DAGs
[2025-06-08T14:53:24.816+0000] {logging_mixin.py:190} INFO - [2025-06-08T14:53:24.815+0000] {dag.py:4180} INFO - Setting next_dagrun for dataset_alias_example_alias_consumer to None, run_after=None
[2025-06-08T14:53:24.818+0000] {logging_mixin.py:190} INFO - [2025-06-08T14:53:24.818+0000] {dag.py:4180} INFO - Setting next_dagrun for dataset_alias_example_alias_producer to None, run_after=None
[2025-06-08T14:53:24.820+0000] {logging_mixin.py:190} INFO - [2025-06-08T14:53:24.820+0000] {dag.py:4180} INFO - Setting next_dagrun for dataset_s3_bucket_consumer to None, run_after=None
[2025-06-08T14:53:24.822+0000] {logging_mixin.py:190} INFO - [2025-06-08T14:53:24.822+0000] {dag.py:4180} INFO - Setting next_dagrun for dataset_s3_bucket_producer to None, run_after=None
[2025-06-08T14:53:24.840+0000] {processor.py:208} INFO - Processing /home/airflow/.local/lib/python3.12/site-packages/airflow/example_dags/example_dataset_alias.py took 0.657 seconds
[2025-06-08T14:53:55.655+0000] {processor.py:186} INFO - Started process (PID=220) to work on /home/airflow/.local/lib/python3.12/site-packages/airflow/example_dags/example_dataset_alias.py
[2025-06-08T14:53:55.656+0000] {processor.py:914} INFO - Processing file /home/airflow/.local/lib/python3.12/site-packages/airflow/example_dags/example_dataset_alias.py for tasks to queue
[2025-06-08T14:53:55.658+0000] {logging_mixin.py:190} INFO - [2025-06-08T14:53:55.657+0000] {dagbag.py:588} INFO - Filling up the DagBag from /home/airflow/.local/lib/python3.12/site-packages/airflow/example_dags/example_dataset_alias.py
[2025-06-08T14:53:56.160+0000] {processor.py:925} INFO - DAG(s) 'dataset_s3_bucket_producer', 'dataset_alias_example_alias_producer', 'dataset_alias_example_alias_consumer', 'dataset_s3_bucket_consumer' retrieved from /home/airflow/.local/lib/python3.12/site-packages/airflow/example_dags/example_dataset_alias.py
[2025-06-08T14:53:56.178+0000] {logging_mixin.py:190} INFO - [2025-06-08T14:53:56.177+0000] {dag.py:3239} INFO - Sync 4 DAGs
[2025-06-08T14:53:56.200+0000] {logging_mixin.py:190} INFO - [2025-06-08T14:53:56.199+0000] {dag.py:4180} INFO - Setting next_dagrun for dataset_alias_example_alias_consumer to None, run_after=None
[2025-06-08T14:53:56.202+0000] {logging_mixin.py:190} INFO - [2025-06-08T14:53:56.202+0000] {dag.py:4180} INFO - Setting next_dagrun for dataset_alias_example_alias_producer to None, run_after=None
[2025-06-08T14:53:56.204+0000] {logging_mixin.py:190} INFO - [2025-06-08T14:53:56.204+0000] {dag.py:4180} INFO - Setting next_dagrun for dataset_s3_bucket_consumer to None, run_after=None
[2025-06-08T14:53:56.206+0000] {logging_mixin.py:190} INFO - [2025-06-08T14:53:56.206+0000] {dag.py:4180} INFO - Setting next_dagrun for dataset_s3_bucket_producer to None, run_after=None
[2025-06-08T14:53:56.233+0000] {processor.py:208} INFO - Processing /home/airflow/.local/lib/python3.12/site-packages/airflow/example_dags/example_dataset_alias.py took 0.583 seconds
[2025-06-08T14:54:26.370+0000] {processor.py:186} INFO - Started process (PID=283) to work on /home/airflow/.local/lib/python3.12/site-packages/airflow/example_dags/example_dataset_alias.py
[2025-06-08T14:54:26.371+0000] {processor.py:914} INFO - Processing file /home/airflow/.local/lib/python3.12/site-packages/airflow/example_dags/example_dataset_alias.py for tasks to queue
[2025-06-08T14:54:26.373+0000] {logging_mixin.py:190} INFO - [2025-06-08T14:54:26.373+0000] {dagbag.py:588} INFO - Filling up the DagBag from /home/airflow/.local/lib/python3.12/site-packages/airflow/example_dags/example_dataset_alias.py
[2025-06-08T14:54:26.994+0000] {processor.py:925} INFO - DAG(s) 'dataset_s3_bucket_consumer', 'dataset_alias_example_alias_consumer', 'dataset_alias_example_alias_producer', 'dataset_s3_bucket_producer' retrieved from /home/airflow/.local/lib/python3.12/site-packages/airflow/example_dags/example_dataset_alias.py
[2025-06-08T14:54:27.025+0000] {logging_mixin.py:190} INFO - [2025-06-08T14:54:27.024+0000] {dag.py:3239} INFO - Sync 4 DAGs
[2025-06-08T14:54:27.056+0000] {logging_mixin.py:190} INFO - [2025-06-08T14:54:27.056+0000] {dag.py:4180} INFO - Setting next_dagrun for dataset_alias_example_alias_consumer to None, run_after=None
[2025-06-08T14:54:27.060+0000] {logging_mixin.py:190} INFO - [2025-06-08T14:54:27.060+0000] {dag.py:4180} INFO - Setting next_dagrun for dataset_alias_example_alias_producer to None, run_after=None
[2025-06-08T14:54:27.062+0000] {logging_mixin.py:190} INFO - [2025-06-08T14:54:27.062+0000] {dag.py:4180} INFO - Setting next_dagrun for dataset_s3_bucket_consumer to None, run_after=None
[2025-06-08T14:54:27.065+0000] {logging_mixin.py:190} INFO - [2025-06-08T14:54:27.065+0000] {dag.py:4180} INFO - Setting next_dagrun for dataset_s3_bucket_producer to None, run_after=None
[2025-06-08T14:54:27.093+0000] {processor.py:208} INFO - Processing /home/airflow/.local/lib/python3.12/site-packages/airflow/example_dags/example_dataset_alias.py took 0.728 seconds
[2025-06-08T14:54:57.684+0000] {processor.py:186} INFO - Started process (PID=348) to work on /home/airflow/.local/lib/python3.12/site-packages/airflow/example_dags/example_dataset_alias.py
[2025-06-08T14:54:57.685+0000] {processor.py:914} INFO - Processing file /home/airflow/.local/lib/python3.12/site-packages/airflow/example_dags/example_dataset_alias.py for tasks to queue
[2025-06-08T14:54:57.687+0000] {logging_mixin.py:190} INFO - [2025-06-08T14:54:57.687+0000] {dagbag.py:588} INFO - Filling up the DagBag from /home/airflow/.local/lib/python3.12/site-packages/airflow/example_dags/example_dataset_alias.py
[2025-06-08T14:54:58.175+0000] {processor.py:925} INFO - DAG(s) 'dataset_alias_example_alias_consumer', 'dataset_alias_example_alias_producer', 'dataset_s3_bucket_producer', 'dataset_s3_bucket_consumer' retrieved from /home/airflow/.local/lib/python3.12/site-packages/airflow/example_dags/example_dataset_alias.py
[2025-06-08T14:54:58.198+0000] {logging_mixin.py:190} INFO - [2025-06-08T14:54:58.198+0000] {dag.py:3239} INFO - Sync 4 DAGs
[2025-06-08T14:54:58.221+0000] {logging_mixin.py:190} INFO - [2025-06-08T14:54:58.220+0000] {dag.py:4180} INFO - Setting next_dagrun for dataset_alias_example_alias_consumer to None, run_after=None
[2025-06-08T14:54:58.224+0000] {logging_mixin.py:190} INFO - [2025-06-08T14:54:58.223+0000] {dag.py:4180} INFO - Setting next_dagrun for dataset_alias_example_alias_producer to None, run_after=None
[2025-06-08T14:54:58.226+0000] {logging_mixin.py:190} INFO - [2025-06-08T14:54:58.225+0000] {dag.py:4180} INFO - Setting next_dagrun for dataset_s3_bucket_consumer to None, run_after=None
[2025-06-08T14:54:58.228+0000] {logging_mixin.py:190} INFO - [2025-06-08T14:54:58.228+0000] {dag.py:4180} INFO - Setting next_dagrun for dataset_s3_bucket_producer to None, run_after=None
[2025-06-08T14:54:58.251+0000] {processor.py:208} INFO - Processing /home/airflow/.local/lib/python3.12/site-packages/airflow/example_dags/example_dataset_alias.py took 0.572 seconds
[2025-06-08T14:55:28.304+0000] {processor.py:186} INFO - Started process (PID=411) to work on /home/airflow/.local/lib/python3.12/site-packages/airflow/example_dags/example_dataset_alias.py
[2025-06-08T14:55:28.305+0000] {processor.py:914} INFO - Processing file /home/airflow/.local/lib/python3.12/site-packages/airflow/example_dags/example_dataset_alias.py for tasks to queue
[2025-06-08T14:55:28.310+0000] {logging_mixin.py:190} INFO - [2025-06-08T14:55:28.309+0000] {dagbag.py:588} INFO - Filling up the DagBag from /home/airflow/.local/lib/python3.12/site-packages/airflow/example_dags/example_dataset_alias.py
[2025-06-08T14:55:29.039+0000] {processor.py:925} INFO - DAG(s) 'dataset_s3_bucket_consumer', 'dataset_s3_bucket_producer', 'dataset_alias_example_alias_consumer', 'dataset_alias_example_alias_producer' retrieved from /home/airflow/.local/lib/python3.12/site-packages/airflow/example_dags/example_dataset_alias.py
[2025-06-08T14:55:29.079+0000] {logging_mixin.py:190} INFO - [2025-06-08T14:55:29.078+0000] {dag.py:3239} INFO - Sync 4 DAGs
[2025-06-08T14:55:29.129+0000] {logging_mixin.py:190} INFO - [2025-06-08T14:55:29.128+0000] {dag.py:4180} INFO - Setting next_dagrun for dataset_alias_example_alias_consumer to None, run_after=None
[2025-06-08T14:55:29.134+0000] {logging_mixin.py:190} INFO - [2025-06-08T14:55:29.134+0000] {dag.py:4180} INFO - Setting next_dagrun for dataset_alias_example_alias_producer to None, run_after=None
[2025-06-08T14:55:29.137+0000] {logging_mixin.py:190} INFO - [2025-06-08T14:55:29.137+0000] {dag.py:4180} INFO - Setting next_dagrun for dataset_s3_bucket_consumer to None, run_after=None
[2025-06-08T14:55:29.140+0000] {logging_mixin.py:190} INFO - [2025-06-08T14:55:29.139+0000] {dag.py:4180} INFO - Setting next_dagrun for dataset_s3_bucket_producer to None, run_after=None
[2025-06-08T14:55:29.173+0000] {processor.py:208} INFO - Processing /home/airflow/.local/lib/python3.12/site-packages/airflow/example_dags/example_dataset_alias.py took 0.876 seconds
[2025-06-08T14:55:59.687+0000] {processor.py:186} INFO - Started process (PID=479) to work on /home/airflow/.local/lib/python3.12/site-packages/airflow/example_dags/example_dataset_alias.py
[2025-06-08T14:55:59.689+0000] {processor.py:914} INFO - Processing file /home/airflow/.local/lib/python3.12/site-packages/airflow/example_dags/example_dataset_alias.py for tasks to queue
[2025-06-08T14:55:59.693+0000] {logging_mixin.py:190} INFO - [2025-06-08T14:55:59.693+0000] {dagbag.py:588} INFO - Filling up the DagBag from /home/airflow/.local/lib/python3.12/site-packages/airflow/example_dags/example_dataset_alias.py
[2025-06-08T14:56:01.213+0000] {processor.py:925} INFO - DAG(s) 'dataset_s3_bucket_producer', 'dataset_alias_example_alias_consumer', 'dataset_alias_example_alias_producer', 'dataset_s3_bucket_consumer' retrieved from /home/airflow/.local/lib/python3.12/site-packages/airflow/example_dags/example_dataset_alias.py
[2025-06-08T14:56:01.265+0000] {logging_mixin.py:190} INFO - [2025-06-08T14:56:01.264+0000] {dag.py:3239} INFO - Sync 4 DAGs
[2025-06-08T14:56:01.310+0000] {logging_mixin.py:190} INFO - [2025-06-08T14:56:01.309+0000] {dag.py:4180} INFO - Setting next_dagrun for dataset_alias_example_alias_consumer to None, run_after=None
[2025-06-08T14:56:01.316+0000] {logging_mixin.py:190} INFO - [2025-06-08T14:56:01.315+0000] {dag.py:4180} INFO - Setting next_dagrun for dataset_alias_example_alias_producer to None, run_after=None
[2025-06-08T14:56:01.319+0000] {logging_mixin.py:190} INFO - [2025-06-08T14:56:01.318+0000] {dag.py:4180} INFO - Setting next_dagrun for dataset_s3_bucket_consumer to None, run_after=None
[2025-06-08T14:56:01.323+0000] {logging_mixin.py:190} INFO - [2025-06-08T14:56:01.323+0000] {dag.py:4180} INFO - Setting next_dagrun for dataset_s3_bucket_producer to None, run_after=None
[2025-06-08T14:56:01.367+0000] {processor.py:208} INFO - Processing /home/airflow/.local/lib/python3.12/site-packages/airflow/example_dags/example_dataset_alias.py took 1.689 seconds
