[2025-06-08T14:52:54.088+0000] {processor.py:186} INFO - Started process (PID=97) to work on /home/airflow/.local/lib/python3.12/site-packages/airflow/example_dags/example_xcom.py
[2025-06-08T14:52:54.089+0000] {processor.py:914} INFO - Processing file /home/airflow/.local/lib/python3.12/site-packages/airflow/example_dags/example_xcom.py for tasks to queue
[2025-06-08T14:52:54.092+0000] {logging_mixin.py:190} INFO - [2025-06-08T14:52:54.091+0000] {dagbag.py:588} INFO - Filling up the DagBag from /home/airflow/.local/lib/python3.12/site-packages/airflow/example_dags/example_xcom.py
[2025-06-08T14:52:54.101+0000] {processor.py:925} INFO - DAG(s) 'example_xcom' retrieved from /home/airflow/.local/lib/python3.12/site-packages/airflow/example_dags/example_xcom.py
[2025-06-08T14:52:54.208+0000] {logging_mixin.py:190} INFO - [2025-06-08T14:52:54.207+0000] {override.py:1911} INFO - Created Permission View: can edit on DAG:example_xcom
[2025-06-08T14:52:54.218+0000] {logging_mixin.py:190} INFO - [2025-06-08T14:52:54.217+0000] {override.py:1911} INFO - Created Permission View: can read on DAG:example_xcom
[2025-06-08T14:52:54.224+0000] {logging_mixin.py:190} INFO - [2025-06-08T14:52:54.224+0000] {override.py:1911} INFO - Created Permission View: can delete on DAG:example_xcom
[2025-06-08T14:52:54.233+0000] {logging_mixin.py:190} INFO - [2025-06-08T14:52:54.233+0000] {override.py:1911} INFO - Created Permission View: can read on DAG Run:example_xcom
[2025-06-08T14:52:54.240+0000] {logging_mixin.py:190} INFO - [2025-06-08T14:52:54.240+0000] {override.py:1911} INFO - Created Permission View: can delete on DAG Run:example_xcom
[2025-06-08T14:52:54.246+0000] {logging_mixin.py:190} INFO - [2025-06-08T14:52:54.246+0000] {override.py:1911} INFO - Created Permission View: can create on DAG Run:example_xcom
[2025-06-08T14:52:54.254+0000] {logging_mixin.py:190} INFO - [2025-06-08T14:52:54.253+0000] {override.py:1911} INFO - Created Permission View: menu access on DAG Run:example_xcom
[2025-06-08T14:52:54.254+0000] {logging_mixin.py:190} INFO - [2025-06-08T14:52:54.254+0000] {dag.py:3239} INFO - Sync 1 DAGs
[2025-06-08T14:52:54.267+0000] {logging_mixin.py:190} INFO - [2025-06-08T14:52:54.267+0000] {dag.py:3262} INFO - Creating ORM DAG for example_xcom
[2025-06-08T14:52:54.278+0000] {logging_mixin.py:190} INFO - [2025-06-08T14:52:54.278+0000] {dag.py:4180} INFO - Setting next_dagrun for example_xcom to 2021-01-01 00:00:00+00:00, run_after=2021-01-01 00:00:00+00:00
[2025-06-08T14:52:54.297+0000] {processor.py:208} INFO - Processing /home/airflow/.local/lib/python3.12/site-packages/airflow/example_dags/example_xcom.py took 0.215 seconds
[2025-06-08T14:53:24.832+0000] {processor.py:186} INFO - Started process (PID=160) to work on /home/airflow/.local/lib/python3.12/site-packages/airflow/example_dags/example_xcom.py
[2025-06-08T14:53:24.833+0000] {processor.py:914} INFO - Processing file /home/airflow/.local/lib/python3.12/site-packages/airflow/example_dags/example_xcom.py for tasks to queue
[2025-06-08T14:53:24.835+0000] {logging_mixin.py:190} INFO - [2025-06-08T14:53:24.835+0000] {dagbag.py:588} INFO - Filling up the DagBag from /home/airflow/.local/lib/python3.12/site-packages/airflow/example_dags/example_xcom.py
[2025-06-08T14:53:24.842+0000] {processor.py:925} INFO - DAG(s) 'example_xcom' retrieved from /home/airflow/.local/lib/python3.12/site-packages/airflow/example_dags/example_xcom.py
[2025-06-08T14:53:24.860+0000] {logging_mixin.py:190} INFO - [2025-06-08T14:53:24.860+0000] {dag.py:3239} INFO - Sync 1 DAGs
[2025-06-08T14:53:24.879+0000] {logging_mixin.py:190} INFO - [2025-06-08T14:53:24.879+0000] {dag.py:4180} INFO - Setting next_dagrun for example_xcom to 2021-01-01 00:00:00+00:00, run_after=2021-01-01 00:00:00+00:00
[2025-06-08T14:53:24.898+0000] {processor.py:208} INFO - Processing /home/airflow/.local/lib/python3.12/site-packages/airflow/example_dags/example_xcom.py took 0.071 seconds
[2025-06-08T14:53:55.840+0000] {processor.py:186} INFO - Started process (PID=223) to work on /home/airflow/.local/lib/python3.12/site-packages/airflow/example_dags/example_xcom.py
[2025-06-08T14:53:55.841+0000] {processor.py:914} INFO - Processing file /home/airflow/.local/lib/python3.12/site-packages/airflow/example_dags/example_xcom.py for tasks to queue
[2025-06-08T14:53:55.843+0000] {logging_mixin.py:190} INFO - [2025-06-08T14:53:55.843+0000] {dagbag.py:588} INFO - Filling up the DagBag from /home/airflow/.local/lib/python3.12/site-packages/airflow/example_dags/example_xcom.py
[2025-06-08T14:53:55.851+0000] {processor.py:925} INFO - DAG(s) 'example_xcom' retrieved from /home/airflow/.local/lib/python3.12/site-packages/airflow/example_dags/example_xcom.py
[2025-06-08T14:53:55.870+0000] {logging_mixin.py:190} INFO - [2025-06-08T14:53:55.870+0000] {dag.py:3239} INFO - Sync 1 DAGs
[2025-06-08T14:53:55.891+0000] {logging_mixin.py:190} INFO - [2025-06-08T14:53:55.891+0000] {dag.py:4180} INFO - Setting next_dagrun for example_xcom to 2021-01-01 00:00:00+00:00, run_after=2021-01-01 00:00:00+00:00
[2025-06-08T14:53:55.908+0000] {processor.py:208} INFO - Processing /home/airflow/.local/lib/python3.12/site-packages/airflow/example_dags/example_xcom.py took 0.073 seconds
[2025-06-08T14:54:26.586+0000] {processor.py:186} INFO - Started process (PID=286) to work on /home/airflow/.local/lib/python3.12/site-packages/airflow/example_dags/example_xcom.py
[2025-06-08T14:54:26.588+0000] {processor.py:914} INFO - Processing file /home/airflow/.local/lib/python3.12/site-packages/airflow/example_dags/example_xcom.py for tasks to queue
[2025-06-08T14:54:26.591+0000] {logging_mixin.py:190} INFO - [2025-06-08T14:54:26.590+0000] {dagbag.py:588} INFO - Filling up the DagBag from /home/airflow/.local/lib/python3.12/site-packages/airflow/example_dags/example_xcom.py
[2025-06-08T14:54:26.601+0000] {processor.py:925} INFO - DAG(s) 'example_xcom' retrieved from /home/airflow/.local/lib/python3.12/site-packages/airflow/example_dags/example_xcom.py
[2025-06-08T14:54:26.625+0000] {logging_mixin.py:190} INFO - [2025-06-08T14:54:26.625+0000] {dag.py:3239} INFO - Sync 1 DAGs
[2025-06-08T14:54:26.653+0000] {logging_mixin.py:190} INFO - [2025-06-08T14:54:26.653+0000] {dag.py:4180} INFO - Setting next_dagrun for example_xcom to 2021-01-01 00:00:00+00:00, run_after=2021-01-01 00:00:00+00:00
[2025-06-08T14:54:26.676+0000] {processor.py:208} INFO - Processing /home/airflow/.local/lib/python3.12/site-packages/airflow/example_dags/example_xcom.py took 0.095 seconds
[2025-06-08T14:54:57.685+0000] {processor.py:186} INFO - Started process (PID=349) to work on /home/airflow/.local/lib/python3.12/site-packages/airflow/example_dags/example_xcom.py
[2025-06-08T14:54:57.686+0000] {processor.py:914} INFO - Processing file /home/airflow/.local/lib/python3.12/site-packages/airflow/example_dags/example_xcom.py for tasks to queue
[2025-06-08T14:54:57.688+0000] {logging_mixin.py:190} INFO - [2025-06-08T14:54:57.688+0000] {dagbag.py:588} INFO - Filling up the DagBag from /home/airflow/.local/lib/python3.12/site-packages/airflow/example_dags/example_xcom.py
[2025-06-08T14:54:57.695+0000] {processor.py:925} INFO - DAG(s) 'example_xcom' retrieved from /home/airflow/.local/lib/python3.12/site-packages/airflow/example_dags/example_xcom.py
[2025-06-08T14:54:57.712+0000] {logging_mixin.py:190} INFO - [2025-06-08T14:54:57.712+0000] {dag.py:3239} INFO - Sync 1 DAGs
[2025-06-08T14:54:57.733+0000] {logging_mixin.py:190} INFO - [2025-06-08T14:54:57.732+0000] {dag.py:4180} INFO - Setting next_dagrun for example_xcom to 2021-01-01 00:00:00+00:00, run_after=2021-01-01 00:00:00+00:00
[2025-06-08T14:54:57.748+0000] {processor.py:208} INFO - Processing /home/airflow/.local/lib/python3.12/site-packages/airflow/example_dags/example_xcom.py took 0.068 seconds
[2025-06-08T14:55:28.456+0000] {processor.py:186} INFO - Started process (PID=412) to work on /home/airflow/.local/lib/python3.12/site-packages/airflow/example_dags/example_xcom.py
[2025-06-08T14:55:28.457+0000] {processor.py:914} INFO - Processing file /home/airflow/.local/lib/python3.12/site-packages/airflow/example_dags/example_xcom.py for tasks to queue
[2025-06-08T14:55:28.462+0000] {logging_mixin.py:190} INFO - [2025-06-08T14:55:28.461+0000] {dagbag.py:588} INFO - Filling up the DagBag from /home/airflow/.local/lib/python3.12/site-packages/airflow/example_dags/example_xcom.py
[2025-06-08T14:55:28.476+0000] {processor.py:925} INFO - DAG(s) 'example_xcom' retrieved from /home/airflow/.local/lib/python3.12/site-packages/airflow/example_dags/example_xcom.py
[2025-06-08T14:55:28.502+0000] {logging_mixin.py:190} INFO - [2025-06-08T14:55:28.502+0000] {dag.py:3239} INFO - Sync 1 DAGs
[2025-06-08T14:55:28.534+0000] {logging_mixin.py:190} INFO - [2025-06-08T14:55:28.533+0000] {dag.py:4180} INFO - Setting next_dagrun for example_xcom to 2021-01-01 00:00:00+00:00, run_after=2021-01-01 00:00:00+00:00
[2025-06-08T14:55:28.560+0000] {processor.py:208} INFO - Processing /home/airflow/.local/lib/python3.12/site-packages/airflow/example_dags/example_xcom.py took 0.111 seconds
[2025-06-08T14:55:58.621+0000] {processor.py:186} INFO - Started process (PID=474) to work on /home/airflow/.local/lib/python3.12/site-packages/airflow/example_dags/example_xcom.py
[2025-06-08T14:55:58.622+0000] {processor.py:914} INFO - Processing file /home/airflow/.local/lib/python3.12/site-packages/airflow/example_dags/example_xcom.py for tasks to queue
[2025-06-08T14:55:58.627+0000] {logging_mixin.py:190} INFO - [2025-06-08T14:55:58.626+0000] {dagbag.py:588} INFO - Filling up the DagBag from /home/airflow/.local/lib/python3.12/site-packages/airflow/example_dags/example_xcom.py
[2025-06-08T14:55:58.641+0000] {processor.py:925} INFO - DAG(s) 'example_xcom' retrieved from /home/airflow/.local/lib/python3.12/site-packages/airflow/example_dags/example_xcom.py
[2025-06-08T14:55:58.669+0000] {logging_mixin.py:190} INFO - [2025-06-08T14:55:58.668+0000] {dag.py:3239} INFO - Sync 1 DAGs
[2025-06-08T14:55:58.698+0000] {logging_mixin.py:190} INFO - [2025-06-08T14:55:58.698+0000] {dag.py:4180} INFO - Setting next_dagrun for example_xcom to 2021-01-01 00:00:00+00:00, run_after=2021-01-01 00:00:00+00:00
[2025-06-08T14:55:58.722+0000] {processor.py:208} INFO - Processing /home/airflow/.local/lib/python3.12/site-packages/airflow/example_dags/example_xcom.py took 0.109 seconds
