[2025-06-08T14:52:30.567+0000] {processor.py:186} INFO - Started process (PID=76) to work on /home/airflow/.local/lib/python3.12/site-packages/airflow/example_dags/example_short_circuit_operator.py
[2025-06-08T14:52:30.568+0000] {processor.py:914} INFO - Processing file /home/airflow/.local/lib/python3.12/site-packages/airflow/example_dags/example_short_circuit_operator.py for tasks to queue
[2025-06-08T14:52:30.572+0000] {logging_mixin.py:190} INFO - [2025-06-08T14:52:30.571+0000] {dagbag.py:588} INFO - Filling up the DagBag from /home/airflow/.local/lib/python3.12/site-packages/airflow/example_dags/example_short_circuit_operator.py
[2025-06-08T14:52:30.583+0000] {processor.py:925} INFO - DAG(s) 'example_short_circuit_operator' retrieved from /home/airflow/.local/lib/python3.12/site-packages/airflow/example_dags/example_short_circuit_operator.py
[2025-06-08T14:52:30.730+0000] {logging_mixin.py:190} INFO - [2025-06-08T14:52:30.729+0000] {override.py:1911} INFO - Created Permission View: can read on DAG:example_short_circuit_operator
[2025-06-08T14:52:30.743+0000] {logging_mixin.py:190} INFO - [2025-06-08T14:52:30.742+0000] {override.py:1911} INFO - Created Permission View: can delete on DAG:example_short_circuit_operator
[2025-06-08T14:52:30.749+0000] {logging_mixin.py:190} INFO - [2025-06-08T14:52:30.749+0000] {override.py:1911} INFO - Created Permission View: can edit on DAG:example_short_circuit_operator
[2025-06-08T14:52:30.758+0000] {logging_mixin.py:190} INFO - [2025-06-08T14:52:30.757+0000] {override.py:1911} INFO - Created Permission View: can create on DAG Run:example_short_circuit_operator
[2025-06-08T14:52:30.764+0000] {logging_mixin.py:190} INFO - [2025-06-08T14:52:30.764+0000] {override.py:1911} INFO - Created Permission View: menu access on DAG Run:example_short_circuit_operator
[2025-06-08T14:52:30.772+0000] {logging_mixin.py:190} INFO - [2025-06-08T14:52:30.772+0000] {override.py:1911} INFO - Created Permission View: can read on DAG Run:example_short_circuit_operator
[2025-06-08T14:52:30.779+0000] {logging_mixin.py:190} INFO - [2025-06-08T14:52:30.779+0000] {override.py:1911} INFO - Created Permission View: can delete on DAG Run:example_short_circuit_operator
[2025-06-08T14:52:30.780+0000] {logging_mixin.py:190} INFO - [2025-06-08T14:52:30.779+0000] {dag.py:3239} INFO - Sync 1 DAGs
[2025-06-08T14:52:30.792+0000] {logging_mixin.py:190} INFO - [2025-06-08T14:52:30.792+0000] {dag.py:3262} INFO - Creating ORM DAG for example_short_circuit_operator
[2025-06-08T14:52:30.793+0000] {logging_mixin.py:190} INFO - [2025-06-08T14:52:30.793+0000] {dag.py:4180} INFO - Setting next_dagrun for example_short_circuit_operator to None, run_after=None
[2025-06-08T14:52:30.812+0000] {processor.py:208} INFO - Processing /home/airflow/.local/lib/python3.12/site-packages/airflow/example_dags/example_short_circuit_operator.py took 0.253 seconds
[2025-06-08T14:52:48.963+0000] {processor.py:186} INFO - Started process (PID=56) to work on /home/airflow/.local/lib/python3.12/site-packages/airflow/example_dags/example_short_circuit_operator.py
[2025-06-08T14:52:48.964+0000] {processor.py:914} INFO - Processing file /home/airflow/.local/lib/python3.12/site-packages/airflow/example_dags/example_short_circuit_operator.py for tasks to queue
[2025-06-08T14:52:48.966+0000] {logging_mixin.py:190} INFO - [2025-06-08T14:52:48.966+0000] {dagbag.py:588} INFO - Filling up the DagBag from /home/airflow/.local/lib/python3.12/site-packages/airflow/example_dags/example_short_circuit_operator.py
[2025-06-08T14:52:48.974+0000] {processor.py:925} INFO - DAG(s) 'example_short_circuit_operator' retrieved from /home/airflow/.local/lib/python3.12/site-packages/airflow/example_dags/example_short_circuit_operator.py
[2025-06-08T14:52:48.983+0000] {logging_mixin.py:190} INFO - [2025-06-08T14:52:48.983+0000] {dag.py:3239} INFO - Sync 1 DAGs
[2025-06-08T14:52:48.997+0000] {logging_mixin.py:190} INFO - [2025-06-08T14:52:48.996+0000] {dag.py:4180} INFO - Setting next_dagrun for example_short_circuit_operator to None, run_after=None
[2025-06-08T14:52:49.012+0000] {processor.py:208} INFO - Processing /home/airflow/.local/lib/python3.12/site-packages/airflow/example_dags/example_short_circuit_operator.py took 0.054 seconds
[2025-06-08T14:53:19.688+0000] {processor.py:186} INFO - Started process (PID=119) to work on /home/airflow/.local/lib/python3.12/site-packages/airflow/example_dags/example_short_circuit_operator.py
[2025-06-08T14:53:19.689+0000] {processor.py:914} INFO - Processing file /home/airflow/.local/lib/python3.12/site-packages/airflow/example_dags/example_short_circuit_operator.py for tasks to queue
[2025-06-08T14:53:19.692+0000] {logging_mixin.py:190} INFO - [2025-06-08T14:53:19.692+0000] {dagbag.py:588} INFO - Filling up the DagBag from /home/airflow/.local/lib/python3.12/site-packages/airflow/example_dags/example_short_circuit_operator.py
[2025-06-08T14:53:19.702+0000] {processor.py:925} INFO - DAG(s) 'example_short_circuit_operator' retrieved from /home/airflow/.local/lib/python3.12/site-packages/airflow/example_dags/example_short_circuit_operator.py
[2025-06-08T14:53:19.725+0000] {logging_mixin.py:190} INFO - [2025-06-08T14:53:19.725+0000] {dag.py:3239} INFO - Sync 1 DAGs
[2025-06-08T14:53:19.741+0000] {logging_mixin.py:190} INFO - [2025-06-08T14:53:19.741+0000] {dag.py:4180} INFO - Setting next_dagrun for example_short_circuit_operator to None, run_after=None
[2025-06-08T14:53:19.765+0000] {processor.py:208} INFO - Processing /home/airflow/.local/lib/python3.12/site-packages/airflow/example_dags/example_short_circuit_operator.py took 0.083 seconds
[2025-06-08T14:53:50.014+0000] {processor.py:186} INFO - Started process (PID=181) to work on /home/airflow/.local/lib/python3.12/site-packages/airflow/example_dags/example_short_circuit_operator.py
[2025-06-08T14:53:50.015+0000] {processor.py:914} INFO - Processing file /home/airflow/.local/lib/python3.12/site-packages/airflow/example_dags/example_short_circuit_operator.py for tasks to queue
[2025-06-08T14:53:50.017+0000] {logging_mixin.py:190} INFO - [2025-06-08T14:53:50.017+0000] {dagbag.py:588} INFO - Filling up the DagBag from /home/airflow/.local/lib/python3.12/site-packages/airflow/example_dags/example_short_circuit_operator.py
[2025-06-08T14:53:50.028+0000] {processor.py:925} INFO - DAG(s) 'example_short_circuit_operator' retrieved from /home/airflow/.local/lib/python3.12/site-packages/airflow/example_dags/example_short_circuit_operator.py
[2025-06-08T14:53:50.049+0000] {logging_mixin.py:190} INFO - [2025-06-08T14:53:50.049+0000] {dag.py:3239} INFO - Sync 1 DAGs
[2025-06-08T14:53:50.064+0000] {logging_mixin.py:190} INFO - [2025-06-08T14:53:50.064+0000] {dag.py:4180} INFO - Setting next_dagrun for example_short_circuit_operator to None, run_after=None
[2025-06-08T14:53:50.084+0000] {processor.py:208} INFO - Processing /home/airflow/.local/lib/python3.12/site-packages/airflow/example_dags/example_short_circuit_operator.py took 0.075 seconds
[2025-06-08T14:54:20.139+0000] {processor.py:186} INFO - Started process (PID=243) to work on /home/airflow/.local/lib/python3.12/site-packages/airflow/example_dags/example_short_circuit_operator.py
[2025-06-08T14:54:20.140+0000] {processor.py:914} INFO - Processing file /home/airflow/.local/lib/python3.12/site-packages/airflow/example_dags/example_short_circuit_operator.py for tasks to queue
[2025-06-08T14:54:20.142+0000] {logging_mixin.py:190} INFO - [2025-06-08T14:54:20.142+0000] {dagbag.py:588} INFO - Filling up the DagBag from /home/airflow/.local/lib/python3.12/site-packages/airflow/example_dags/example_short_circuit_operator.py
[2025-06-08T14:54:20.151+0000] {processor.py:925} INFO - DAG(s) 'example_short_circuit_operator' retrieved from /home/airflow/.local/lib/python3.12/site-packages/airflow/example_dags/example_short_circuit_operator.py
[2025-06-08T14:54:20.176+0000] {logging_mixin.py:190} INFO - [2025-06-08T14:54:20.176+0000] {dag.py:3239} INFO - Sync 1 DAGs
[2025-06-08T14:54:20.192+0000] {logging_mixin.py:190} INFO - [2025-06-08T14:54:20.192+0000] {dag.py:4180} INFO - Setting next_dagrun for example_short_circuit_operator to None, run_after=None
[2025-06-08T14:54:20.208+0000] {processor.py:208} INFO - Processing /home/airflow/.local/lib/python3.12/site-packages/airflow/example_dags/example_short_circuit_operator.py took 0.074 seconds
[2025-06-08T14:54:51.085+0000] {processor.py:186} INFO - Started process (PID=312) to work on /home/airflow/.local/lib/python3.12/site-packages/airflow/example_dags/example_short_circuit_operator.py
[2025-06-08T14:54:51.086+0000] {processor.py:914} INFO - Processing file /home/airflow/.local/lib/python3.12/site-packages/airflow/example_dags/example_short_circuit_operator.py for tasks to queue
[2025-06-08T14:54:51.088+0000] {logging_mixin.py:190} INFO - [2025-06-08T14:54:51.088+0000] {dagbag.py:588} INFO - Filling up the DagBag from /home/airflow/.local/lib/python3.12/site-packages/airflow/example_dags/example_short_circuit_operator.py
[2025-06-08T14:54:51.095+0000] {processor.py:925} INFO - DAG(s) 'example_short_circuit_operator' retrieved from /home/airflow/.local/lib/python3.12/site-packages/airflow/example_dags/example_short_circuit_operator.py
[2025-06-08T14:54:51.114+0000] {logging_mixin.py:190} INFO - [2025-06-08T14:54:51.114+0000] {dag.py:3239} INFO - Sync 1 DAGs
[2025-06-08T14:54:51.125+0000] {logging_mixin.py:190} INFO - [2025-06-08T14:54:51.125+0000] {dag.py:4180} INFO - Setting next_dagrun for example_short_circuit_operator to None, run_after=None
[2025-06-08T14:54:51.142+0000] {processor.py:208} INFO - Processing /home/airflow/.local/lib/python3.12/site-packages/airflow/example_dags/example_short_circuit_operator.py took 0.062 seconds
[2025-06-08T14:55:22.032+0000] {processor.py:186} INFO - Started process (PID=375) to work on /home/airflow/.local/lib/python3.12/site-packages/airflow/example_dags/example_short_circuit_operator.py
[2025-06-08T14:55:22.033+0000] {processor.py:914} INFO - Processing file /home/airflow/.local/lib/python3.12/site-packages/airflow/example_dags/example_short_circuit_operator.py for tasks to queue
[2025-06-08T14:55:22.035+0000] {logging_mixin.py:190} INFO - [2025-06-08T14:55:22.035+0000] {dagbag.py:588} INFO - Filling up the DagBag from /home/airflow/.local/lib/python3.12/site-packages/airflow/example_dags/example_short_circuit_operator.py
[2025-06-08T14:55:22.044+0000] {processor.py:925} INFO - DAG(s) 'example_short_circuit_operator' retrieved from /home/airflow/.local/lib/python3.12/site-packages/airflow/example_dags/example_short_circuit_operator.py
[2025-06-08T14:55:22.065+0000] {logging_mixin.py:190} INFO - [2025-06-08T14:55:22.065+0000] {dag.py:3239} INFO - Sync 1 DAGs
[2025-06-08T14:55:22.079+0000] {logging_mixin.py:190} INFO - [2025-06-08T14:55:22.078+0000] {dag.py:4180} INFO - Setting next_dagrun for example_short_circuit_operator to None, run_after=None
[2025-06-08T14:55:22.097+0000] {processor.py:208} INFO - Processing /home/airflow/.local/lib/python3.12/site-packages/airflow/example_dags/example_short_circuit_operator.py took 0.070 seconds
[2025-06-08T14:55:52.313+0000] {processor.py:186} INFO - Started process (PID=438) to work on /home/airflow/.local/lib/python3.12/site-packages/airflow/example_dags/example_short_circuit_operator.py
[2025-06-08T14:55:52.314+0000] {processor.py:914} INFO - Processing file /home/airflow/.local/lib/python3.12/site-packages/airflow/example_dags/example_short_circuit_operator.py for tasks to queue
[2025-06-08T14:55:52.316+0000] {logging_mixin.py:190} INFO - [2025-06-08T14:55:52.315+0000] {dagbag.py:588} INFO - Filling up the DagBag from /home/airflow/.local/lib/python3.12/site-packages/airflow/example_dags/example_short_circuit_operator.py
[2025-06-08T14:55:52.324+0000] {processor.py:925} INFO - DAG(s) 'example_short_circuit_operator' retrieved from /home/airflow/.local/lib/python3.12/site-packages/airflow/example_dags/example_short_circuit_operator.py
[2025-06-08T14:55:52.343+0000] {logging_mixin.py:190} INFO - [2025-06-08T14:55:52.343+0000] {dag.py:3239} INFO - Sync 1 DAGs
[2025-06-08T14:55:52.356+0000] {logging_mixin.py:190} INFO - [2025-06-08T14:55:52.356+0000] {dag.py:4180} INFO - Setting next_dagrun for example_short_circuit_operator to None, run_after=None
[2025-06-08T14:55:52.372+0000] {processor.py:208} INFO - Processing /home/airflow/.local/lib/python3.12/site-packages/airflow/example_dags/example_short_circuit_operator.py took 0.064 seconds
