[2025-06-08T14:52:52.915+0000] {processor.py:186} INFO - Started process (PID=91) to work on /home/airflow/.local/lib/python3.12/site-packages/airflow/example_dags/example_branch_datetime_operator.py
[2025-06-08T14:52:52.918+0000] {processor.py:914} INFO - Processing file /home/airflow/.local/lib/python3.12/site-packages/airflow/example_dags/example_branch_datetime_operator.py for tasks to queue
[2025-06-08T14:52:52.922+0000] {logging_mixin.py:190} INFO - [2025-06-08T14:52:52.921+0000] {dagbag.py:588} INFO - Filling up the DagBag from /home/airflow/.local/lib/python3.12/site-packages/airflow/example_dags/example_branch_datetime_operator.py
[2025-06-08T14:52:52.942+0000] {processor.py:925} INFO - DAG(s) 'example_branch_datetime_operator_2', 'example_branch_datetime_operator', 'example_branch_datetime_operator_3' retrieved from /home/airflow/.local/lib/python3.12/site-packages/airflow/example_dags/example_branch_datetime_operator.py
[2025-06-08T14:52:53.072+0000] {logging_mixin.py:190} INFO - [2025-06-08T14:52:53.071+0000] {override.py:1911} INFO - Created Permission View: can edit on DAG:example_branch_datetime_operator_2
[2025-06-08T14:52:53.087+0000] {logging_mixin.py:190} INFO - [2025-06-08T14:52:53.087+0000] {override.py:1911} INFO - Created Permission View: can read on DAG:example_branch_datetime_operator_2
[2025-06-08T14:52:53.096+0000] {logging_mixin.py:190} INFO - [2025-06-08T14:52:53.096+0000] {override.py:1911} INFO - Created Permission View: can delete on DAG:example_branch_datetime_operator_2
[2025-06-08T14:52:53.106+0000] {logging_mixin.py:190} INFO - [2025-06-08T14:52:53.105+0000] {override.py:1911} INFO - Created Permission View: can read on DAG Run:example_branch_datetime_operator_2
[2025-06-08T14:52:53.116+0000] {logging_mixin.py:190} INFO - [2025-06-08T14:52:53.115+0000] {override.py:1911} INFO - Created Permission View: can delete on DAG Run:example_branch_datetime_operator_2
[2025-06-08T14:52:53.126+0000] {logging_mixin.py:190} INFO - [2025-06-08T14:52:53.126+0000] {override.py:1911} INFO - Created Permission View: can create on DAG Run:example_branch_datetime_operator_2
[2025-06-08T14:52:53.135+0000] {logging_mixin.py:190} INFO - [2025-06-08T14:52:53.134+0000] {override.py:1911} INFO - Created Permission View: menu access on DAG Run:example_branch_datetime_operator_2
[2025-06-08T14:52:53.158+0000] {logging_mixin.py:190} INFO - [2025-06-08T14:52:53.157+0000] {override.py:1911} INFO - Created Permission View: can edit on DAG:example_branch_datetime_operator
[2025-06-08T14:52:53.169+0000] {logging_mixin.py:190} INFO - [2025-06-08T14:52:53.169+0000] {override.py:1911} INFO - Created Permission View: can read on DAG:example_branch_datetime_operator
[2025-06-08T14:52:53.182+0000] {logging_mixin.py:190} INFO - [2025-06-08T14:52:53.182+0000] {override.py:1911} INFO - Created Permission View: can delete on DAG:example_branch_datetime_operator
[2025-06-08T14:52:53.210+0000] {logging_mixin.py:190} INFO - [2025-06-08T14:52:53.209+0000] {override.py:1911} INFO - Created Permission View: can read on DAG Run:example_branch_datetime_operator
[2025-06-08T14:52:53.245+0000] {logging_mixin.py:190} INFO - [2025-06-08T14:52:53.244+0000] {override.py:1911} INFO - Created Permission View: can delete on DAG Run:example_branch_datetime_operator
[2025-06-08T14:52:53.257+0000] {logging_mixin.py:190} INFO - [2025-06-08T14:52:53.257+0000] {override.py:1911} INFO - Created Permission View: can create on DAG Run:example_branch_datetime_operator
[2025-06-08T14:52:53.268+0000] {logging_mixin.py:190} INFO - [2025-06-08T14:52:53.268+0000] {override.py:1911} INFO - Created Permission View: menu access on DAG Run:example_branch_datetime_operator
[2025-06-08T14:52:53.283+0000] {logging_mixin.py:190} INFO - [2025-06-08T14:52:53.282+0000] {override.py:1911} INFO - Created Permission View: can edit on DAG:example_branch_datetime_operator_3
[2025-06-08T14:52:53.290+0000] {logging_mixin.py:190} INFO - [2025-06-08T14:52:53.289+0000] {override.py:1911} INFO - Created Permission View: can read on DAG:example_branch_datetime_operator_3
[2025-06-08T14:52:53.297+0000] {logging_mixin.py:190} INFO - [2025-06-08T14:52:53.296+0000] {override.py:1911} INFO - Created Permission View: can delete on DAG:example_branch_datetime_operator_3
[2025-06-08T14:52:53.304+0000] {logging_mixin.py:190} INFO - [2025-06-08T14:52:53.303+0000] {override.py:1911} INFO - Created Permission View: can read on DAG Run:example_branch_datetime_operator_3
[2025-06-08T14:52:53.310+0000] {logging_mixin.py:190} INFO - [2025-06-08T14:52:53.310+0000] {override.py:1911} INFO - Created Permission View: can delete on DAG Run:example_branch_datetime_operator_3
[2025-06-08T14:52:53.316+0000] {logging_mixin.py:190} INFO - [2025-06-08T14:52:53.316+0000] {override.py:1911} INFO - Created Permission View: can create on DAG Run:example_branch_datetime_operator_3
[2025-06-08T14:52:53.324+0000] {logging_mixin.py:190} INFO - [2025-06-08T14:52:53.323+0000] {override.py:1911} INFO - Created Permission View: menu access on DAG Run:example_branch_datetime_operator_3
[2025-06-08T14:52:53.324+0000] {logging_mixin.py:190} INFO - [2025-06-08T14:52:53.324+0000] {dag.py:3239} INFO - Sync 3 DAGs
[2025-06-08T14:52:53.340+0000] {logging_mixin.py:190} INFO - [2025-06-08T14:52:53.339+0000] {dag.py:3262} INFO - Creating ORM DAG for example_branch_datetime_operator_3
[2025-06-08T14:52:53.341+0000] {logging_mixin.py:190} INFO - [2025-06-08T14:52:53.341+0000] {dag.py:3262} INFO - Creating ORM DAG for example_branch_datetime_operator_2
[2025-06-08T14:52:53.342+0000] {logging_mixin.py:190} INFO - [2025-06-08T14:52:53.341+0000] {dag.py:3262} INFO - Creating ORM DAG for example_branch_datetime_operator
[2025-06-08T14:52:53.355+0000] {logging_mixin.py:190} INFO - [2025-06-08T14:52:53.354+0000] {dag.py:4180} INFO - Setting next_dagrun for example_branch_datetime_operator to 2025-06-07 00:00:00+00:00, run_after=2025-06-08 00:00:00+00:00
[2025-06-08T14:52:53.357+0000] {logging_mixin.py:190} INFO - [2025-06-08T14:52:53.357+0000] {dag.py:4180} INFO - Setting next_dagrun for example_branch_datetime_operator_2 to 2025-06-07 00:00:00+00:00, run_after=2025-06-08 00:00:00+00:00
[2025-06-08T14:52:53.359+0000] {logging_mixin.py:190} INFO - [2025-06-08T14:52:53.359+0000] {dag.py:4180} INFO - Setting next_dagrun for example_branch_datetime_operator_3 to 2025-06-07 00:00:00+00:00, run_after=2025-06-08 00:00:00+00:00
[2025-06-08T14:52:53.382+0000] {processor.py:208} INFO - Processing /home/airflow/.local/lib/python3.12/site-packages/airflow/example_dags/example_branch_datetime_operator.py took 0.478 seconds
[2025-06-08T14:53:24.190+0000] {processor.py:186} INFO - Started process (PID=154) to work on /home/airflow/.local/lib/python3.12/site-packages/airflow/example_dags/example_branch_datetime_operator.py
[2025-06-08T14:53:24.191+0000] {processor.py:914} INFO - Processing file /home/airflow/.local/lib/python3.12/site-packages/airflow/example_dags/example_branch_datetime_operator.py for tasks to queue
[2025-06-08T14:53:24.193+0000] {logging_mixin.py:190} INFO - [2025-06-08T14:53:24.193+0000] {dagbag.py:588} INFO - Filling up the DagBag from /home/airflow/.local/lib/python3.12/site-packages/airflow/example_dags/example_branch_datetime_operator.py
[2025-06-08T14:53:24.202+0000] {processor.py:925} INFO - DAG(s) 'example_branch_datetime_operator_3', 'example_branch_datetime_operator', 'example_branch_datetime_operator_2' retrieved from /home/airflow/.local/lib/python3.12/site-packages/airflow/example_dags/example_branch_datetime_operator.py
[2025-06-08T14:53:24.224+0000] {logging_mixin.py:190} INFO - [2025-06-08T14:53:24.224+0000] {dag.py:3239} INFO - Sync 3 DAGs
[2025-06-08T14:53:24.244+0000] {logging_mixin.py:190} INFO - [2025-06-08T14:53:24.243+0000] {dag.py:4180} INFO - Setting next_dagrun for example_branch_datetime_operator to 2025-06-07 00:00:00+00:00, run_after=2025-06-08 00:00:00+00:00
[2025-06-08T14:53:24.248+0000] {logging_mixin.py:190} INFO - [2025-06-08T14:53:24.248+0000] {dag.py:4180} INFO - Setting next_dagrun for example_branch_datetime_operator_2 to 2025-06-07 00:00:00+00:00, run_after=2025-06-08 00:00:00+00:00
[2025-06-08T14:53:24.251+0000] {logging_mixin.py:190} INFO - [2025-06-08T14:53:24.251+0000] {dag.py:4180} INFO - Setting next_dagrun for example_branch_datetime_operator_3 to 2025-06-07 00:00:00+00:00, run_after=2025-06-08 00:00:00+00:00
[2025-06-08T14:53:24.265+0000] {processor.py:208} INFO - Processing /home/airflow/.local/lib/python3.12/site-packages/airflow/example_dags/example_branch_datetime_operator.py took 0.080 seconds
[2025-06-08T14:53:54.397+0000] {processor.py:186} INFO - Started process (PID=216) to work on /home/airflow/.local/lib/python3.12/site-packages/airflow/example_dags/example_branch_datetime_operator.py
[2025-06-08T14:53:54.398+0000] {processor.py:914} INFO - Processing file /home/airflow/.local/lib/python3.12/site-packages/airflow/example_dags/example_branch_datetime_operator.py for tasks to queue
[2025-06-08T14:53:54.400+0000] {logging_mixin.py:190} INFO - [2025-06-08T14:53:54.400+0000] {dagbag.py:588} INFO - Filling up the DagBag from /home/airflow/.local/lib/python3.12/site-packages/airflow/example_dags/example_branch_datetime_operator.py
[2025-06-08T14:53:54.412+0000] {processor.py:925} INFO - DAG(s) 'example_branch_datetime_operator', 'example_branch_datetime_operator_2', 'example_branch_datetime_operator_3' retrieved from /home/airflow/.local/lib/python3.12/site-packages/airflow/example_dags/example_branch_datetime_operator.py
[2025-06-08T14:53:54.436+0000] {logging_mixin.py:190} INFO - [2025-06-08T14:53:54.436+0000] {dag.py:3239} INFO - Sync 3 DAGs
[2025-06-08T14:53:54.459+0000] {logging_mixin.py:190} INFO - [2025-06-08T14:53:54.459+0000] {dag.py:4180} INFO - Setting next_dagrun for example_branch_datetime_operator to 2025-06-07 00:00:00+00:00, run_after=2025-06-08 00:00:00+00:00
[2025-06-08T14:53:54.464+0000] {logging_mixin.py:190} INFO - [2025-06-08T14:53:54.463+0000] {dag.py:4180} INFO - Setting next_dagrun for example_branch_datetime_operator_2 to 2025-06-07 00:00:00+00:00, run_after=2025-06-08 00:00:00+00:00
[2025-06-08T14:53:54.466+0000] {logging_mixin.py:190} INFO - [2025-06-08T14:53:54.466+0000] {dag.py:4180} INFO - Setting next_dagrun for example_branch_datetime_operator_3 to 2025-06-07 00:00:00+00:00, run_after=2025-06-08 00:00:00+00:00
[2025-06-08T14:53:54.481+0000] {processor.py:208} INFO - Processing /home/airflow/.local/lib/python3.12/site-packages/airflow/example_dags/example_branch_datetime_operator.py took 0.091 seconds
[2025-06-08T14:54:25.033+0000] {processor.py:186} INFO - Started process (PID=279) to work on /home/airflow/.local/lib/python3.12/site-packages/airflow/example_dags/example_branch_datetime_operator.py
[2025-06-08T14:54:25.035+0000] {processor.py:914} INFO - Processing file /home/airflow/.local/lib/python3.12/site-packages/airflow/example_dags/example_branch_datetime_operator.py for tasks to queue
[2025-06-08T14:54:25.043+0000] {logging_mixin.py:190} INFO - [2025-06-08T14:54:25.042+0000] {dagbag.py:588} INFO - Filling up the DagBag from /home/airflow/.local/lib/python3.12/site-packages/airflow/example_dags/example_branch_datetime_operator.py
[2025-06-08T14:54:25.086+0000] {processor.py:925} INFO - DAG(s) 'example_branch_datetime_operator', 'example_branch_datetime_operator_3', 'example_branch_datetime_operator_2' retrieved from /home/airflow/.local/lib/python3.12/site-packages/airflow/example_dags/example_branch_datetime_operator.py
[2025-06-08T14:54:25.166+0000] {logging_mixin.py:190} INFO - [2025-06-08T14:54:25.166+0000] {dag.py:3239} INFO - Sync 3 DAGs
[2025-06-08T14:54:25.211+0000] {logging_mixin.py:190} INFO - [2025-06-08T14:54:25.211+0000] {dag.py:4180} INFO - Setting next_dagrun for example_branch_datetime_operator to 2025-06-07 00:00:00+00:00, run_after=2025-06-08 00:00:00+00:00
[2025-06-08T14:54:25.217+0000] {logging_mixin.py:190} INFO - [2025-06-08T14:54:25.217+0000] {dag.py:4180} INFO - Setting next_dagrun for example_branch_datetime_operator_2 to 2025-06-07 00:00:00+00:00, run_after=2025-06-08 00:00:00+00:00
[2025-06-08T14:54:25.221+0000] {logging_mixin.py:190} INFO - [2025-06-08T14:54:25.220+0000] {dag.py:4180} INFO - Setting next_dagrun for example_branch_datetime_operator_3 to 2025-06-07 00:00:00+00:00, run_after=2025-06-08 00:00:00+00:00
[2025-06-08T14:54:25.239+0000] {processor.py:208} INFO - Processing /home/airflow/.local/lib/python3.12/site-packages/airflow/example_dags/example_branch_datetime_operator.py took 0.216 seconds
[2025-06-08T14:54:55.358+0000] {processor.py:186} INFO - Started process (PID=342) to work on /home/airflow/.local/lib/python3.12/site-packages/airflow/example_dags/example_branch_datetime_operator.py
[2025-06-08T14:54:55.359+0000] {processor.py:914} INFO - Processing file /home/airflow/.local/lib/python3.12/site-packages/airflow/example_dags/example_branch_datetime_operator.py for tasks to queue
[2025-06-08T14:54:55.362+0000] {logging_mixin.py:190} INFO - [2025-06-08T14:54:55.362+0000] {dagbag.py:588} INFO - Filling up the DagBag from /home/airflow/.local/lib/python3.12/site-packages/airflow/example_dags/example_branch_datetime_operator.py
[2025-06-08T14:54:55.380+0000] {processor.py:925} INFO - DAG(s) 'example_branch_datetime_operator_2', 'example_branch_datetime_operator_3', 'example_branch_datetime_operator' retrieved from /home/airflow/.local/lib/python3.12/site-packages/airflow/example_dags/example_branch_datetime_operator.py
[2025-06-08T14:54:55.410+0000] {logging_mixin.py:190} INFO - [2025-06-08T14:54:55.410+0000] {dag.py:3239} INFO - Sync 3 DAGs
[2025-06-08T14:54:55.434+0000] {logging_mixin.py:190} INFO - [2025-06-08T14:54:55.433+0000] {dag.py:4180} INFO - Setting next_dagrun for example_branch_datetime_operator to 2025-06-07 00:00:00+00:00, run_after=2025-06-08 00:00:00+00:00
[2025-06-08T14:54:55.438+0000] {logging_mixin.py:190} INFO - [2025-06-08T14:54:55.438+0000] {dag.py:4180} INFO - Setting next_dagrun for example_branch_datetime_operator_2 to 2025-06-07 00:00:00+00:00, run_after=2025-06-08 00:00:00+00:00
[2025-06-08T14:54:55.441+0000] {logging_mixin.py:190} INFO - [2025-06-08T14:54:55.441+0000] {dag.py:4180} INFO - Setting next_dagrun for example_branch_datetime_operator_3 to 2025-06-07 00:00:00+00:00, run_after=2025-06-08 00:00:00+00:00
[2025-06-08T14:54:55.456+0000] {processor.py:208} INFO - Processing /home/airflow/.local/lib/python3.12/site-packages/airflow/example_dags/example_branch_datetime_operator.py took 0.106 seconds
[2025-06-08T14:55:27.871+0000] {processor.py:186} INFO - Started process (PID=405) to work on /home/airflow/.local/lib/python3.12/site-packages/airflow/example_dags/example_branch_datetime_operator.py
[2025-06-08T14:55:27.872+0000] {processor.py:914} INFO - Processing file /home/airflow/.local/lib/python3.12/site-packages/airflow/example_dags/example_branch_datetime_operator.py for tasks to queue
[2025-06-08T14:55:27.875+0000] {logging_mixin.py:190} INFO - [2025-06-08T14:55:27.875+0000] {dagbag.py:588} INFO - Filling up the DagBag from /home/airflow/.local/lib/python3.12/site-packages/airflow/example_dags/example_branch_datetime_operator.py
[2025-06-08T14:55:27.893+0000] {processor.py:925} INFO - DAG(s) 'example_branch_datetime_operator_2', 'example_branch_datetime_operator_3', 'example_branch_datetime_operator' retrieved from /home/airflow/.local/lib/python3.12/site-packages/airflow/example_dags/example_branch_datetime_operator.py
[2025-06-08T14:55:27.925+0000] {logging_mixin.py:190} INFO - [2025-06-08T14:55:27.924+0000] {dag.py:3239} INFO - Sync 3 DAGs
[2025-06-08T14:55:27.958+0000] {logging_mixin.py:190} INFO - [2025-06-08T14:55:27.958+0000] {dag.py:4180} INFO - Setting next_dagrun for example_branch_datetime_operator to 2025-06-07 00:00:00+00:00, run_after=2025-06-08 00:00:00+00:00
[2025-06-08T14:55:27.965+0000] {logging_mixin.py:190} INFO - [2025-06-08T14:55:27.964+0000] {dag.py:4180} INFO - Setting next_dagrun for example_branch_datetime_operator_2 to 2025-06-07 00:00:00+00:00, run_after=2025-06-08 00:00:00+00:00
[2025-06-08T14:55:27.968+0000] {logging_mixin.py:190} INFO - [2025-06-08T14:55:27.967+0000] {dag.py:4180} INFO - Setting next_dagrun for example_branch_datetime_operator_3 to 2025-06-07 00:00:00+00:00, run_after=2025-06-08 00:00:00+00:00
[2025-06-08T14:55:27.993+0000] {processor.py:208} INFO - Processing /home/airflow/.local/lib/python3.12/site-packages/airflow/example_dags/example_branch_datetime_operator.py took 0.129 seconds
[2025-06-08T14:55:58.162+0000] {processor.py:186} INFO - Started process (PID=468) to work on /home/airflow/.local/lib/python3.12/site-packages/airflow/example_dags/example_branch_datetime_operator.py
[2025-06-08T14:55:58.163+0000] {processor.py:914} INFO - Processing file /home/airflow/.local/lib/python3.12/site-packages/airflow/example_dags/example_branch_datetime_operator.py for tasks to queue
[2025-06-08T14:55:58.167+0000] {logging_mixin.py:190} INFO - [2025-06-08T14:55:58.167+0000] {dagbag.py:588} INFO - Filling up the DagBag from /home/airflow/.local/lib/python3.12/site-packages/airflow/example_dags/example_branch_datetime_operator.py
[2025-06-08T14:55:58.186+0000] {processor.py:925} INFO - DAG(s) 'example_branch_datetime_operator', 'example_branch_datetime_operator_3', 'example_branch_datetime_operator_2' retrieved from /home/airflow/.local/lib/python3.12/site-packages/airflow/example_dags/example_branch_datetime_operator.py
[2025-06-08T14:55:58.231+0000] {logging_mixin.py:190} INFO - [2025-06-08T14:55:58.231+0000] {dag.py:3239} INFO - Sync 3 DAGs
[2025-06-08T14:55:58.267+0000] {logging_mixin.py:190} INFO - [2025-06-08T14:55:58.267+0000] {dag.py:4180} INFO - Setting next_dagrun for example_branch_datetime_operator to 2025-06-07 00:00:00+00:00, run_after=2025-06-08 00:00:00+00:00
[2025-06-08T14:55:58.275+0000] {logging_mixin.py:190} INFO - [2025-06-08T14:55:58.274+0000] {dag.py:4180} INFO - Setting next_dagrun for example_branch_datetime_operator_2 to 2025-06-07 00:00:00+00:00, run_after=2025-06-08 00:00:00+00:00
[2025-06-08T14:55:58.279+0000] {logging_mixin.py:190} INFO - [2025-06-08T14:55:58.279+0000] {dag.py:4180} INFO - Setting next_dagrun for example_branch_datetime_operator_3 to 2025-06-07 00:00:00+00:00, run_after=2025-06-08 00:00:00+00:00
[2025-06-08T14:55:58.303+0000] {processor.py:208} INFO - Processing /home/airflow/.local/lib/python3.12/site-packages/airflow/example_dags/example_branch_datetime_operator.py took 0.151 seconds
