[2025-06-08T14:52:55.296+0000] {processor.py:186} INFO - Started process (PID=108) to work on /home/airflow/.local/lib/python3.12/site-packages/airflow/example_dags/tutorial_dag.py
[2025-06-08T14:52:55.298+0000] {processor.py:914} INFO - Processing file /home/airflow/.local/lib/python3.12/site-packages/airflow/example_dags/tutorial_dag.py for tasks to queue
[2025-06-08T14:52:55.300+0000] {logging_mixin.py:190} INFO - [2025-06-08T14:52:55.300+0000] {dagbag.py:588} INFO - Filling up the DagBag from /home/airflow/.local/lib/python3.12/site-packages/airflow/example_dags/tutorial_dag.py
[2025-06-08T14:52:55.308+0000] {processor.py:925} INFO - DAG(s) 'tutorial_dag' retrieved from /home/airflow/.local/lib/python3.12/site-packages/airflow/example_dags/tutorial_dag.py
[2025-06-08T14:52:55.391+0000] {logging_mixin.py:190} INFO - [2025-06-08T14:52:55.391+0000] {override.py:1911} INFO - Created Permission View: can edit on DAG:tutorial_dag
[2025-06-08T14:52:55.399+0000] {logging_mixin.py:190} INFO - [2025-06-08T14:52:55.399+0000] {override.py:1911} INFO - Created Permission View: can read on DAG:tutorial_dag
[2025-06-08T14:52:55.405+0000] {logging_mixin.py:190} INFO - [2025-06-08T14:52:55.405+0000] {override.py:1911} INFO - Created Permission View: can delete on DAG:tutorial_dag
[2025-06-08T14:52:55.412+0000] {logging_mixin.py:190} INFO - [2025-06-08T14:52:55.411+0000] {override.py:1911} INFO - Created Permission View: can read on DAG Run:tutorial_dag
[2025-06-08T14:52:55.418+0000] {logging_mixin.py:190} INFO - [2025-06-08T14:52:55.417+0000] {override.py:1911} INFO - Created Permission View: can delete on DAG Run:tutorial_dag
[2025-06-08T14:52:55.424+0000] {logging_mixin.py:190} INFO - [2025-06-08T14:52:55.423+0000] {override.py:1911} INFO - Created Permission View: can create on DAG Run:tutorial_dag
[2025-06-08T14:52:55.430+0000] {logging_mixin.py:190} INFO - [2025-06-08T14:52:55.430+0000] {override.py:1911} INFO - Created Permission View: menu access on DAG Run:tutorial_dag
[2025-06-08T14:52:55.431+0000] {logging_mixin.py:190} INFO - [2025-06-08T14:52:55.431+0000] {dag.py:3239} INFO - Sync 1 DAGs
[2025-06-08T14:52:55.443+0000] {logging_mixin.py:190} INFO - [2025-06-08T14:52:55.443+0000] {dag.py:3262} INFO - Creating ORM DAG for tutorial_dag
[2025-06-08T14:52:55.443+0000] {logging_mixin.py:190} INFO - [2025-06-08T14:52:55.443+0000] {dag.py:4180} INFO - Setting next_dagrun for tutorial_dag to None, run_after=None
[2025-06-08T14:52:55.458+0000] {processor.py:208} INFO - Processing /home/airflow/.local/lib/python3.12/site-packages/airflow/example_dags/tutorial_dag.py took 0.167 seconds
[2025-06-08T14:53:26.382+0000] {processor.py:186} INFO - Started process (PID=171) to work on /home/airflow/.local/lib/python3.12/site-packages/airflow/example_dags/tutorial_dag.py
[2025-06-08T14:53:26.383+0000] {processor.py:914} INFO - Processing file /home/airflow/.local/lib/python3.12/site-packages/airflow/example_dags/tutorial_dag.py for tasks to queue
[2025-06-08T14:53:26.384+0000] {logging_mixin.py:190} INFO - [2025-06-08T14:53:26.384+0000] {dagbag.py:588} INFO - Filling up the DagBag from /home/airflow/.local/lib/python3.12/site-packages/airflow/example_dags/tutorial_dag.py
[2025-06-08T14:53:26.392+0000] {processor.py:925} INFO - DAG(s) 'tutorial_dag' retrieved from /home/airflow/.local/lib/python3.12/site-packages/airflow/example_dags/tutorial_dag.py
[2025-06-08T14:53:26.410+0000] {logging_mixin.py:190} INFO - [2025-06-08T14:53:26.410+0000] {dag.py:3239} INFO - Sync 1 DAGs
[2025-06-08T14:53:26.424+0000] {logging_mixin.py:190} INFO - [2025-06-08T14:53:26.424+0000] {dag.py:4180} INFO - Setting next_dagrun for tutorial_dag to None, run_after=None
[2025-06-08T14:53:26.449+0000] {processor.py:208} INFO - Processing /home/airflow/.local/lib/python3.12/site-packages/airflow/example_dags/tutorial_dag.py took 0.072 seconds
[2025-06-08T14:53:56.676+0000] {processor.py:186} INFO - Started process (PID=234) to work on /home/airflow/.local/lib/python3.12/site-packages/airflow/example_dags/tutorial_dag.py
[2025-06-08T14:53:56.677+0000] {processor.py:914} INFO - Processing file /home/airflow/.local/lib/python3.12/site-packages/airflow/example_dags/tutorial_dag.py for tasks to queue
[2025-06-08T14:53:56.679+0000] {logging_mixin.py:190} INFO - [2025-06-08T14:53:56.679+0000] {dagbag.py:588} INFO - Filling up the DagBag from /home/airflow/.local/lib/python3.12/site-packages/airflow/example_dags/tutorial_dag.py
[2025-06-08T14:53:56.686+0000] {processor.py:925} INFO - DAG(s) 'tutorial_dag' retrieved from /home/airflow/.local/lib/python3.12/site-packages/airflow/example_dags/tutorial_dag.py
[2025-06-08T14:53:56.705+0000] {logging_mixin.py:190} INFO - [2025-06-08T14:53:56.704+0000] {dag.py:3239} INFO - Sync 1 DAGs
[2025-06-08T14:53:56.721+0000] {logging_mixin.py:190} INFO - [2025-06-08T14:53:56.721+0000] {dag.py:4180} INFO - Setting next_dagrun for tutorial_dag to None, run_after=None
[2025-06-08T14:53:56.741+0000] {processor.py:208} INFO - Processing /home/airflow/.local/lib/python3.12/site-packages/airflow/example_dags/tutorial_dag.py took 0.071 seconds
[2025-06-08T14:54:27.691+0000] {processor.py:186} INFO - Started process (PID=297) to work on /home/airflow/.local/lib/python3.12/site-packages/airflow/example_dags/tutorial_dag.py
[2025-06-08T14:54:27.692+0000] {processor.py:914} INFO - Processing file /home/airflow/.local/lib/python3.12/site-packages/airflow/example_dags/tutorial_dag.py for tasks to queue
[2025-06-08T14:54:27.694+0000] {logging_mixin.py:190} INFO - [2025-06-08T14:54:27.693+0000] {dagbag.py:588} INFO - Filling up the DagBag from /home/airflow/.local/lib/python3.12/site-packages/airflow/example_dags/tutorial_dag.py
[2025-06-08T14:54:27.700+0000] {processor.py:925} INFO - DAG(s) 'tutorial_dag' retrieved from /home/airflow/.local/lib/python3.12/site-packages/airflow/example_dags/tutorial_dag.py
[2025-06-08T14:54:27.716+0000] {logging_mixin.py:190} INFO - [2025-06-08T14:54:27.715+0000] {dag.py:3239} INFO - Sync 1 DAGs
[2025-06-08T14:54:27.728+0000] {logging_mixin.py:190} INFO - [2025-06-08T14:54:27.728+0000] {dag.py:4180} INFO - Setting next_dagrun for tutorial_dag to None, run_after=None
[2025-06-08T14:54:27.744+0000] {processor.py:208} INFO - Processing /home/airflow/.local/lib/python3.12/site-packages/airflow/example_dags/tutorial_dag.py took 0.058 seconds
[2025-06-08T14:54:58.522+0000] {processor.py:186} INFO - Started process (PID=360) to work on /home/airflow/.local/lib/python3.12/site-packages/airflow/example_dags/tutorial_dag.py
[2025-06-08T14:54:58.523+0000] {processor.py:914} INFO - Processing file /home/airflow/.local/lib/python3.12/site-packages/airflow/example_dags/tutorial_dag.py for tasks to queue
[2025-06-08T14:54:58.525+0000] {logging_mixin.py:190} INFO - [2025-06-08T14:54:58.525+0000] {dagbag.py:588} INFO - Filling up the DagBag from /home/airflow/.local/lib/python3.12/site-packages/airflow/example_dags/tutorial_dag.py
[2025-06-08T14:54:58.531+0000] {processor.py:925} INFO - DAG(s) 'tutorial_dag' retrieved from /home/airflow/.local/lib/python3.12/site-packages/airflow/example_dags/tutorial_dag.py
[2025-06-08T14:54:58.548+0000] {logging_mixin.py:190} INFO - [2025-06-08T14:54:58.548+0000] {dag.py:3239} INFO - Sync 1 DAGs
[2025-06-08T14:54:58.560+0000] {logging_mixin.py:190} INFO - [2025-06-08T14:54:58.560+0000] {dag.py:4180} INFO - Setting next_dagrun for tutorial_dag to None, run_after=None
[2025-06-08T14:54:58.582+0000] {processor.py:208} INFO - Processing /home/airflow/.local/lib/python3.12/site-packages/airflow/example_dags/tutorial_dag.py took 0.065 seconds
[2025-06-08T14:55:29.747+0000] {processor.py:186} INFO - Started process (PID=423) to work on /home/airflow/.local/lib/python3.12/site-packages/airflow/example_dags/tutorial_dag.py
[2025-06-08T14:55:29.749+0000] {processor.py:914} INFO - Processing file /home/airflow/.local/lib/python3.12/site-packages/airflow/example_dags/tutorial_dag.py for tasks to queue
[2025-06-08T14:55:29.753+0000] {logging_mixin.py:190} INFO - [2025-06-08T14:55:29.752+0000] {dagbag.py:588} INFO - Filling up the DagBag from /home/airflow/.local/lib/python3.12/site-packages/airflow/example_dags/tutorial_dag.py
[2025-06-08T14:55:29.765+0000] {processor.py:925} INFO - DAG(s) 'tutorial_dag' retrieved from /home/airflow/.local/lib/python3.12/site-packages/airflow/example_dags/tutorial_dag.py
[2025-06-08T14:55:29.798+0000] {logging_mixin.py:190} INFO - [2025-06-08T14:55:29.798+0000] {dag.py:3239} INFO - Sync 1 DAGs
[2025-06-08T14:55:29.819+0000] {logging_mixin.py:190} INFO - [2025-06-08T14:55:29.819+0000] {dag.py:4180} INFO - Setting next_dagrun for tutorial_dag to None, run_after=None
[2025-06-08T14:55:29.846+0000] {processor.py:208} INFO - Processing /home/airflow/.local/lib/python3.12/site-packages/airflow/example_dags/tutorial_dag.py took 0.108 seconds
[2025-06-08T14:56:01.439+0000] {processor.py:186} INFO - Started process (PID=486) to work on /home/airflow/.local/lib/python3.12/site-packages/airflow/example_dags/tutorial_dag.py
[2025-06-08T14:56:01.441+0000] {processor.py:914} INFO - Processing file /home/airflow/.local/lib/python3.12/site-packages/airflow/example_dags/tutorial_dag.py for tasks to queue
[2025-06-08T14:56:01.446+0000] {logging_mixin.py:190} INFO - [2025-06-08T14:56:01.445+0000] {dagbag.py:588} INFO - Filling up the DagBag from /home/airflow/.local/lib/python3.12/site-packages/airflow/example_dags/tutorial_dag.py
[2025-06-08T14:56:01.460+0000] {processor.py:925} INFO - DAG(s) 'tutorial_dag' retrieved from /home/airflow/.local/lib/python3.12/site-packages/airflow/example_dags/tutorial_dag.py
[2025-06-08T14:56:01.498+0000] {logging_mixin.py:190} INFO - [2025-06-08T14:56:01.497+0000] {dag.py:3239} INFO - Sync 1 DAGs
[2025-06-08T14:56:01.530+0000] {logging_mixin.py:190} INFO - [2025-06-08T14:56:01.529+0000] {dag.py:4180} INFO - Setting next_dagrun for tutorial_dag to None, run_after=None
[2025-06-08T14:56:01.563+0000] {processor.py:208} INFO - Processing /home/airflow/.local/lib/python3.12/site-packages/airflow/example_dags/tutorial_dag.py took 0.135 seconds
