[2025-06-08T14:52:51.560+0000] {processor.py:186} INFO - Started process (PID=83) to work on /home/airflow/.local/lib/python3.12/site-packages/airflow/example_dags/tutorial_objectstorage.py
[2025-06-08T14:52:51.562+0000] {processor.py:914} INFO - Processing file /home/airflow/.local/lib/python3.12/site-packages/airflow/example_dags/tutorial_objectstorage.py for tasks to queue
[2025-06-08T14:52:51.564+0000] {logging_mixin.py:190} INFO - [2025-06-08T14:52:51.563+0000] {dagbag.py:588} INFO - Filling up the DagBag from /home/airflow/.local/lib/python3.12/site-packages/airflow/example_dags/tutorial_objectstorage.py
[2025-06-08T14:52:51.576+0000] {processor.py:925} INFO - DAG(s) 'tutorial_objectstorage' retrieved from /home/airflow/.local/lib/python3.12/site-packages/airflow/example_dags/tutorial_objectstorage.py
[2025-06-08T14:52:51.745+0000] {logging_mixin.py:190} INFO - [2025-06-08T14:52:51.744+0000] {override.py:1911} INFO - Created Permission View: can edit on DAG:tutorial_objectstorage
[2025-06-08T14:52:51.763+0000] {logging_mixin.py:190} INFO - [2025-06-08T14:52:51.762+0000] {override.py:1911} INFO - Created Permission View: can read on DAG:tutorial_objectstorage
[2025-06-08T14:52:51.771+0000] {logging_mixin.py:190} INFO - [2025-06-08T14:52:51.771+0000] {override.py:1911} INFO - Created Permission View: can delete on DAG:tutorial_objectstorage
[2025-06-08T14:52:51.779+0000] {logging_mixin.py:190} INFO - [2025-06-08T14:52:51.778+0000] {override.py:1911} INFO - Created Permission View: can read on DAG Run:tutorial_objectstorage
[2025-06-08T14:52:51.785+0000] {logging_mixin.py:190} INFO - [2025-06-08T14:52:51.785+0000] {override.py:1911} INFO - Created Permission View: can delete on DAG Run:tutorial_objectstorage
[2025-06-08T14:52:51.792+0000] {logging_mixin.py:190} INFO - [2025-06-08T14:52:51.791+0000] {override.py:1911} INFO - Created Permission View: can create on DAG Run:tutorial_objectstorage
[2025-06-08T14:52:51.798+0000] {logging_mixin.py:190} INFO - [2025-06-08T14:52:51.797+0000] {override.py:1911} INFO - Created Permission View: menu access on DAG Run:tutorial_objectstorage
[2025-06-08T14:52:51.798+0000] {logging_mixin.py:190} INFO - [2025-06-08T14:52:51.798+0000] {dag.py:3239} INFO - Sync 1 DAGs
[2025-06-08T14:52:51.809+0000] {logging_mixin.py:190} INFO - [2025-06-08T14:52:51.809+0000] {dag.py:3262} INFO - Creating ORM DAG for tutorial_objectstorage
[2025-06-08T14:52:51.809+0000] {logging_mixin.py:190} INFO - [2025-06-08T14:52:51.809+0000] {dag.py:4180} INFO - Setting next_dagrun for tutorial_objectstorage to None, run_after=None
[2025-06-08T14:52:51.823+0000] {processor.py:208} INFO - Processing /home/airflow/.local/lib/python3.12/site-packages/airflow/example_dags/tutorial_objectstorage.py took 0.268 seconds
[2025-06-08T14:53:22.769+0000] {processor.py:186} INFO - Started process (PID=146) to work on /home/airflow/.local/lib/python3.12/site-packages/airflow/example_dags/tutorial_objectstorage.py
[2025-06-08T14:53:22.770+0000] {processor.py:914} INFO - Processing file /home/airflow/.local/lib/python3.12/site-packages/airflow/example_dags/tutorial_objectstorage.py for tasks to queue
[2025-06-08T14:53:22.772+0000] {logging_mixin.py:190} INFO - [2025-06-08T14:53:22.772+0000] {dagbag.py:588} INFO - Filling up the DagBag from /home/airflow/.local/lib/python3.12/site-packages/airflow/example_dags/tutorial_objectstorage.py
[2025-06-08T14:53:22.781+0000] {processor.py:925} INFO - DAG(s) 'tutorial_objectstorage' retrieved from /home/airflow/.local/lib/python3.12/site-packages/airflow/example_dags/tutorial_objectstorage.py
[2025-06-08T14:53:22.798+0000] {logging_mixin.py:190} INFO - [2025-06-08T14:53:22.798+0000] {dag.py:3239} INFO - Sync 1 DAGs
[2025-06-08T14:53:22.811+0000] {logging_mixin.py:190} INFO - [2025-06-08T14:53:22.810+0000] {dag.py:4180} INFO - Setting next_dagrun for tutorial_objectstorage to None, run_after=None
[2025-06-08T14:53:22.827+0000] {processor.py:208} INFO - Processing /home/airflow/.local/lib/python3.12/site-packages/airflow/example_dags/tutorial_objectstorage.py took 0.064 seconds
[2025-06-08T14:53:53.968+0000] {processor.py:186} INFO - Started process (PID=209) to work on /home/airflow/.local/lib/python3.12/site-packages/airflow/example_dags/tutorial_objectstorage.py
[2025-06-08T14:53:53.969+0000] {processor.py:914} INFO - Processing file /home/airflow/.local/lib/python3.12/site-packages/airflow/example_dags/tutorial_objectstorage.py for tasks to queue
[2025-06-08T14:53:53.971+0000] {logging_mixin.py:190} INFO - [2025-06-08T14:53:53.971+0000] {dagbag.py:588} INFO - Filling up the DagBag from /home/airflow/.local/lib/python3.12/site-packages/airflow/example_dags/tutorial_objectstorage.py
[2025-06-08T14:53:53.979+0000] {processor.py:925} INFO - DAG(s) 'tutorial_objectstorage' retrieved from /home/airflow/.local/lib/python3.12/site-packages/airflow/example_dags/tutorial_objectstorage.py
[2025-06-08T14:53:53.997+0000] {logging_mixin.py:190} INFO - [2025-06-08T14:53:53.997+0000] {dag.py:3239} INFO - Sync 1 DAGs
[2025-06-08T14:53:54.011+0000] {logging_mixin.py:190} INFO - [2025-06-08T14:53:54.011+0000] {dag.py:4180} INFO - Setting next_dagrun for tutorial_objectstorage to None, run_after=None
[2025-06-08T14:53:54.028+0000] {processor.py:208} INFO - Processing /home/airflow/.local/lib/python3.12/site-packages/airflow/example_dags/tutorial_objectstorage.py took 0.066 seconds
[2025-06-08T14:54:24.604+0000] {processor.py:186} INFO - Started process (PID=272) to work on /home/airflow/.local/lib/python3.12/site-packages/airflow/example_dags/tutorial_objectstorage.py
[2025-06-08T14:54:24.605+0000] {processor.py:914} INFO - Processing file /home/airflow/.local/lib/python3.12/site-packages/airflow/example_dags/tutorial_objectstorage.py for tasks to queue
[2025-06-08T14:54:24.606+0000] {logging_mixin.py:190} INFO - [2025-06-08T14:54:24.606+0000] {dagbag.py:588} INFO - Filling up the DagBag from /home/airflow/.local/lib/python3.12/site-packages/airflow/example_dags/tutorial_objectstorage.py
[2025-06-08T14:54:24.614+0000] {processor.py:925} INFO - DAG(s) 'tutorial_objectstorage' retrieved from /home/airflow/.local/lib/python3.12/site-packages/airflow/example_dags/tutorial_objectstorage.py
[2025-06-08T14:54:24.629+0000] {logging_mixin.py:190} INFO - [2025-06-08T14:54:24.629+0000] {dag.py:3239} INFO - Sync 1 DAGs
[2025-06-08T14:54:24.641+0000] {logging_mixin.py:190} INFO - [2025-06-08T14:54:24.641+0000] {dag.py:4180} INFO - Setting next_dagrun for tutorial_objectstorage to None, run_after=None
[2025-06-08T14:54:24.657+0000] {processor.py:208} INFO - Processing /home/airflow/.local/lib/python3.12/site-packages/airflow/example_dags/tutorial_objectstorage.py took 0.058 seconds
[2025-06-08T14:54:54.788+0000] {processor.py:186} INFO - Started process (PID=335) to work on /home/airflow/.local/lib/python3.12/site-packages/airflow/example_dags/tutorial_objectstorage.py
[2025-06-08T14:54:54.789+0000] {processor.py:914} INFO - Processing file /home/airflow/.local/lib/python3.12/site-packages/airflow/example_dags/tutorial_objectstorage.py for tasks to queue
[2025-06-08T14:54:54.791+0000] {logging_mixin.py:190} INFO - [2025-06-08T14:54:54.791+0000] {dagbag.py:588} INFO - Filling up the DagBag from /home/airflow/.local/lib/python3.12/site-packages/airflow/example_dags/tutorial_objectstorage.py
[2025-06-08T14:54:54.801+0000] {processor.py:925} INFO - DAG(s) 'tutorial_objectstorage' retrieved from /home/airflow/.local/lib/python3.12/site-packages/airflow/example_dags/tutorial_objectstorage.py
[2025-06-08T14:54:54.818+0000] {logging_mixin.py:190} INFO - [2025-06-08T14:54:54.818+0000] {dag.py:3239} INFO - Sync 1 DAGs
[2025-06-08T14:54:54.830+0000] {logging_mixin.py:190} INFO - [2025-06-08T14:54:54.830+0000] {dag.py:4180} INFO - Setting next_dagrun for tutorial_objectstorage to None, run_after=None
[2025-06-08T14:54:54.848+0000] {processor.py:208} INFO - Processing /home/airflow/.local/lib/python3.12/site-packages/airflow/example_dags/tutorial_objectstorage.py took 0.066 seconds
[2025-06-08T14:55:27.214+0000] {processor.py:186} INFO - Started process (PID=398) to work on /home/airflow/.local/lib/python3.12/site-packages/airflow/example_dags/tutorial_objectstorage.py
[2025-06-08T14:55:27.216+0000] {processor.py:914} INFO - Processing file /home/airflow/.local/lib/python3.12/site-packages/airflow/example_dags/tutorial_objectstorage.py for tasks to queue
[2025-06-08T14:55:27.219+0000] {logging_mixin.py:190} INFO - [2025-06-08T14:55:27.219+0000] {dagbag.py:588} INFO - Filling up the DagBag from /home/airflow/.local/lib/python3.12/site-packages/airflow/example_dags/tutorial_objectstorage.py
[2025-06-08T14:55:27.233+0000] {processor.py:925} INFO - DAG(s) 'tutorial_objectstorage' retrieved from /home/airflow/.local/lib/python3.12/site-packages/airflow/example_dags/tutorial_objectstorage.py
[2025-06-08T14:55:27.258+0000] {logging_mixin.py:190} INFO - [2025-06-08T14:55:27.258+0000] {dag.py:3239} INFO - Sync 1 DAGs
[2025-06-08T14:55:27.292+0000] {logging_mixin.py:190} INFO - [2025-06-08T14:55:27.292+0000] {dag.py:4180} INFO - Setting next_dagrun for tutorial_objectstorage to None, run_after=None
[2025-06-08T14:55:27.355+0000] {processor.py:208} INFO - Processing /home/airflow/.local/lib/python3.12/site-packages/airflow/example_dags/tutorial_objectstorage.py took 0.151 seconds
[2025-06-08T14:55:57.712+0000] {processor.py:186} INFO - Started process (PID=461) to work on /home/airflow/.local/lib/python3.12/site-packages/airflow/example_dags/tutorial_objectstorage.py
[2025-06-08T14:55:57.713+0000] {processor.py:914} INFO - Processing file /home/airflow/.local/lib/python3.12/site-packages/airflow/example_dags/tutorial_objectstorage.py for tasks to queue
[2025-06-08T14:55:57.715+0000] {logging_mixin.py:190} INFO - [2025-06-08T14:55:57.715+0000] {dagbag.py:588} INFO - Filling up the DagBag from /home/airflow/.local/lib/python3.12/site-packages/airflow/example_dags/tutorial_objectstorage.py
[2025-06-08T14:55:57.723+0000] {processor.py:925} INFO - DAG(s) 'tutorial_objectstorage' retrieved from /home/airflow/.local/lib/python3.12/site-packages/airflow/example_dags/tutorial_objectstorage.py
[2025-06-08T14:55:57.739+0000] {logging_mixin.py:190} INFO - [2025-06-08T14:55:57.738+0000] {dag.py:3239} INFO - Sync 1 DAGs
[2025-06-08T14:55:57.751+0000] {logging_mixin.py:190} INFO - [2025-06-08T14:55:57.751+0000] {dag.py:4180} INFO - Setting next_dagrun for tutorial_objectstorage to None, run_after=None
[2025-06-08T14:55:57.766+0000] {processor.py:208} INFO - Processing /home/airflow/.local/lib/python3.12/site-packages/airflow/example_dags/tutorial_objectstorage.py took 0.059 seconds
