[2025-06-08T14:52:27.104+0000] {processor.py:186} INFO - Started process (PID=71) to work on /home/airflow/.local/lib/python3.12/site-packages/airflow/example_dags/tutorial_taskflow_templates.py
[2025-06-08T14:52:27.106+0000] {processor.py:914} INFO - Processing file /home/airflow/.local/lib/python3.12/site-packages/airflow/example_dags/tutorial_taskflow_templates.py for tasks to queue
[2025-06-08T14:52:27.109+0000] {logging_mixin.py:190} INFO - [2025-06-08T14:52:27.109+0000] {dagbag.py:588} INFO - Filling up the DagBag from /home/airflow/.local/lib/python3.12/site-packages/airflow/example_dags/tutorial_taskflow_templates.py
[2025-06-08T14:52:27.140+0000] {processor.py:925} INFO - DAG(s) 'tutorial_taskflow_templates' retrieved from /home/airflow/.local/lib/python3.12/site-packages/airflow/example_dags/tutorial_taskflow_templates.py
[2025-06-08T14:52:27.550+0000] {logging_mixin.py:190} INFO - [2025-06-08T14:52:27.549+0000] {override.py:1911} INFO - Created Permission View: can read on DAG:tutorial_taskflow_templates
[2025-06-08T14:52:27.565+0000] {logging_mixin.py:190} INFO - [2025-06-08T14:52:27.564+0000] {override.py:1911} INFO - Created Permission View: can delete on DAG:tutorial_taskflow_templates
[2025-06-08T14:52:27.578+0000] {logging_mixin.py:190} INFO - [2025-06-08T14:52:27.578+0000] {override.py:1911} INFO - Created Permission View: can edit on DAG:tutorial_taskflow_templates
[2025-06-08T14:52:27.589+0000] {logging_mixin.py:190} INFO - [2025-06-08T14:52:27.588+0000] {override.py:1911} INFO - Created Permission View: can create on DAG Run:tutorial_taskflow_templates
[2025-06-08T14:52:27.601+0000] {logging_mixin.py:190} INFO - [2025-06-08T14:52:27.601+0000] {override.py:1911} INFO - Created Permission View: menu access on DAG Run:tutorial_taskflow_templates
[2025-06-08T14:52:27.610+0000] {logging_mixin.py:190} INFO - [2025-06-08T14:52:27.610+0000] {override.py:1911} INFO - Created Permission View: can read on DAG Run:tutorial_taskflow_templates
[2025-06-08T14:52:27.618+0000] {logging_mixin.py:190} INFO - [2025-06-08T14:52:27.618+0000] {override.py:1911} INFO - Created Permission View: can delete on DAG Run:tutorial_taskflow_templates
[2025-06-08T14:52:27.619+0000] {logging_mixin.py:190} INFO - [2025-06-08T14:52:27.619+0000] {dag.py:3239} INFO - Sync 1 DAGs
[2025-06-08T14:52:27.639+0000] {logging_mixin.py:190} INFO - [2025-06-08T14:52:27.639+0000] {dag.py:3262} INFO - Creating ORM DAG for tutorial_taskflow_templates
[2025-06-08T14:52:27.653+0000] {logging_mixin.py:190} INFO - [2025-06-08T14:52:27.652+0000] {dag.py:4180} INFO - Setting next_dagrun for tutorial_taskflow_templates to 2025-06-07 00:00:00+00:00, run_after=2025-06-08 00:00:00+00:00
[2025-06-08T14:52:27.679+0000] {processor.py:208} INFO - Processing /home/airflow/.local/lib/python3.12/site-packages/airflow/example_dags/tutorial_taskflow_templates.py took 0.586 seconds
[2025-06-08T14:52:48.006+0000] {processor.py:186} INFO - Started process (PID=51) to work on /home/airflow/.local/lib/python3.12/site-packages/airflow/example_dags/tutorial_taskflow_templates.py
[2025-06-08T14:52:48.007+0000] {processor.py:914} INFO - Processing file /home/airflow/.local/lib/python3.12/site-packages/airflow/example_dags/tutorial_taskflow_templates.py for tasks to queue
[2025-06-08T14:52:48.010+0000] {logging_mixin.py:190} INFO - [2025-06-08T14:52:48.009+0000] {dagbag.py:588} INFO - Filling up the DagBag from /home/airflow/.local/lib/python3.12/site-packages/airflow/example_dags/tutorial_taskflow_templates.py
[2025-06-08T14:52:48.026+0000] {processor.py:925} INFO - DAG(s) 'tutorial_taskflow_templates' retrieved from /home/airflow/.local/lib/python3.12/site-packages/airflow/example_dags/tutorial_taskflow_templates.py
[2025-06-08T14:52:48.040+0000] {logging_mixin.py:190} INFO - [2025-06-08T14:52:48.040+0000] {dag.py:3239} INFO - Sync 1 DAGs
[2025-06-08T14:52:48.067+0000] {logging_mixin.py:190} INFO - [2025-06-08T14:52:48.066+0000] {dag.py:4180} INFO - Setting next_dagrun for tutorial_taskflow_templates to 2025-06-07 00:00:00+00:00, run_after=2025-06-08 00:00:00+00:00
[2025-06-08T14:52:48.087+0000] {processor.py:208} INFO - Processing /home/airflow/.local/lib/python3.12/site-packages/airflow/example_dags/tutorial_taskflow_templates.py took 0.088 seconds
[2025-06-08T14:53:18.710+0000] {processor.py:186} INFO - Started process (PID=114) to work on /home/airflow/.local/lib/python3.12/site-packages/airflow/example_dags/tutorial_taskflow_templates.py
[2025-06-08T14:53:18.711+0000] {processor.py:914} INFO - Processing file /home/airflow/.local/lib/python3.12/site-packages/airflow/example_dags/tutorial_taskflow_templates.py for tasks to queue
[2025-06-08T14:53:18.714+0000] {logging_mixin.py:190} INFO - [2025-06-08T14:53:18.713+0000] {dagbag.py:588} INFO - Filling up the DagBag from /home/airflow/.local/lib/python3.12/site-packages/airflow/example_dags/tutorial_taskflow_templates.py
[2025-06-08T14:53:18.725+0000] {processor.py:925} INFO - DAG(s) 'tutorial_taskflow_templates' retrieved from /home/airflow/.local/lib/python3.12/site-packages/airflow/example_dags/tutorial_taskflow_templates.py
[2025-06-08T14:53:18.743+0000] {logging_mixin.py:190} INFO - [2025-06-08T14:53:18.743+0000] {dag.py:3239} INFO - Sync 1 DAGs
[2025-06-08T14:53:18.767+0000] {logging_mixin.py:190} INFO - [2025-06-08T14:53:18.766+0000] {dag.py:4180} INFO - Setting next_dagrun for tutorial_taskflow_templates to 2025-06-07 00:00:00+00:00, run_after=2025-06-08 00:00:00+00:00
[2025-06-08T14:53:18.785+0000] {processor.py:208} INFO - Processing /home/airflow/.local/lib/python3.12/site-packages/airflow/example_dags/tutorial_taskflow_templates.py took 0.080 seconds
[2025-06-08T14:53:49.713+0000] {processor.py:186} INFO - Started process (PID=177) to work on /home/airflow/.local/lib/python3.12/site-packages/airflow/example_dags/tutorial_taskflow_templates.py
[2025-06-08T14:53:49.715+0000] {processor.py:914} INFO - Processing file /home/airflow/.local/lib/python3.12/site-packages/airflow/example_dags/tutorial_taskflow_templates.py for tasks to queue
[2025-06-08T14:53:49.717+0000] {logging_mixin.py:190} INFO - [2025-06-08T14:53:49.717+0000] {dagbag.py:588} INFO - Filling up the DagBag from /home/airflow/.local/lib/python3.12/site-packages/airflow/example_dags/tutorial_taskflow_templates.py
[2025-06-08T14:53:49.729+0000] {processor.py:925} INFO - DAG(s) 'tutorial_taskflow_templates' retrieved from /home/airflow/.local/lib/python3.12/site-packages/airflow/example_dags/tutorial_taskflow_templates.py
[2025-06-08T14:53:49.749+0000] {logging_mixin.py:190} INFO - [2025-06-08T14:53:49.749+0000] {dag.py:3239} INFO - Sync 1 DAGs
[2025-06-08T14:53:49.772+0000] {logging_mixin.py:190} INFO - [2025-06-08T14:53:49.772+0000] {dag.py:4180} INFO - Setting next_dagrun for tutorial_taskflow_templates to 2025-06-07 00:00:00+00:00, run_after=2025-06-08 00:00:00+00:00
[2025-06-08T14:53:49.792+0000] {processor.py:208} INFO - Processing /home/airflow/.local/lib/python3.12/site-packages/airflow/example_dags/tutorial_taskflow_templates.py took 0.085 seconds
[2025-06-08T14:54:19.963+0000] {processor.py:186} INFO - Started process (PID=240) to work on /home/airflow/.local/lib/python3.12/site-packages/airflow/example_dags/tutorial_taskflow_templates.py
[2025-06-08T14:54:19.964+0000] {processor.py:914} INFO - Processing file /home/airflow/.local/lib/python3.12/site-packages/airflow/example_dags/tutorial_taskflow_templates.py for tasks to queue
[2025-06-08T14:54:19.966+0000] {logging_mixin.py:190} INFO - [2025-06-08T14:54:19.966+0000] {dagbag.py:588} INFO - Filling up the DagBag from /home/airflow/.local/lib/python3.12/site-packages/airflow/example_dags/tutorial_taskflow_templates.py
[2025-06-08T14:54:19.976+0000] {processor.py:925} INFO - DAG(s) 'tutorial_taskflow_templates' retrieved from /home/airflow/.local/lib/python3.12/site-packages/airflow/example_dags/tutorial_taskflow_templates.py
[2025-06-08T14:54:19.991+0000] {logging_mixin.py:190} INFO - [2025-06-08T14:54:19.991+0000] {dag.py:3239} INFO - Sync 1 DAGs
[2025-06-08T14:54:20.010+0000] {logging_mixin.py:190} INFO - [2025-06-08T14:54:20.010+0000] {dag.py:4180} INFO - Setting next_dagrun for tutorial_taskflow_templates to 2025-06-07 00:00:00+00:00, run_after=2025-06-08 00:00:00+00:00
[2025-06-08T14:54:20.026+0000] {processor.py:208} INFO - Processing /home/airflow/.local/lib/python3.12/site-packages/airflow/example_dags/tutorial_taskflow_templates.py took 0.068 seconds
[2025-06-08T14:54:50.975+0000] {processor.py:186} INFO - Started process (PID=309) to work on /home/airflow/.local/lib/python3.12/site-packages/airflow/example_dags/tutorial_taskflow_templates.py
[2025-06-08T14:54:50.976+0000] {processor.py:914} INFO - Processing file /home/airflow/.local/lib/python3.12/site-packages/airflow/example_dags/tutorial_taskflow_templates.py for tasks to queue
[2025-06-08T14:54:50.979+0000] {logging_mixin.py:190} INFO - [2025-06-08T14:54:50.978+0000] {dagbag.py:588} INFO - Filling up the DagBag from /home/airflow/.local/lib/python3.12/site-packages/airflow/example_dags/tutorial_taskflow_templates.py
[2025-06-08T14:54:50.993+0000] {processor.py:925} INFO - DAG(s) 'tutorial_taskflow_templates' retrieved from /home/airflow/.local/lib/python3.12/site-packages/airflow/example_dags/tutorial_taskflow_templates.py
[2025-06-08T14:54:51.013+0000] {logging_mixin.py:190} INFO - [2025-06-08T14:54:51.012+0000] {dag.py:3239} INFO - Sync 1 DAGs
[2025-06-08T14:54:51.038+0000] {logging_mixin.py:190} INFO - [2025-06-08T14:54:51.038+0000] {dag.py:4180} INFO - Setting next_dagrun for tutorial_taskflow_templates to 2025-06-07 00:00:00+00:00, run_after=2025-06-08 00:00:00+00:00
[2025-06-08T14:54:51.057+0000] {processor.py:208} INFO - Processing /home/airflow/.local/lib/python3.12/site-packages/airflow/example_dags/tutorial_taskflow_templates.py took 0.087 seconds
[2025-06-08T14:55:21.846+0000] {processor.py:186} INFO - Started process (PID=372) to work on /home/airflow/.local/lib/python3.12/site-packages/airflow/example_dags/tutorial_taskflow_templates.py
[2025-06-08T14:55:21.847+0000] {processor.py:914} INFO - Processing file /home/airflow/.local/lib/python3.12/site-packages/airflow/example_dags/tutorial_taskflow_templates.py for tasks to queue
[2025-06-08T14:55:21.850+0000] {logging_mixin.py:190} INFO - [2025-06-08T14:55:21.849+0000] {dagbag.py:588} INFO - Filling up the DagBag from /home/airflow/.local/lib/python3.12/site-packages/airflow/example_dags/tutorial_taskflow_templates.py
[2025-06-08T14:55:21.861+0000] {processor.py:925} INFO - DAG(s) 'tutorial_taskflow_templates' retrieved from /home/airflow/.local/lib/python3.12/site-packages/airflow/example_dags/tutorial_taskflow_templates.py
[2025-06-08T14:55:21.877+0000] {logging_mixin.py:190} INFO - [2025-06-08T14:55:21.876+0000] {dag.py:3239} INFO - Sync 1 DAGs
[2025-06-08T14:55:21.896+0000] {logging_mixin.py:190} INFO - [2025-06-08T14:55:21.896+0000] {dag.py:4180} INFO - Setting next_dagrun for tutorial_taskflow_templates to 2025-06-07 00:00:00+00:00, run_after=2025-06-08 00:00:00+00:00
[2025-06-08T14:55:21.914+0000] {processor.py:208} INFO - Processing /home/airflow/.local/lib/python3.12/site-packages/airflow/example_dags/tutorial_taskflow_templates.py took 0.073 seconds
[2025-06-08T14:55:52.112+0000] {processor.py:186} INFO - Started process (PID=435) to work on /home/airflow/.local/lib/python3.12/site-packages/airflow/example_dags/tutorial_taskflow_templates.py
[2025-06-08T14:55:52.113+0000] {processor.py:914} INFO - Processing file /home/airflow/.local/lib/python3.12/site-packages/airflow/example_dags/tutorial_taskflow_templates.py for tasks to queue
[2025-06-08T14:55:52.116+0000] {logging_mixin.py:190} INFO - [2025-06-08T14:55:52.116+0000] {dagbag.py:588} INFO - Filling up the DagBag from /home/airflow/.local/lib/python3.12/site-packages/airflow/example_dags/tutorial_taskflow_templates.py
[2025-06-08T14:55:52.131+0000] {processor.py:925} INFO - DAG(s) 'tutorial_taskflow_templates' retrieved from /home/airflow/.local/lib/python3.12/site-packages/airflow/example_dags/tutorial_taskflow_templates.py
[2025-06-08T14:55:52.150+0000] {logging_mixin.py:190} INFO - [2025-06-08T14:55:52.150+0000] {dag.py:3239} INFO - Sync 1 DAGs
[2025-06-08T14:55:52.173+0000] {logging_mixin.py:190} INFO - [2025-06-08T14:55:52.173+0000] {dag.py:4180} INFO - Setting next_dagrun for tutorial_taskflow_templates to 2025-06-07 00:00:00+00:00, run_after=2025-06-08 00:00:00+00:00
[2025-06-08T14:55:52.192+0000] {processor.py:208} INFO - Processing /home/airflow/.local/lib/python3.12/site-packages/airflow/example_dags/tutorial_taskflow_templates.py took 0.088 seconds
